
turbo_seti version 2.1.17
blimpy version 2.0.31
h5py version 3.5.0

HDF5 header info: {'DIMENSION_LABELS': array(['time', 'feed_id', 'frequency'], dtype=object), 'az_start': 0.0, 'data_type': 1, 'fch1': 3151.46484375, 'foff': -2.7939677238464355e-06, 'machine_id': 20, 'nbits': 32, 'nchans': 536870912, 'nifs': 1, 'source_name': 'OFF_HD13908', 'src_dej': <Angle 65.5936 deg>, 'src_raj': <Angle 2.30402667 hourangle>, 'telescope_id': 6, 'tsamp': 18.253611007999982, 'tstart': 59524.19924768519, 'za_start': 0.0}

Starting ET search with parameters: datafile=/gpfs/group/jtw13/default/gbt_2020/2021/S_band/splice_no_overlap_ordered/focused/spliced_blc0x1x2x_guppi_59524_17215_OFF_HD13908_0033.rawspec.0000.h5, max_drift=0.18740572999039357, min_drift=0.12493715332692906, snr=10.0, out_dir=/gpfs/group/jtw13/default/gbt_2020/2021/S_band/splice_no_overlap_ordered/focused/, coarse_chans=None, flagging=False, n_coarse_chan=512, kernels=None, gpu_id=0, gpu_backend=False, blank_dc=True, precision=1, append_output=False, log_level_int=30, obs_info={'pulsar': 0, 'pulsar_found': 0, 'pulsar_dm': 0.0, 'pulsar_snr': 0.0, 'pulsar_stats': array([0., 0., 0., 0., 0., 0.]), 'RFI_level': 0.0, 'Mean_SEFD': 0.0, 'psrflux_Sens': 0.0, 'SEFDs_val': [0.0], 'SEFDs_freq': [0.0], 'SEFDs_freq_up': [0.0]}

Computed drift rate resolution: 0.00956648975722505

Top hit found! SNR 24.821335, Drift Rate 0.133931, index 204329
Top hit found! SNR 289.601074, Drift Rate -0.143497, index 349564
Top hit found! SNR 14.171087, Drift Rate -0.181763, index 352604
Top hit found! SNR 23.102310, Drift Rate -0.162630, index 456981
Top hit found! SNR 27.643251, Drift Rate -0.172197, index 477041
Top hit found! SNR 37.528442, Drift Rate 0.162630, index 484176
Top hit found! SNR 10.864833, Drift Rate 0.172197, index 522851
Top hit found! SNR 10.864835, Drift Rate -0.172197, index 525725
Top hit found! SNR 37.528446, Drift Rate -0.162630, index 564400
Top hit found! SNR 27.643259, Drift Rate 0.172197, index 571535
Top hit found! SNR 23.102308, Drift Rate 0.162630, index 591595
Top hit found! SNR 14.171084, Drift Rate 0.181763, index 695972
Top hit found! SNR 289.601074, Drift Rate 0.153064, index 699012
Top hit found! SNR 24.821335, Drift Rate -0.133931, index 844247
Top hit found! SNR 208.719284, Drift Rate -0.181763, index 524286
Top hit found! SNR 136.073853, Drift Rate -0.133931, index 524284
Top hit found! SNR 122.240242, Drift Rate 0.181763, index 524291
Top hit found! SNR 102.352272, Drift Rate -0.162630, index 524286
Top hit found! SNR 78.225166, Drift Rate 0.172197, index 524292
Top hit found! SNR 71.327293, Drift Rate 0.153064, index 524291
Top hit found! SNR 65.192368, Drift Rate -0.181763, index 524284
Top hit found! SNR 63.429241, Drift Rate -0.143497, index 524284
Top hit found! SNR 60.951565, Drift Rate -0.133931, index 524286
Top hit found! SNR 60.788448, Drift Rate 0.181763, index 524292
Top hit found! SNR 58.304916, Drift Rate 0.181763, index 524292
Top hit found! SNR 58.691463, Drift Rate 0.181763, index 524292
Top hit found! SNR 62.638786, Drift Rate 0.181763, index 524290
Top hit found! SNR 62.146458, Drift Rate 0.162630, index 524290
Top hit found! SNR 61.544346, Drift Rate 0.181763, index 524290
Top hit found! SNR 60.294239, Drift Rate -0.172197, index 524284
Top hit found! SNR 17.413071, Drift Rate -0.172197, index 524275
Top hit found! SNR 16.314465, Drift Rate -0.181763, index 524274
Top hit found! SNR 16.337898, Drift Rate 0.181763, index 524304
Top hit found! SNR 14.671116, Drift Rate 0.153064, index 524301
Top hit found! SNR 10.598387, Drift Rate 0.181763, index 524304
Top hit found! SNR 84.778008, Drift Rate 0.162630, index 1024097
Top hit found! SNR 19.003880, Drift Rate 0.181763, index 1024099
Top hit found! SNR 16.064360, Drift Rate 0.181763, index 868460
Top hit found! SNR 15.123687, Drift Rate 0.153064, index 166232
Top hit found! SNR 14.854021, Drift Rate 0.181763, index 531285
Top hit found! SNR 21.695538, Drift Rate -0.162630, index 534749
Top hit found! SNR 280.824402, Drift Rate 0.172197, index 536253
Top hit found! SNR 32.994320, Drift Rate 0.181763, index 538285
Top hit found! SNR 206.961136, Drift Rate -0.172197, index 540560
Top hit found! SNR 13.313353, Drift Rate -0.172197, index 541993
Top hit found! SNR 44.733120, Drift Rate 0.172197, index 39882
Top hit found! SNR 14.417328, Drift Rate -0.172197, index 44601
Top hit found! SNR 19.456982, Drift Rate 0.153064, index 47239
Top hit found! SNR 332.683258, Drift Rate 0.172197, index 39882
Top hit found! SNR 157.674957, Drift Rate -0.172197, index 44601
Top hit found! SNR 106.349693, Drift Rate 0.181763, index 46315
Top hit found! SNR 232.310043, Drift Rate 0.153064, index 47239
Top hit found! SNR 104.978333, Drift Rate 0.181763, index 47919
Top hit found! SNR 12.033371, Drift Rate 0.133931, index 23118
Top hit found! SNR 16.701990, Drift Rate 0.153064, index 23292
Top hit found! SNR 14.366943, Drift Rate 0.162630, index 23374
Top hit found! SNR 13.093167, Drift Rate -0.162630, index 27035
Top hit found! SNR 19.055660, Drift Rate -0.181763, index 27502
Top hit found! SNR 18.340786, Drift Rate -0.133931, index 27601
Top hit found! SNR 21.155699, Drift Rate 0.172197, index 27869
Top hit found! SNR 26.226009, Drift Rate 0.133931, index 28020
Top hit found! SNR 20.864178, Drift Rate 0.181763, index 28059
Top hit found! SNR 20.971037, Drift Rate 0.181763, index 28239
Top hit found! SNR 10.559930, Drift Rate 0.172197, index 28574
Top hit found! SNR 10.040386, Drift Rate 0.181763, index 465286
Top hit found! SNR 10.101364, Drift Rate 0.172197, index 465701
Top hit found! SNR 10.067328, Drift Rate 0.133931, index 465918
Top hit found! SNR 10.163417, Drift Rate 0.133931, index 466224
Top hit found! SNR 10.069636, Drift Rate 0.153064, index 467679
Top hit found! SNR 37.356190, Drift Rate 0.181763, index 22483
Top hit found! SNR 22.848866, Drift Rate -0.133931, index 22708
Top hit found! SNR 22.091978, Drift Rate 0.133931, index 22899
Top hit found! SNR 47.438457, Drift Rate -0.181763, index 23172
Top hit found! SNR 17.094095, Drift Rate -0.181763, index 23895
Top hit found! SNR 20.357002, Drift Rate -0.181763, index 24489
Top hit found! SNR 27.905134, Drift Rate -0.162630, index 24569
Top hit found! SNR 33.275841, Drift Rate 0.181763, index 24661
Top hit found! SNR 16.319338, Drift Rate -0.172197, index 24830
Top hit found! SNR 15.050213, Drift Rate -0.143497, index 24910
Top hit found! SNR 16.567795, Drift Rate 0.162630, index 25025
Top hit found! SNR 25.929594, Drift Rate 0.162630, index 25120
Top hit found! SNR 19.700411, Drift Rate -0.133931, index 25670
Top hit found! SNR 23.880203, Drift Rate -0.181763, index 26100
Top hit found! SNR 26.678652, Drift Rate -0.172197, index 26466
Top hit found! SNR 28.833567, Drift Rate 0.172197, index 26559
Top hit found! SNR 45.838440, Drift Rate 0.172197, index 26809
Top hit found! SNR 37.841068, Drift Rate 0.162630, index 26887
Top hit found! SNR 55.276508, Drift Rate -0.162630, index 27035
Top hit found! SNR 63.564133, Drift Rate 0.172197, index 27123
Top hit found! SNR 57.893616, Drift Rate 0.172197, index 27208
Top hit found! SNR 100.691666, Drift Rate 0.162630, index 28022
Top hit found! SNR 50.720615, Drift Rate 0.181763, index 28575
Top hit found! SNR 49.638210, Drift Rate -0.172197, index 28630
Top hit found! SNR 19.026817, Drift Rate 0.181763, index 28861
Top hit found! SNR 16.092670, Drift Rate -0.162630, index 30248
Top hit found! SNR 16.940943, Drift Rate 0.162630, index 30358
Top hit found! SNR 33.560593, Drift Rate 0.153064, index 591281
Top hit found! SNR 22.238150, Drift Rate -0.133931, index 592368
Top hit found! SNR 16.383825, Drift Rate -0.133931, index 592721
Top hit found! SNR 11.957065, Drift Rate 0.181763, index 596534
Top hit found! SNR 227.971954, Drift Rate 0.162630, index 268336
Top hit found! SNR 40.142971, Drift Rate 0.181763, index 277819
Top hit found! SNR 47.041355, Drift Rate 0.181763, index 277861
Top hit found! SNR 64.355164, Drift Rate 0.181763, index 277901
Top hit found! SNR 35.292400, Drift Rate -0.172197, index 34001
Top hit found! SNR 11.422711, Drift Rate -0.181763, index 729211
Top hit found! SNR 71.376534, Drift Rate -0.181763, index 736246
Top hit found! SNR 13.872442, Drift Rate -0.181763, index 761020
Top hit found! SNR 22.364491, Drift Rate -0.181763, index 766393
Top hit found! SNR 20.789936, Drift Rate -0.172197, index 783318
Top hit found! SNR 13.991774, Drift Rate -0.181763, index 783501
Top hit found! SNR 67.498894, Drift Rate -0.143497, index 783835
Top hit found! SNR 143.865356, Drift Rate -0.133931, index 783965
Top hit found! SNR 19.964975, Drift Rate -0.172197, index 784607
Top hit found! SNR 17.434616, Drift Rate -0.162630, index 786908
Top hit found! SNR 25.734009, Drift Rate 0.133931, index 787027
Top hit found! SNR 27.895128, Drift Rate 0.181763, index 787138
Top hit found! SNR 44.037636, Drift Rate -0.172197, index 787300
Top hit found! SNR 40.956425, Drift Rate -0.162630, index 787358
Top hit found! SNR 62.353409, Drift Rate -0.181763, index 787551
Top hit found! SNR 68.484245, Drift Rate -0.162630, index 787791
Top hit found! SNR 103.902000, Drift Rate -0.162630, index 787886
Top hit found! SNR 114.905983, Drift Rate -0.162630, index 788053
Top hit found! SNR 40.429089, Drift Rate -0.181763, index 788359
Top hit found! SNR 45.532162, Drift Rate -0.133931, index 788411
Top hit found! SNR 48.279289, Drift Rate -0.162630, index 788483
Top hit found! SNR 44.287193, Drift Rate -0.162630, index 788578
Top hit found! SNR 21.233274, Drift Rate -0.172197, index 791199
Top hit found! SNR 28.344753, Drift Rate -0.181763, index 791445
Top hit found! SNR 21.984268, Drift Rate -0.181763, index 791749
Top hit found! SNR 22.786446, Drift Rate -0.181763, index 791980
Top hit found! SNR 50.608990, Drift Rate -0.181763, index 792060
Top hit found! SNR 21.660683, Drift Rate -0.162630, index 792513
Top hit found! SNR 19.538389, Drift Rate -0.162630, index 792565
Top hit found! SNR 26.714504, Drift Rate -0.133931, index 792609
Top hit found! SNR 14.988088, Drift Rate -0.181763, index 792657
Top hit found! SNR 31.213202, Drift Rate -0.181763, index 792726
Top hit found! SNR 12.583734, Drift Rate -0.181763, index 792839
Top hit found! SNR 25.560284, Drift Rate -0.181763, index 792917
Top hit found! SNR 43.817314, Drift Rate 0.153064, index 796508
Top hit found! SNR 530.552246, Drift Rate -0.172197, index 796911
Top hit found! SNR 731.756836, Drift Rate -0.172197, index 796967
Top hit found! SNR 716.734741, Drift Rate -0.181763, index 797078
Top hit found! SNR 583.300232, Drift Rate -0.172197, index 797135
Top hit found! SNR 46.783566, Drift Rate -0.143497, index 797726
Top hit found! SNR 12.508295, Drift Rate 0.181763, index 797894
Top hit found! SNR 10.973985, Drift Rate -0.181763, index 798263
Top hit found! SNR 11.520029, Drift Rate -0.172197, index 800215
Top hit found! SNR 13.983236, Drift Rate -0.181763, index 800281
Top hit found! SNR 14.016283, Drift Rate -0.172197, index 800379
Top hit found! SNR 15.260733, Drift Rate -0.162630, index 800451
Top hit found! SNR 23.400957, Drift Rate -0.162630, index 800705
Top hit found! SNR 31.698011, Drift Rate 0.133931, index 800835
Top hit found! SNR 32.575954, Drift Rate -0.133931, index 800962
Top hit found! SNR 35.838081, Drift Rate -0.162630, index 801381
Top hit found! SNR 103.527283, Drift Rate -0.181763, index 801522
Top hit found! SNR 78.492653, Drift Rate -0.162630, index 801556
Top hit found! SNR 77.948082, Drift Rate -0.181763, index 801616
Top hit found! SNR 60.260883, Drift Rate -0.181763, index 801663
Top hit found! SNR 20.620350, Drift Rate -0.162630, index 801890
Top hit found! SNR 30.133844, Drift Rate -0.181763, index 804957
Top hit found! SNR 36.164879, Drift Rate -0.143497, index 805075
Top hit found! SNR 68.906448, Drift Rate -0.181763, index 805186
Top hit found! SNR 54.341908, Drift Rate -0.172197, index 805304
Top hit found! SNR 65.624649, Drift Rate -0.162630, index 805439
Top hit found! SNR 89.604904, Drift Rate -0.181763, index 805613
Top hit found! SNR 164.492218, Drift Rate -0.172197, index 805694
Top hit found! SNR 116.009476, Drift Rate -0.181763, index 805740
Top hit found! SNR 113.677078, Drift Rate -0.181763, index 805790
Top hit found! SNR 99.454552, Drift Rate -0.181763, index 805853
Top hit found! SNR 86.483612, Drift Rate -0.172197, index 805900
Top hit found! SNR 50.263508, Drift Rate -0.133931, index 806203
Top hit found! SNR 56.520172, Drift Rate -0.172197, index 806266
Top hit found! SNR 16.439445, Drift Rate -0.133931, index 806736
Top hit found! SNR 17.086624, Drift Rate -0.181763, index 809109
Top hit found! SNR 21.880198, Drift Rate -0.181763, index 809252
Top hit found! SNR 14.085676, Drift Rate -0.172197, index 809300
Top hit found! SNR 20.944006, Drift Rate -0.172197, index 809336
Top hit found! SNR 47.165066, Drift Rate -0.181763, index 809407
Top hit found! SNR 65.590538, Drift Rate -0.181763, index 809467
Top hit found! SNR 28.929827, Drift Rate -0.162630, index 809553
Top hit found! SNR 30.523397, Drift Rate -0.181763, index 809658
Top hit found! SNR 66.042152, Drift Rate -0.181763, index 809741
Top hit found! SNR 58.188732, Drift Rate -0.181763, index 809801
Top hit found! SNR 34.039726, Drift Rate -0.162630, index 809863
Top hit found! SNR 63.929939, Drift Rate -0.181763, index 809932
Top hit found! SNR 42.471661, Drift Rate -0.172197, index 810004
Top hit found! SNR 77.120522, Drift Rate -0.181763, index 810183
Top hit found! SNR 74.097900, Drift Rate -0.162630, index 810388
Top hit found! SNR 103.291695, Drift Rate -0.181763, index 810445
Top hit found! SNR 75.272049, Drift Rate -0.181763, index 810481
Top hit found! SNR 35.060028, Drift Rate -0.181763, index 810588
Top hit found! SNR 34.513699, Drift Rate -0.181763, index 810648
Top hit found! SNR 36.225033, Drift Rate -0.172197, index 810696
Top hit found! SNR 25.442522, Drift Rate -0.181763, index 810745
Top hit found! SNR 32.357555, Drift Rate -0.181763, index 810791
Top hit found! SNR 49.114456, Drift Rate -0.181763, index 810827
Top hit found! SNR 21.980927, Drift Rate -0.162630, index 810901
Top hit found! SNR 22.547211, Drift Rate -0.181763, index 810970
Top hit found! SNR 37.300102, Drift Rate -0.162630, index 814791
Top hit found! SNR 10.460517, Drift Rate -0.133931, index 620232
Top hit found! SNR 11.677292, Drift Rate 0.133931, index 626661
Top hit found! SNR 15.063969, Drift Rate 0.133931, index 634446
Top hit found! SNR 13.060477, Drift Rate 0.133931, index 648544
Top hit found! SNR 13.806234, Drift Rate 0.133931, index 655172
Top hit found! SNR 11.925642, Drift Rate 0.133931, index 656855
Top hit found! SNR 10.270907, Drift Rate 0.153064, index 669271
Top hit found! SNR 13.555199, Drift Rate 0.133931, index 671900
Top hit found! SNR 11.484705, Drift Rate 0.133931, index 676634
Top hit found! SNR 10.749692, Drift Rate 0.133931, index 677686
Top hit found! SNR 10.769514, Drift Rate 0.133931, index 697465
Top hit found! SNR 10.468643, Drift Rate -0.143497, index 800556
Top hit found! SNR 10.482977, Drift Rate -0.162630, index 804133
Top hit found! SNR 13.222028, Drift Rate -0.143497, index 818441
Top hit found! SNR 10.672680, Drift Rate 0.172197, index 86292
Top hit found! SNR 16.397095, Drift Rate 0.172197, index 87660
Top hit found! SNR 12.827930, Drift Rate 0.172197, index 91868
Top hit found! SNR 20.430038, Drift Rate 0.172197, index 91973
Top hit found! SNR 10.757665, Drift Rate 0.172197, index 92815
Top hit found! SNR 11.170370, Drift Rate 0.172197, index 93446
Top hit found! SNR 13.644680, Drift Rate 0.172197, index 93867
Top hit found! SNR 21.630747, Drift Rate 0.172197, index 94393
Top hit found! SNR 10.916413, Drift Rate 0.172197, index 94498
Top hit found! SNR 17.251999, Drift Rate 0.172197, index 95550
Top hit found! SNR 25.875956, Drift Rate 0.172197, index 96497
Top hit found! SNR 19.780552, Drift Rate 0.172197, index 96602
Top hit found! SNR 14.795373, Drift Rate 0.172197, index 97340
Top hit found! SNR 15.044250, Drift Rate 0.172197, index 97549
Top hit found! SNR 13.411374, Drift Rate 0.172197, index 97865
Top hit found! SNR 35.247616, Drift Rate 0.172197, index 98812
Top hit found! SNR 12.847836, Drift Rate 0.172197, index 99338
Top hit found! SNR 14.458131, Drift Rate 0.172197, index 100285
Top hit found! SNR 32.721149, Drift Rate 0.172197, index 100495
Top hit found! SNR 17.265121, Drift Rate 0.172197, index 101652
Top hit found! SNR 15.239211, Drift Rate 0.172197, index 101968
Top hit found! SNR 17.351603, Drift Rate 0.172197, index 102390
Top hit found! SNR 16.870867, Drift Rate 0.172197, index 102704
Top hit found! SNR 10.501925, Drift Rate 0.172197, index 102915
Top hit found! SNR 23.138300, Drift Rate 0.172197, index 103230
Top hit found! SNR 11.643114, Drift Rate 0.172197, index 103546
Top hit found! SNR 11.845376, Drift Rate 0.172197, index 104283
Top hit found! SNR 11.389888, Drift Rate 0.172197, index 104703
Top hit found! SNR 12.598436, Drift Rate 0.172197, index 105650
Top hit found! SNR 16.955072, Drift Rate 0.172197, index 105966
Top hit found! SNR 15.608691, Drift Rate 0.172197, index 107018
Top hit found! SNR 17.225109, Drift Rate 0.172197, index 107545
Top hit found! SNR 11.456051, Drift Rate 0.172197, index 108070
Top hit found! SNR 10.065919, Drift Rate 0.172197, index 108596
Top hit found! SNR 17.697281, Drift Rate 0.172197, index 108806
Top hit found! SNR 11.735830, Drift Rate 0.172197, index 109017
Top hit found! SNR 12.564856, Drift Rate 0.172197, index 109648
Top hit found! SNR 13.955078, Drift Rate 0.172197, index 109753
Top hit found! SNR 40.211559, Drift Rate 0.172197, index 109858
Top hit found! SNR 14.726937, Drift Rate 0.172197, index 110279
Top hit found! SNR 10.579143, Drift Rate 0.172197, index 111226
Top hit found! SNR 10.308744, Drift Rate 0.172197, index 111331
Top hit found! SNR 14.571447, Drift Rate 0.172197, index 111857
Top hit found! SNR 26.214912, Drift Rate 0.172197, index 112278
Top hit found! SNR 32.978195, Drift Rate 0.172197, index 113225
Top hit found! SNR 16.319962, Drift Rate 0.172197, index 113435
Top hit found! SNR 26.770407, Drift Rate 0.172197, index 113751
Top hit found! SNR 24.585140, Drift Rate 0.172197, index 113856
Top hit found! SNR 16.667309, Drift Rate 0.172197, index 113961
Top hit found! SNR 13.722174, Drift Rate 0.172197, index 114277
Top hit found! SNR 54.265179, Drift Rate 0.172197, index 114803
Top hit found! SNR 12.441958, Drift Rate 0.172197, index 114908
Top hit found! SNR 24.277435, Drift Rate 0.172197, index 115329
Top hit found! SNR 10.735384, Drift Rate 0.172197, index 115750
Top hit found! SNR 32.068478, Drift Rate 0.172197, index 116381
Top hit found! SNR 20.880075, Drift Rate 0.172197, index 116802
Top hit found! SNR 15.111763, Drift Rate 0.172197, index 117012
Top hit found! SNR 24.390387, Drift Rate 0.172197, index 117433
Top hit found! SNR 30.305511, Drift Rate 0.172197, index 117538
Top hit found! SNR 16.301678, Drift Rate 0.172197, index 117959
Top hit found! SNR 13.180815, Drift Rate 0.172197, index 118801
Top hit found! SNR 23.322609, Drift Rate 0.172197, index 118906
Top hit found! SNR 12.266024, Drift Rate 0.172197, index 119327
Top hit found! SNR 22.001339, Drift Rate 0.172197, index 119958
Top hit found! SNR 44.732403, Drift Rate 0.172197, index 120063
Top hit found! SNR 24.935886, Drift Rate 0.172197, index 120274
Top hit found! SNR 12.585558, Drift Rate 0.172197, index 120800
Top hit found! SNR 18.710793, Drift Rate 0.172197, index 121010
Top hit found! SNR 12.884739, Drift Rate 0.172197, index 121536
Top hit found! SNR 50.619953, Drift Rate 0.172197, index 122273
Top hit found! SNR 15.605107, Drift Rate 0.172197, index 122378
Top hit found! SNR 72.727585, Drift Rate 0.172197, index 122588
Top hit found! SNR 12.756063, Drift Rate 0.172197, index 122904
Top hit found! SNR 27.702215, Drift Rate 0.172197, index 123325
Top hit found! SNR 13.770830, Drift Rate 0.172197, index 123430
Top hit found! SNR 11.666570, Drift Rate 0.172197, index 123851
Top hit found! SNR 21.094007, Drift Rate 0.172197, index 124587
Top hit found! SNR 13.178873, Drift Rate 0.172197, index 125113
Top hit found! SNR 20.342894, Drift Rate 0.172197, index 126060
Top hit found! SNR 21.065210, Drift Rate 0.172197, index 127007
Top hit found! SNR 10.012344, Drift Rate 0.172197, index 127112
Top hit found! SNR 18.017578, Drift Rate 0.172197, index 127533
Top hit found! SNR 11.086101, Drift Rate 0.172197, index 127638
Top hit found! SNR 26.493536, Drift Rate 0.172197, index 128164
Top hit found! SNR 24.691696, Drift Rate 0.172197, index 129532
Top hit found! SNR 22.841980, Drift Rate 0.172197, index 129637
Top hit found! SNR 15.116554, Drift Rate 0.172197, index 129953
Top hit found! SNR 42.478546, Drift Rate 0.172197, index 130163
Top hit found! SNR 12.433993, Drift Rate 0.172197, index 130689
Top hit found! SNR 10.955770, Drift Rate 0.172197, index 131005
Top hit found! SNR 12.270872, Drift Rate 0.172197, index 131531
Top hit found! SNR 17.084799, Drift Rate 0.172197, index 131636
Top hit found! SNR 16.804316, Drift Rate 0.172197, index 133109
Top hit found! SNR 10.562772, Drift Rate 0.172197, index 133635
Top hit found! SNR 14.699114, Drift Rate 0.172197, index 133740
Top hit found! SNR 12.874745, Drift Rate 0.172197, index 134161
Top hit found! SNR 10.964036, Drift Rate 0.172197, index 135319
Top hit found! SNR 14.293728, Drift Rate 0.172197, index 135739
Top hit found! SNR 15.067229, Drift Rate 0.133931, index 136264
Top hit found! SNR 53.359707, Drift Rate 0.172197, index 136686
Top hit found! SNR 19.826466, Drift Rate 0.172197, index 136791
Top hit found! SNR 14.747793, Drift Rate 0.172197, index 137843
Top hit found! SNR 13.985139, Drift Rate 0.172197, index 138159
Top hit found! SNR 14.657282, Drift Rate 0.172197, index 138685
Top hit found! SNR 17.377066, Drift Rate 0.133931, index 139210
Top hit found! SNR 10.890480, Drift Rate 0.172197, index 140264
Top hit found! SNR 11.136239, Drift Rate 0.172197, index 140790
Top hit found! SNR 12.094210, Drift Rate 0.172197, index 141421
Top hit found! SNR 24.903959, Drift Rate 0.172197, index 141737
Top hit found! SNR 21.340343, Drift Rate 0.133931, index 142366
Top hit found! SNR 53.705105, Drift Rate 0.172197, index 143314
Top hit found! SNR 44.900543, Drift Rate 0.172197, index 143945
Top hit found! SNR 27.502098, Drift Rate 0.172197, index 144892
Top hit found! SNR 52.190620, Drift Rate 0.172197, index 144997
Top hit found! SNR 10.043905, Drift Rate 0.172197, index 145523
Top hit found! SNR 29.700104, Drift Rate 0.172197, index 145839
Top hit found! SNR 17.945013, Drift Rate 0.172197, index 145944
Top hit found! SNR 11.102099, Drift Rate 0.172197, index 146050
Top hit found! SNR 14.382524, Drift Rate 0.172197, index 146366
Top hit found! SNR 16.314709, Drift Rate 0.172197, index 146575
Top hit found! SNR 17.332031, Drift Rate 0.172197, index 148574
Top hit found! SNR 12.796150, Drift Rate 0.133931, index 148994
Top hit found! SNR 15.512666, Drift Rate 0.172197, index 149417
Top hit found! SNR 12.055965, Drift Rate 0.172197, index 149626
Top hit found! SNR 17.284693, Drift Rate 0.133931, index 149941
Top hit found! SNR 31.716822, Drift Rate 0.172197, index 151625
Top hit found! SNR 29.659739, Drift Rate 0.172197, index 153098
Top hit found! SNR 10.422190, Drift Rate 0.133931, index 154149
Top hit found! SNR 13.304552, Drift Rate 0.172197, index 155519
Top hit found! SNR 10.349735, Drift Rate 0.133931, index 155622
Top hit found! SNR 12.320890, Drift Rate 0.172197, index 155728
Top hit found! SNR 13.837745, Drift Rate 0.133931, index 156674
Top hit found! SNR 11.664532, Drift Rate 0.172197, index 156780
Top hit found! SNR 27.285048, Drift Rate 0.133931, index 157621
Top hit found! SNR 23.096487, Drift Rate 0.172197, index 159305
Top hit found! SNR 21.318840, Drift Rate 0.133931, index 159620
Top hit found! SNR 25.007933, Drift Rate 0.133931, index 160672
Top hit found! SNR 15.402757, Drift Rate 0.133931, index 161303
Top hit found! SNR 10.443826, Drift Rate 0.133931, index 161829
Top hit found! SNR 20.764521, Drift Rate 0.133931, index 162671
Top hit found! SNR 10.347220, Drift Rate 0.133931, index 163197
Top hit found! SNR 18.400875, Drift Rate 0.133931, index 163302
Top hit found! SNR 19.646559, Drift Rate 0.133931, index 163828
Top hit found! SNR 54.002380, Drift Rate 0.133931, index 164775
Top hit found! SNR 14.326036, Drift Rate 0.133931, index 165722
Top hit found! SNR 47.611534, Drift Rate 0.133931, index 165827
Top hit found! SNR 11.759506, Drift Rate 0.133931, index 166353
Top hit found! SNR 14.394116, Drift Rate 0.133931, index 166879
Top hit found! SNR 18.263218, Drift Rate 0.172197, index 166985
Top hit found! SNR 16.676260, Drift Rate 0.133931, index 167826
Top hit found! SNR 10.028333, Drift Rate 0.133931, index 167931
Top hit found! SNR 21.355377, Drift Rate 0.133931, index 168352
Top hit found! SNR 12.056088, Drift Rate 0.133931, index 169509
Top hit found! SNR 22.977287, Drift Rate 0.133931, index 170982
Top hit found! SNR 31.645948, Drift Rate 0.133931, index 171929
Top hit found! SNR 11.476886, Drift Rate 0.172197, index 173508
Top hit found! SNR 30.462681, Drift Rate 0.133931, index 174033
Top hit found! SNR 13.055241, Drift Rate 0.133931, index 174559
Top hit found! SNR 32.136967, Drift Rate 0.133931, index 174980
Top hit found! SNR 11.832714, Drift Rate 0.133931, index 175506
Top hit found! SNR 26.246208, Drift Rate 0.133931, index 176137
Top hit found! SNR 31.856228, Drift Rate 0.133931, index 176558
Top hit found! SNR 17.001276, Drift Rate 0.133931, index 177084
Top hit found! SNR 21.540279, Drift Rate 0.133931, index 177610
Top hit found! SNR 14.964563, Drift Rate 0.133931, index 178031
Top hit found! SNR 13.372980, Drift Rate 0.133931, index 178978
Top hit found! SNR 23.590185, Drift Rate 0.172197, index 179189
Top hit found! SNR 14.372000, Drift Rate 0.172197, index 179715
Top hit found! SNR 26.336458, Drift Rate 0.172197, index 182240
Top hit found! SNR 20.036995, Drift Rate 0.133931, index 183607
Top hit found! SNR 28.057123, Drift Rate 0.133931, index 184133
Top hit found! SNR 12.149829, Drift Rate 0.133931, index 184659
Top hit found! SNR 15.578941, Drift Rate 0.172197, index 184765
Top hit found! SNR 31.698265, Drift Rate 0.172197, index 185291
Top hit found! SNR 29.916275, Drift Rate 0.133931, index 187710
Top hit found! SNR 16.912802, Drift Rate 0.172197, index 188342
Top hit found! SNR 20.975285, Drift Rate 0.133931, index 188867
Top hit found! SNR 16.219027, Drift Rate 0.133931, index 189288
Top hit found! SNR 15.775768, Drift Rate 0.133931, index 189814
Top hit found! SNR 26.296299, Drift Rate 0.133931, index 190866
Top hit found! SNR 64.454330, Drift Rate 0.133931, index 191287
Top hit found! SNR 28.271812, Drift Rate 0.133931, index 192339
Top hit found! SNR 21.827742, Drift Rate 0.133931, index 192865
Top hit found! SNR 11.203281, Drift Rate 0.172197, index 192971
Top hit found! SNR 12.017997, Drift Rate 0.133931, index 194338
Top hit found! SNR 21.755062, Drift Rate 0.133931, index 194443
Top hit found! SNR 17.697462, Drift Rate 0.133931, index 194864
Top hit found! SNR 11.805060, Drift Rate 0.133931, index 195390
Top hit found! SNR 15.248395, Drift Rate 0.133931, index 195495
Top hit found! SNR 27.540194, Drift Rate 0.172197, index 196022
Top hit found! SNR 11.990929, Drift Rate 0.172197, index 196443
Top hit found! SNR 18.512821, Drift Rate 0.133931, index 197494
Top hit found! SNR 15.074657, Drift Rate 0.133931, index 197915
Top hit found! SNR 11.930560, Drift Rate 0.172197, index 198021
Top hit found! SNR 17.898695, Drift Rate 0.172197, index 198547
Top hit found! SNR 10.872662, Drift Rate 0.133931, index 198967
Top hit found! SNR 51.999424, Drift Rate 0.133931, index 199072
Top hit found! SNR 15.331852, Drift Rate 0.133931, index 199493
Top hit found! SNR 20.386271, Drift Rate 0.172197, index 199599
Top hit found! SNR 30.207874, Drift Rate 0.133931, index 200019
Top hit found! SNR 17.501659, Drift Rate 0.172197, index 200546
Top hit found! SNR 14.216496, Drift Rate 0.172197, index 201072
Top hit found! SNR 11.694139, Drift Rate 0.172197, index 201598
Top hit found! SNR 15.408622, Drift Rate 0.172197, index 202124
Top hit found! SNR 18.179790, Drift Rate 0.172197, index 202545
Top hit found! SNR 62.074177, Drift Rate 0.172197, index 204228
Top hit found! SNR 17.166204, Drift Rate 0.133931, index 205595
Top hit found! SNR 22.234163, Drift Rate 0.172197, index 205701
Top hit found! SNR 11.275767, Drift Rate 0.133931, index 206121
Top hit found! SNR 10.311150, Drift Rate 0.172197, index 206227
Top hit found! SNR 11.218682, Drift Rate 0.172197, index 206648
Top hit found! SNR 14.581579, Drift Rate 0.172197, index 206753
Top hit found! SNR 17.422703, Drift Rate 0.133931, index 207173
Top hit found! SNR 13.982913, Drift Rate 0.172197, index 207279
Top hit found! SNR 14.619250, Drift Rate 0.172197, index 207700
Top hit found! SNR 22.246613, Drift Rate 0.172197, index 209278
Top hit found! SNR 29.755829, Drift Rate 0.133931, index 209698
Top hit found! SNR 12.293650, Drift Rate 0.133931, index 210224
Top hit found! SNR 10.230918, Drift Rate 0.172197, index 210330
Top hit found! SNR 19.477926, Drift Rate 0.172197, index 210751
Top hit found! SNR 21.460941, Drift Rate 0.172197, index 211803
Top hit found! SNR 29.772850, Drift Rate 0.172197, index 212224
Top hit found! SNR 10.295835, Drift Rate 0.172197, index 212329
Top hit found! SNR 35.280640, Drift Rate 0.133931, index 212749
Top hit found! SNR 20.157961, Drift Rate 0.172197, index 213381
Top hit found! SNR 19.576820, Drift Rate 0.172197, index 213907
Top hit found! SNR 32.730022, Drift Rate 0.172197, index 214328
Top hit found! SNR 18.232925, Drift Rate 0.172197, index 214433
Top hit found! SNR 27.272614, Drift Rate 0.172197, index 214854
Top hit found! SNR 10.876573, Drift Rate 0.172197, index 214959
Top hit found! SNR 41.059738, Drift Rate 0.172197, index 215275
Top hit found! SNR 11.195060, Drift Rate 0.172197, index 215906
Top hit found! SNR 17.450701, Drift Rate 0.172197, index 216327
Top hit found! SNR 11.269465, Drift Rate 0.172197, index 216958
Top hit found! SNR 20.713526, Drift Rate 0.172197, index 217905
Top hit found! SNR 38.065121, Drift Rate 0.172197, index 218957
Top hit found! SNR 16.659218, Drift Rate 0.172197, index 219378
Top hit found! SNR 28.819481, Drift Rate 0.172197, index 219483
Top hit found! SNR 57.860397, Drift Rate 0.172197, index 220009
Top hit found! SNR 10.242650, Drift Rate 0.172197, index 220956
Top hit found! SNR 12.657241, Drift Rate 0.172197, index 221482
Top hit found! SNR 13.678358, Drift Rate 0.172197, index 221903
Top hit found! SNR 13.209183, Drift Rate 0.172197, index 222429
Top hit found! SNR 21.640661, Drift Rate 0.172197, index 224007
Top hit found! SNR 23.260809, Drift Rate 0.172197, index 224533
Top hit found! SNR 29.691072, Drift Rate 0.172197, index 226006
Top hit found! SNR 13.008187, Drift Rate 0.172197, index 227058
Top hit found! SNR 21.286646, Drift Rate 0.172197, index 227163
Top hit found! SNR 11.741146, Drift Rate 0.172197, index 228531
Top hit found! SNR 14.716821, Drift Rate 0.172197, index 229057
Top hit found! SNR 20.069960, Drift Rate 0.133931, index 230739
Top hit found! SNR 15.602358, Drift Rate 0.172197, index 231161
Top hit found! SNR 19.265013, Drift Rate 0.172197, index 231687
Top hit found! SNR 11.355831, Drift Rate 0.172197, index 232739
Top hit found! SNR 11.717297, Drift Rate 0.133931, index 234211
Top hit found! SNR 11.067891, Drift Rate 0.172197, index 234738
Top hit found! SNR 11.735221, Drift Rate 0.172197, index 235264
Top hit found! SNR 36.824390, Drift Rate 0.172197, index 235895
Top hit found! SNR 14.372869, Drift Rate 0.133931, index 236736
Top hit found! SNR 12.785490, Drift Rate 0.172197, index 237894
Top hit found! SNR 14.795750, Drift Rate 0.172197, index 238841
Top hit found! SNR 14.084917, Drift Rate 0.172197, index 240840
Top hit found! SNR 21.936680, Drift Rate 0.172197, index 241471
Top hit found! SNR 21.839289, Drift Rate -0.181763, index 241775
Top hit found! SNR 16.110256, Drift Rate 0.172197, index 242944
Top hit found! SNR 19.494064, Drift Rate 0.172197, index 243049
Top hit found! SNR 30.316317, Drift Rate -0.181763, index 243353
Top hit found! SNR 12.951081, Drift Rate 0.172197, index 243996
Top hit found! SNR 14.410266, Drift Rate 0.172197, index 244522
Top hit found! SNR 13.558466, Drift Rate 0.172197, index 244943
Top hit found! SNR 17.072002, Drift Rate 0.172197, index 245995
Top hit found! SNR 18.069693, Drift Rate -0.172197, index 246404
Top hit found! SNR 30.397064, Drift Rate 0.172197, index 246521
Top hit found! SNR 11.204977, Drift Rate 0.172197, index 247573
Top hit found! SNR 17.798708, Drift Rate -0.181763, index 247982
Top hit found! SNR 28.187662, Drift Rate 0.172197, index 249677
Top hit found! SNR 26.491617, Drift Rate 0.172197, index 250624
Top hit found! SNR 10.088246, Drift Rate -0.181763, index 251033
Top hit found! SNR 10.456063, Drift Rate 0.172197, index 251676
Top hit found! SNR 15.410868, Drift Rate -0.181763, index 253137
Top hit found! SNR 28.366203, Drift Rate 0.172197, index 254201
Top hit found! SNR 13.214716, Drift Rate 0.172197, index 255253
Top hit found! SNR 24.260448, Drift Rate -0.172197, index 256083
Top hit found! SNR 17.526089, Drift Rate -0.181763, index 256188
Top hit found! SNR 17.051447, Drift Rate -0.172197, index 257240
Top hit found! SNR 28.168436, Drift Rate 0.172197, index 257778
Top hit found! SNR 35.416779, Drift Rate -0.181763, index 258082
Top hit found! SNR 29.825356, Drift Rate -0.172197, index 258187
Top hit found! SNR 15.515285, Drift Rate -0.172197, index 258713
Top hit found! SNR 14.128313, Drift Rate -0.181763, index 260186
Top hit found! SNR 19.219036, Drift Rate -0.181763, index 260291
Top hit found! SNR 16.731234, Drift Rate -0.181763, index 261133
Top hit found! SNR 21.050442, Drift Rate -0.181763, index 261238
Top hit found! SNR 30.451857, Drift Rate -0.181763, index 262185
Top hit found! SNR 12.270728, Drift Rate 0.172197, index 262407
Top hit found! SNR 55.562069, Drift Rate -0.172197, index 262711
Top hit found! SNR 17.450289, Drift Rate -0.181763, index 262816
Top hit found! SNR 17.631533, Drift Rate 0.172197, index 262933
Top hit found! SNR 13.016368, Drift Rate -0.181763, index 263658
Top hit found! SNR 18.127430, Drift Rate -0.172197, index 264184
Top hit found! SNR 16.670727, Drift Rate -0.172197, index 264710
Top hit found! SNR 13.432703, Drift Rate -0.181763, index 265341
Top hit found! SNR 12.612619, Drift Rate -0.181763, index 265446
Top hit found! SNR 11.815342, Drift Rate 0.172197, index 266510
Top hit found! SNR 16.004587, Drift Rate -0.181763, index 266919
Top hit found! SNR 15.663695, Drift Rate -0.181763, index 267235
Top hit found! SNR 15.238852, Drift Rate -0.181763, index 267761
Top hit found! SNR 11.899793, Drift Rate -0.181763, index 267866
Top hit found! SNR 27.669306, Drift Rate -0.181763, index 267971
Top hit found! SNR 14.827526, Drift Rate -0.172197, index 268392
Top hit found! SNR 37.538692, Drift Rate -0.172197, index 268497
Top hit found! SNR 20.401562, Drift Rate -0.172197, index 269023
Top hit found! SNR 65.251663, Drift Rate -0.172197, index 269444
Top hit found! SNR 21.853113, Drift Rate -0.172197, index 269549
Top hit found! SNR 18.365160, Drift Rate -0.181763, index 270075
Top hit found! SNR 21.574497, Drift Rate -0.172197, index 270917
Top hit found! SNR 22.610577, Drift Rate -0.172197, index 271443
Top hit found! SNR 20.349253, Drift Rate -0.181763, index 272600
Top hit found! SNR 12.549602, Drift Rate -0.181763, index 273021
Top hit found! SNR 20.241926, Drift Rate -0.172197, index 273442
Top hit found! SNR 11.399983, Drift Rate -0.181763, index 273547
Top hit found! SNR 11.902088, Drift Rate -0.172197, index 274073
Top hit found! SNR 17.673239, Drift Rate -0.172197, index 274599
Top hit found! SNR 35.938572, Drift Rate -0.181763, index 274915
Top hit found! SNR 26.844540, Drift Rate -0.181763, index 275441
Top hit found! SNR 10.695400, Drift Rate -0.172197, index 275546
Top hit found! SNR 33.386177, Drift Rate -0.172197, index 276072
Top hit found! SNR 15.295669, Drift Rate -0.181763, index 276177
Top hit found! SNR 24.497297, Drift Rate -0.172197, index 276598
Top hit found! SNR 10.659352, Drift Rate -0.172197, index 277019
Top hit found! SNR 17.211767, Drift Rate -0.172197, index 277545
Top hit found! SNR 24.217840, Drift Rate -0.181763, index 277966
Top hit found! SNR 16.041195, Drift Rate -0.181763, index 278597
Top hit found! SNR 11.087350, Drift Rate -0.181763, index 278702
Top hit found! SNR 19.746010, Drift Rate -0.181763, index 279018
Top hit found! SNR 17.479647, Drift Rate -0.181763, index 280070
Top hit found! SNR 36.561699, Drift Rate -0.172197, index 280491
Top hit found! SNR 15.695745, Drift Rate -0.172197, index 280701
Top hit found! SNR 11.986124, Drift Rate -0.181763, index 282174
Top hit found! SNR 27.618795, Drift Rate -0.181763, index 283542
Top hit found! SNR 12.467136, Drift Rate 0.172197, index 283869
Top hit found! SNR 13.680058, Drift Rate -0.181763, index 285120
Top hit found! SNR 25.356268, Drift Rate -0.172197, index 285751
Top hit found! SNR 25.606787, Drift Rate -0.172197, index 286277
Top hit found! SNR 13.958679, Drift Rate -0.172197, index 287224
Top hit found! SNR 19.037085, Drift Rate -0.172197, index 288276
Top hit found! SNR 43.155998, Drift Rate -0.181763, index 288697
Top hit found! SNR 11.705594, Drift Rate -0.172197, index 288802
Top hit found! SNR 11.634074, Drift Rate -0.172197, index 289223
Top hit found! SNR 13.771194, Drift Rate -0.181763, index 289328
Top hit found! SNR 11.643464, Drift Rate -0.172197, index 289433
Top hit found! SNR 10.073871, Drift Rate -0.181763, index 289749
Top hit found! SNR 11.203225, Drift Rate -0.181763, index 289854
Top hit found! SNR 16.367434, Drift Rate -0.181763, index 290275
Top hit found! SNR 15.813576, Drift Rate -0.181763, index 290801
Top hit found! SNR 12.377191, Drift Rate 0.172197, index 291023
Top hit found! SNR 42.061520, Drift Rate -0.181763, index 292274
Top hit found! SNR 23.925611, Drift Rate -0.181763, index 292484
Top hit found! SNR 13.679626, Drift Rate -0.172197, index 293221
Top hit found! SNR 39.459984, Drift Rate -0.172197, index 293747
Top hit found! SNR 16.230366, Drift Rate -0.181763, index 293957
Top hit found! SNR 23.022375, Drift Rate -0.172197, index 294799
Top hit found! SNR 31.857071, Drift Rate -0.181763, index 294904
Top hit found! SNR 20.936256, Drift Rate -0.181763, index 295009
Top hit found! SNR 12.255231, Drift Rate -0.181763, index 296903
Top hit found! SNR 18.018448, Drift Rate -0.172197, index 297534
Top hit found! SNR 16.251534, Drift Rate -0.181763, index 299007
Top hit found! SNR 13.686913, Drift Rate -0.181763, index 299428
Top hit found! SNR 19.152304, Drift Rate -0.172197, index 299954
Top hit found! SNR 23.528713, Drift Rate -0.172197, index 300059
Top hit found! SNR 15.962656, Drift Rate -0.181763, index 300164
Top hit found! SNR 38.138683, Drift Rate -0.181763, index 301006
Top hit found! SNR 12.094765, Drift Rate -0.181763, index 302374
Top hit found! SNR 19.929836, Drift Rate -0.172197, index 302584
Top hit found! SNR 13.269886, Drift Rate -0.181763, index 302689
Top hit found! SNR 37.534481, Drift Rate -0.181763, index 303215
Top hit found! SNR 23.312365, Drift Rate -0.172197, index 303531
Top hit found! SNR 11.180185, Drift Rate -0.181763, index 303952
Top hit found! SNR 14.887424, Drift Rate -0.172197, index 304162
Top hit found! SNR 20.807451, Drift Rate -0.181763, index 304267
Top hit found! SNR 11.663760, Drift Rate -0.172197, index 306161
Top hit found! SNR 14.652583, Drift Rate -0.181763, index 306266
Top hit found! SNR 49.264858, Drift Rate -0.172197, index 306582
Top hit found! SNR 23.888588, Drift Rate -0.181763, index 306792
Top hit found! SNR 24.659281, Drift Rate -0.181763, index 307213
Top hit found! SNR 45.816463, Drift Rate -0.172197, index 307739
Top hit found! SNR 11.533654, Drift Rate -0.181763, index 308160
Top hit found! SNR 16.260096, Drift Rate -0.172197, index 308265
Top hit found! SNR 12.176445, Drift Rate -0.172197, index 308581
Top hit found! SNR 17.960840, Drift Rate -0.181763, index 310159
Top hit found! SNR 14.710626, Drift Rate -0.181763, index 310685
Top hit found! SNR 16.023935, Drift Rate -0.181763, index 311421
Top hit found! SNR 19.401365, Drift Rate -0.172197, index 311632
Top hit found! SNR 19.082176, Drift Rate -0.172197, index 311947
Top hit found! SNR 11.338951, Drift Rate -0.181763, index 312263
Top hit found! SNR 10.788438, Drift Rate -0.172197, index 312684
Top hit found! SNR 14.785949, Drift Rate -0.181763, index 313420
Top hit found! SNR 19.176352, Drift Rate -0.181763, index 313736
Top hit found! SNR 13.804255, Drift Rate -0.172197, index 313946
Top hit found! SNR 10.942699, Drift Rate -0.172197, index 314367
Top hit found! SNR 18.995722, Drift Rate -0.172197, index 314472
Top hit found! SNR 10.305138, Drift Rate -0.181763, index 315735
Top hit found! SNR 25.637495, Drift Rate -0.181763, index 316366
Top hit found! SNR 27.503475, Drift Rate -0.172197, index 316787
Top hit found! SNR 22.799000, Drift Rate -0.172197, index 316997
Top hit found! SNR 20.056637, Drift Rate -0.181763, index 317313
Top hit found! SNR 20.079319, Drift Rate -0.172197, index 317944
Top hit found! SNR 11.687549, Drift Rate -0.181763, index 318260
Top hit found! SNR 11.825843, Drift Rate -0.172197, index 318470
Top hit found! SNR 23.869101, Drift Rate -0.172197, index 318891
Top hit found! SNR 20.521408, Drift Rate -0.172197, index 318996
Top hit found! SNR 12.712869, Drift Rate -0.172197, index 319943
Top hit found! SNR 14.230446, Drift Rate -0.181763, index 320469
Top hit found! SNR 19.458036, Drift Rate -0.181763, index 320995
Top hit found! SNR 37.950722, Drift Rate -0.172197, index 321311
Top hit found! SNR 11.322408, Drift Rate -0.172197, index 321837
Top hit found! SNR 25.542513, Drift Rate -0.172197, index 322363
Top hit found! SNR 13.372955, Drift Rate -0.181763, index 324467
Top hit found! SNR 40.669815, Drift Rate -0.181763, index 324572
Top hit found! SNR 14.806643, Drift Rate -0.172197, index 324993
Top hit found! SNR 24.885750, Drift Rate -0.181763, index 325203
Top hit found! SNR 13.488660, Drift Rate -0.172197, index 325519
Top hit found! SNR 14.408470, Drift Rate -0.162630, index 325835
Top hit found! SNR 54.081551, Drift Rate -0.181763, index 326150
Top hit found! SNR 16.769125, Drift Rate -0.181763, index 326676
Top hit found! SNR 60.833393, Drift Rate -0.172197, index 327097
Top hit found! SNR 25.064722, Drift Rate -0.172197, index 327623
Top hit found! SNR 11.815153, Drift Rate -0.181763, index 327728
Top hit found! SNR 24.649776, Drift Rate -0.172197, index 328149
Top hit found! SNR 12.291813, Drift Rate -0.181763, index 329517
Top hit found! SNR 10.412321, Drift Rate -0.172197, index 329727
Top hit found! SNR 20.487604, Drift Rate -0.172197, index 330148
Top hit found! SNR 31.926847, Drift Rate -0.181763, index 330674
Top hit found! SNR 19.297855, Drift Rate -0.181763, index 331095
Top hit found! SNR 18.877172, Drift Rate -0.172197, index 332042
Top hit found! SNR 28.551809, Drift Rate -0.181763, index 333094
Top hit found! SNR 15.112011, Drift Rate -0.181763, index 333199
Top hit found! SNR 14.664968, Drift Rate -0.172197, index 335829
Top hit found! SNR 10.723397, Drift Rate -0.172197, index 336145
Top hit found! SNR 11.874738, Drift Rate -0.181763, index 336776
Top hit found! SNR 12.793667, Drift Rate -0.172197, index 337302
Top hit found! SNR 11.804885, Drift Rate -0.181763, index 337723
Top hit found! SNR 11.191625, Drift Rate -0.172197, index 337828
Top hit found! SNR 10.990370, Drift Rate -0.181763, index 338144
Top hit found! SNR 12.095188, Drift Rate -0.172197, index 338775
Top hit found! SNR 13.714264, Drift Rate -0.181763, index 339722
Top hit found! SNR 13.533313, Drift Rate -0.172197, index 340353
Top hit found! SNR 10.135055, Drift Rate -0.172197, index 340774
Top hit found! SNR 10.684218, Drift Rate -0.181763, index 340879
Top hit found! SNR 11.724821, Drift Rate -0.181763, index 341300
Top hit found! SNR 16.205118, Drift Rate -0.181763, index 341510
Top hit found! SNR 18.807545, Drift Rate -0.172197, index 341931
Top hit found! SNR 30.403389, Drift Rate -0.181763, index 342352
Top hit found! SNR 18.126419, Drift Rate -0.172197, index 342562
Top hit found! SNR 13.496650, Drift Rate -0.181763, index 342773
Top hit found! SNR 25.103508, Drift Rate -0.181763, index 342983
Top hit found! SNR 29.275503, Drift Rate -0.181763, index 343509
Top hit found! SNR 17.259535, Drift Rate -0.172197, index 344561
Top hit found! SNR 11.289443, Drift Rate -0.181763, index 344982
Top hit found! SNR 18.030313, Drift Rate -0.181763, index 345508
Top hit found! SNR 17.320139, Drift Rate -0.172197, index 345613
Top hit found! SNR 24.530777, Drift Rate -0.133931, index 345719
Top hit found! SNR 10.522538, Drift Rate -0.172197, index 345824
Top hit found! SNR 13.251908, Drift Rate -0.162630, index 346245
Top hit found! SNR 48.292015, Drift Rate -0.181763, index 346981
Top hit found! SNR 12.282078, Drift Rate -0.162630, index 347297
Top hit found! SNR 12.542686, Drift Rate -0.172197, index 347823
Top hit found! SNR 23.372896, Drift Rate -0.172197, index 348033
Top hit found! SNR 23.294493, Drift Rate -0.172197, index 348559
Top hit found! SNR 16.063530, Drift Rate -0.181763, index 348664
Top hit found! SNR 13.368567, Drift Rate -0.181763, index 348875
Top hit found! SNR 10.512529, Drift Rate -0.172197, index 349611
Top hit found! SNR 14.000877, Drift Rate -0.181763, index 350032
Top hit found! SNR 29.979765, Drift Rate -0.172197, index 350558
Top hit found! SNR 20.014133, Drift Rate -0.172197, index 351084
Top hit found! SNR 13.855725, Drift Rate -0.172197, index 352557
Top hit found! SNR 14.190636, Drift Rate -0.172197, index 352662
Top hit found! SNR 30.098949, Drift Rate -0.181763, index 353714
Top hit found! SNR 12.217509, Drift Rate -0.172197, index 353925
Top hit found! SNR 11.271365, Drift Rate -0.172197, index 356239
Top hit found! SNR 12.810878, Drift Rate 0.172197, index 357409
Top hit found! SNR 11.576278, Drift Rate 0.172197, index 360566
Top hit found! SNR 10.136899, Drift Rate 0.172197, index 360987
Top hit found! SNR 32.110115, Drift Rate 0.172197, index 364038
Top hit found! SNR 14.784957, Drift Rate 0.172197, index 369193
Top hit found! SNR 26.495239, Drift Rate 0.172197, index 371718
Top hit found! SNR 14.413104, Drift Rate 0.172197, index 372244
Top hit found! SNR 20.188168, Drift Rate 0.172197, index 373717
Top hit found! SNR 12.110068, Drift Rate 0.172197, index 373822
Top hit found! SNR 10.734233, Drift Rate 0.172197, index 387077
Top hit found! SNR 11.854262, Drift Rate 0.172197, index 391602
Top hit found! SNR 11.352078, Drift Rate 0.172197, index 393706
Top hit found! SNR 21.461473, Drift Rate 0.172197, index 396757
Top hit found! SNR 11.478496, Drift Rate 0.172197, index 398229
Top hit found! SNR 29.003952, Drift Rate 0.172197, index 398756
Top hit found! SNR 17.325417, Drift Rate 0.172197, index 398861
Top hit found! SNR 14.148675, Drift Rate 0.172197, index 401807
Top hit found! SNR 13.041961, Drift Rate 0.172197, index 404436
Top hit found! SNR 24.891741, Drift Rate 0.172197, index 404857
Top hit found! SNR 11.583722, Drift Rate 0.172197, index 408014
Top hit found! SNR 10.035512, Drift Rate 0.172197, index 408961
Top hit found! SNR 11.515578, Drift Rate 0.172197, index 409487
Top hit found! SNR 16.438139, Drift Rate 0.172197, index 411065
Top hit found! SNR 12.216483, Drift Rate 0.172197, index 411486
Top hit found! SNR 13.187004, Drift Rate 0.172197, index 412012
Top hit found! SNR 10.653185, Drift Rate 0.172197, index 412748
Top hit found! SNR 16.386667, Drift Rate 0.172197, index 414642
Top hit found! SNR 12.479879, Drift Rate 0.133931, index 414955
Top hit found! SNR 12.586398, Drift Rate 0.172197, index 415168
Top hit found! SNR 14.201673, Drift Rate 0.172197, index 416220
Top hit found! SNR 17.592094, Drift Rate 0.172197, index 417167
Top hit found! SNR 12.389407, Drift Rate 0.172197, index 417798
Top hit found! SNR 14.630874, Drift Rate 0.172197, index 418219
Top hit found! SNR 11.741421, Drift Rate 0.172197, index 420744
Top hit found! SNR 21.979803, Drift Rate 0.172197, index 422217
Top hit found! SNR 17.240377, Drift Rate 0.172197, index 422322
Top hit found! SNR 10.750334, Drift Rate 0.172197, index 422743
Top hit found! SNR 17.112146, Drift Rate 0.172197, index 422953
Top hit found! SNR 11.210935, Drift Rate 0.172197, index 423269
Top hit found! SNR 13.244441, Drift Rate 0.172197, index 423374
Top hit found! SNR 12.259949, Drift Rate 0.172197, index 423795
Top hit found! SNR 13.082550, Drift Rate 0.172197, index 423900
Top hit found! SNR 11.307504, Drift Rate 0.172197, index 424741
Top hit found! SNR 10.753462, Drift Rate 0.172197, index 424952
Top hit found! SNR 10.352937, Drift Rate 0.172197, index 425373
Top hit found! SNR 20.895998, Drift Rate 0.153064, index 426739
Top hit found! SNR 10.157276, Drift Rate 0.172197, index 428529
Top hit found! SNR 20.572487, Drift Rate 0.172197, index 428845
Top hit found! SNR 11.996487, Drift Rate 0.172197, index 429476
Top hit found! SNR 19.997768, Drift Rate 0.172197, index 430423
Top hit found! SNR 13.269982, Drift Rate 0.172197, index 432422
Top hit found! SNR 24.706869, Drift Rate 0.172197, index 433684
Top hit found! SNR 19.373924, Drift Rate 0.172197, index 434000
Top hit found! SNR 13.033642, Drift Rate 0.172197, index 435999
Top hit found! SNR 11.668388, Drift Rate 0.172197, index 436104
Top hit found! SNR 14.344830, Drift Rate 0.172197, index 437682
Top hit found! SNR 25.702646, Drift Rate 0.172197, index 438629
Top hit found! SNR 25.868023, Drift Rate 0.172197, index 440207
Top hit found! SNR 11.787242, Drift Rate 0.172197, index 441259
Top hit found! SNR 10.156898, Drift Rate 0.172197, index 443889
Top hit found! SNR 27.600285, Drift Rate 0.172197, index 444205
Top hit found! SNR 27.055597, Drift Rate 0.172197, index 444310
Top hit found! SNR 11.017358, Drift Rate 0.162630, index 308238
Top hit found! SNR 11.426946, Drift Rate 0.162630, index 308454
Top hit found! SNR 15.593638, Drift Rate 0.133931, index 395199
Top hit found! SNR 11.145266, Drift Rate 0.133931, index 415385
Top hit found! SNR 15.022343, Drift Rate 0.133931, index 421270
Top hit found! SNR 15.829271, Drift Rate 0.153064, index 421413
Top hit found! SNR 16.379599, Drift Rate 0.153064, index 421485
Top hit found! SNR 11.602900, Drift Rate 0.172197, index 428065
Top hit found! SNR 13.893914, Drift Rate 0.162630, index 428207
Top hit found! SNR 14.670763, Drift Rate 0.153064, index 428343
Top hit found! SNR 21.522278, Drift Rate 0.153064, index 474722
Top hit found! SNR 20.084959, Drift Rate 0.172197, index 474938
Top hit found! SNR 10.436848, Drift Rate -0.162630, index 478068
Top hit found! SNR 11.652188, Drift Rate 0.133931, index 486538
Top hit found! SNR 14.477129, Drift Rate 0.153064, index 487468
Top hit found! SNR 11.833619, Drift Rate 0.153064, index 488322
Top hit found! SNR 13.495198, Drift Rate 0.133931, index 494336
Top hit found! SNR 10.773601, Drift Rate 0.133931, index 495338
Top hit found! SNR 12.173244, Drift Rate 0.153064, index 568204
Top hit found! SNR 11.490315, Drift Rate 0.162630, index 587399
Top hit found! SNR 14.196691, Drift Rate 0.153064, index 634587
Top hit found! SNR 13.110683, Drift Rate 0.153064, index 634659
Top hit found! SNR 10.504036, Drift Rate 0.172197, index 667881
Top hit found! SNR 12.220309, Drift Rate -0.133931, index 512112
Top hit found! SNR 18.816332, Drift Rate 0.172197, index 512184
Top hit found! SNR 32.953590, Drift Rate 0.133931, index 885141
Top hit found! SNR 16.368416, Drift Rate -0.181763, index 891702
Top hit found! SNR 11.520191, Drift Rate -0.143497, index 524286
Top hit found! SNR 11.115101, Drift Rate 0.153064, index 524287
Top hit found! SNR 11.644814, Drift Rate 0.133931, index 524291
Top hit found! SNR 14.080626, Drift Rate 0.172197, index 524288
Top hit found! SNR 58.519070, Drift Rate 0.162630, index 168378
Top hit found! SNR 63.628048, Drift Rate -0.162630, index 170222
Top hit found! SNR 31.976227, Drift Rate -0.172197, index 181036
Top hit found! SNR 18.659439, Drift Rate -0.172197, index 524289
Top hit found! SNR 13.695934, Drift Rate -0.172197, index 873164
Top hit found! SNR 18.024078, Drift Rate 0.153064, index 524288
Top hit found! SNR 18.243448, Drift Rate -0.162630, index 524286
Top hit found! SNR 17.944885, Drift Rate -0.133931, index 524286
Top hit found! SNR 18.809204, Drift Rate -0.181763, index 524286
Top hit found! SNR 17.830746, Drift Rate 0.172197, index 524288
Top hit found! SNR 17.554646, Drift Rate -0.162630, index 524289

===== Search time: 69.59 minutes
===== END OF LOG
