
turbo_seti version 2.1.17
blimpy version 2.0.31
h5py version 3.5.0

HDF5 header info: {'DIMENSION_LABELS': array(['time', 'feed_id', 'frequency'], dtype=object), 'az_start': 0.0, 'data_type': 1, 'fch1': 3151.46484375, 'foff': -2.7939677238464355e-06, 'machine_id': 20, 'nbits': 32, 'nchans': 536870912, 'nifs': 1, 'source_name': 'ON_S', 'src_dej': <Angle 60.8686 deg>, 'src_raj': <Angle 2.65636 hourangle>, 'telescope_id': 6, 'tsamp': 18.253611007999982, 'tstart': 59524.1953125, 'za_start': 0.0}

Starting ET search with parameters: datafile=/gpfs/group/jtw13/default/gbt_2020/2021/S_band/splice_no_overlap_ordered/focused/spliced_blc0x1x2x_guppi_59524_16875_ON_S_0032.rawspec.0000.h5, max_drift=0.21713561231965786, min_drift=0.14475707487977194, snr=10.0, out_dir=/gpfs/group/jtw13/default/gbt_2020/2021/S_band/splice_no_overlap_ordered/focused/, coarse_chans=None, flagging=False, n_coarse_chan=512, kernels=None, gpu_id=0, gpu_backend=False, blank_dc=True, precision=1, append_output=False, log_level_int=30, obs_info={'pulsar': 0, 'pulsar_found': 0, 'pulsar_dm': 0.0, 'pulsar_snr': 0.0, 'pulsar_stats': array([0., 0., 0., 0., 0., 0.]), 'RFI_level': 0.0, 'Mean_SEFD': 0.0, 'psrflux_Sens': 0.0, 'SEFDs_val': [0.0], 'SEFDs_freq': [0.0], 'SEFDs_freq_up': [0.0]}

Computed drift rate resolution: 0.00956648975722505

Top hit found! SNR 14.161822, Drift Rate -0.181763, index 352576
Top hit found! SNR 10.098355, Drift Rate 0.181763, index 485732
Top hit found! SNR 15.567575, Drift Rate 0.162630, index 523237
Top hit found! SNR 18.014360, Drift Rate -0.210463, index 523368
Top hit found! SNR 19.778690, Drift Rate -0.181763, index 523427
Top hit found! SNR 22.796379, Drift Rate -0.191330, index 523524
Top hit found! SNR 28.226068, Drift Rate -0.210463, index 523647
Top hit found! SNR 28.226070, Drift Rate 0.210463, index 524929
Top hit found! SNR 22.796379, Drift Rate 0.191330, index 525052
Top hit found! SNR 19.778690, Drift Rate 0.181763, index 525149
Top hit found! SNR 15.567577, Drift Rate -0.162630, index 525339
Top hit found! SNR 10.243296, Drift Rate 0.153064, index 525845
Top hit found! SNR 10.098355, Drift Rate -0.181763, index 562844
Top hit found! SNR 14.161822, Drift Rate 0.181763, index 696000
Top hit found! SNR 100.208221, Drift Rate 0.200896, index 524305
Top hit found! SNR 136.104904, Drift Rate -0.200896, index 524273
Top hit found! SNR 122.867111, Drift Rate -0.162630, index 524274
Top hit found! SNR 99.487305, Drift Rate -0.200896, index 524273
Top hit found! SNR 72.156532, Drift Rate 0.162630, index 524300
Top hit found! SNR 51.199726, Drift Rate 0.162630, index 524302
Top hit found! SNR 51.934814, Drift Rate -0.172197, index 524273
Top hit found! SNR 48.488819, Drift Rate 0.191330, index 524304
Top hit found! SNR 45.038666, Drift Rate -0.181763, index 524272
Top hit found! SNR 40.625225, Drift Rate -0.172197, index 524275
Top hit found! SNR 39.212650, Drift Rate -0.181763, index 524272
Top hit found! SNR 39.601669, Drift Rate -0.200896, index 524273
Top hit found! SNR 38.169594, Drift Rate -0.191330, index 524272
Top hit found! SNR 38.403248, Drift Rate 0.181763, index 524304
Top hit found! SNR 40.750687, Drift Rate -0.200896, index 524273
Top hit found! SNR 40.203426, Drift Rate 0.181763, index 524304
Top hit found! SNR 40.055019, Drift Rate 0.210463, index 524304
Top hit found! SNR 39.544842, Drift Rate 0.191330, index 524304
Top hit found! SNR 40.192699, Drift Rate -0.191330, index 524274
Top hit found! SNR 40.265450, Drift Rate 0.181763, index 524302
Top hit found! SNR 40.225925, Drift Rate -0.210463, index 524270
Top hit found! SNR 66.516853, Drift Rate 0.210463, index 1023796
Top hit found! SNR 66.448868, Drift Rate 0.200896, index 1024120
Top hit found! SNR 15.597120, Drift Rate 0.210463, index 1025632
Top hit found! SNR 18.920650, Drift Rate 0.210463, index 1023794
Top hit found! SNR 21.092123, Drift Rate 0.210463, index 1024120
Top hit found! SNR 15.606581, Drift Rate 0.210463, index 868511
Top hit found! SNR 25.139389, Drift Rate -0.162630, index 512298
Top hit found! SNR 142.285919, Drift Rate -0.200896, index 512481
Top hit found! SNR 17.719698, Drift Rate -0.191330, index 512658
Top hit found! SNR 423.463867, Drift Rate -0.200896, index 532959
Top hit found! SNR 12.784760, Drift Rate -0.200896, index 533168
Top hit found! SNR 20.282040, Drift Rate 0.210463, index 534709
Top hit found! SNR 24.785215, Drift Rate 0.210463, index 538312
Top hit found! SNR 24.415510, Drift Rate 0.210463, index 543969
Top hit found! SNR 14.974672, Drift Rate 0.200896, index 588242
Top hit found! SNR 21.581890, Drift Rate 0.181763, index 44622
Top hit found! SNR 33.311642, Drift Rate 0.181763, index 46340
Top hit found! SNR 30.141228, Drift Rate 0.210463, index 34118
Top hit found! SNR 226.093735, Drift Rate 0.172197, index 44621
Top hit found! SNR 322.343445, Drift Rate 0.181763, index 46341
Top hit found! SNR 36.151237, Drift Rate 0.210463, index 46460
Top hit found! SNR 104.167526, Drift Rate 0.210463, index 47945
Top hit found! SNR 16.895761, Drift Rate 0.200896, index 48695
Top hit found! SNR 20.417929, Drift Rate 0.210463, index 51943
Top hit found! SNR 11.295051, Drift Rate 0.181763, index 608797
Top hit found! SNR 11.437352, Drift Rate -0.200896, index 578901
Top hit found! SNR 22.473228, Drift Rate -0.210463, index 579136
Top hit found! SNR 14.176966, Drift Rate 0.191330, index 579801
Top hit found! SNR 12.901912, Drift Rate 0.191330, index 581889
Top hit found! SNR 10.401321, Drift Rate -0.172197, index 582014
Top hit found! SNR 13.409934, Drift Rate -0.181763, index 582590
Top hit found! SNR 18.781439, Drift Rate 0.181763, index 582797
Top hit found! SNR 32.098690, Drift Rate -0.191330, index 583767
Top hit found! SNR 21.549236, Drift Rate -0.191330, index 584321
Top hit found! SNR 13.786690, Drift Rate -0.210463, index 585438
Top hit found! SNR 13.911021, Drift Rate 0.153064, index 585472
Top hit found! SNR 29.258669, Drift Rate -0.200896, index 585737
Top hit found! SNR 14.798343, Drift Rate 0.172197, index 585985
Top hit found! SNR 33.513588, Drift Rate 0.210463, index 586459
Top hit found! SNR 25.283125, Drift Rate 0.191330, index 586535
Top hit found! SNR 29.780085, Drift Rate 0.200896, index 586750
Top hit found! SNR 36.458221, Drift Rate -0.210463, index 587411
Top hit found! SNR 133.994461, Drift Rate -0.181763, index 587785
Top hit found! SNR 161.108200, Drift Rate 0.191330, index 268525
Top hit found! SNR 112.900673, Drift Rate 0.210463, index 268570
Top hit found! SNR 38.915283, Drift Rate 0.200896, index 278008
Top hit found! SNR 29.831919, Drift Rate -0.210463, index 729890
Top hit found! SNR 11.806878, Drift Rate 0.162630, index 729968
Top hit found! SNR 13.311267, Drift Rate -0.210463, index 783934
Top hit found! SNR 14.612024, Drift Rate -0.162630, index 787848
Top hit found! SNR 23.762602, Drift Rate -0.200896, index 796923
Top hit found! SNR 23.579428, Drift Rate -0.172197, index 797092
Top hit found! SNR 26.195282, Drift Rate -0.210463, index 801128
Top hit found! SNR 13.731263, Drift Rate -0.191330, index 801215
Top hit found! SNR 10.670334, Drift Rate -0.210463, index 805445
Top hit found! SNR 13.106214, Drift Rate -0.181763, index 805656
Top hit found! SNR 11.659163, Drift Rate -0.200896, index 326776
Top hit found! SNR 11.114584, Drift Rate -0.191330, index 333930
Top hit found! SNR 13.495332, Drift Rate -0.200896, index 334982
Top hit found! SNR 17.319225, Drift Rate -0.191330, index 336455
Top hit found! SNR 16.773706, Drift Rate -0.200896, index 338033
Top hit found! SNR 12.673348, Drift Rate -0.191330, index 338138
Top hit found! SNR 31.044676, Drift Rate -0.200896, index 338980
Top hit found! SNR 15.156074, Drift Rate -0.191330, index 340032
Top hit found! SNR 22.140232, Drift Rate -0.200896, index 340558
Top hit found! SNR 10.298114, Drift Rate -0.191330, index 341189
Top hit found! SNR 10.264727, Drift Rate -0.200896, index 342241
Top hit found! SNR 22.876463, Drift Rate -0.200896, index 342557
Top hit found! SNR 18.727715, Drift Rate -0.191330, index 342662
Top hit found! SNR 20.729937, Drift Rate -0.191330, index 343714
Top hit found! SNR 10.048746, Drift Rate -0.191330, index 344766
Top hit found! SNR 22.978666, Drift Rate -0.191330, index 345608
Top hit found! SNR 31.545874, Drift Rate -0.191330, index 345713
Top hit found! SNR 13.376334, Drift Rate -0.200896, index 345818
Top hit found! SNR 17.034870, Drift Rate -0.200896, index 346239
Top hit found! SNR 15.767256, Drift Rate -0.191330, index 347291
Top hit found! SNR 15.514261, Drift Rate -0.191330, index 347817
Top hit found! SNR 16.102509, Drift Rate -0.200896, index 348238
Top hit found! SNR 15.794323, Drift Rate -0.200896, index 348869
Top hit found! SNR 10.786779, Drift Rate -0.191330, index 349606
Top hit found! SNR 11.263443, Drift Rate -0.191330, index 349711
Top hit found! SNR 25.607721, Drift Rate -0.200896, index 350237
Top hit found! SNR 18.992311, Drift Rate -0.210463, index 351078
Top hit found! SNR 10.657191, Drift Rate -0.191330, index 351289
Top hit found! SNR 11.820315, Drift Rate -0.191330, index 351394
Top hit found! SNR 37.334919, Drift Rate -0.191330, index 351815
Top hit found! SNR 10.398997, Drift Rate -0.200896, index 352341
Top hit found! SNR 10.226995, Drift Rate -0.191330, index 352762
Top hit found! SNR 31.951704, Drift Rate -0.191330, index 353709
Top hit found! SNR 17.780293, Drift Rate -0.200896, index 353814
Top hit found! SNR 15.449831, Drift Rate -0.191330, index 353919
Top hit found! SNR 12.392729, Drift Rate -0.191330, index 354340
Top hit found! SNR 16.235695, Drift Rate -0.200896, index 354445
Top hit found! SNR 14.588755, Drift Rate -0.200896, index 354550
Top hit found! SNR 11.282594, Drift Rate -0.200896, index 355392
Top hit found! SNR 17.864447, Drift Rate -0.191330, index 355813
Top hit found! SNR 12.869024, Drift Rate -0.191330, index 356234
Top hit found! SNR 16.097879, Drift Rate -0.200896, index 356339
Top hit found! SNR 30.758797, Drift Rate -0.200896, index 356444
Top hit found! SNR 13.956450, Drift Rate -0.200896, index 356760
Top hit found! SNR 10.731912, Drift Rate -0.191330, index 357075
Top hit found! SNR 17.335005, Drift Rate -0.200896, index 357391
Top hit found! SNR 13.834182, Drift Rate -0.191330, index 357601
Top hit found! SNR 15.393725, Drift Rate -0.191330, index 357917
Top hit found! SNR 13.833277, Drift Rate -0.191330, index 358022
Top hit found! SNR 48.425167, Drift Rate -0.191330, index 358338
Top hit found! SNR 36.515263, Drift Rate -0.191330, index 358864
Top hit found! SNR 15.812794, Drift Rate -0.191330, index 359600
Top hit found! SNR 39.807854, Drift Rate -0.191330, index 359916
Top hit found! SNR 27.685719, Drift Rate -0.191330, index 360337
Top hit found! SNR 14.969230, Drift Rate -0.191330, index 360547
Top hit found! SNR 21.072113, Drift Rate -0.191330, index 360652
Top hit found! SNR 14.104354, Drift Rate -0.191330, index 360968
Top hit found! SNR 19.148211, Drift Rate -0.191330, index 361178
Top hit found! SNR 14.693028, Drift Rate -0.191330, index 361599
Top hit found! SNR 24.817894, Drift Rate -0.200896, index 362756
Top hit found! SNR 10.442535, Drift Rate -0.200896, index 363914
Top hit found! SNR 44.816017, Drift Rate -0.200896, index 364019
Top hit found! SNR 10.540822, Drift Rate -0.200896, index 364124
Top hit found! SNR 22.552851, Drift Rate -0.200896, index 364229
Top hit found! SNR 13.053633, Drift Rate -0.191330, index 364440
Top hit found! SNR 35.381092, Drift Rate -0.200896, index 365492
Top hit found! SNR 11.369975, Drift Rate -0.200896, index 366123
Top hit found! SNR 16.846729, Drift Rate -0.200896, index 367491
Top hit found! SNR 34.143421, Drift Rate -0.200896, index 368227
Top hit found! SNR 21.350027, Drift Rate -0.200896, index 368753
Top hit found! SNR 19.677269, Drift Rate -0.191330, index 369174
Top hit found! SNR 10.743668, Drift Rate -0.191330, index 369279
Top hit found! SNR 26.474649, Drift Rate -0.191330, index 369700
Top hit found! SNR 60.438877, Drift Rate -0.200896, index 370752
Top hit found! SNR 15.416654, Drift Rate -0.191330, index 371173
Top hit found! SNR 10.761953, Drift Rate -0.200896, index 371383
Top hit found! SNR 35.866043, Drift Rate -0.191330, index 371699
Top hit found! SNR 18.434635, Drift Rate -0.191330, index 372225
Top hit found! SNR 12.055564, Drift Rate -0.191330, index 372646
Top hit found! SNR 13.053350, Drift Rate -0.181763, index 373382
Top hit found! SNR 26.585823, Drift Rate -0.200896, index 373698
Top hit found! SNR 15.314044, Drift Rate -0.172197, index 373803
Top hit found! SNR 16.814674, Drift Rate -0.191330, index 376328
Top hit found! SNR 12.466046, Drift Rate -0.191330, index 376433
Top hit found! SNR 10.971712, Drift Rate -0.191330, index 376644
Top hit found! SNR 13.171197, Drift Rate -0.191330, index 376749
Top hit found! SNR 16.284460, Drift Rate -0.172197, index 377906
Top hit found! SNR 13.332125, Drift Rate -0.200896, index 378958
Top hit found! SNR 11.968693, Drift Rate -0.181763, index 379905
Top hit found! SNR 13.332661, Drift Rate -0.200896, index 380852
Top hit found! SNR 15.267436, Drift Rate -0.191330, index 382851
Top hit found! SNR 20.914616, Drift Rate -0.200896, index 383903
Top hit found! SNR 30.690941, Drift Rate -0.172197, index 384008
Top hit found! SNR 14.535663, Drift Rate -0.181763, index 386849
Top hit found! SNR 13.052142, Drift Rate -0.191330, index 391057
Top hit found! SNR 17.157873, Drift Rate -0.172197, index 394108
Top hit found! SNR 14.582543, Drift Rate -0.191330, index 397685
Top hit found! SNR 11.450747, Drift Rate -0.191330, index 398211
Top hit found! SNR 29.729622, Drift Rate -0.172197, index 398737
Top hit found! SNR 14.263857, Drift Rate -0.191330, index 401788
Top hit found! SNR 16.823391, Drift Rate 0.191330, index 512220
Top hit found! SNR 28.610479, Drift Rate -0.200896, index 885096
Top hit found! SNR 32.187309, Drift Rate 0.200896, index 170737
Top hit found! SNR 27.871105, Drift Rate -0.181763, index 178263
Top hit found! SNR 38.423153, Drift Rate 0.200896, index 181042

===== Search time: 69.57 minutes
===== END OF LOG
