
turbo_seti version 2.1.17
blimpy version 2.0.31
h5py version 3.5.0

HDF5 header info: {'DIMENSION_LABELS': array(['time', 'feed_id', 'frequency'], dtype=object), 'az_start': 0.0, 'data_type': 1, 'fch1': 3151.46484375, 'foff': -2.7939677238464355e-06, 'machine_id': 20, 'nbits': 32, 'nchans': 536870912, 'nifs': 1, 'source_name': 'ON_S', 'src_dej': <Angle 60.8686 deg>, 'src_raj': <Angle 2.65636667 hourangle>, 'telescope_id': 6, 'tsamp': 18.253611007999982, 'tstart': 59524.2031712963, 'za_start': 0.0}

Starting ET search with parameters: datafile=/gpfs/group/jtw13/default/gbt_2020/2021/S_band/splice_no_overlap_ordered/focused/spliced_blc0x1x2x_guppi_59524_17554_ON_S_0034.rawspec.0000.h5, max_drift=0.21714069261334942, min_drift=0.14476046174223298, snr=10.0, out_dir=/gpfs/group/jtw13/default/gbt_2020/2021/S_band/splice_no_overlap_ordered/focused/, coarse_chans=None, flagging=False, n_coarse_chan=512, kernels=None, gpu_id=0, gpu_backend=False, blank_dc=True, precision=1, append_output=False, log_level_int=30, obs_info={'pulsar': 0, 'pulsar_found': 0, 'pulsar_dm': 0.0, 'pulsar_snr': 0.0, 'pulsar_stats': array([0., 0., 0., 0., 0., 0.]), 'RFI_level': 0.0, 'Mean_SEFD': 0.0, 'psrflux_Sens': 0.0, 'SEFDs_val': [0.0], 'SEFDs_freq': [0.0], 'SEFDs_freq_up': [0.0]}

Computed drift rate resolution: 0.00956648975722505

Top hit found! SNR 10.874467, Drift Rate -0.210463, index 94608
Top hit found! SNR 453.975159, Drift Rate -0.181763, index 202028
Top hit found! SNR 26.104549, Drift Rate 0.153064, index 204328
Top hit found! SNR 10.526396, Drift Rate 0.200896, index 522791
Top hit found! SNR 13.296177, Drift Rate 0.172197, index 523066
Top hit found! SNR 16.117531, Drift Rate -0.191330, index 523247
Top hit found! SNR 16.117537, Drift Rate 0.191330, index 525329
Top hit found! SNR 13.296179, Drift Rate -0.172197, index 525510
Top hit found! SNR 10.526396, Drift Rate -0.200896, index 525785
Top hit found! SNR 453.975159, Drift Rate 0.181763, index 846548
Top hit found! SNR 10.874464, Drift Rate 0.210463, index 953968
Top hit found! SNR 15.044506, Drift Rate 0.172197, index 1021393
Top hit found! SNR 15.273561, Drift Rate 0.191330, index 1022320
Top hit found! SNR 69.964806, Drift Rate 0.210463, index 1023736
Top hit found! SNR 13.773108, Drift Rate 0.210463, index 1023736
Top hit found! SNR 29.207151, Drift Rate 0.210463, index 357693
Top hit found! SNR 14.520249, Drift Rate -0.210463, index 534757
Top hit found! SNR 23.227699, Drift Rate 0.162630, index 534955
Top hit found! SNR 24.222546, Drift Rate 0.200896, index 535158
Top hit found! SNR 32.228012, Drift Rate -0.200896, index 537435
Top hit found! SNR 18.833614, Drift Rate -0.181763, index 588188
Top hit found! SNR 34.684193, Drift Rate 0.172197, index 46288
Top hit found! SNR 361.103088, Drift Rate 0.181763, index 46289
Top hit found! SNR 10.339969, Drift Rate 0.181763, index 46505
Top hit found! SNR 90.818619, Drift Rate 0.210463, index 47868
Top hit found! SNR 34.755974, Drift Rate -0.162630, index 48683
Top hit found! SNR 31.599064, Drift Rate -0.172197, index 524283
Top hit found! SNR 34.370914, Drift Rate 0.162630, index 524292
Top hit found! SNR 40.346874, Drift Rate -0.200896, index 524283
Top hit found! SNR 13.676269, Drift Rate 0.210463, index 608627
Top hit found! SNR 19.654839, Drift Rate -0.172197, index 680564
Top hit found! SNR 10.077457, Drift Rate -0.172197, index 412811
Top hit found! SNR 13.725050, Drift Rate -0.200896, index 414796
Top hit found! SNR 15.519617, Drift Rate 0.181763, index 415305
Top hit found! SNR 15.713768, Drift Rate -0.210463, index 416757
Top hit found! SNR 10.327298, Drift Rate -0.200896, index 435789
Top hit found! SNR 11.772367, Drift Rate -0.191330, index 435930
Top hit found! SNR 10.438398, Drift Rate 0.200896, index 437140
Top hit found! SNR 14.791379, Drift Rate -0.210463, index 438042
Top hit found! SNR 13.892086, Drift Rate 0.172197, index 438164
Top hit found! SNR 15.399552, Drift Rate -0.181763, index 438241
Top hit found! SNR 14.751753, Drift Rate 0.162630, index 438315
Top hit found! SNR 14.753431, Drift Rate 0.200896, index 438413
Top hit found! SNR 13.527226, Drift Rate 0.200896, index 438492
Top hit found! SNR 13.392447, Drift Rate 0.210463, index 438544
Top hit found! SNR 16.587280, Drift Rate -0.210463, index 438676
Top hit found! SNR 13.794922, Drift Rate -0.191330, index 439137
Top hit found! SNR 14.768016, Drift Rate 0.153064, index 439217
Top hit found! SNR 14.872413, Drift Rate -0.172197, index 439401
Top hit found! SNR 15.599573, Drift Rate 0.181763, index 439582
Top hit found! SNR 19.267097, Drift Rate -0.210463, index 439817
Top hit found! SNR 16.642878, Drift Rate 0.200896, index 440082
Top hit found! SNR 19.987310, Drift Rate -0.200896, index 440174
Top hit found! SNR 15.758680, Drift Rate 0.181763, index 440433
Top hit found! SNR 10.232937, Drift Rate -0.200896, index 460907
Top hit found! SNR 10.770074, Drift Rate -0.172197, index 463437
Top hit found! SNR 15.026629, Drift Rate 0.172197, index 463676
Top hit found! SNR 113.386940, Drift Rate 0.210463, index 268213
Top hit found! SNR 107.917793, Drift Rate 0.210463, index 277650
Top hit found! SNR 105.229477, Drift Rate 0.172197, index 277726
Top hit found! SNR 32.534103, Drift Rate -0.200896, index 34056
Top hit found! SNR 12.372850, Drift Rate 0.162630, index 723336
Top hit found! SNR 43.337795, Drift Rate -0.191330, index 729571
Top hit found! SNR 79.172089, Drift Rate -0.210463, index 738907
Top hit found! SNR 127.016106, Drift Rate -0.200896, index 738966
Top hit found! SNR 10.864056, Drift Rate -0.200896, index 755674
Top hit found! SNR 17.276854, Drift Rate -0.210463, index 761061
Top hit found! SNR 15.424372, Drift Rate -0.200896, index 766430
Top hit found! SNR 19.868937, Drift Rate -0.200896, index 782889
Top hit found! SNR 55.636898, Drift Rate -0.200896, index 783533
Top hit found! SNR 53.926086, Drift Rate -0.200896, index 783994
Top hit found! SNR 18.385036, Drift Rate -0.200896, index 784177
Top hit found! SNR 12.241889, Drift Rate -0.191330, index 786904
Top hit found! SNR 14.983938, Drift Rate -0.200896, index 786969
Top hit found! SNR 15.611819, Drift Rate -0.181763, index 787004
Top hit found! SNR 16.264927, Drift Rate -0.172197, index 787045
Top hit found! SNR 61.008373, Drift Rate -0.172197, index 787290
Top hit found! SNR 46.755287, Drift Rate -0.210463, index 787425
Top hit found! SNR 67.809494, Drift Rate -0.210463, index 787594
Top hit found! SNR 82.087051, Drift Rate -0.210463, index 787680
Top hit found! SNR 81.068108, Drift Rate -0.162630, index 787873
Top hit found! SNR 131.271454, Drift Rate -0.200896, index 787927
Top hit found! SNR 136.124146, Drift Rate -0.210463, index 788063
Top hit found! SNR 55.907108, Drift Rate 0.153064, index 788424
Top hit found! SNR 46.824024, Drift Rate -0.172197, index 788620
Top hit found! SNR 49.872463, Drift Rate -0.200896, index 788657
Top hit found! SNR 24.832941, Drift Rate -0.200896, index 788999
Top hit found! SNR 10.866229, Drift Rate 0.191330, index 789268
Top hit found! SNR 26.235964, Drift Rate -0.210463, index 791483
Top hit found! SNR 35.077282, Drift Rate -0.181763, index 792363
Top hit found! SNR 21.526386, Drift Rate -0.200896, index 792529
Top hit found! SNR 17.145351, Drift Rate -0.210463, index 792640
Top hit found! SNR 29.496649, Drift Rate -0.200896, index 792764
Top hit found! SNR 10.418640, Drift Rate -0.172197, index 795850
Top hit found! SNR 11.745461, Drift Rate -0.172197, index 795898
Top hit found! SNR 39.252102, Drift Rate -0.210463, index 796064
Top hit found! SNR 72.154274, Drift Rate -0.191330, index 796272
Top hit found! SNR 105.656334, Drift Rate 0.153064, index 796313
Top hit found! SNR 82.652596, Drift Rate -0.210463, index 796362
Top hit found! SNR 109.885513, Drift Rate -0.210463, index 796422
Top hit found! SNR 80.402756, Drift Rate 0.153064, index 796539
Top hit found! SNR 102.697952, Drift Rate -0.210463, index 796589
Top hit found! SNR 93.707550, Drift Rate -0.210463, index 796765
Top hit found! SNR 129.083252, Drift Rate -0.200896, index 796885
Top hit found! SNR 411.100189, Drift Rate 0.172197, index 797005
Top hit found! SNR 118.442604, Drift Rate 0.153064, index 797339
Top hit found! SNR 103.209930, Drift Rate 0.162630, index 797387
Top hit found! SNR 83.990868, Drift Rate 0.153064, index 797542
Top hit found! SNR 79.850540, Drift Rate -0.181763, index 797616
Top hit found! SNR 67.510185, Drift Rate -0.210463, index 797674
Top hit found! SNR 77.616470, Drift Rate -0.210463, index 797758
Top hit found! SNR 20.460466, Drift Rate -0.191330, index 798002
Top hit found! SNR 12.117258, Drift Rate -0.210463, index 798152
Top hit found! SNR 10.393583, Drift Rate -0.210463, index 798293
Top hit found! SNR 10.864713, Drift Rate -0.172197, index 800320
Top hit found! SNR 11.371006, Drift Rate -0.200896, index 800433
Top hit found! SNR 13.403070, Drift Rate -0.191330, index 800494
Top hit found! SNR 21.484287, Drift Rate 0.210463, index 800764
Top hit found! SNR 24.216454, Drift Rate -0.200896, index 800843
Top hit found! SNR 29.207190, Drift Rate -0.162630, index 801013
Top hit found! SNR 30.843393, Drift Rate -0.200896, index 801424
Top hit found! SNR 63.830723, Drift Rate -0.210463, index 801526
Top hit found! SNR 87.056023, Drift Rate -0.210463, index 801593
Top hit found! SNR 55.124218, Drift Rate -0.200896, index 801646
Top hit found! SNR 46.814758, Drift Rate -0.210463, index 801693
Top hit found! SNR 36.405182, Drift Rate -0.200896, index 801837
Top hit found! SNR 24.263655, Drift Rate -0.200896, index 802052
Top hit found! SNR 10.265917, Drift Rate 0.200896, index 802267
Top hit found! SNR 14.814211, Drift Rate -0.181763, index 802386
Top hit found! SNR 10.620448, Drift Rate -0.210463, index 804269
Top hit found! SNR 28.052404, Drift Rate -0.191330, index 804838
Top hit found! SNR 41.484077, Drift Rate -0.191330, index 805012
Top hit found! SNR 36.727215, Drift Rate -0.191330, index 805061
Top hit found! SNR 38.633030, Drift Rate -0.191330, index 805163
Top hit found! SNR 69.282097, Drift Rate -0.210463, index 805224
Top hit found! SNR 56.379353, Drift Rate -0.200896, index 805274
Top hit found! SNR 53.346970, Drift Rate 0.153064, index 805307
Top hit found! SNR 54.597900, Drift Rate -0.172197, index 805346
Top hit found! SNR 59.235855, Drift Rate -0.172197, index 805412
Top hit found! SNR 104.148033, Drift Rate -0.200896, index 805546
Top hit found! SNR 85.329208, Drift Rate -0.200896, index 805663
Top hit found! SNR 128.760849, Drift Rate -0.200896, index 805777
Top hit found! SNR 87.697975, Drift Rate -0.200896, index 805906
Top hit found! SNR 105.839943, Drift Rate -0.210463, index 805980
Top hit found! SNR 75.222572, Drift Rate -0.191330, index 806063
Top hit found! SNR 64.389229, Drift Rate -0.191330, index 806205
Top hit found! SNR 65.509148, Drift Rate -0.191330, index 806270
Top hit found! SNR 44.906590, Drift Rate -0.181763, index 806397
Top hit found! SNR 34.227211, Drift Rate -0.210463, index 806503
Top hit found! SNR 46.383224, Drift Rate -0.210463, index 806567
Top hit found! SNR 13.898216, Drift Rate -0.172197, index 806848
Top hit found! SNR 14.338217, Drift Rate -0.200896, index 809141
Top hit found! SNR 15.758718, Drift Rate -0.200896, index 809284
Top hit found! SNR 11.204712, Drift Rate -0.200896, index 809332
Top hit found! SNR 16.735962, Drift Rate -0.200896, index 809368
Top hit found! SNR 41.463428, Drift Rate -0.200896, index 809439
Top hit found! SNR 54.589191, Drift Rate -0.200896, index 809499
Top hit found! SNR 58.085926, Drift Rate -0.200896, index 809773
Top hit found! SNR 45.157906, Drift Rate -0.200896, index 809833
Top hit found! SNR 53.244251, Drift Rate -0.200896, index 809964
Top hit found! SNR 32.174431, Drift Rate -0.200896, index 810036
Top hit found! SNR 43.437809, Drift Rate 0.172197, index 810232
Top hit found! SNR 51.070419, Drift Rate -0.200896, index 810417
Top hit found! SNR 78.512276, Drift Rate -0.200896, index 810477
Top hit found! SNR 59.831474, Drift Rate -0.200896, index 810513
Top hit found! SNR 24.671902, Drift Rate 0.210463, index 810642
Top hit found! SNR 30.091173, Drift Rate -0.200896, index 810680
Top hit found! SNR 26.060114, Drift Rate -0.200896, index 810728
Top hit found! SNR 23.589867, Drift Rate -0.200896, index 810823
Top hit found! SNR 35.868225, Drift Rate -0.200896, index 810859
Top hit found! SNR 18.368958, Drift Rate -0.200896, index 811002
Top hit found! SNR 35.811337, Drift Rate -0.200896, index 814828
Top hit found! SNR 44.596581, Drift Rate 0.200896, index 819167
Top hit found! SNR 10.514152, Drift Rate -0.181763, index 381459
Top hit found! SNR 13.300452, Drift Rate -0.181763, index 487877
Top hit found! SNR 13.906068, Drift Rate 0.210463, index 879732
Top hit found! SNR 14.102837, Drift Rate -0.181763, index 891701
Top hit found! SNR 53.986012, Drift Rate 0.162630, index 168377
Top hit found! SNR 40.774879, Drift Rate -0.191330, index 170729
Top hit found! SNR 23.639021, Drift Rate -0.181763, index 172645
Top hit found! SNR 56.161652, Drift Rate -0.200896, index 181042

===== Search time: 64.22 minutes
===== END OF LOG
