
turbo_seti version 2.1.17
blimpy version 2.0.31
h5py version 3.5.0

HDF5 header info: {'DIMENSION_LABELS': array(['time', 'feed_id', 'frequency'], dtype=object), 'az_start': 0.0, 'data_type': 1, 'fch1': 3151.46484375, 'foff': -2.7939677238464355e-06, 'machine_id': 20, 'nbits': 32, 'nchans': 536870912, 'nifs': 1, 'source_name': 'OFF_HD13908', 'src_dej': <Angle 65.5929 deg>, 'src_raj': <Angle 2.30415333 hourangle>, 'telescope_id': 6, 'tsamp': 18.253611007999982, 'tstart': 59524.207083333335, 'za_start': 0.0}

Starting ET search with parameters: datafile=/gpfs/group/jtw13/default/gbt_2020/2021/S_band/splice_no_overlap_ordered/focused/spliced_blc0x1x2x_guppi_59524_17892_OFF_HD13908_0035.rawspec.0000.h5, max_drift=0.1869432384697369, min_drift=0.12462882564649128, snr=10.0, out_dir=/gpfs/group/jtw13/default/gbt_2020/2021/S_band/splice_no_overlap_ordered/focused/, coarse_chans=None, flagging=False, n_coarse_chan=512, kernels=None, gpu_id=0, gpu_backend=False, blank_dc=True, precision=1, append_output=False, log_level_int=30, obs_info={'pulsar': 0, 'pulsar_found': 0, 'pulsar_dm': 0.0, 'pulsar_snr': 0.0, 'pulsar_stats': array([0., 0., 0., 0., 0., 0.]), 'RFI_level': 0.0, 'Mean_SEFD': 0.0, 'psrflux_Sens': 0.0, 'SEFDs_val': [0.0], 'SEFDs_freq': [0.0], 'SEFDs_freq_up': [0.0]}

Computed drift rate resolution: 0.00956648975722505

Top hit found! SNR 21.969103, Drift Rate -0.143497, index 204329
Top hit found! SNR 1046.251831, Drift Rate -0.172197, index 310978
Top hit found! SNR 290.485199, Drift Rate -0.181763, index 349573
Top hit found! SNR 15.533765, Drift Rate -0.133931, index 352614
Top hit found! SNR 24974.554688, Drift Rate -0.172197, index 417630
Top hit found! SNR 21.923250, Drift Rate -0.181763, index 456983
Top hit found! SNR 17.425760, Drift Rate 0.162630, index 464111
Top hit found! SNR 14.921531, Drift Rate 0.153064, index 471467
Top hit found! SNR 26.350567, Drift Rate -0.172197, index 477050
Top hit found! SNR 12.341178, Drift Rate -0.143497, index 522996
Top hit found! SNR 12.377553, Drift Rate 0.172197, index 523024
Top hit found! SNR 13.238772, Drift Rate -0.143497, index 523093
Top hit found! SNR 13.826963, Drift Rate -0.133931, index 523142
Top hit found! SNR 15.543196, Drift Rate -0.172197, index 523253
Top hit found! SNR 18.612459, Drift Rate -0.181763, index 523403
Top hit found! SNR 18.612461, Drift Rate 0.181763, index 525173
Top hit found! SNR 15.543199, Drift Rate 0.172197, index 525323
Top hit found! SNR 13.826968, Drift Rate 0.133931, index 525434
Top hit found! SNR 13.238775, Drift Rate 0.153064, index 525483
Top hit found! SNR 12.377556, Drift Rate -0.172197, index 525552
Top hit found! SNR 12.341178, Drift Rate 0.153064, index 525580
Top hit found! SNR 26.350573, Drift Rate 0.172197, index 571526
Top hit found! SNR 14.921531, Drift Rate -0.143497, index 577109
Top hit found! SNR 17.425756, Drift Rate -0.162630, index 584465
Top hit found! SNR 21.923250, Drift Rate 0.181763, index 591593
Top hit found! SNR 24974.554688, Drift Rate 0.172197, index 630946
Top hit found! SNR 15.533763, Drift Rate 0.133931, index 695962
Top hit found! SNR 290.485229, Drift Rate 0.181763, index 699003
Top hit found! SNR 1046.251831, Drift Rate 0.172197, index 737598
Top hit found! SNR 21.969103, Drift Rate 0.153064, index 844247
Top hit found! SNR 87.482826, Drift Rate 0.153064, index 524294
Top hit found! SNR 89.032852, Drift Rate -0.143497, index 524280
Top hit found! SNR 89.176125, Drift Rate 0.172197, index 524297
Top hit found! SNR 88.116188, Drift Rate -0.143497, index 524282
Top hit found! SNR 82.749352, Drift Rate -0.162630, index 524282
Top hit found! SNR 81.554611, Drift Rate 0.133931, index 524296
Top hit found! SNR 76.035751, Drift Rate -0.172197, index 524279
Top hit found! SNR 69.563049, Drift Rate -0.162630, index 524280
Top hit found! SNR 64.954613, Drift Rate -0.143497, index 524280
Top hit found! SNR 59.816345, Drift Rate 0.181763, index 524295
Top hit found! SNR 58.838882, Drift Rate 0.162630, index 524295
Top hit found! SNR 55.410183, Drift Rate -0.181763, index 524281
Top hit found! SNR 53.257870, Drift Rate -0.162630, index 524282
Top hit found! SNR 52.979012, Drift Rate -0.133931, index 524282
Top hit found! SNR 52.673130, Drift Rate 0.133931, index 524294
Top hit found! SNR 45.803959, Drift Rate 0.181763, index 524297
Top hit found! SNR 45.727432, Drift Rate 0.153064, index 524296
Top hit found! SNR 43.307865, Drift Rate -0.143497, index 524281
Top hit found! SNR 43.599655, Drift Rate 0.181763, index 524297
Top hit found! SNR 42.593483, Drift Rate 0.181763, index 1023700
Top hit found! SNR 15.630226, Drift Rate 0.153064, index 1024167
Top hit found! SNR 16.500219, Drift Rate 0.181763, index 1021378
Top hit found! SNR 11.612125, Drift Rate 0.162630, index 1024074
Top hit found! SNR 19.985300, Drift Rate -0.181763, index 801324
Top hit found! SNR 72.721458, Drift Rate 0.181763, index 512558
Top hit found! SNR 16.222553, Drift Rate 0.181763, index 534785
Top hit found! SNR 17.345974, Drift Rate -0.181763, index 535123
Top hit found! SNR 11.270223, Drift Rate -0.172197, index 536146
Top hit found! SNR 345.918518, Drift Rate 0.153064, index 536309
Top hit found! SNR 13.343323, Drift Rate -0.133931, index 537443
Top hit found! SNR 27.884451, Drift Rate 0.153064, index 541190
Top hit found! SNR 26.792402, Drift Rate 0.181763, index 541242
Top hit found! SNR 25.450922, Drift Rate 0.181763, index 541362
Top hit found! SNR 12.845081, Drift Rate -0.133931, index 39852
Top hit found! SNR 108.958099, Drift Rate -0.133931, index 39852
Top hit found! SNR 17.748972, Drift Rate -0.143497, index 44452
Top hit found! SNR 35.549984, Drift Rate 0.181763, index 46525
Top hit found! SNR 21.957008, Drift Rate 0.181763, index 524288
Top hit found! SNR 24.418533, Drift Rate 0.133931, index 524288
Top hit found! SNR 28.401344, Drift Rate -0.181763, index 524287
Top hit found! SNR 28.557913, Drift Rate -0.172197, index 680586
Top hit found! SNR 89.719597, Drift Rate 0.133931, index 267945
Top hit found! SNR 117.132019, Drift Rate 0.133931, index 267997
Top hit found! SNR 120.508385, Drift Rate 0.172197, index 277492
Top hit found! SNR 14.893564, Drift Rate -0.162630, index 1015531
Top hit found! SNR 12.193938, Drift Rate -0.162630, index 699961
Top hit found! SNR 10.394499, Drift Rate -0.143497, index 787631
Top hit found! SNR 11.588307, Drift Rate 0.172197, index 787823
Top hit found! SNR 17.977262, Drift Rate -0.181763, index 787970
Top hit found! SNR 29.865993, Drift Rate -0.172197, index 788100
Top hit found! SNR 11.211819, Drift Rate -0.181763, index 788752
Top hit found! SNR 14.302208, Drift Rate -0.172197, index 796995
Top hit found! SNR 19.194744, Drift Rate -0.133931, index 797054
Top hit found! SNR 15.352843, Drift Rate 0.153064, index 797163
Top hit found! SNR 11.512221, Drift Rate -0.172197, index 805871
Top hit found! SNR 10.205683, Drift Rate 0.162630, index 805946
Top hit found! SNR 10.048130, Drift Rate -0.181763, index 806109
Top hit found! SNR 10.597384, Drift Rate -0.162630, index 806149
Top hit found! SNR 10.773290, Drift Rate -0.133931, index 612330
Top hit found! SNR 10.612239, Drift Rate -0.172197, index 86371
Top hit found! SNR 22.701269, Drift Rate -0.172197, index 90474
Top hit found! SNR 22.857038, Drift Rate -0.172197, index 429658
Top hit found! SNR 12.481573, Drift Rate -0.172197, index 431131
Top hit found! SNR 13.591732, Drift Rate -0.172197, index 432183
Top hit found! SNR 16.603287, Drift Rate -0.172197, index 433972
Top hit found! SNR 16.743954, Drift Rate -0.172197, index 434182
Top hit found! SNR 10.389518, Drift Rate -0.172197, index 436076
Top hit found! SNR 31.148773, Drift Rate -0.172197, index 437233
Top hit found! SNR 12.020844, Drift Rate -0.172197, index 437654
Top hit found! SNR 10.022809, Drift Rate -0.172197, index 437759
Top hit found! SNR 11.584030, Drift Rate -0.172197, index 438811
Top hit found! SNR 11.797333, Drift Rate -0.172197, index 439863
Top hit found! SNR 10.391738, Drift Rate -0.172197, index 441231
Top hit found! SNR 10.355047, Drift Rate -0.172197, index 443440
Top hit found! SNR 14.226891, Drift Rate -0.172197, index 446386
Top hit found! SNR 16.102428, Drift Rate -0.162630, index 373654
Top hit found! SNR 16.708961, Drift Rate 0.133931, index 374177
Top hit found! SNR 14.324648, Drift Rate 0.181763, index 374608
Top hit found! SNR 14.670964, Drift Rate -0.143497, index 375681
Top hit found! SNR 24.293093, Drift Rate -0.181763, index 376858
Top hit found! SNR 12.711871, Drift Rate -0.143497, index 377839
Top hit found! SNR 18.640869, Drift Rate -0.162630, index 377890
Top hit found! SNR 15.861298, Drift Rate -0.143497, index 378232
Top hit found! SNR 10.053103, Drift Rate 0.153064, index 379330
Top hit found! SNR 15.795927, Drift Rate -0.143497, index 379500
Top hit found! SNR 12.715889, Drift Rate -0.162630, index 379971
Top hit found! SNR 18.782619, Drift Rate -0.172197, index 380020
Top hit found! SNR 15.718079, Drift Rate 0.133931, index 380464
Top hit found! SNR 14.473416, Drift Rate -0.172197, index 380695
Top hit found! SNR 22.489838, Drift Rate 0.153064, index 381118
Top hit found! SNR 24.844667, Drift Rate -0.172197, index 381166
Top hit found! SNR 28.581923, Drift Rate -0.143497, index 381566
Top hit found! SNR 18.530161, Drift Rate 0.181763, index 381779
Top hit found! SNR 20.425638, Drift Rate -0.143497, index 382218
Top hit found! SNR 16.568689, Drift Rate -0.133931, index 382621
Top hit found! SNR 20.544474, Drift Rate -0.162630, index 382770
Top hit found! SNR 17.099192, Drift Rate 0.162630, index 383196
Top hit found! SNR 24.438427, Drift Rate -0.162630, index 383302
Top hit found! SNR 16.869234, Drift Rate 0.172197, index 383735
Top hit found! SNR 15.937167, Drift Rate -0.181763, index 383784
Top hit found! SNR 22.246367, Drift Rate 0.181763, index 384354
Top hit found! SNR 10.930891, Drift Rate -0.181763, index 384979
Top hit found! SNR 10.197131, Drift Rate 0.181763, index 385019
Top hit found! SNR 15.555943, Drift Rate 0.133931, index 385318
Top hit found! SNR 10.159980, Drift Rate -0.133931, index 385716
Top hit found! SNR 19.083981, Drift Rate 0.153064, index 385851
Top hit found! SNR 26.917311, Drift Rate 0.181763, index 386036
Top hit found! SNR 18.167780, Drift Rate -0.181763, index 386479
Top hit found! SNR 10.843186, Drift Rate -0.181763, index 386548
Top hit found! SNR 11.363349, Drift Rate 0.181763, index 386578
Top hit found! SNR 10.846565, Drift Rate 0.172197, index 387157
Top hit found! SNR 12.151830, Drift Rate 0.181763, index 387378
Top hit found! SNR 14.917198, Drift Rate -0.181763, index 387568
Top hit found! SNR 19.078058, Drift Rate -0.143497, index 388090
Top hit found! SNR 22.623047, Drift Rate 0.181763, index 388157
Top hit found! SNR 16.914999, Drift Rate -0.181763, index 388224
Top hit found! SNR 11.768685, Drift Rate -0.181763, index 388257
Top hit found! SNR 12.795180, Drift Rate 0.181763, index 388481
Top hit found! SNR 44.809048, Drift Rate 0.181763, index 388687
Top hit found! SNR 16.308023, Drift Rate -0.172197, index 389333
Top hit found! SNR 13.121795, Drift Rate 0.133931, index 389917
Top hit found! SNR 16.909979, Drift Rate 0.162630, index 390368
Top hit found! SNR 12.333708, Drift Rate -0.162630, index 390705
Top hit found! SNR 10.006998, Drift Rate -0.181763, index 393568
Top hit found! SNR 10.380102, Drift Rate 0.172197, index 393739
Top hit found! SNR 12.211481, Drift Rate -0.162630, index 393874
Top hit found! SNR 14.833539, Drift Rate 0.153064, index 393908
Top hit found! SNR 13.888062, Drift Rate -0.181763, index 395861
Top hit found! SNR 14.783500, Drift Rate -0.181763, index 396158
Top hit found! SNR 13.347603, Drift Rate -0.172197, index 396195
Top hit found! SNR 12.745833, Drift Rate -0.181763, index 396814
Top hit found! SNR 13.181194, Drift Rate 0.153064, index 308522
Top hit found! SNR 17.855370, Drift Rate 0.172197, index 487965
Top hit found! SNR 14.462082, Drift Rate 0.162630, index 488180
Top hit found! SNR 14.313615, Drift Rate 0.153064, index 540877
Top hit found! SNR 14.984701, Drift Rate 0.172197, index 568019
Top hit found! SNR 10.559144, Drift Rate 0.162630, index 634795
Top hit found! SNR 10.229925, Drift Rate -0.172197, index 598459
Top hit found! SNR 10.540757, Drift Rate -0.143497, index 613022
Top hit found! SNR 10.232883, Drift Rate -0.143497, index 613058
Top hit found! SNR 10.679690, Drift Rate -0.143497, index 613165
Top hit found! SNR 10.371761, Drift Rate -0.143497, index 613201
Top hit found! SNR 10.506526, Drift Rate -0.143497, index 613237
Top hit found! SNR 10.222647, Drift Rate -0.162630, index 613272
Top hit found! SNR 10.673883, Drift Rate -0.143497, index 613308
Top hit found! SNR 10.977877, Drift Rate -0.143497, index 613344
Top hit found! SNR 11.193110, Drift Rate -0.143497, index 613380
Top hit found! SNR 11.165809, Drift Rate -0.143497, index 613416
Top hit found! SNR 11.322580, Drift Rate -0.162630, index 613451
Top hit found! SNR 11.225331, Drift Rate -0.143497, index 613487
Top hit found! SNR 11.394198, Drift Rate -0.143497, index 613523
Top hit found! SNR 11.494063, Drift Rate -0.143497, index 613559
Top hit found! SNR 10.936575, Drift Rate -0.143497, index 613595
Top hit found! SNR 10.874547, Drift Rate -0.162630, index 613630
Top hit found! SNR 10.890479, Drift Rate -0.143497, index 613666
Top hit found! SNR 11.373260, Drift Rate -0.143497, index 613702
Top hit found! SNR 11.707317, Drift Rate -0.143497, index 613738
Top hit found! SNR 10.796317, Drift Rate -0.143497, index 613809
Top hit found! SNR 11.318893, Drift Rate -0.143497, index 613845
Top hit found! SNR 11.574231, Drift Rate -0.143497, index 613881
Top hit found! SNR 11.251753, Drift Rate -0.143497, index 613917
Top hit found! SNR 10.446335, Drift Rate -0.162630, index 613988
Top hit found! SNR 11.177832, Drift Rate -0.143497, index 614024
Top hit found! SNR 11.248764, Drift Rate -0.143497, index 614060
Top hit found! SNR 11.262233, Drift Rate -0.162630, index 614095
Top hit found! SNR 10.707251, Drift Rate -0.143497, index 614167
Top hit found! SNR 11.166455, Drift Rate -0.143497, index 614203
Top hit found! SNR 10.967650, Drift Rate -0.143497, index 614239
Top hit found! SNR 11.494165, Drift Rate -0.143497, index 614275
Top hit found! SNR 10.624441, Drift Rate -0.162630, index 614310
Top hit found! SNR 10.742964, Drift Rate -0.143497, index 614346
Top hit found! SNR 11.119952, Drift Rate -0.143497, index 614382
Top hit found! SNR 10.495377, Drift Rate -0.143497, index 614418
Top hit found! SNR 10.525755, Drift Rate -0.162630, index 614489
Top hit found! SNR 11.144068, Drift Rate -0.143497, index 614525
Top hit found! SNR 11.138923, Drift Rate -0.143497, index 614561
Top hit found! SNR 10.662375, Drift Rate -0.143497, index 614597
Top hit found! SNR 10.819036, Drift Rate -0.143497, index 614704
Top hit found! SNR 10.346300, Drift Rate -0.143497, index 614740
Top hit found! SNR 10.047176, Drift Rate -0.143497, index 614883
Top hit found! SNR 10.177545, Drift Rate -0.143497, index 639615
Top hit found! SNR 10.144020, Drift Rate -0.143497, index 639794
Top hit found! SNR 10.342449, Drift Rate -0.143497, index 639865
Top hit found! SNR 11.170852, Drift Rate -0.143497, index 639901
Top hit found! SNR 11.239839, Drift Rate -0.143497, index 639937
Top hit found! SNR 10.609275, Drift Rate -0.143497, index 639973
Top hit found! SNR 10.797187, Drift Rate -0.162630, index 640008
Top hit found! SNR 11.022313, Drift Rate -0.162630, index 640044
Top hit found! SNR 11.113881, Drift Rate -0.143497, index 640080
Top hit found! SNR 10.928582, Drift Rate -0.143497, index 640116
Top hit found! SNR 11.563611, Drift Rate -0.143497, index 640152
Top hit found! SNR 11.465118, Drift Rate -0.162630, index 640223
Top hit found! SNR 11.861530, Drift Rate -0.143497, index 640259
Top hit found! SNR 11.554399, Drift Rate -0.143497, index 640295
Top hit found! SNR 12.137492, Drift Rate -0.162630, index 640366
Top hit found! SNR 11.420609, Drift Rate -0.143497, index 640402
Top hit found! SNR 12.148608, Drift Rate -0.143497, index 640438
Top hit found! SNR 13.282000, Drift Rate -0.143497, index 640474
Top hit found! SNR 11.587498, Drift Rate -0.162630, index 640509
Top hit found! SNR 11.651540, Drift Rate -0.162630, index 640545
Top hit found! SNR 11.948491, Drift Rate -0.143497, index 640581
Top hit found! SNR 12.946107, Drift Rate -0.143497, index 640617
Top hit found! SNR 13.122972, Drift Rate -0.143497, index 640653
Top hit found! SNR 11.967815, Drift Rate -0.162630, index 640688
Top hit found! SNR 12.681070, Drift Rate -0.143497, index 640760
Top hit found! SNR 12.645418, Drift Rate -0.143497, index 640796
Top hit found! SNR 12.666293, Drift Rate -0.143497, index 640832
Top hit found! SNR 11.313077, Drift Rate -0.162630, index 640903
Top hit found! SNR 12.709264, Drift Rate -0.143497, index 640939
Top hit found! SNR 12.354728, Drift Rate -0.143497, index 640975
Top hit found! SNR 12.206395, Drift Rate -0.143497, index 641011
Top hit found! SNR 12.299980, Drift Rate -0.162630, index 641082
Top hit found! SNR 11.901338, Drift Rate -0.143497, index 641118
Top hit found! SNR 11.672454, Drift Rate -0.143497, index 641154
Top hit found! SNR 11.949329, Drift Rate -0.143497, index 641190
Top hit found! SNR 11.329265, Drift Rate -0.143497, index 641261
Top hit found! SNR 12.653409, Drift Rate -0.143497, index 641297
Top hit found! SNR 12.438930, Drift Rate -0.143497, index 641333
Top hit found! SNR 11.957044, Drift Rate -0.143497, index 641369
Top hit found! SNR 11.865140, Drift Rate -0.143497, index 641440
Top hit found! SNR 11.647826, Drift Rate -0.143497, index 641476
Top hit found! SNR 12.559940, Drift Rate -0.143497, index 641512
Top hit found! SNR 11.636076, Drift Rate -0.143497, index 641583
Top hit found! SNR 11.158318, Drift Rate -0.143497, index 641619
Top hit found! SNR 12.630221, Drift Rate -0.143497, index 641655
Top hit found! SNR 11.162247, Drift Rate -0.143497, index 641691
Top hit found! SNR 11.007358, Drift Rate -0.162630, index 641726
Top hit found! SNR 10.435524, Drift Rate -0.162630, index 641762
Top hit found! SNR 10.439240, Drift Rate -0.143497, index 641798
Top hit found! SNR 10.880774, Drift Rate -0.143497, index 641834
Top hit found! SNR 10.933211, Drift Rate -0.143497, index 641870
Top hit found! SNR 10.094921, Drift Rate -0.162630, index 641905
Top hit found! SNR 10.580093, Drift Rate -0.143497, index 641941
Top hit found! SNR 10.467287, Drift Rate -0.143497, index 641977
Top hit found! SNR 11.108396, Drift Rate -0.143497, index 642013
Top hit found! SNR 10.536747, Drift Rate -0.143497, index 642049
Top hit found! SNR 10.298306, Drift Rate -0.181763, index 642088
Top hit found! SNR 10.724363, Drift Rate -0.143497, index 642120
Top hit found! SNR 10.880108, Drift Rate -0.143497, index 642156
Top hit found! SNR 10.273751, Drift Rate -0.172197, index 642196
Top hit found! SNR 11.090878, Drift Rate -0.172197, index 642232
Top hit found! SNR 11.390626, Drift Rate -0.181763, index 642267
Top hit found! SNR 11.180940, Drift Rate -0.181763, index 642303
Top hit found! SNR 11.403179, Drift Rate -0.181763, index 642339
Top hit found! SNR 11.900144, Drift Rate -0.172197, index 642375
Top hit found! SNR 11.550788, Drift Rate -0.172197, index 642411
Top hit found! SNR 12.119010, Drift Rate -0.181763, index 642446
Top hit found! SNR 11.932646, Drift Rate -0.181763, index 642482
Top hit found! SNR 12.238553, Drift Rate -0.172197, index 642518
Top hit found! SNR 13.194338, Drift Rate -0.172197, index 642554
Top hit found! SNR 12.402078, Drift Rate -0.181763, index 642589
Top hit found! SNR 13.316924, Drift Rate -0.181763, index 642625
Top hit found! SNR 12.352695, Drift Rate -0.181763, index 642661
Top hit found! SNR 12.572597, Drift Rate -0.172197, index 642697
Top hit found! SNR 13.275547, Drift Rate -0.172197, index 642733
Top hit found! SNR 13.610435, Drift Rate -0.181763, index 642768
Top hit found! SNR 13.260122, Drift Rate -0.181763, index 642804
Top hit found! SNR 12.878488, Drift Rate -0.181763, index 642840
Top hit found! SNR 14.090652, Drift Rate -0.172197, index 642876
Top hit found! SNR 13.785975, Drift Rate -0.172197, index 642912
Top hit found! SNR 13.162487, Drift Rate -0.181763, index 642947
Top hit found! SNR 13.666149, Drift Rate -0.181763, index 642983
Top hit found! SNR 13.258972, Drift Rate -0.181763, index 643019
Top hit found! SNR 14.758420, Drift Rate -0.172197, index 643055
Top hit found! SNR 14.179197, Drift Rate -0.172197, index 643091
Top hit found! SNR 14.359981, Drift Rate -0.181763, index 643126
Top hit found! SNR 13.887807, Drift Rate -0.181763, index 643162
Top hit found! SNR 13.256766, Drift Rate -0.172197, index 643198
Top hit found! SNR 13.831397, Drift Rate -0.172197, index 643234
Top hit found! SNR 13.809265, Drift Rate -0.181763, index 643269
Top hit found! SNR 13.396651, Drift Rate -0.181763, index 643305
Top hit found! SNR 13.660338, Drift Rate -0.181763, index 643341
Top hit found! SNR 13.312267, Drift Rate -0.172197, index 643377
Top hit found! SNR 14.482808, Drift Rate -0.172197, index 643413
Top hit found! SNR 14.171910, Drift Rate -0.181763, index 643448
Top hit found! SNR 13.797627, Drift Rate -0.181763, index 643484
Top hit found! SNR 13.561001, Drift Rate -0.181763, index 643520
Top hit found! SNR 13.535137, Drift Rate -0.172197, index 643556
Top hit found! SNR 13.720034, Drift Rate -0.172197, index 643592
Top hit found! SNR 13.400896, Drift Rate -0.181763, index 643627
Top hit found! SNR 13.250674, Drift Rate -0.181763, index 643663
Top hit found! SNR 12.801769, Drift Rate -0.162630, index 643700
Top hit found! SNR 13.302890, Drift Rate -0.172197, index 643735
Top hit found! SNR 13.373852, Drift Rate -0.172197, index 643771
Top hit found! SNR 10.336640, Drift Rate -0.172197, index 653184
Top hit found! SNR 11.460546, Drift Rate -0.181763, index 653291
Top hit found! SNR 10.759315, Drift Rate -0.162630, index 653328
Top hit found! SNR 12.250978, Drift Rate -0.172197, index 653363
Top hit found! SNR 12.867583, Drift Rate -0.181763, index 653398
Top hit found! SNR 12.576671, Drift Rate -0.181763, index 653434
Top hit found! SNR 12.360373, Drift Rate -0.181763, index 653470
Top hit found! SNR 13.830202, Drift Rate -0.172197, index 653506
Top hit found! SNR 13.883621, Drift Rate -0.172197, index 653542
Top hit found! SNR 14.160137, Drift Rate -0.181763, index 653577
Top hit found! SNR 14.169374, Drift Rate -0.181763, index 653613
Top hit found! SNR 14.144619, Drift Rate -0.181763, index 653649
Top hit found! SNR 14.662683, Drift Rate -0.172197, index 653685
Top hit found! SNR 15.135182, Drift Rate -0.172197, index 653721
Top hit found! SNR 15.095572, Drift Rate -0.181763, index 653756
Top hit found! SNR 15.313944, Drift Rate -0.181763, index 653792
Top hit found! SNR 15.415084, Drift Rate -0.181763, index 653828
Top hit found! SNR 16.203878, Drift Rate -0.172197, index 653864
Top hit found! SNR 16.413612, Drift Rate -0.172197, index 653900
Top hit found! SNR 16.680513, Drift Rate -0.181763, index 653935
Top hit found! SNR 16.661802, Drift Rate -0.181763, index 653971
Top hit found! SNR 15.867021, Drift Rate -0.181763, index 654007
Top hit found! SNR 17.825514, Drift Rate -0.172197, index 654043
Top hit found! SNR 18.172171, Drift Rate -0.181763, index 654078
Top hit found! SNR 17.424414, Drift Rate -0.181763, index 654114
Top hit found! SNR 17.230141, Drift Rate -0.181763, index 654150
Top hit found! SNR 17.382458, Drift Rate -0.172197, index 654186
Top hit found! SNR 17.840679, Drift Rate -0.172197, index 654222
Top hit found! SNR 18.055874, Drift Rate -0.181763, index 654257
Top hit found! SNR 18.545740, Drift Rate -0.181763, index 654293
Top hit found! SNR 18.021881, Drift Rate -0.181763, index 654329
Top hit found! SNR 18.385532, Drift Rate -0.172197, index 654365
Top hit found! SNR 19.036448, Drift Rate -0.172197, index 654401
Top hit found! SNR 18.072947, Drift Rate -0.181763, index 654436
Top hit found! SNR 19.089607, Drift Rate -0.181763, index 654472
Top hit found! SNR 17.870560, Drift Rate -0.181763, index 654508
Top hit found! SNR 18.751852, Drift Rate -0.172197, index 654544
Top hit found! SNR 17.705761, Drift Rate -0.172197, index 654580
Top hit found! SNR 18.519667, Drift Rate -0.181763, index 654615
Top hit found! SNR 18.505363, Drift Rate -0.181763, index 654651
Top hit found! SNR 17.967678, Drift Rate -0.172197, index 654687
Top hit found! SNR 19.421761, Drift Rate -0.172197, index 654723
Top hit found! SNR 18.670349, Drift Rate -0.172197, index 654759
Top hit found! SNR 18.554710, Drift Rate -0.181763, index 654794
Top hit found! SNR 17.328306, Drift Rate -0.181763, index 654830
Top hit found! SNR 17.415634, Drift Rate -0.172197, index 654866
Top hit found! SNR 18.083178, Drift Rate -0.172197, index 654902
Top hit found! SNR 18.054169, Drift Rate -0.172197, index 654938
Top hit found! SNR 17.192764, Drift Rate -0.181763, index 654973
Top hit found! SNR 16.685884, Drift Rate -0.181763, index 655009
Top hit found! SNR 16.137915, Drift Rate -0.172197, index 655045
Top hit found! SNR 16.145138, Drift Rate -0.172197, index 655081
Top hit found! SNR 16.639271, Drift Rate -0.181763, index 655116
Top hit found! SNR 16.121008, Drift Rate -0.181763, index 655152
Top hit found! SNR 15.018551, Drift Rate -0.181763, index 655188
Top hit found! SNR 15.060649, Drift Rate -0.172197, index 655224
Top hit found! SNR 14.180320, Drift Rate -0.172197, index 655260
Top hit found! SNR 15.445315, Drift Rate -0.181763, index 655295
Top hit found! SNR 14.524755, Drift Rate -0.181763, index 655331
Top hit found! SNR 12.745690, Drift Rate -0.181763, index 655367
Top hit found! SNR 13.980224, Drift Rate -0.172197, index 655403
Top hit found! SNR 13.918351, Drift Rate -0.172197, index 655439
Top hit found! SNR 12.464733, Drift Rate -0.181763, index 655474
Top hit found! SNR 12.620403, Drift Rate -0.181763, index 655510
Top hit found! SNR 11.650833, Drift Rate -0.172197, index 655546
Top hit found! SNR 11.419293, Drift Rate -0.172197, index 655582
Top hit found! SNR 11.041765, Drift Rate -0.181763, index 655617
Top hit found! SNR 10.954580, Drift Rate -0.181763, index 655653
Top hit found! SNR 10.024923, Drift Rate -0.172197, index 657837
Top hit found! SNR 10.174750, Drift Rate -0.181763, index 657872
Top hit found! SNR 10.849526, Drift Rate -0.181763, index 657908
Top hit found! SNR 11.202637, Drift Rate -0.181763, index 657944
Top hit found! SNR 11.723820, Drift Rate -0.172197, index 657980
Top hit found! SNR 12.638224, Drift Rate -0.172197, index 658016
Top hit found! SNR 12.727430, Drift Rate -0.181763, index 658051
Top hit found! SNR 13.074658, Drift Rate -0.181763, index 658087
Top hit found! SNR 13.583602, Drift Rate -0.181763, index 658123
Top hit found! SNR 13.809212, Drift Rate -0.172197, index 658159
Top hit found! SNR 14.510040, Drift Rate -0.181763, index 658194
Top hit found! SNR 15.360462, Drift Rate -0.181763, index 658230
Top hit found! SNR 14.807001, Drift Rate -0.181763, index 658266
Top hit found! SNR 15.625166, Drift Rate -0.181763, index 658302
Top hit found! SNR 17.171339, Drift Rate -0.172197, index 658338
Top hit found! SNR 17.525421, Drift Rate -0.181763, index 658373
Top hit found! SNR 17.780874, Drift Rate -0.181763, index 658409
Top hit found! SNR 17.920042, Drift Rate -0.181763, index 658445
Top hit found! SNR 17.435997, Drift Rate -0.181763, index 658481
Top hit found! SNR 18.979538, Drift Rate -0.172197, index 658517
Top hit found! SNR 19.277794, Drift Rate -0.181763, index 658552
Top hit found! SNR 20.424219, Drift Rate -0.181763, index 658588
Top hit found! SNR 20.894602, Drift Rate -0.181763, index 658624
Top hit found! SNR 20.566818, Drift Rate -0.172197, index 658660
Top hit found! SNR 20.215014, Drift Rate -0.172197, index 658696
Top hit found! SNR 22.409767, Drift Rate -0.181763, index 658731
Top hit found! SNR 22.023470, Drift Rate -0.181763, index 658767
Top hit found! SNR 22.256041, Drift Rate -0.181763, index 658803
Top hit found! SNR 22.419796, Drift Rate -0.172197, index 658839
Top hit found! SNR 21.959349, Drift Rate -0.172197, index 658875
Top hit found! SNR 22.497337, Drift Rate -0.181763, index 658910
Top hit found! SNR 22.960997, Drift Rate -0.181763, index 658946
Top hit found! SNR 23.511086, Drift Rate -0.181763, index 658982
Top hit found! SNR 23.032019, Drift Rate -0.172197, index 659018
Top hit found! SNR 23.250954, Drift Rate -0.172197, index 659054
Top hit found! SNR 23.600187, Drift Rate -0.181763, index 659089
Top hit found! SNR 23.627253, Drift Rate -0.181763, index 659125
Top hit found! SNR 23.334774, Drift Rate -0.181763, index 659161
Top hit found! SNR 24.245974, Drift Rate -0.172197, index 659197
Top hit found! SNR 24.234976, Drift Rate -0.181763, index 659232
Top hit found! SNR 24.913044, Drift Rate -0.181763, index 659268
Top hit found! SNR 23.899227, Drift Rate -0.181763, index 659304
Top hit found! SNR 23.245275, Drift Rate -0.172197, index 659340
Top hit found! SNR 24.354603, Drift Rate -0.172197, index 659376
Top hit found! SNR 24.124878, Drift Rate -0.181763, index 659411
Top hit found! SNR 24.449675, Drift Rate -0.181763, index 659447
Top hit found! SNR 22.571819, Drift Rate -0.181763, index 659483
Top hit found! SNR 22.556404, Drift Rate -0.172197, index 659519
Top hit found! SNR 23.283468, Drift Rate -0.172197, index 659555
Top hit found! SNR 23.478874, Drift Rate -0.181763, index 659590
Top hit found! SNR 23.591978, Drift Rate -0.181763, index 659626
Top hit found! SNR 22.027992, Drift Rate -0.181763, index 659662
Top hit found! SNR 21.240820, Drift Rate -0.172197, index 659698
Top hit found! SNR 22.553711, Drift Rate -0.181763, index 659733
Top hit found! SNR 20.958870, Drift Rate -0.181763, index 659769
Top hit found! SNR 21.380110, Drift Rate -0.181763, index 659805
Top hit found! SNR 20.333199, Drift Rate -0.181763, index 659841
Top hit found! SNR 21.544271, Drift Rate -0.172197, index 659877
Top hit found! SNR 20.235069, Drift Rate -0.181763, index 659912
Top hit found! SNR 20.599808, Drift Rate -0.181763, index 659948
Top hit found! SNR 19.780413, Drift Rate -0.181763, index 659984
Top hit found! SNR 19.026785, Drift Rate -0.181763, index 660020
Top hit found! SNR 19.149876, Drift Rate -0.172197, index 660056
Top hit found! SNR 18.560598, Drift Rate -0.181763, index 660091
Top hit found! SNR 17.419056, Drift Rate -0.181763, index 660127
Top hit found! SNR 17.552637, Drift Rate -0.181763, index 660163
Top hit found! SNR 17.185024, Drift Rate -0.172197, index 660199
Top hit found! SNR 16.742226, Drift Rate -0.172197, index 660235
Top hit found! SNR 16.371798, Drift Rate -0.181763, index 660270
Top hit found! SNR 16.032553, Drift Rate -0.181763, index 660306
Top hit found! SNR 15.954792, Drift Rate -0.181763, index 662203
Top hit found! SNR 16.586094, Drift Rate -0.172197, index 662239
Top hit found! SNR 17.136957, Drift Rate -0.172197, index 662275
Top hit found! SNR 17.149982, Drift Rate -0.181763, index 662310
Top hit found! SNR 18.073845, Drift Rate -0.181763, index 662346
Top hit found! SNR 17.401741, Drift Rate -0.181763, index 662382
Top hit found! SNR 19.589327, Drift Rate -0.172197, index 662418
Top hit found! SNR 19.651913, Drift Rate -0.172197, index 662454
Top hit found! SNR 19.969297, Drift Rate -0.181763, index 662489
Top hit found! SNR 21.082075, Drift Rate -0.181763, index 662525
Top hit found! SNR 21.296537, Drift Rate -0.181763, index 662561
Top hit found! SNR 22.519073, Drift Rate -0.172197, index 662597
Top hit found! SNR 22.093075, Drift Rate -0.172197, index 662633
Top hit found! SNR 23.150862, Drift Rate -0.181763, index 662668
Top hit found! SNR 23.827019, Drift Rate -0.181763, index 662704
Top hit found! SNR 22.816296, Drift Rate -0.181763, index 662740
Top hit found! SNR 24.153910, Drift Rate -0.172197, index 662776
Top hit found! SNR 24.860083, Drift Rate -0.172197, index 662812
Top hit found! SNR 25.840059, Drift Rate -0.181763, index 662847
Top hit found! SNR 25.878239, Drift Rate -0.181763, index 662883
Top hit found! SNR 25.647066, Drift Rate -0.181763, index 662919
Top hit found! SNR 26.399115, Drift Rate -0.172197, index 662955
Top hit found! SNR 27.554058, Drift Rate -0.172197, index 662991
Top hit found! SNR 28.762058, Drift Rate -0.181763, index 663026
Top hit found! SNR 28.348419, Drift Rate -0.181763, index 663062
Top hit found! SNR 27.778477, Drift Rate -0.181763, index 663098
Top hit found! SNR 29.282696, Drift Rate -0.172197, index 663134
Top hit found! SNR 29.110281, Drift Rate -0.181763, index 663169
Top hit found! SNR 31.097082, Drift Rate -0.181763, index 663205
Top hit found! SNR 29.173908, Drift Rate -0.181763, index 663241
Top hit found! SNR 30.196396, Drift Rate -0.172197, index 663277
Top hit found! SNR 31.594217, Drift Rate -0.172197, index 663313
Top hit found! SNR 32.195095, Drift Rate -0.181763, index 663348
Top hit found! SNR 32.917404, Drift Rate -0.181763, index 663384
Top hit found! SNR 31.393738, Drift Rate -0.181763, index 663420
Top hit found! SNR 31.184332, Drift Rate -0.172197, index 663456
Top hit found! SNR 32.913826, Drift Rate -0.172197, index 663492
Top hit found! SNR 34.945011, Drift Rate -0.181763, index 663527
Top hit found! SNR 33.749947, Drift Rate -0.181763, index 663563
Top hit found! SNR 32.170372, Drift Rate -0.181763, index 663599
Top hit found! SNR 33.734650, Drift Rate -0.172197, index 663635
Top hit found! SNR 34.747421, Drift Rate -0.172197, index 663671
Top hit found! SNR 33.511272, Drift Rate -0.181763, index 663706
Top hit found! SNR 34.394501, Drift Rate -0.181763, index 663742
Top hit found! SNR 32.047573, Drift Rate -0.181763, index 663778
Top hit found! SNR 35.189026, Drift Rate -0.172197, index 663814
Top hit found! SNR 34.957905, Drift Rate -0.172197, index 663850
Top hit found! SNR 34.211094, Drift Rate -0.181763, index 663885
Top hit found! SNR 33.172871, Drift Rate -0.181763, index 663921
Top hit found! SNR 33.727276, Drift Rate -0.172197, index 663957
Top hit found! SNR 34.144630, Drift Rate -0.172197, index 663993
Top hit found! SNR 35.425591, Drift Rate -0.172197, index 664029
Top hit found! SNR 34.178841, Drift Rate -0.181763, index 664064
Top hit found! SNR 32.982704, Drift Rate -0.181763, index 664100
Top hit found! SNR 32.461880, Drift Rate -0.172197, index 664136
Top hit found! SNR 33.125984, Drift Rate -0.172197, index 664172
Top hit found! SNR 34.579849, Drift Rate -0.181763, index 664207
Top hit found! SNR 32.685509, Drift Rate -0.181763, index 664243
Top hit found! SNR 33.170696, Drift Rate -0.181763, index 664279
Top hit found! SNR 33.336807, Drift Rate -0.172197, index 664315
Top hit found! SNR 34.277725, Drift Rate -0.172197, index 664351
Top hit found! SNR 43.587734, Drift Rate -0.143497, index 669286
Top hit found! SNR 44.239174, Drift Rate -0.143497, index 669429
Top hit found! SNR 43.329800, Drift Rate -0.143497, index 669465
Top hit found! SNR 40.612495, Drift Rate -0.143497, index 669608
Top hit found! SNR 39.909538, Drift Rate -0.143497, index 669644
Top hit found! SNR 38.530678, Drift Rate -0.162630, index 669679
Top hit found! SNR 39.432686, Drift Rate -0.143497, index 669715
Top hit found! SNR 41.497799, Drift Rate -0.143497, index 669751
Top hit found! SNR 40.087833, Drift Rate -0.143497, index 669787
Top hit found! SNR 37.226322, Drift Rate -0.162630, index 669822
Top hit found! SNR 37.631611, Drift Rate -0.162630, index 669858
Top hit found! SNR 37.133080, Drift Rate -0.143497, index 669894
Top hit found! SNR 38.341850, Drift Rate -0.143497, index 669930
Top hit found! SNR 35.856430, Drift Rate -0.143497, index 669966
Top hit found! SNR 34.621273, Drift Rate -0.162630, index 670001
Top hit found! SNR 34.598621, Drift Rate -0.162630, index 670037
Top hit found! SNR 34.784206, Drift Rate -0.143497, index 670073
Top hit found! SNR 34.969376, Drift Rate -0.143497, index 670109
Top hit found! SNR 34.245110, Drift Rate -0.143497, index 670145
Top hit found! SNR 31.361197, Drift Rate -0.162630, index 670180
Top hit found! SNR 30.683968, Drift Rate -0.162630, index 670216
Top hit found! SNR 32.600517, Drift Rate -0.143497, index 670252
Top hit found! SNR 30.679455, Drift Rate -0.143497, index 670288
Top hit found! SNR 30.325512, Drift Rate -0.143497, index 670324
Top hit found! SNR 29.391411, Drift Rate -0.162630, index 670359
Top hit found! SNR 28.101225, Drift Rate -0.162630, index 670395
Top hit found! SNR 28.604378, Drift Rate -0.143497, index 670431
Top hit found! SNR 27.286461, Drift Rate -0.143497, index 670467
Top hit found! SNR 26.374622, Drift Rate -0.143497, index 670503
Top hit found! SNR 24.841162, Drift Rate -0.162630, index 670538
Top hit found! SNR 24.346756, Drift Rate -0.143497, index 670574
Top hit found! SNR 23.986259, Drift Rate -0.143497, index 670610
Top hit found! SNR 25.413635, Drift Rate -0.143497, index 670646
Top hit found! SNR 21.570124, Drift Rate -0.143497, index 674082
Top hit found! SNR 21.307438, Drift Rate -0.143497, index 674225
Top hit found! SNR 20.345039, Drift Rate -0.143497, index 674261
Top hit found! SNR 19.877180, Drift Rate -0.162630, index 674332
Top hit found! SNR 19.307077, Drift Rate -0.143497, index 674368
Top hit found! SNR 20.223860, Drift Rate -0.143497, index 674404
Top hit found! SNR 18.238695, Drift Rate -0.143497, index 674440
Top hit found! SNR 19.216333, Drift Rate -0.162630, index 674475
Top hit found! SNR 18.162874, Drift Rate -0.162630, index 674511
Top hit found! SNR 18.671284, Drift Rate -0.143497, index 674547
Top hit found! SNR 18.153055, Drift Rate -0.143497, index 674583
Top hit found! SNR 17.752466, Drift Rate -0.143497, index 674619
Top hit found! SNR 16.074310, Drift Rate -0.143497, index 674690
Top hit found! SNR 16.162773, Drift Rate -0.143497, index 674726
Top hit found! SNR 16.319357, Drift Rate -0.143497, index 674762
Top hit found! SNR 15.461813, Drift Rate -0.162630, index 674797
Top hit found! SNR 14.515809, Drift Rate -0.162630, index 674833
Top hit found! SNR 14.489243, Drift Rate -0.143497, index 674869
Top hit found! SNR 14.410069, Drift Rate -0.143497, index 674905
Top hit found! SNR 14.091046, Drift Rate -0.143497, index 674941
Top hit found! SNR 13.059422, Drift Rate -0.162630, index 674976
Top hit found! SNR 12.466648, Drift Rate -0.162630, index 675012
Top hit found! SNR 12.843398, Drift Rate -0.143497, index 675048
Top hit found! SNR 12.546073, Drift Rate -0.143497, index 675084
Top hit found! SNR 11.962837, Drift Rate -0.143497, index 675120
Top hit found! SNR 10.141990, Drift Rate -0.143497, index 688434
Top hit found! SNR 10.232095, Drift Rate -0.143497, index 688470
Top hit found! SNR 10.070786, Drift Rate -0.143497, index 688506
Top hit found! SNR 10.292729, Drift Rate -0.162630, index 688541
Top hit found! SNR 10.230805, Drift Rate -0.143497, index 688577
Top hit found! SNR 10.493631, Drift Rate -0.143497, index 688613
Top hit found! SNR 10.686127, Drift Rate -0.143497, index 688649
Top hit found! SNR 10.257387, Drift Rate -0.162630, index 688684
Top hit found! SNR 11.221519, Drift Rate -0.143497, index 688756
Top hit found! SNR 10.587345, Drift Rate -0.143497, index 688792
Top hit found! SNR 11.323062, Drift Rate -0.143497, index 688828
Top hit found! SNR 10.922618, Drift Rate -0.162630, index 688899
Top hit found! SNR 10.909131, Drift Rate -0.143497, index 688935
Top hit found! SNR 11.213065, Drift Rate -0.143497, index 688971
Top hit found! SNR 11.512581, Drift Rate -0.143497, index 689007
Top hit found! SNR 10.862379, Drift Rate -0.162630, index 689078
Top hit found! SNR 11.295652, Drift Rate -0.143497, index 689114
Top hit found! SNR 11.277356, Drift Rate -0.143497, index 689150
Top hit found! SNR 11.190350, Drift Rate -0.143497, index 689186
Top hit found! SNR 11.139556, Drift Rate -0.162630, index 689221
Top hit found! SNR 10.591932, Drift Rate -0.143497, index 689257
Top hit found! SNR 11.452562, Drift Rate -0.143497, index 689293
Top hit found! SNR 11.713137, Drift Rate -0.143497, index 689329
Top hit found! SNR 11.337546, Drift Rate -0.143497, index 689365
Top hit found! SNR 11.133409, Drift Rate -0.162630, index 689400
Top hit found! SNR 10.350876, Drift Rate -0.143497, index 689436
Top hit found! SNR 10.986380, Drift Rate -0.143497, index 689472
Top hit found! SNR 11.256284, Drift Rate -0.143497, index 689508
Top hit found! SNR 10.672850, Drift Rate -0.162630, index 689543
Top hit found! SNR 10.580494, Drift Rate -0.162630, index 689579
Top hit found! SNR 10.351490, Drift Rate -0.143497, index 689615
Top hit found! SNR 10.689578, Drift Rate -0.143497, index 689651
Top hit found! SNR 10.318505, Drift Rate -0.143497, index 689687
Top hit found! SNR 10.094851, Drift Rate -0.162630, index 689758
Top hit found! SNR 10.916759, Drift Rate -0.143497, index 689794
Top hit found! SNR 10.809628, Drift Rate -0.143497, index 689830
Top hit found! SNR 10.463639, Drift Rate -0.143497, index 689866
Top hit found! SNR 10.015220, Drift Rate -0.162630, index 766608
Top hit found! SNR 10.168427, Drift Rate -0.162630, index 766644
Top hit found! SNR 10.803109, Drift Rate -0.181763, index 766678
Top hit found! SNR 10.534776, Drift Rate -0.181763, index 766714
Top hit found! SNR 11.051538, Drift Rate -0.172197, index 766750
Top hit found! SNR 11.308048, Drift Rate -0.162630, index 766787
Top hit found! SNR 11.222790, Drift Rate -0.162630, index 766823
Top hit found! SNR 11.564389, Drift Rate -0.181763, index 766857
Top hit found! SNR 10.963590, Drift Rate -0.181763, index 766893
Top hit found! SNR 12.392536, Drift Rate -0.162630, index 766930
Top hit found! SNR 12.181813, Drift Rate -0.162630, index 766966
Top hit found! SNR 11.337672, Drift Rate -0.181763, index 767000
Top hit found! SNR 12.113987, Drift Rate -0.181763, index 767036
Top hit found! SNR 11.174670, Drift Rate -0.181763, index 767072
Top hit found! SNR 12.869548, Drift Rate -0.162630, index 767109
Top hit found! SNR 11.795525, Drift Rate -0.172197, index 767144
Top hit found! SNR 12.058170, Drift Rate -0.181763, index 767179
Top hit found! SNR 12.340559, Drift Rate -0.181763, index 767215
Top hit found! SNR 11.826551, Drift Rate -0.181763, index 767251
Top hit found! SNR 12.283457, Drift Rate -0.162630, index 767288
Top hit found! SNR 12.990048, Drift Rate -0.162630, index 767324
Top hit found! SNR 13.408318, Drift Rate -0.181763, index 767358
Top hit found! SNR 12.037662, Drift Rate -0.181763, index 767394
Top hit found! SNR 12.670691, Drift Rate -0.172197, index 767430
Top hit found! SNR 12.552073, Drift Rate -0.143497, index 767468
Top hit found! SNR 12.663218, Drift Rate -0.181763, index 767501
Top hit found! SNR 12.717170, Drift Rate -0.181763, index 767537
Top hit found! SNR 11.486757, Drift Rate -0.181763, index 767573
Top hit found! SNR 12.660487, Drift Rate -0.172197, index 767609
Top hit found! SNR 12.304536, Drift Rate -0.162630, index 767646
Top hit found! SNR 12.310315, Drift Rate -0.172197, index 767681
Top hit found! SNR 11.994452, Drift Rate -0.181763, index 767716
Top hit found! SNR 12.337358, Drift Rate -0.181763, index 767752
Top hit found! SNR 12.140333, Drift Rate -0.172197, index 767788
Top hit found! SNR 11.877485, Drift Rate -0.172197, index 767824
Top hit found! SNR 12.315781, Drift Rate -0.181763, index 767859
Top hit found! SNR 12.428527, Drift Rate -0.181763, index 767895
Top hit found! SNR 12.036613, Drift Rate -0.181763, index 767931
Top hit found! SNR 11.685820, Drift Rate -0.162630, index 767968
Top hit found! SNR 11.547478, Drift Rate -0.181763, index 768002
Top hit found! SNR 11.304740, Drift Rate -0.181763, index 768038
Top hit found! SNR 11.660510, Drift Rate -0.181763, index 768074
Top hit found! SNR 10.597207, Drift Rate -0.181763, index 768110
Top hit found! SNR 10.990625, Drift Rate -0.162630, index 768147
Top hit found! SNR 10.676808, Drift Rate -0.172197, index 768182
Top hit found! SNR 10.422456, Drift Rate -0.172197, index 768218
Top hit found! SNR 10.551311, Drift Rate -0.181763, index 768253
Top hit found! SNR 10.666053, Drift Rate -0.172197, index 768325
Top hit found! SNR 10.453199, Drift Rate -0.181763, index 768360
Top hit found! SNR 10.485163, Drift Rate -0.181763, index 768396
Top hit found! SNR 10.045112, Drift Rate -0.181763, index 770937
Top hit found! SNR 10.141464, Drift Rate -0.172197, index 771224
Top hit found! SNR 10.569559, Drift Rate -0.162630, index 771261
Top hit found! SNR 10.322973, Drift Rate -0.181763, index 771295
Top hit found! SNR 10.532347, Drift Rate -0.181763, index 771331
Top hit found! SNR 10.292738, Drift Rate -0.181763, index 771474
Top hit found! SNR 10.217721, Drift Rate -0.172197, index 771582
Top hit found! SNR 11.018324, Drift Rate -0.181763, index 771653
Top hit found! SNR 10.116710, Drift Rate -0.162630, index 771762
Top hit found! SNR 10.234008, Drift Rate -0.162630, index 771798
Top hit found! SNR 10.469215, Drift Rate -0.143497, index 781885
Top hit found! SNR 10.854038, Drift Rate -0.143497, index 781921
Top hit found! SNR 10.350107, Drift Rate -0.162630, index 781956
Top hit found! SNR 10.339117, Drift Rate -0.162630, index 781992
Top hit found! SNR 11.328907, Drift Rate -0.143497, index 782028
Top hit found! SNR 11.222346, Drift Rate -0.143497, index 782064
Top hit found! SNR 11.203872, Drift Rate -0.143497, index 782100
Top hit found! SNR 11.712427, Drift Rate -0.162630, index 782135
Top hit found! SNR 10.976222, Drift Rate -0.162630, index 782171
Top hit found! SNR 12.288745, Drift Rate -0.143497, index 782207
Top hit found! SNR 12.489360, Drift Rate -0.143497, index 782243
Top hit found! SNR 12.678988, Drift Rate -0.143497, index 782279
Top hit found! SNR 11.618719, Drift Rate -0.162630, index 782350
Top hit found! SNR 12.728317, Drift Rate -0.143497, index 782386
Top hit found! SNR 12.423881, Drift Rate -0.143497, index 782422
Top hit found! SNR 12.866400, Drift Rate -0.143497, index 782458
Top hit found! SNR 12.940358, Drift Rate -0.162630, index 782493
Top hit found! SNR 12.601852, Drift Rate -0.143497, index 782529
Top hit found! SNR 13.048653, Drift Rate -0.143497, index 782565
Top hit found! SNR 14.054656, Drift Rate -0.143497, index 782601
Top hit found! SNR 12.807306, Drift Rate -0.162630, index 782636
Top hit found! SNR 13.510111, Drift Rate -0.162630, index 782672
Top hit found! SNR 13.061473, Drift Rate -0.143497, index 782708
Top hit found! SNR 13.532769, Drift Rate -0.143497, index 782744
Top hit found! SNR 12.545569, Drift Rate -0.143497, index 782780
Top hit found! SNR 13.303455, Drift Rate -0.162630, index 782815
Top hit found! SNR 13.539779, Drift Rate -0.162630, index 782851
Top hit found! SNR 13.329890, Drift Rate -0.143497, index 782887
Top hit found! SNR 13.538712, Drift Rate -0.143497, index 782923
Top hit found! SNR 13.109771, Drift Rate -0.143497, index 782959
Top hit found! SNR 13.200829, Drift Rate -0.162630, index 782994
Top hit found! SNR 13.245907, Drift Rate -0.162630, index 783030
Top hit found! SNR 10.802783, Drift Rate -0.133931, index 968102
Top hit found! SNR 11.734992, Drift Rate -0.133931, index 968138
Top hit found! SNR 10.301662, Drift Rate -0.133931, index 968174
Top hit found! SNR 11.219338, Drift Rate -0.133931, index 968245
Top hit found! SNR 13.136325, Drift Rate -0.133931, index 968281
Top hit found! SNR 12.958853, Drift Rate -0.133931, index 968317
Top hit found! SNR 13.300287, Drift Rate -0.133931, index 968424
Top hit found! SNR 15.220544, Drift Rate -0.133931, index 968460
Top hit found! SNR 13.963306, Drift Rate -0.133931, index 968496
Top hit found! SNR 14.875066, Drift Rate -0.133931, index 968603
Top hit found! SNR 16.303135, Drift Rate -0.133931, index 968639
Top hit found! SNR 15.607539, Drift Rate -0.133931, index 968675
Top hit found! SNR 17.670107, Drift Rate -0.133931, index 968782
Top hit found! SNR 17.243593, Drift Rate -0.133931, index 968818
Top hit found! SNR 16.222885, Drift Rate -0.133931, index 968854
Top hit found! SNR 17.890182, Drift Rate -0.133931, index 968961
Top hit found! SNR 18.557281, Drift Rate -0.133931, index 968997
Top hit found! SNR 17.185966, Drift Rate -0.133931, index 969104
Top hit found! SNR 18.668657, Drift Rate -0.133931, index 969140
Top hit found! SNR 18.546946, Drift Rate -0.133931, index 969176
Top hit found! SNR 17.721626, Drift Rate -0.133931, index 969283
Top hit found! SNR 19.837561, Drift Rate -0.133931, index 969319
Top hit found! SNR 17.807623, Drift Rate -0.133931, index 969355
Top hit found! SNR 17.873009, Drift Rate -0.133931, index 969462
Top hit found! SNR 17.990261, Drift Rate -0.133931, index 969498
Top hit found! SNR 16.291864, Drift Rate -0.133931, index 969534
Top hit found! SNR 16.835535, Drift Rate -0.133931, index 969641
Top hit found! SNR 16.872509, Drift Rate -0.133931, index 969677
Top hit found! SNR 14.901938, Drift Rate -0.133931, index 969713
Top hit found! SNR 16.476280, Drift Rate -0.133931, index 969820
Top hit found! SNR 14.495411, Drift Rate -0.133931, index 969856
Top hit found! SNR 13.255515, Drift Rate -0.133931, index 969963
Top hit found! SNR 13.522625, Drift Rate -0.133931, index 969999
Top hit found! SNR 13.108098, Drift Rate -0.133931, index 970035
Top hit found! SNR 11.340366, Drift Rate -0.133931, index 970178
Top hit found! SNR 10.864070, Drift Rate -0.133931, index 970214
Top hit found! SNR 11.220284, Drift Rate -0.133931, index 974437
Top hit found! SNR 12.341828, Drift Rate -0.133931, index 974473
Top hit found! SNR 11.046678, Drift Rate -0.133931, index 974509
Top hit found! SNR 13.336337, Drift Rate -0.133931, index 974616
Top hit found! SNR 13.429922, Drift Rate -0.133931, index 974652
Top hit found! SNR 13.076295, Drift Rate -0.133931, index 974759
Top hit found! SNR 14.445210, Drift Rate -0.133931, index 974795
Top hit found! SNR 14.837945, Drift Rate -0.133931, index 974831
Top hit found! SNR 13.467775, Drift Rate -0.133931, index 974867
Top hit found! SNR 14.723431, Drift Rate -0.133931, index 974938
Top hit found! SNR 16.744940, Drift Rate -0.133931, index 974974
Top hit found! SNR 16.152763, Drift Rate -0.133931, index 975010
Top hit found! SNR 15.756735, Drift Rate -0.133931, index 975117
Top hit found! SNR 17.024349, Drift Rate -0.133931, index 975153
Top hit found! SNR 16.263737, Drift Rate -0.133931, index 975189
Top hit found! SNR 16.867525, Drift Rate -0.133931, index 975296
Top hit found! SNR 17.968687, Drift Rate -0.133931, index 975332
Top hit found! SNR 16.049849, Drift Rate -0.133931, index 975368
Top hit found! SNR 17.028948, Drift Rate -0.133931, index 975475
Top hit found! SNR 17.429617, Drift Rate -0.133931, index 975511
Top hit found! SNR 15.816748, Drift Rate -0.133931, index 975547
Top hit found! SNR 16.301594, Drift Rate -0.133931, index 975618
Top hit found! SNR 17.598057, Drift Rate -0.133931, index 975654
Top hit found! SNR 17.395994, Drift Rate -0.133931, index 975690
Top hit found! SNR 16.419903, Drift Rate -0.133931, index 975797
Top hit found! SNR 16.832195, Drift Rate -0.133931, index 975833
Top hit found! SNR 15.922964, Drift Rate -0.133931, index 975869
Top hit found! SNR 15.229171, Drift Rate -0.133931, index 975976
Top hit found! SNR 16.116587, Drift Rate -0.133931, index 976012
Top hit found! SNR 13.825131, Drift Rate -0.133931, index 976048
Top hit found! SNR 14.415270, Drift Rate -0.133931, index 976155
Top hit found! SNR 13.933952, Drift Rate -0.133931, index 976191
Top hit found! SNR 12.308158, Drift Rate -0.133931, index 976227
Top hit found! SNR 12.472265, Drift Rate -0.133931, index 976334
Top hit found! SNR 11.711537, Drift Rate -0.133931, index 976370
Top hit found! SNR 10.743954, Drift Rate -0.133931, index 976406
Top hit found! SNR 10.351034, Drift Rate -0.133931, index 976513
Top hit found! SNR 10.342877, Drift Rate -0.133931, index 981488
Top hit found! SNR 10.007356, Drift Rate -0.133931, index 981524
Top hit found! SNR 10.282947, Drift Rate -0.133931, index 981631
Top hit found! SNR 10.759971, Drift Rate -0.133931, index 981667
Top hit found! SNR 10.364891, Drift Rate -0.133931, index 981703
Top hit found! SNR 10.270799, Drift Rate -0.133931, index 981810
Top hit found! SNR 11.603739, Drift Rate -0.133931, index 981846
Top hit found! SNR 10.858584, Drift Rate -0.133931, index 981882
Top hit found! SNR 11.320601, Drift Rate -0.133931, index 981989
Top hit found! SNR 11.247977, Drift Rate -0.133931, index 982025
Top hit found! SNR 10.742551, Drift Rate -0.133931, index 982061
Top hit found! SNR 10.086324, Drift Rate -0.133931, index 982132
Top hit found! SNR 11.316054, Drift Rate -0.133931, index 982168
Top hit found! SNR 11.055747, Drift Rate -0.133931, index 982204
Top hit found! SNR 11.260375, Drift Rate -0.133931, index 982347
Top hit found! SNR 10.643602, Drift Rate -0.133931, index 982383
Top hit found! SNR 10.566868, Drift Rate -0.133931, index 982526
Top hit found! SNR 10.784156, Drift Rate 0.133931, index 524289
Top hit found! SNR 14.200339, Drift Rate -0.162630, index 524287
Top hit found! SNR 13.897984, Drift Rate -0.181763, index 879707
Top hit found! SNR 13.152374, Drift Rate 0.162630, index 172494

===== Search time: 97.99 minutes
===== END OF LOG
