
turbo_seti version 2.1.17
blimpy version 2.0.31
h5py version 3.5.0

HDF5 header info: {'DIMENSION_LABELS': array(['time', 'feed_id', 'frequency'], dtype=object), 'az_start': 0.0, 'data_type': 1, 'fch1': 3151.46484375, 'foff': -2.7939677238464355e-06, 'machine_id': 20, 'nbits': 32, 'nchans': 536870912, 'nifs': 1, 'source_name': 'OFF_HD13908', 'src_dej': <Angle 65.5935 deg>, 'src_raj': <Angle 2.30407333 hourangle>, 'telescope_id': 6, 'tsamp': 18.253611007999982, 'tstart': 59524.191296296296, 'za_start': 0.0}

Starting ET search with parameters: datafile=/gpfs/group/jtw13/default/gbt_2020/2021/S_band/splice_no_overlap_ordered/OFF_Scan2/spliced_blc0x1x2x_guppi_59524_16528_OFF_HD13908_0031.rawspec.0000.h5, max_drift=10.0, min_drift=0.0, snr=10.0, out_dir=/gpfs/group/jtw13/default/gbt_2020/2021/S_band/splice_no_overlap_ordered/OFF_Scan2/, coarse_chans=None, flagging=False, n_coarse_chan=512, kernels=None, gpu_id=0, gpu_backend=False, blank_dc=True, precision=1, append_output=False, log_level_int=30, obs_info={'pulsar': 0, 'pulsar_found': 0, 'pulsar_dm': 0.0, 'pulsar_snr': 0.0, 'pulsar_stats': array([0., 0., 0., 0., 0., 0.]), 'RFI_level': 0.0, 'Mean_SEFD': 0.0, 'psrflux_Sens': 0.0, 'SEFDs_val': [0.0], 'SEFDs_freq': [0.0], 'SEFDs_freq_up': [0.0]}

Computed drift rate resolution: 0.00956648975722505

Top hit found! SNR 366.038696, Drift Rate -0.047832, index 202032
Top hit found! SNR 3138.960693, Drift Rate -0.019133, index 309451
Top hit found! SNR 1197.709106, Drift Rate -0.028699, index 310987
Top hit found! SNR 314.850555, Drift Rate -0.038266, index 349572
Top hit found! SNR 15.539999, Drift Rate -0.047832, index 352596
Top hit found! SNR 240907.343750, Drift Rate -0.009566, index 416870
Top hit found! SNR 6088.817871, Drift Rate 0.019133, index 422724
Top hit found! SNR 21.060972, Drift Rate -0.000000, index 431894
Top hit found! SNR 661.882507, Drift Rate -0.057399, index 436928
Top hit found! SNR 24.455801, Drift Rate -0.191330, index 456984
Top hit found! SNR 10.712529, Drift Rate -0.000000, index 458752
Top hit found! SNR 18.671825, Drift Rate 0.105231, index 464105
Top hit found! SNR 13.693254, Drift Rate -0.038266, index 469697
Top hit found! SNR 14.656510, Drift Rate 0.009566, index 471459
Top hit found! SNR 29.032917, Drift Rate -0.248729, index 477039
Top hit found! SNR 41.015160, Drift Rate -0.019133, index 484163
Top hit found! SNR 25.782871, Drift Rate 0.009566, index 489597
Top hit found! SNR 207.611862, Drift Rate -0.000000, index 491520
Top hit found! SNR 14.869386, Drift Rate -0.000000, index 501381
Top hit found! SNR 29.990873, Drift Rate -0.000000, index 504227
Top hit found! SNR 66.419044, Drift Rate -0.000000, index 509016
Top hit found! SNR 60.161335, Drift Rate -0.000000, index 516534
Top hit found! SNR 97097.109375, Drift Rate 0.009566, index 524289
Top hit found! SNR 60.161339, Drift Rate -0.000000, index 532042
Top hit found! SNR 66.419052, Drift Rate -0.000000, index 539560
Top hit found! SNR 29.990873, Drift Rate -0.000000, index 544349
Top hit found! SNR 14.869381, Drift Rate -0.000000, index 547195
Top hit found! SNR 207.611862, Drift Rate -0.000000, index 557056
Top hit found! SNR 25.782866, Drift Rate -0.009566, index 558979
Top hit found! SNR 41.015171, Drift Rate 0.019133, index 564413
Top hit found! SNR 29.032921, Drift Rate 0.248729, index 571537
Top hit found! SNR 14.656510, Drift Rate -0.009566, index 577117
Top hit found! SNR 13.693256, Drift Rate 0.038266, index 578879
Top hit found! SNR 18.671822, Drift Rate -0.105231, index 584471
Top hit found! SNR 10.712529, Drift Rate -0.000000, index 589824
Top hit found! SNR 24.455797, Drift Rate 0.191330, index 591592
Top hit found! SNR 661.882385, Drift Rate 0.057399, index 611648
Top hit found! SNR 21.060978, Drift Rate -0.000000, index 616682
Top hit found! SNR 6088.817871, Drift Rate -0.019133, index 625852
Top hit found! SNR 240907.328125, Drift Rate 0.009566, index 631706
Top hit found! SNR 15.539997, Drift Rate 0.047832, index 695980
Top hit found! SNR 314.850555, Drift Rate 0.038266, index 699004
Top hit found! SNR 1197.709106, Drift Rate 0.028699, index 737589
Top hit found! SNR 3138.959961, Drift Rate 0.019133, index 739125
Top hit found! SNR 366.038727, Drift Rate 0.047832, index 846544
Top hit found! SNR 196.147980, Drift Rate 9.719554, index 524732
Top hit found! SNR 1111.567261, Drift Rate -0.000000, index 794942
Top hit found! SNR 1470.993286, Drift Rate -0.000000, index 17021
Top hit found! SNR 29.021063, Drift Rate -0.019133, index 245173
Top hit found! SNR 38.490368, Drift Rate 0.009566, index 249455
Top hit found! SNR 138.506638, Drift Rate -0.009566, index 251379
Top hit found! SNR 257.696777, Drift Rate -0.000000, index 405981
Top hit found! SNR 77.344696, Drift Rate -4.553649, index 524078
Top hit found! SNR 14.992517, Drift Rate -0.000000, index 801752
Top hit found! SNR 37.276539, Drift Rate -0.000000, index 900693
Top hit found! SNR 10.680342, Drift Rate -0.000000, index 933675
Top hit found! SNR 2784.661377, Drift Rate -0.000000, index 17021
Top hit found! SNR 14.509171, Drift Rate -0.000000, index 181924
Top hit found! SNR 18.567554, Drift Rate -0.000000, index 280865
Top hit found! SNR 72.178497, Drift Rate -0.000000, index 346828
Top hit found! SNR 68.634583, Drift Rate -0.000000, index 511732
Top hit found! SNR 63.738754, Drift Rate 2.075928, index 524382
Top hit found! SNR 48920.152344, Drift Rate -0.000000, index 676636
Top hit found! SNR 10.337702, Drift Rate -0.000000, index 709617
Top hit found! SNR 20.487980, Drift Rate -0.000000, index 775576
Top hit found! SNR 42.096184, Drift Rate -0.000000, index 808558
Top hit found! SNR 16.366785, Drift Rate -0.000000, index 841539
Top hit found! SNR 15.776231, Drift Rate -0.000000, index 907503
Top hit found! SNR 62.930634, Drift Rate -0.000000, index 940480
Top hit found! SNR 96.425972, Drift Rate -0.000000, index 957699
Top hit found! SNR 34.408131, Drift Rate -0.000000, index 1006443
Top hit found! SNR 10.541818, Drift Rate -0.019133, index 1014635
Top hit found! SNR 12.305195, Drift Rate -0.000000, index 1023197
Top hit found! SNR 94.728668, Drift Rate -0.028699, index 1027045
Top hit found! SNR 11.426238, Drift Rate -0.000000, index 122771
Top hit found! SNR 15.873218, Drift Rate -0.000000, index 155753
Top hit found! SNR 6025.671387, Drift Rate -0.000000, index 287675
Top hit found! SNR 79.981194, Drift Rate 7.576660, index 524636
Top hit found! SNR 14.752876, Drift Rate -0.000000, index 617482
Top hit found! SNR 12.483247, Drift Rate -0.000000, index 815368
Top hit found! SNR 4386.429688, Drift Rate -0.000000, index 947290
Top hit found! SNR 1526.696533, Drift Rate -0.000000, index 949885
Top hit found! SNR 37.588165, Drift Rate -0.028699, index 1027045
Top hit found! SNR 28.267235, Drift Rate -0.000000, index 37446
Top hit found! SNR 20.156658, Drift Rate -0.000000, index 63618
Top hit found! SNR 15.116142, Drift Rate -0.000000, index 162558
Top hit found! SNR 13.412129, Drift Rate -0.000000, index 393425
Top hit found! SNR 11.299325, Drift Rate -0.000000, index 426407
Top hit found! SNR 84.454239, Drift Rate 1.320176, index 524350
Top hit found! SNR 60406.585938, Drift Rate -0.000000, index 558329
Top hit found! SNR 988.801086, Drift Rate -0.000000, index 561295
Top hit found! SNR 11.990748, Drift Rate -0.000000, index 624292
Top hit found! SNR 35.407803, Drift Rate -0.000000, index 690251
Top hit found! SNR 27.133274, Drift Rate 0.009566, index 691894
Top hit found! SNR 66.023102, Drift Rate -0.000000, index 723233
Top hit found! SNR 24.019474, Drift Rate -0.000000, index 748364
Top hit found! SNR 17.645870, Drift Rate -0.000000, index 756215
Top hit found! SNR 12.434113, Drift Rate -0.000000, index 757877
Top hit found! SNR 29.067659, Drift Rate -0.000000, index 789196
Top hit found! SNR 142.925186, Drift Rate -0.000000, index 822173
Top hit found! SNR 56.477604, Drift Rate -0.000000, index 825288
Top hit found! SNR 51.102230, Drift Rate -0.000000, index 855155
Top hit found! SNR 18.166660, Drift Rate -0.000000, index 858288
Top hit found! SNR 37.255260, Drift Rate -0.000000, index 888137
Top hit found! SNR 19.429436, Drift Rate -0.000000, index 891288
Top hit found! SNR 64.921944, Drift Rate -0.000000, index 921118
Top hit found! SNR 20.386810, Drift Rate -0.000000, index 924288
Top hit found! SNR 11.069531, Drift Rate -0.000000, index 947290
Top hit found! SNR 138.087326, Drift Rate -0.000000, index 954100
Top hit found! SNR 46.367794, Drift Rate -0.000000, index 957288
Top hit found! SNR 57.997009, Drift Rate -0.000000, index 987077
Top hit found! SNR 208.949631, Drift Rate -0.000000, index 37446
Top hit found! SNR 33.933926, Drift Rate -0.000000, index 39209
Top hit found! SNR 59.346710, Drift Rate -0.000000, index 40709
Top hit found! SNR 13.844415, Drift Rate -0.000000, index 70428
Top hit found! SNR 10.271202, Drift Rate -0.000000, index 72200
Top hit found! SNR 63.639683, Drift Rate -0.000000, index 103405
Top hit found! SNR 60.993378, Drift Rate -0.000000, index 136386
Top hit found! SNR 84267.921875, Drift Rate -0.000000, index 169368
Top hit found! SNR 3373.049316, Drift Rate -0.000000, index 172705
Top hit found! SNR 59.215092, Drift Rate -0.000000, index 202350
Top hit found! SNR 42.166084, Drift Rate -0.000000, index 235331
Top hit found! SNR 92.812843, Drift Rate -0.000000, index 268309
Top hit found! SNR 13.013031, Drift Rate -0.000000, index 270141
Top hit found! SNR 28.106901, Drift Rate -0.000000, index 271701
Top hit found! SNR 186.196045, Drift Rate -0.000000, index 301290
Top hit found! SNR 35.182964, Drift Rate -0.000000, index 303133
Top hit found! SNR 43.557838, Drift Rate -0.000000, index 304701
Top hit found! SNR 40.681694, Drift Rate -0.000000, index 334272
Top hit found! SNR 20.228813, Drift Rate -0.000000, index 336125
Top hit found! SNR 12.927237, Drift Rate -0.000000, index 337701
Top hit found! SNR 178.883896, Drift Rate -0.009566, index 433212
Top hit found! SNR 38.840141, Drift Rate -0.000000, index 435095
Top hit found! SNR 22.437756, Drift Rate 0.009566, index 436698
Top hit found! SNR 70.817795, Drift Rate -0.000000, index 466194
Top hit found! SNR 19.272903, Drift Rate -0.000000, index 468087
Top hit found! SNR 80.818359, Drift Rate -0.000000, index 499176
Top hit found! SNR 12.642392, Drift Rate -0.000000, index 501079
Top hit found! SNR 81.822395, Drift Rate 4.773678, index 524506
Top hit found! SNR 75.667305, Drift Rate -0.000000, index 532158
Top hit found! SNR 10.717057, Drift Rate 0.009566, index 534071
Top hit found! SNR 10.565994, Drift Rate -0.000000, index 535698
Top hit found! SNR 229.302261, Drift Rate -0.000000, index 565139
Top hit found! SNR 26.931030, Drift Rate -0.000000, index 567062
Top hit found! SNR 26.983805, Drift Rate -0.000000, index 568698
Top hit found! SNR 23.737110, Drift Rate -0.000000, index 598116
Top hit found! SNR 32.399895, Drift Rate -0.000000, index 631098
Top hit found! SNR 11.877131, Drift Rate -0.000000, index 664080
Top hit found! SNR 36.240051, Drift Rate -0.000000, index 697061
Top hit found! SNR 18.603363, Drift Rate -0.000000, index 699024
Top hit found! SNR 14.070759, Drift Rate -0.000000, index 730043
Top hit found! SNR 7122.737793, Drift Rate -0.000000, index 828983
Top hit found! SNR 1299.463501, Drift Rate -0.000000, index 831041
Top hit found! SNR 573.753967, Drift Rate -0.000000, index 832691
Top hit found! SNR 11.240026, Drift Rate -0.000000, index 861965
Top hit found! SNR 10.137544, Drift Rate -0.000000, index 894947
Top hit found! SNR 10.693208, Drift Rate -0.000000, index 927924
Top hit found! SNR 12.525061, Drift Rate -0.000000, index 44252
Top hit found! SNR 11.651377, Drift Rate -0.000000, index 46391
Top hit found! SNR 1334.528442, Drift Rate -0.000000, index 51062
Top hit found! SNR 17.166769, Drift Rate -0.000000, index 53531
Top hit found! SNR 44.453148, Drift Rate -0.000000, index 110215
Top hit found! SNR 14.766115, Drift Rate -0.000000, index 112375
Top hit found! SNR 11.324359, Drift Rate -0.000000, index 143197
Top hit found! SNR 19.205730, Drift Rate -0.000000, index 176178
Top hit found! SNR 24.389809, Drift Rate -0.000000, index 178359
Top hit found! SNR 30.383097, Drift Rate -0.000000, index 275119
Top hit found! SNR 32.707870, Drift Rate -0.000000, index 310323
Top hit found! SNR 2169.141846, Drift Rate -0.000000, index 342535
Top hit found! SNR 12.485223, Drift Rate -0.000000, index 374059
Top hit found! SNR 9683.777344, Drift Rate -0.000000, index 440022
Top hit found! SNR 11.612668, Drift Rate -0.000000, index 473004
Top hit found! SNR 77.193634, Drift Rate 6.065155, index 524567
Top hit found! SNR 16.135342, Drift Rate -0.000000, index 538963
Top hit found! SNR 31.485182, Drift Rate -0.000000, index 571944
Top hit found! SNR 10.521492, Drift Rate -0.000000, index 574249
Top hit found! SNR 18.612387, Drift Rate -0.000000, index 604926
Top hit found! SNR 25.233244, Drift Rate -0.000000, index 703867
Top hit found! SNR 15.464381, Drift Rate -0.000000, index 835793
Top hit found! SNR 12.422463, Drift Rate -0.009566, index 868770
Top hit found! SNR 18362.982422, Drift Rate -0.000000, index 51062
Top hit found! SNR 316.627930, Drift Rate -0.000000, index 53531
Top hit found! SNR 45.028736, Drift Rate 0.009566, index 55511
Top hit found! SNR 24.815496, Drift Rate -0.000000, index 215965
Top hit found! SNR 10.865685, Drift Rate -0.000000, index 281929
Top hit found! SNR 50.642662, Drift Rate -0.000000, index 314906
Top hit found! SNR 10.630125, Drift Rate -0.000000, index 380869
Top hit found! SNR 25.777040, Drift Rate -0.000000, index 446832
Top hit found! SNR 14.670134, Drift Rate -0.000000, index 479810
Top hit found! SNR 15.844003, Drift Rate -0.000000, index 512791
Top hit found! SNR 77.460663, Drift Rate -4.687580, index 524072
Top hit found! SNR 38.241199, Drift Rate -0.000000, index 545773
Top hit found! SNR 24.399586, Drift Rate -0.000000, index 578755
Top hit found! SNR 21.037092, Drift Rate -0.000000, index 611736
Top hit found! SNR 2745.130859, Drift Rate -0.000000, index 710677
Top hit found! SNR 57.786503, Drift Rate -0.000000, index 713351
Top hit found! SNR 28.645540, Drift Rate 0.009566, index 715497
Top hit found! SNR 14.481981, Drift Rate -0.114798, index 735109
Top hit found! SNR 12.463048, Drift Rate -0.000000, index 809617
Top hit found! SNR 34.056782, Drift Rate -0.000000, index 842599
Top hit found! SNR 12.596675, Drift Rate -0.009566, index 875580
Top hit found! SNR 13.218899, Drift Rate -0.000000, index 941544
Top hit found! SNR 50.410866, Drift Rate -0.000000, index 974521
Top hit found! SNR 21.960329, Drift Rate -0.000000, index 57872
Top hit found! SNR 35.884327, Drift Rate -0.000000, index 156812
Top hit found! SNR 4044.826416, Drift Rate -0.000000, index 321716
Top hit found! SNR 52.794666, Drift Rate -0.000000, index 324520
Top hit found! SNR 72.868660, Drift Rate 5.223303, index 524528
Top hit found! SNR 73.579803, Drift Rate -0.000000, index 585560
Top hit found! SNR 21.657087, Drift Rate -0.000000, index 618542
Top hit found! SNR 24.787775, Drift Rate -0.000000, index 651523
Top hit found! SNR 12.877116, Drift Rate -0.000000, index 684505
Top hit found! SNR 55.413387, Drift Rate -0.000000, index 717487
Top hit found! SNR 16.932289, Drift Rate -0.000000, index 816427
Top hit found! SNR 32.273643, Drift Rate -0.000000, index 849409
Top hit found! SNR 11.980041, Drift Rate -0.000000, index 854896
Top hit found! SNR 2718.044922, Drift Rate -0.000000, index 981331
Top hit found! SNR 54.244667, Drift Rate 0.009566, index 984336
Top hit found! SNR 362.977020, Drift Rate -0.000000, index 986892
Top hit found! SNR 10.930955, Drift Rate -0.000000, index 64677
Top hit found! SNR 14.689197, Drift Rate -0.000000, index 97659
Top hit found! SNR 17.552567, Drift Rate -0.000000, index 196599
Top hit found! SNR 41.519646, Drift Rate -0.000000, index 199684
Top hit found! SNR 21.496883, Drift Rate -0.000000, index 202309
Top hit found! SNR 13.530428, Drift Rate -0.000000, index 262563
Top hit found! SNR 14.787231, Drift Rate -0.000000, index 265667
Top hit found! SNR 11.161584, Drift Rate -0.000000, index 298659
Top hit found! SNR 22.957554, Drift Rate -0.000000, index 328526
Top hit found! SNR 25.777224, Drift Rate 0.009566, index 331651
Top hit found! SNR 21.407398, Drift Rate 0.009566, index 334310
Top hit found! SNR 19.730303, Drift Rate -0.000000, index 427466
Top hit found! SNR 25.773781, Drift Rate -0.000000, index 463613
Top hit found! SNR 69.570900, Drift Rate -5.653795, index 524028
Top hit found! SNR 1893.140503, Drift Rate -0.000000, index 592370
Top hit found! SNR 592.160095, Drift Rate -0.000000, index 595575
Top hit found! SNR 99.234444, Drift Rate -0.000000, index 598302
Top hit found! SNR 15.312857, Drift Rate -0.000000, index 727537
Top hit found! SNR 23.802492, Drift Rate -0.000000, index 757274
Top hit found! SNR 28.364548, Drift Rate -0.000000, index 775946
Top hit found! SNR 85.367188, Drift Rate -0.000000, index 856214
Top hit found! SNR 15.667089, Drift Rate -0.000000, index 862295
Top hit found! SNR 22.559851, Drift Rate -0.000000, index 889196
Top hit found! SNR 47.791096, Drift Rate -0.000000, index 922178
Top hit found! SNR 11.555359, Drift Rate -0.000000, index 928295
Top hit found! SNR 13.604587, Drift Rate -0.009566, index 955159
Top hit found! SNR 68.159706, Drift Rate -0.000000, index 981331
Top hit found! SNR 62.321743, Drift Rate -0.000000, index 988141
Top hit found! SNR 19.106859, Drift Rate -0.000000, index 71487
Top hit found! SNR 10.382580, Drift Rate -0.000000, index 77716
Top hit found! SNR 1466.691406, Drift Rate -0.000000, index 203409
Top hit found! SNR 377.286102, Drift Rate -0.000000, index 206907
Top hit found! SNR 508.440491, Drift Rate -0.000000, index 209712
Top hit found! SNR 22.575829, Drift Rate -0.000000, index 335331
Top hit found! SNR 11.273193, Drift Rate -0.009566, index 470833
Top hit found! SNR 62.283096, Drift Rate 1.224511, index 524345
Top hit found! SNR 15.182234, Drift Rate -0.000000, index 602801
Top hit found! SNR 327.296539, Drift Rate -0.000000, index 863024
Top hit found! SNR 136.405945, Drift Rate -0.000000, index 866728
Top hit found! SNR 14.616079, Drift Rate -0.000000, index 144256
Top hit found! SNR 46.704712, Drift Rate -0.000000, index 474064
Top hit found! SNR 28.801277, Drift Rate -0.000000, index 477973
Top hit found! SNR 13.440824, Drift Rate -0.000000, index 481108
Top hit found! SNR 55.529976, Drift Rate 4.821511, index 524508
Top hit found! SNR 10.538138, Drift Rate -0.000000, index 737908
Top hit found! SNR 10.777409, Drift Rate -0.000000, index 869834
Top hit found! SNR 473.864685, Drift Rate -0.000000, index 85103
Top hit found! SNR 25.244215, Drift Rate -0.000000, index 89218
Top hit found! SNR 18.133537, Drift Rate -0.000000, index 221071
Top hit found! SNR 13.507637, Drift Rate -0.000000, index 250006
Top hit found! SNR 95.552460, Drift Rate -0.000000, index 348947
Top hit found! SNR 24.000795, Drift Rate -0.000000, index 353033
Top hit found! SNR 25.265347, Drift Rate -0.000000, index 381928
Top hit found! SNR 66.152771, Drift Rate -0.000000, index 414910
Top hit found! SNR 14.169689, Drift Rate -0.000000, index 419128
Top hit found! SNR 29.871679, Drift Rate -0.000000, index 447892
Top hit found! SNR 10.183258, Drift Rate -0.000000, index 452120
Top hit found! SNR 62.606941, Drift Rate -0.009566, index 480873
Top hit found! SNR 39.008099, Drift Rate -0.000000, index 485000
Top hit found! SNR 50.719048, Drift Rate 5.051106, index 524518
Top hit found! SNR 12.203782, Drift Rate -0.000000, index 546832
Top hit found! SNR 37.776463, Drift Rate -0.000000, index 579814
Top hit found! SNR 29.395958, Drift Rate -0.000000, index 583970
Top hit found! SNR 113.857193, Drift Rate -0.000000, index 612796
Top hit found! SNR 44.486149, Drift Rate -0.000000, index 617075
Top hit found! SNR 21.639820, Drift Rate -0.000000, index 645777
Top hit found! SNR 11.449290, Drift Rate -0.000000, index 650067
Top hit found! SNR 996.793884, Drift Rate -0.000000, index 744718
Top hit found! SNR 421.054993, Drift Rate -0.000000, index 748924
Top hit found! SNR 167.926102, Drift Rate 0.009566, index 752504
Top hit found! SNR 45.937794, Drift Rate -0.000000, index 876640
Top hit found! SNR 24.188169, Drift Rate -0.000000, index 880886
Top hit found! SNR 21.024740, Drift Rate -0.009566, index 909621
Top hit found! SNR 21.608526, Drift Rate -0.000000, index 913878
Top hit found! SNR 13.585905, Drift Rate 0.009566, index 1012849
Top hit found! SNR 14.925076, Drift Rate -0.000000, index 96239
Top hit found! SNR 26.265303, Drift Rate -0.000000, index 160782
Top hit found! SNR 14.943710, Drift Rate 0.009566, index 228202
Top hit found! SNR 424.889221, Drift Rate -0.000000, index 355757
Top hit found! SNR 192.702881, Drift Rate 0.009566, index 360164
Top hit found! SNR 46.263393, Drift Rate 2.391623, index 524397
Top hit found! SNR 116.019524, Drift Rate -0.000000, index 1015372
Top hit found! SNR 18.966921, Drift Rate -0.000000, index 1020104
Top hit found! SNR 18.217972, Drift Rate -0.000000, index 98718
Top hit found! SNR 10.920404, Drift Rate -0.000000, index 131700
Top hit found! SNR 17.690094, Drift Rate -0.000000, index 230640
Top hit found! SNR 19.090117, Drift Rate -0.000000, index 362567
Top hit found! SNR 43.806129, Drift Rate 0.468758, index 524308
Top hit found! SNR 17.574055, Drift Rate -0.000000, index 626411
Top hit found! SNR 51.849529, Drift Rate 0.009566, index 631219
Top hit found! SNR 14.883904, Drift Rate -0.009566, index 890255
Top hit found! SNR 16.546535, Drift Rate -0.000000, index 1015372
Top hit found! SNR 21.110474, Drift Rate -0.000000, index 237450
Top hit found! SNR 43.124001, Drift Rate -0.000000, index 242594
Top hit found! SNR 32.041325, Drift Rate 8.217615, index 524664
Top hit found! SNR 13.011172, Drift Rate -0.009566, index 897065
Top hit found! SNR 18.097383, Drift Rate -0.009566, index 117765
Top hit found! SNR 13.607119, Drift Rate -0.000000, index 178297
Top hit found! SNR 20.775202, Drift Rate -0.000000, index 183749
Top hit found! SNR 10.624548, Drift Rate -0.000000, index 244260
Top hit found! SNR 21.805788, Drift Rate -0.000000, index 249733
Top hit found! SNR 14.484485, Drift Rate -0.000000, index 376183
Top hit found! SNR 21.817419, Drift Rate -0.000000, index 381697
Top hit found! SNR 462.332306, Drift Rate -0.000000, index 508105
Top hit found! SNR 546.358032, Drift Rate -0.000000, index 513660
Top hit found! SNR 33.974213, Drift Rate 5.165905, index 524524
Top hit found! SNR 25.631636, Drift Rate -0.000000, index 594193
Top hit found! SNR 13.028108, Drift Rate -0.000000, index 645623
Top hit found! SNR 10.959357, Drift Rate -0.000000, index 678615
Top hit found! SNR 10.509029, Drift Rate -0.000000, index 777586
Top hit found! SNR 127.649307, Drift Rate -0.000000, index 119144
Top hit found! SNR 12.465036, Drift Rate -0.000000, index 124752
Top hit found! SNR 32.843674, Drift Rate -8.428078, index 523902
Top hit found! SNR 15.562951, Drift Rate -0.000000, index 646837
Top hit found! SNR 744.048462, Drift Rate -0.000000, index 778759
Top hit found! SNR 71.092583, Drift Rate -0.009566, index 784725
Top hit found! SNR 11.562328, Drift Rate -0.000000, index 910681
Top hit found! SNR 20.418051, Drift Rate -0.000000, index 837
Top hit found! SNR 1080.200928, Drift Rate -0.000000, index 389798
Top hit found! SNR 161.322357, Drift Rate -0.000000, index 395807
Top hit found! SNR 30.062330, Drift Rate -8.475910, index 523899
Top hit found! SNR 10.265222, Drift Rate -0.000000, index 653642
Top hit found! SNR 12.343707, Drift Rate -0.000000, index 917491
Top hit found! SNR 20.529367, Drift Rate -0.000000, index 837
Top hit found! SNR 30.598333, Drift Rate -7.930620, index 523926
Top hit found! SNR 31.366398, Drift Rate -0.000000, index 660452
Top hit found! SNR 51.504910, Drift Rate -0.000000, index 271491
Top hit found! SNR 29.358412, Drift Rate -5.931224, index 524017
Top hit found! SNR 15.144040, Drift Rate -0.009566, index 931106
Top hit found! SNR 30.740044, Drift Rate -0.000000, index 938102
Top hit found! SNR 27.466368, Drift Rate 3.520468, index 524450
Top hit found! SNR 14.779201, Drift Rate -0.000000, index 549347
Top hit found! SNR 24.074928, Drift Rate -0.000000, index 153185
Top hit found! SNR 52.993553, Drift Rate -0.000000, index 160592
Top hit found! SNR 26.346937, Drift Rate 8.227181, index 524664
Top hit found! SNR 111.999580, Drift Rate -0.000000, index 412440
Top hit found! SNR 25.678291, Drift Rate 1.004481, index 524335
Top hit found! SNR 25.893702, Drift Rate 8.925535, index 524695
Top hit found! SNR 16.559210, Drift Rate -0.000000, index 694493
Top hit found! SNR 15.092091, Drift Rate -0.000000, index 702723
Top hit found! SNR 24.888256, Drift Rate -0.009566, index 305532
Top hit found! SNR 24.420584, Drift Rate -2.362923, index 524179
Top hit found! SNR 27.557213, Drift Rate -0.000000, index 965148
Top hit found! SNR 25.525553, Drift Rate 8.198482, index 524662
Top hit found! SNR 14.284067, Drift Rate -0.000000, index 576187
Top hit found! SNR 25.397213, Drift Rate -9.040333, index 523876
Top hit found! SNR 10.251598, Drift Rate -0.000000, index 467094
Top hit found! SNR 24.855120, Drift Rate 4.304920, index 524485
Top hit found! SNR 24.319321, Drift Rate -9.748253, index 523843
Top hit found! SNR 21.940645, Drift Rate -0.000000, index 728534
Top hit found! SNR 35.214096, Drift Rate -0.000000, index 230687
Top hit found! SNR 23.785759, Drift Rate -9.164698, index 523867
Top hit found! SNR 17.992422, Drift Rate -0.000000, index 610228
Top hit found! SNR 12.675048, Drift Rate -0.000000, index 971680
Top hit found! SNR 15.948172, Drift Rate -0.000000, index 221267
Top hit found! SNR 24.289436, Drift Rate 2.831681, index 524418
Top hit found! SNR 13.250767, Drift Rate -0.000000, index 880882
Top hit found! SNR 24.467793, Drift Rate 5.558131, index 524543
Top hit found! SNR 52028.550781, Drift Rate -0.000000, index 664098
Top hit found! SNR 24.596251, Drift Rate -8.657673, index 523891
Top hit found! SNR 24.267851, Drift Rate 5.759027, index 524553
Top hit found! SNR 24.441113, Drift Rate -4.333620, index 524089
Top hit found! SNR 23.645275, Drift Rate -0.908817, index 524247
Top hit found! SNR 23.906170, Drift Rate 5.558131, index 524542
Top hit found! SNR 12.188902, Drift Rate -0.000000, index 137001
Top hit found! SNR 24.917618, Drift Rate -8.963800, index 523879
Top hit found! SNR 24.540720, Drift Rate -5.998189, index 524013
Top hit found! SNR 25.376169, Drift Rate -9.987415, index 523832
Top hit found! SNR 191.872253, Drift Rate 0.153064, index 156421
Top hit found! SNR 13.076644, Drift Rate -0.028699, index 191471
Top hit found! SNR 25.335424, Drift Rate -4.984141, index 524060
Top hit found! SNR 25.496986, Drift Rate -5.500731, index 524037
Top hit found! SNR 25.806339, Drift Rate 1.970697, index 524380
Top hit found! SNR 26.849205, Drift Rate -1.119279, index 524236
Top hit found! SNR 25.795219, Drift Rate -6.973971, index 523968
Top hit found! SNR 20.233850, Drift Rate -0.000000, index 300592
Top hit found! SNR 28.362913, Drift Rate 2.008963, index 524381
Top hit found! SNR 26.111172, Drift Rate 4.151856, index 524479
Top hit found! SNR 26.204763, Drift Rate -2.162027, index 524188
Top hit found! SNR 25.518372, Drift Rate -8.275014, index 523910
Top hit found! SNR 25.625763, Drift Rate -6.926138, index 523972
Top hit found! SNR 25.760855, Drift Rate -1.674136, index 524212
Top hit found! SNR 16.225037, Drift Rate -0.000000, index 872896
Top hit found! SNR 26.093679, Drift Rate -0.114798, index 524281
Top hit found! SNR 25.784920, Drift Rate -3.817029, index 524112
Top hit found! SNR 25.966312, Drift Rate -3.721364, index 524117
Top hit found! SNR 25.663116, Drift Rate -6.141686, index 524008
Top hit found! SNR 20.720428, Drift Rate 0.172197, index 874891
Top hit found! SNR 13.675384, Drift Rate -0.076532, index 894761
Top hit found! SNR 25.725721, Drift Rate -0.602689, index 524261
Top hit found! SNR 25.639910, Drift Rate 2.755149, index 524413
Top hit found! SNR 21.629694, Drift Rate -0.000000, index 244085
Top hit found! SNR 25.368399, Drift Rate -5.701628, index 524028
Top hit found! SNR 25.851618, Drift Rate 1.291476, index 524348
Top hit found! SNR 26.158094, Drift Rate 1.253210, index 524344
Top hit found! SNR 26.506762, Drift Rate -0.794019, index 524253
Top hit found! SNR 6507.443848, Drift Rate -0.000000, index 524225
Top hit found! SNR 27.628033, Drift Rate -0.000000, index 803908
Top hit found! SNR 357.635925, Drift Rate -0.000000, index 367590
Top hit found! SNR 25.691332, Drift Rate 0.181763, index 228817
Top hit found! SNR 12.767215, Drift Rate -0.076532, index 248673
Top hit found! SNR 15.386202, Drift Rate -0.057399, index 651161
Top hit found! SNR 16.944954, Drift Rate -0.000000, index 546728
Top hit found! SNR 21.299116, Drift Rate 0.009566, index 174064
Top hit found! SNR 10.628720, Drift Rate 0.047832, index 175672
Top hit found! SNR 41.783436, Drift Rate 0.009566, index 569168
Top hit found! SNR 77.319641, Drift Rate -0.000000, index 680986
Top hit found! SNR 28.519859, Drift Rate -0.009566, index 328111
Top hit found! SNR 675.309814, Drift Rate -0.000000, index 384478
Top hit found! SNR 100.890015, Drift Rate -0.095665, index 1021472
Top hit found! SNR 66.844421, Drift Rate 0.382660, index 1024165
Top hit found! SNR 28.792717, Drift Rate -0.076532, index 1021472
Top hit found! SNR 16.274281, Drift Rate -2.075928, index 357659
Top hit found! SNR 12.424744, Drift Rate 0.028699, index 801456
Top hit found! SNR 13.027647, Drift Rate -0.057399, index 475393
Top hit found! SNR 79.175568, Drift Rate -0.315694, index 512442
Top hit found! SNR 1077.296631, Drift Rate 0.066965, index 528235
Top hit found! SNR 351.821259, Drift Rate 0.640955, index 533037
Top hit found! SNR 328.625916, Drift Rate 0.526157, index 536271
Top hit found! SNR 539.309631, Drift Rate 0.038266, index 540579
Top hit found! SNR 25.851540, Drift Rate 0.373093, index 588271
Top hit found! SNR 28.220608, Drift Rate 0.057399, index 39895
Top hit found! SNR 11.843747, Drift Rate -0.009566, index 44621
Top hit found! SNR 24.557528, Drift Rate 0.057399, index 46356
Top hit found! SNR 18.987823, Drift Rate -0.000000, index 104858
Top hit found! SNR 71.730438, Drift Rate 0.497457, index 36680
Top hit found! SNR 220.083267, Drift Rate 0.057399, index 39895
Top hit found! SNR 135.586746, Drift Rate -0.009566, index 44622
Top hit found! SNR 276.609985, Drift Rate 0.057399, index 46356
Top hit found! SNR 90.664177, Drift Rate -0.066965, index 47943
Top hit found! SNR 15.199728, Drift Rate -0.009566, index 51944
Top hit found! SNR 21.538139, Drift Rate 0.076532, index 405031
Top hit found! SNR 27.696198, Drift Rate 0.009566, index 524289
Top hit found! SNR 14.041071, Drift Rate -0.000000, index 591607
Top hit found! SNR 22.423334, Drift Rate 0.019133, index 524291
Top hit found! SNR 25.412132, Drift Rate 0.028699, index 524292
Top hit found! SNR 27.497442, Drift Rate -0.019133, index 524285
Top hit found! SNR 29.828861, Drift Rate -0.000000, index 524289
Top hit found! SNR 18.028996, Drift Rate -0.066965, index 886654
Top hit found! SNR 30.395412, Drift Rate 0.028699, index 524290
Top hit found! SNR 30.080530, Drift Rate -0.019133, index 524285
Top hit found! SNR 29.775513, Drift Rate -0.009566, index 524288
Top hit found! SNR 30.015575, Drift Rate -0.000000, index 524289
Top hit found! SNR 33.412155, Drift Rate -0.000000, index 524289
Top hit found! SNR 35.843494, Drift Rate -0.000000, index 524287
Top hit found! SNR 13.439173, Drift Rate 0.038266, index 757897
Top hit found! SNR 14.034859, Drift Rate -0.143497, index 470966
Top hit found! SNR 16.738665, Drift Rate 0.688787, index 608909
Top hit found! SNR 47.737614, Drift Rate -0.009566, index 683273
Top hit found! SNR 11.943498, Drift Rate -8.695939, index 567705
Top hit found! SNR 572.526672, Drift Rate 1.377575, index 268744
Top hit found! SNR 2066.285889, Drift Rate 0.009566, index 271503
Top hit found! SNR 229.129211, Drift Rate 1.511505, index 278296
Top hit found! SNR 18.079439, Drift Rate -0.028699, index 280270
Top hit found! SNR 171.808960, Drift Rate -0.000000, index 375811
Top hit found! SNR 30.874340, Drift Rate -0.019133, index 1013114
Top hit found! SNR 17.833912, Drift Rate -0.057399, index 697705
Top hit found! SNR 12.138477, Drift Rate -0.000000, index 1033151
Top hit found! SNR 24.072634, Drift Rate -0.220029, index 729858
Top hit found! SNR 11.332096, Drift Rate -0.248729, index 783902
Top hit found! SNR 13.162828, Drift Rate -0.889684, index 787929
Top hit found! SNR 61.139328, Drift Rate -0.277428, index 796886
Top hit found! SNR 12.708631, Drift Rate -0.679221, index 801150
Top hit found! SNR 12.732016, Drift Rate -0.239162, index 805410
Top hit found! SNR 13.008884, Drift Rate -0.210463, index 810247
Top hit found! SNR 36.397873, Drift Rate -0.009566, index 334452
Top hit found! SNR 27.065260, Drift Rate -0.000000, index 697653
Top hit found! SNR 79.375504, Drift Rate -0.000000, index 684330
Top hit found! SNR 11.058001, Drift Rate -0.000000, index 803797
Top hit found! SNR 34.715466, Drift Rate -0.000000, index 829001
Top hit found! SNR 2894.951172, Drift Rate -0.000000, index 135431
Top hit found! SNR 2061.243896, Drift Rate -0.000000, index 138384
Top hit found! SNR 2319.850098, Drift Rate -0.000000, index 141314
Top hit found! SNR 1443.935547, Drift Rate 0.009566, index 848705
Top hit found! SNR 1708.385132, Drift Rate 0.009566, index 850226
Top hit found! SNR 2232.236328, Drift Rate 0.009566, index 852105
Top hit found! SNR 2024.769165, Drift Rate 0.009566, index 856445
Top hit found! SNR 2312.127930, Drift Rate 0.009566, index 858190
Top hit found! SNR 30.982933, Drift Rate -0.009566, index 352803
Top hit found! SNR 17.305061, Drift Rate 0.019133, index 301841
Top hit found! SNR 70.452927, Drift Rate 0.009566, index 323757
Top hit found! SNR 356.612549, Drift Rate -0.000000, index 345673
Top hit found! SNR 12.136036, Drift Rate -0.172197, index 353718
Top hit found! SNR 542917.000000, Drift Rate -0.000000, index 367590
Top hit found! SNR 10.910110, Drift Rate 0.172197, index 381462
Top hit found! SNR 289.833344, Drift Rate -0.000000, index 389507
Top hit found! SNR 66.037651, Drift Rate -0.009566, index 411423
Top hit found! SNR 15.568136, Drift Rate -0.019133, index 433339
Top hit found! SNR 10.666297, Drift Rate -0.000000, index 726136
Top hit found! SNR 8239.421875, Drift Rate -0.000000, index 745905
Top hit found! SNR 5023.572266, Drift Rate -0.000000, index 748053
Top hit found! SNR 4340.998535, Drift Rate -0.000000, index 750558
Top hit found! SNR 5921.099609, Drift Rate -0.000000, index 752348
Top hit found! SNR 5644.603027, Drift Rate -0.000000, index 754316
Top hit found! SNR 18.755604, Drift Rate -0.000000, index 904461
Top hit found! SNR 14.879830, Drift Rate -0.000000, index 51060
Top hit found! SNR 27.983990, Drift Rate -0.009566, index 53565
Top hit found! SNR 50.267784, Drift Rate -0.000000, index 56071
Top hit found! SNR 72.785843, Drift Rate -0.000000, index 58576
Top hit found! SNR 103.877190, Drift Rate -0.000000, index 61082
Top hit found! SNR 128.868378, Drift Rate -0.000000, index 63587
Top hit found! SNR 130.824265, Drift Rate -0.000000, index 66093
Top hit found! SNR 126.246704, Drift Rate -0.000000, index 68598
Top hit found! SNR 87.084976, Drift Rate -0.009566, index 71103
Top hit found! SNR 47.357018, Drift Rate -0.000000, index 73609
Top hit found! SNR 12.298783, Drift Rate -0.000000, index 76114
Top hit found! SNR 21.752354, Drift Rate -0.000000, index 83630
Top hit found! SNR 26.884947, Drift Rate -0.000000, index 86136
Top hit found! SNR 15.595239, Drift Rate -0.000000, index 88641
Top hit found! SNR 11.874480, Drift Rate 0.095665, index 93717
Top hit found! SNR 12.105272, Drift Rate 0.095665, index 95400
Top hit found! SNR 10.086411, Drift Rate 0.066965, index 107812
Top hit found! SNR 12.779396, Drift Rate 0.066965, index 110442
Top hit found! SNR 11.005829, Drift Rate 0.095665, index 115179
Top hit found! SNR 11.033533, Drift Rate 0.066965, index 130221
Top hit found! SNR 16.149588, Drift Rate 0.066965, index 135376
Top hit found! SNR 12.967883, Drift Rate 0.095665, index 141691
Top hit found! SNR 13.234876, Drift Rate 0.095665, index 149476
Top hit found! SNR 14.019984, Drift Rate 0.095665, index 154631
Top hit found! SNR 13.377060, Drift Rate 0.095665, index 166940
Top hit found! SNR 16.155432, Drift Rate 0.095665, index 170412
Top hit found! SNR 13.466030, Drift Rate 0.095665, index 174094
Top hit found! SNR 13.554554, Drift Rate 0.095665, index 182195
Top hit found! SNR 11.721135, Drift Rate 0.095665, index 186298
Top hit found! SNR 11.502136, Drift Rate 0.066965, index 189557
Top hit found! SNR 10.491685, Drift Rate 0.028699, index 191658
Top hit found! SNR 12.597383, Drift Rate 0.066965, index 199341
Top hit found! SNR 18.671186, Drift Rate 0.066965, index 206811
Top hit found! SNR 12.665856, Drift Rate 0.066965, index 208494
Top hit found! SNR 16.081331, Drift Rate 0.086098, index 213125
Top hit found! SNR 10.641260, Drift Rate 0.066965, index 216069
Top hit found! SNR 25.185661, Drift Rate 0.095665, index 219859
Top hit found! SNR 12.145916, Drift Rate 0.066965, index 222697
Top hit found! SNR 12.447012, Drift Rate 0.066965, index 225327
Top hit found! SNR 10.130733, Drift Rate 0.066965, index 228378
Top hit found! SNR 16.847317, Drift Rate 0.066965, index 230903
Top hit found! SNR 11.280095, Drift Rate 0.066965, index 233954
Top hit found! SNR 18.361609, Drift Rate 0.066965, index 239109
Top hit found! SNR 14.973595, Drift Rate 0.086098, index 242688
Top hit found! SNR 26.429422, Drift Rate 0.066965, index 245527
Top hit found! SNR 14.009465, Drift Rate 0.066965, index 249104
Top hit found! SNR 15.700510, Drift Rate 0.066965, index 251208
Top hit found! SNR 15.571319, Drift Rate 0.095665, index 253630
Top hit found! SNR 19.246056, Drift Rate 0.066965, index 256994
Top hit found! SNR 14.161151, Drift Rate 0.066965, index 260361
Top hit found! SNR 11.165166, Drift Rate 0.066965, index 267199
Top hit found! SNR 11.175179, Drift Rate 0.076532, index 269514
Top hit found! SNR 14.627717, Drift Rate 0.028699, index 271720
Top hit found! SNR 10.235550, Drift Rate 0.066965, index 273196
Top hit found! SNR 14.572276, Drift Rate 0.047832, index 274983
Top hit found! SNR 20.906097, Drift Rate -0.076532, index 277505
Top hit found! SNR 11.952522, Drift Rate 0.047832, index 281085
Top hit found! SNR 10.276780, Drift Rate 0.076532, index 289398
Top hit found! SNR 11.238954, Drift Rate 0.047832, index 293920
Top hit found! SNR 20.627102, Drift Rate -0.086098, index 297389
Top hit found! SNR 13.268875, Drift Rate -0.028699, index 302230
Top hit found! SNR 11.715043, Drift Rate -0.076532, index 304122
Top hit found! SNR 10.378923, Drift Rate 0.047832, index 306860
Top hit found! SNR 16.077793, Drift Rate -0.057399, index 308752
Top hit found! SNR 13.330702, Drift Rate 0.047832, index 310332
Top hit found! SNR 13.193806, Drift Rate -0.076532, index 312749
Top hit found! SNR 15.557298, Drift Rate -0.057399, index 314433
Top hit found! SNR 13.942890, Drift Rate -0.066965, index 315906
Top hit found! SNR 11.103670, Drift Rate -0.019133, index 318642
Top hit found! SNR 23.245842, Drift Rate -0.076532, index 321166
Top hit found! SNR 13.494558, Drift Rate -0.076532, index 329477
Top hit found! SNR 12.409205, Drift Rate -0.057399, index 334738
Top hit found! SNR 13.467562, Drift Rate -0.086098, index 337683
Top hit found! SNR 10.350694, Drift Rate -0.086098, index 343785
Top hit found! SNR 11.334871, Drift Rate -0.086098, index 346836
Top hit found! SNR 14.848785, Drift Rate -0.086098, index 350308
Top hit found! SNR 13.088056, Drift Rate -0.086098, index 360197
Top hit found! SNR 12.667452, Drift Rate -0.066965, index 376084
Top hit found! SNR 10.353165, Drift Rate -0.086098, index 380081
Top hit found! SNR 16.056149, Drift Rate -0.086098, index 387656
Top hit found! SNR 18.440893, Drift Rate -0.000000, index 43544
Top hit found! SNR 47.570568, Drift Rate -0.009566, index 46049
Top hit found! SNR 116.652214, Drift Rate -0.000000, index 48555
Top hit found! SNR 251.976746, Drift Rate -0.000000, index 51060
Top hit found! SNR 498.061005, Drift Rate -0.000000, index 53566
Top hit found! SNR 972.738892, Drift Rate -0.000000, index 56071
Top hit found! SNR 1626.426025, Drift Rate -0.000000, index 58576
Top hit found! SNR 2609.697510, Drift Rate -0.000000, index 61082
Top hit found! SNR 3727.847656, Drift Rate -0.000000, index 63587
Top hit found! SNR 4452.025879, Drift Rate -0.000000, index 66093
Top hit found! SNR 4950.264160, Drift Rate -0.000000, index 68598
Top hit found! SNR 4157.699219, Drift Rate -0.000000, index 71103
Top hit found! SNR 2632.466064, Drift Rate -0.000000, index 73609
Top hit found! SNR 881.196472, Drift Rate -0.000000, index 76114
Top hit found! SNR 709.028748, Drift Rate -0.000000, index 81125
Top hit found! SNR 2369.626953, Drift Rate -0.000000, index 83630
Top hit found! SNR 3381.882080, Drift Rate -0.000000, index 86136
Top hit found! SNR 2593.025391, Drift Rate -0.000000, index 88641
Top hit found! SNR 650.632507, Drift Rate -0.009566, index 91146
Top hit found! SNR 63.908905, Drift Rate -0.000000, index 93652
Top hit found! SNR 1564.630981, Drift Rate -0.000000, index 96157
Top hit found! SNR 3000.281494, Drift Rate -0.000000, index 98663
Top hit found! SNR 2231.572754, Drift Rate -0.000000, index 101168
Top hit found! SNR 261.742615, Drift Rate -0.009566, index 103673
Top hit found! SNR 494.743134, Drift Rate -0.000000, index 106179
Top hit found! SNR 2518.798340, Drift Rate -0.000000, index 108684
Top hit found! SNR 2542.291992, Drift Rate -0.000000, index 111190
Top hit found! SNR 499.697632, Drift Rate -0.000000, index 113695
Top hit found! SNR 402.131622, Drift Rate -0.000000, index 116200
Top hit found! SNR 2611.840576, Drift Rate -0.000000, index 118706
Top hit found! SNR 2273.456055, Drift Rate -0.000000, index 121211
Top hit found! SNR 135.909363, Drift Rate -0.000000, index 123717
Top hit found! SNR 1105.791382, Drift Rate -0.000000, index 126222
Top hit found! SNR 2754.283936, Drift Rate -0.000000, index 128727
Top hit found! SNR 1101.715454, Drift Rate -0.000000, index 131233
Top hit found! SNR 204.556992, Drift Rate -0.000000, index 133738
Top hit found! SNR 2441.674561, Drift Rate -0.000000, index 136244
Top hit found! SNR 1927.234131, Drift Rate -0.000000, index 138749
Top hit found! SNR 2067.245117, Drift Rate -0.000000, index 143760
Top hit found! SNR 2195.861328, Drift Rate -0.000000, index 146265
Top hit found! SNR 1944.205078, Drift Rate -0.000000, index 151276
Top hit found! SNR 2033.641846, Drift Rate -0.009566, index 153781
Top hit found! SNR 2063.802002, Drift Rate -0.000000, index 158792
Top hit found! SNR 1636.048828, Drift Rate -0.000000, index 161298
Top hit found! SNR 96.544182, Drift Rate -0.000000, index 163803
Top hit found! SNR 2365.590088, Drift Rate -0.009566, index 166308
Top hit found! SNR 946.632751, Drift Rate -0.000000, index 168814
Top hit found! SNR 686.581360, Drift Rate -0.000000, index 171319
Top hit found! SNR 2487.261475, Drift Rate -0.000000, index 173825
Top hit found! SNR 120.021324, Drift Rate -0.000000, index 176330
Top hit found! SNR 1820.752075, Drift Rate -0.000000, index 178835
Top hit found! SNR 1639.223022, Drift Rate -0.000000, index 181341
Top hit found! SNR 318.756866, Drift Rate -0.000000, index 183846
Top hit found! SNR 2597.486572, Drift Rate -0.000000, index 186352
Top hit found! SNR 172.923859, Drift Rate -0.000000, index 188857
Top hit found! SNR 1975.769531, Drift Rate -0.000000, index 191362
Top hit found! SNR 1415.962524, Drift Rate -0.000000, index 193868
Top hit found! SNR 709.360962, Drift Rate -0.000000, index 196373
Top hit found! SNR 2454.056641, Drift Rate -0.000000, index 198879
Top hit found! SNR 15.589714, Drift Rate -0.000000, index 201384
Top hit found! SNR 2644.828857, Drift Rate -0.000000, index 203889
Top hit found! SNR 283.106720, Drift Rate -0.000000, index 206395
Top hit found! SNR 2130.371582, Drift Rate -0.000000, index 208900
Top hit found! SNR 1015.573181, Drift Rate -0.000000, index 211406
Top hit found! SNR 1355.848877, Drift Rate -0.000000, index 213911
Top hit found! SNR 1798.188477, Drift Rate -0.000000, index 216416
Top hit found! SNR 667.458679, Drift Rate -0.000000, index 218922
Top hit found! SNR 2506.302002, Drift Rate -0.000000, index 221427
Top hit found! SNR 245.656219, Drift Rate -0.000000, index 223933
Top hit found! SNR 2858.251221, Drift Rate -0.000000, index 226438
Top hit found! SNR 73.386208, Drift Rate -0.000000, index 228943
Top hit found! SNR 2893.330322, Drift Rate -0.000000, index 231449
Top hit found! SNR 17.079111, Drift Rate -0.000000, index 233954
Top hit found! SNR 2743.514404, Drift Rate -0.000000, index 236460
Top hit found! SNR 2782.365723, Drift Rate -0.000000, index 241470
Top hit found! SNR 17.633572, Drift Rate -0.000000, index 243976
Top hit found! SNR 2884.720947, Drift Rate -0.000000, index 246481
Top hit found! SNR 68.241646, Drift Rate -0.000000, index 248987
Top hit found! SNR 2789.493896, Drift Rate -0.000000, index 251492
Top hit found! SNR 240.464920, Drift Rate -0.009566, index 253997
Top hit found! SNR 2418.415527, Drift Rate -0.000000, index 256503
Top hit found! SNR 643.224060, Drift Rate -0.000000, index 259008
Top hit found! SNR 1790.708496, Drift Rate -0.000000, index 261514
Top hit found! SNR 1338.142578, Drift Rate -0.000000, index 264019
Top hit found! SNR 1075.426758, Drift Rate -0.000000, index 266524
Top hit found! SNR 2147.571777, Drift Rate -0.000000, index 269030
Top hit found! SNR 315.437592, Drift Rate -0.000000, index 271535
Top hit found! SNR 2612.310547, Drift Rate -0.000000, index 274041
Top hit found! SNR 10.898570, Drift Rate -0.000000, index 276546
Top hit found! SNR 2535.820801, Drift Rate -0.000000, index 279051
Top hit found! SNR 679.963074, Drift Rate -0.000000, index 281557
Top hit found! SNR 1486.319092, Drift Rate -0.000000, index 284062
Top hit found! SNR 1963.158325, Drift Rate -0.000000, index 286568
Top hit found! SNR 199.834595, Drift Rate -0.000000, index 289073
Top hit found! SNR 2823.824951, Drift Rate -0.000000, index 291578
Top hit found! SNR 309.876038, Drift Rate -0.000000, index 294084
Top hit found! SNR 1881.016235, Drift Rate -0.000000, index 296589
Top hit found! SNR 1970.575073, Drift Rate -0.000000, index 299095
Top hit found! SNR 159.047043, Drift Rate -0.000000, index 301600
Top hit found! SNR 2909.238281, Drift Rate -0.000000, index 304105
Top hit found! SNR 731.512817, Drift Rate -0.000000, index 306611
Top hit found! SNR 1185.620117, Drift Rate -0.000000, index 309116
Top hit found! SNR 2779.859619, Drift Rate -0.000000, index 311622
Top hit found! SNR 96.734062, Drift Rate -0.000000, index 314127
Top hit found! SNR 2102.628418, Drift Rate -0.000000, index 316632
Top hit found! SNR 2462.298340, Drift Rate -0.000000, index 319138
Top hit found! SNR 2493.091553, Drift Rate -0.000000, index 324149
Top hit found! SNR 2314.061523, Drift Rate -0.000000, index 326654
Top hit found! SNR 21.025280, Drift Rate -0.000000, index 329159
Top hit found! SNR 2747.733643, Drift Rate -0.000000, index 331665
Top hit found! SNR 2530.679199, Drift Rate -0.000000, index 334170
Top hit found! SNR 2492.817383, Drift Rate -0.000000, index 339181
Top hit found! SNR 3126.363037, Drift Rate -0.000000, index 341686
Top hit found! SNR 216.953323, Drift Rate -0.000000, index 344192
Top hit found! SNR 1542.685181, Drift Rate -0.000000, index 346697
Top hit found! SNR 3572.903320, Drift Rate -0.009566, index 349202
Top hit found! SNR 1353.824707, Drift Rate -0.000000, index 351708
Top hit found! SNR 233.176666, Drift Rate -0.000000, index 354213
Top hit found! SNR 3163.684326, Drift Rate -0.000000, index 356719
Top hit found! SNR 3582.509033, Drift Rate -0.000000, index 359224
Top hit found! SNR 497.509735, Drift Rate -0.009566, index 361729
Top hit found! SNR 805.522949, Drift Rate -0.000000, index 364235
Top hit found! SNR 3902.797363, Drift Rate -0.000000, index 366740
Top hit found! SNR 3670.942627, Drift Rate -0.000000, index 369246
Top hit found! SNR 685.977783, Drift Rate -0.000000, index 371751
Top hit found! SNR 495.037994, Drift Rate -0.009566, index 374256
Top hit found! SNR 3737.769287, Drift Rate -0.000000, index 376762
Top hit found! SNR 5028.527344, Drift Rate -0.000000, index 379267
Top hit found! SNR 2454.703857, Drift Rate -0.000000, index 381773
Top hit found! SNR 73.771576, Drift Rate -0.000000, index 384278
Top hit found! SNR 1282.138550, Drift Rate -0.000000, index 386783
Top hit found! SNR 4828.414062, Drift Rate -0.000000, index 389289
Top hit found! SNR 6365.770996, Drift Rate -0.000000, index 391794
Top hit found! SNR 4274.678223, Drift Rate -0.000000, index 394300
Top hit found! SNR 1251.790161, Drift Rate -0.000000, index 396805
Top hit found! SNR 22.216749, Drift Rate -0.000000, index 399310
Top hit found! SNR 1923.054810, Drift Rate -0.000000, index 401816
Top hit found! SNR 5575.430664, Drift Rate -0.000000, index 404321
Top hit found! SNR 8578.258789, Drift Rate -0.000000, index 406827
Top hit found! SNR 10402.875977, Drift Rate -0.000000, index 409332
Top hit found! SNR 9394.797852, Drift Rate -0.000000, index 411837
Top hit found! SNR 8016.421875, Drift Rate -0.000000, index 414343
Top hit found! SNR 5813.710938, Drift Rate -0.000000, index 416848
Top hit found! SNR 3608.902100, Drift Rate -0.000000, index 419354
Top hit found! SNR 2211.118408, Drift Rate -0.000000, index 421859
Top hit found! SNR 1137.269653, Drift Rate -0.000000, index 424364
Top hit found! SNR 588.763916, Drift Rate -0.000000, index 426870
Top hit found! SNR 277.444122, Drift Rate -0.000000, index 429375
Top hit found! SNR 116.170815, Drift Rate -0.000000, index 431881
Top hit found! SNR 49.240425, Drift Rate -0.000000, index 434386
Top hit found! SNR 17.241928, Drift Rate -0.000000, index 436891
Top hit found! SNR 10.308903, Drift Rate 0.047832, index 603817
Top hit found! SNR 10.873569, Drift Rate 0.047832, index 606237
Top hit found! SNR 12.327300, Drift Rate 0.047832, index 608341
Top hit found! SNR 13.258366, Drift Rate 0.047832, index 610656
Top hit found! SNR 15.529927, Drift Rate 0.047832, index 612339
Top hit found! SNR 10.661752, Drift Rate 0.047832, index 615074
Top hit found! SNR 12.484894, Drift Rate 0.047832, index 616652
Top hit found! SNR 15.386747, Drift Rate 0.047832, index 620229
Top hit found! SNR 15.046526, Drift Rate 0.047832, index 621702
Top hit found! SNR 14.683174, Drift Rate 0.047832, index 625069
Top hit found! SNR 23.101278, Drift Rate 0.047832, index 626647
Top hit found! SNR 13.944493, Drift Rate 0.047832, index 628225
Top hit found! SNR 14.917809, Drift Rate 0.047832, index 631907
Top hit found! SNR 26.109974, Drift Rate 0.047832, index 634432
Top hit found! SNR 16.591761, Drift Rate 0.047832, index 642007
Top hit found! SNR 22.001476, Drift Rate 0.047832, index 648530
Top hit found! SNR 10.587864, Drift Rate 0.066965, index 650319
Top hit found! SNR 24.785019, Drift Rate 0.047832, index 655158
Top hit found! SNR 20.326580, Drift Rate 0.047832, index 656841
Top hit found! SNR 11.380313, Drift Rate 0.047832, index 660208
Top hit found! SNR 11.117280, Drift Rate 0.047832, index 663469
Top hit found! SNR 11.432454, Drift Rate 0.047832, index 664942
Top hit found! SNR 13.419133, Drift Rate 0.066965, index 669256
Top hit found! SNR 21.424013, Drift Rate 0.047832, index 671886
Top hit found! SNR 12.578620, Drift Rate 0.047832, index 673464
Top hit found! SNR 19.321682, Drift Rate 0.047832, index 676620
Top hit found! SNR 10.090268, Drift Rate 0.047832, index 683774
Top hit found! SNR 10.010124, Drift Rate 0.047832, index 686825
Top hit found! SNR 14.622071, Drift Rate 0.076532, index 691666
Top hit found! SNR 18.934456, Drift Rate 0.066965, index 696820
Top hit found! SNR 10.626592, Drift Rate 0.066965, index 699871
Top hit found! SNR 17.233309, Drift Rate 0.047832, index 703132
Top hit found! SNR 14.235957, Drift Rate 0.028699, index 710915
Top hit found! SNR 16.134207, Drift Rate 0.028699, index 716070
Top hit found! SNR 13.938345, Drift Rate 0.066965, index 728382
Top hit found! SNR 15.091300, Drift Rate 0.066965, index 731854
Top hit found! SNR 14.922624, Drift Rate 0.066965, index 735536
Top hit found! SNR 14.164042, Drift Rate 0.066965, index 743637
Top hit found! SNR 11.150462, Drift Rate 0.066965, index 747740
Top hit found! SNR 11.547813, Drift Rate 0.047832, index 751001
Top hit found! SNR 10.492610, Drift Rate 0.047832, index 753105
Top hit found! SNR 11.548673, Drift Rate 0.028699, index 760783
Top hit found! SNR 16.379095, Drift Rate 0.066965, index 768255
Top hit found! SNR 10.483582, Drift Rate 0.047832, index 769938
Top hit found! SNR 15.562128, Drift Rate 0.028699, index 774565
Top hit found! SNR 19.018021, Drift Rate 0.019133, index 781297
Top hit found! SNR 10.635386, Drift Rate 0.028699, index 786769
Top hit found! SNR 11.022646, Drift Rate 0.047832, index 792347
Top hit found! SNR 14.539333, Drift Rate 0.028699, index 800551
Top hit found! SNR 13.963323, Drift Rate 0.028699, index 804128
Top hit found! SNR 17.639809, Drift Rate -0.038266, index 806962
Top hit found! SNR 10.087237, Drift Rate 0.066965, index 810548
Top hit found! SNR 12.331582, Drift Rate 0.019133, index 812859
Top hit found! SNR 13.734962, Drift Rate -0.038266, index 815063
Top hit found! SNR 16.994516, Drift Rate 0.019133, index 818435
Top hit found! SNR 11.376742, Drift Rate -0.047832, index 821795
Top hit found! SNR 10.203300, Drift Rate 0.019133, index 828640
Top hit found! SNR 10.240610, Drift Rate -0.038266, index 830949
Top hit found! SNR 14.689968, Drift Rate -0.009566, index 833161
Top hit found! SNR 15.255513, Drift Rate -0.038266, index 836420
Top hit found! SNR 21.669695, Drift Rate -0.047832, index 838944
Top hit found! SNR 12.241793, Drift Rate -0.047832, index 842521
Top hit found! SNR 10.861267, Drift Rate -0.000000, index 844945
Top hit found! SNR 11.687222, Drift Rate 0.009566, index 854204
Top hit found! SNR 17.701193, Drift Rate -0.038266, index 858829
Top hit found! SNR 11.254149, Drift Rate 0.028699, index 863675
Top hit found! SNR 12.018034, Drift Rate -0.038266, index 865562
Top hit found! SNR 15.425257, Drift Rate 0.047832, index 870200
Top hit found! SNR 11.558233, Drift Rate 0.047832, index 871778
Top hit found! SNR 12.979755, Drift Rate -0.038266, index 874189
Top hit found! SNR 12.632479, Drift Rate 0.047832, index 875881
Top hit found! SNR 10.781008, Drift Rate 0.047832, index 877354
Top hit found! SNR 11.253524, Drift Rate -0.000000, index 880084
Top hit found! SNR 21.561188, Drift Rate 0.009566, index 882610
Top hit found! SNR 12.324285, Drift Rate -0.038266, index 890917
Top hit found! SNR 10.840950, Drift Rate -0.009566, index 895864
Top hit found! SNR 10.099121, Drift Rate -0.047832, index 899122
Top hit found! SNR 10.019218, Drift Rate 0.047832, index 905232
Top hit found! SNR 15.182339, Drift Rate -0.000000, index 911751
Top hit found! SNR 12.019265, Drift Rate -0.047832, index 921636
Top hit found! SNR 11.585881, Drift Rate 0.028699, index 937530
Top hit found! SNR 12.537546, Drift Rate 0.047832, index 949103
Top hit found! SNR 19.225906, Drift Rate 0.086098, index 87644
Top hit found! SNR 24.839222, Drift Rate 0.086098, index 90485
Top hit found! SNR 23.553661, Drift Rate 0.086098, index 91958
Top hit found! SNR 37.844131, Drift Rate 0.086098, index 94167
Top hit found! SNR 32.273205, Drift Rate 0.086098, index 95640
Top hit found! SNR 49.259838, Drift Rate 0.086098, index 98796
Top hit found! SNR 39.078285, Drift Rate 0.086098, index 100479
Top hit found! SNR 30.438957, Drift Rate 0.086098, index 103215
Top hit found! SNR 47.023251, Drift Rate 0.086098, index 104793
Top hit found! SNR 70.524117, Drift Rate 0.086098, index 108370
Top hit found! SNR 54.791492, Drift Rate 0.086098, index 109843
Top hit found! SNR 65.621780, Drift Rate 0.066965, index 114787
Top hit found! SNR 43.908787, Drift Rate 0.086098, index 117523
Top hit found! SNR 63.481098, Drift Rate 0.086098, index 120048
Top hit found! SNR 101.827164, Drift Rate 0.086098, index 122573
Top hit found! SNR 40.506744, Drift Rate 0.086098, index 125203
Top hit found! SNR 56.649616, Drift Rate 0.066965, index 130147
Top hit found! SNR 34.117767, Drift Rate 0.086098, index 134356
Top hit found! SNR 86.114059, Drift Rate 0.095665, index 136671
Top hit found! SNR 58.219933, Drift Rate 0.086098, index 138459
Top hit found! SNR 33.845852, Drift Rate 0.086098, index 140142
Top hit found! SNR 89.220253, Drift Rate 0.086098, index 143298
Top hit found! SNR 82.815941, Drift Rate 0.066965, index 144981
Top hit found! SNR 53.429634, Drift Rate 0.086098, index 150873
Top hit found! SNR 47.864769, Drift Rate 0.066965, index 153082
Top hit found! SNR 79.959900, Drift Rate 0.086098, index 157396
Top hit found! SNR 107.256447, Drift Rate 0.086098, index 160026
Top hit found! SNR 67.146492, Drift Rate 0.086098, index 161604
Top hit found! SNR 89.074806, Drift Rate 0.076532, index 164760
Top hit found! SNR 44.946667, Drift Rate 0.086098, index 168653
Top hit found! SNR 57.965572, Drift Rate 0.086098, index 171178
Top hit found! SNR 60.333248, Drift Rate 0.066965, index 174123
Top hit found! SNR 60.201839, Drift Rate 0.086098, index 177806
Top hit found! SNR 99.605202, Drift Rate 0.086098, index 179805
Top hit found! SNR 43.590046, Drift Rate 0.066965, index 182224
Top hit found! SNR 141.417648, Drift Rate 0.086098, index 184960
Top hit found! SNR 83.565704, Drift Rate 0.086098, index 188011
Top hit found! SNR 128.785461, Drift Rate 0.086098, index 191272
Top hit found! SNR 80.396729, Drift Rate 0.086098, index 193166
Top hit found! SNR 48.711369, Drift Rate 0.066965, index 196006
Top hit found! SNR 35.101139, Drift Rate 0.086098, index 197479
Top hit found! SNR 93.404961, Drift Rate 0.066965, index 199057
Top hit found! SNR 64.819702, Drift Rate 0.086098, index 201267
Top hit found! SNR 117.119751, Drift Rate 0.086098, index 204213
Top hit found! SNR 72.476974, Drift Rate 0.086098, index 208000
Top hit found! SNR 67.969894, Drift Rate 0.086098, index 209683
Top hit found! SNR 80.271355, Drift Rate 0.086098, index 212734
Top hit found! SNR 117.966942, Drift Rate 0.086098, index 216522
Top hit found! SNR 140.751602, Drift Rate 0.086098, index 219783
Top hit found! SNR 55.494511, Drift Rate 0.086098, index 222098
Top hit found! SNR 128.659683, Drift Rate 0.086098, index 223676
Top hit found! SNR 77.937546, Drift Rate 0.086098, index 225990
Top hit found! SNR 74.824776, Drift Rate 0.086098, index 227463
Top hit found! SNR 62.367931, Drift Rate 0.086098, index 229567
Top hit found! SNR 126.227402, Drift Rate 0.086098, index 231777
Top hit found! SNR 99.639824, Drift Rate 0.086098, index 235880
Top hit found! SNR 114.430031, Drift Rate 0.086098, index 239141
Top hit found! SNR 104.310066, Drift Rate 0.086098, index 241245
Top hit found! SNR 72.943504, Drift Rate 0.066965, index 246505
Top hit found! SNR 117.970100, Drift Rate 0.076532, index 248925
Top hit found! SNR 73.185188, Drift Rate 0.066965, index 254185
Top hit found! SNR 172.950745, Drift Rate 0.086098, index 256395
Top hit found! SNR 117.162216, Drift Rate 0.086098, index 258078
Top hit found! SNR 158.895142, Drift Rate 0.076532, index 262707
Top hit found! SNR 98.373505, Drift Rate 0.086098, index 265653
Top hit found! SNR 166.457214, Drift Rate 0.066965, index 269440
Top hit found! SNR 102.563553, Drift Rate 0.086098, index 272281
Top hit found! SNR 112.894997, Drift Rate 0.086098, index 274911
Top hit found! SNR 86.105736, Drift Rate 0.086098, index 277962
Top hit found! SNR 129.443100, Drift Rate 0.086098, index 280487
Top hit found! SNR 94.281876, Drift Rate 0.086098, index 283538
Top hit found! SNR 75.171471, Drift Rate 0.086098, index 285747
Top hit found! SNR 154.471512, Drift Rate 0.086098, index 288693
Top hit found! SNR 146.429077, Drift Rate 0.086098, index 292270
Top hit found! SNR 181.201721, Drift Rate 0.086098, index 295111
Top hit found! SNR 111.556549, Drift Rate 0.086098, index 298688
Top hit found! SNR 136.349060, Drift Rate 0.086098, index 300792
Top hit found! SNR 115.725716, Drift Rate 0.066965, index 303211
Top hit found! SNR 171.957672, Drift Rate 0.086098, index 306578
Top hit found! SNR 124.574112, Drift Rate 0.086098, index 309945
Top hit found! SNR 70.827698, Drift Rate 0.086098, index 311944
Top hit found! SNR 71.436562, Drift Rate 0.086098, index 314048
Top hit found! SNR 97.580566, Drift Rate 0.086098, index 316783
Top hit found! SNR 103.212112, Drift Rate 0.086098, index 319729
Top hit found! SNR 141.237228, Drift Rate 0.086098, index 321307
Top hit found! SNR 101.286377, Drift Rate 0.086098, index 322780
Top hit found! SNR 111.847511, Drift Rate 0.086098, index 324568
Top hit found! SNR 161.561920, Drift Rate 0.086098, index 327093
Top hit found! SNR 98.159225, Drift Rate 0.086098, index 330460
Top hit found! SNR 96.281830, Drift Rate 0.086098, index 333090
Top hit found! SNR 39.932438, Drift Rate 0.086098, index 334984
Top hit found! SNR 47.349911, Drift Rate 0.086098, index 336457
Top hit found! SNR 80.918159, Drift Rate 0.086098, index 338982
Top hit found! SNR 55.813358, Drift Rate 0.086098, index 340560
Top hit found! SNR 88.328804, Drift Rate 0.086098, index 342348
Top hit found! SNR 127.052841, Drift Rate 0.086098, index 346977
Top hit found! SNR 97.747986, Drift Rate 0.086098, index 351817
Top hit found! SNR 71.179581, Drift Rate 0.086098, index 353711
Top hit found! SNR 76.612076, Drift Rate 0.086098, index 356446
Top hit found! SNR 105.352524, Drift Rate 0.086098, index 358340
Top hit found! SNR 91.207817, Drift Rate 0.086098, index 359918
Top hit found! SNR 89.425545, Drift Rate 0.086098, index 362337
Top hit found! SNR 103.575836, Drift Rate 0.086098, index 364021
Top hit found! SNR 78.499619, Drift Rate 0.086098, index 365494
Top hit found! SNR 84.909019, Drift Rate 0.086098, index 368229
Top hit found! SNR 156.107117, Drift Rate 0.086098, index 370754
Top hit found! SNR 56.200565, Drift Rate 0.086098, index 376014
Top hit found! SNR 82.563042, Drift Rate 0.086098, index 379065
Top hit found! SNR 40.543407, Drift Rate 0.086098, index 382221
Top hit found! SNR 72.718185, Drift Rate 0.086098, index 384010
Top hit found! SNR 60.635212, Drift Rate 0.086098, index 387271
Top hit found! SNR 41.733761, Drift Rate 0.086098, index 390217
Top hit found! SNR 55.406261, Drift Rate 0.086098, index 393373
Top hit found! SNR 50.903679, Drift Rate 0.086098, index 396740
Top hit found! SNR 77.451836, Drift Rate 0.086098, index 399896
Top hit found! SNR 44.448147, Drift Rate 0.086098, index 402421
Top hit found! SNR 51.968121, Drift Rate 0.086098, index 403999
Top hit found! SNR 42.612007, Drift Rate 0.086098, index 407471
Top hit found! SNR 60.806229, Drift Rate 0.086098, index 409785
Top hit found! SNR 32.131565, Drift Rate 0.086098, index 414625
Top hit found! SNR 32.647961, Drift Rate 0.086098, index 417150
Top hit found! SNR 32.577473, Drift Rate 0.086098, index 419570
Top hit found! SNR 37.345741, Drift Rate 0.086098, index 422200
Top hit found! SNR 46.907486, Drift Rate 0.086098, index 425671
Top hit found! SNR 41.568855, Drift Rate 0.086098, index 429669
Top hit found! SNR 32.249317, Drift Rate 0.086098, index 431563
Top hit found! SNR 34.169113, Drift Rate 0.086098, index 433667
Top hit found! SNR 51.730877, Drift Rate 0.086098, index 437244
Top hit found! SNR 38.009872, Drift Rate 0.086098, index 438927
Top hit found! SNR 17.250837, Drift Rate 0.086098, index 442294
Top hit found! SNR 33.630032, Drift Rate 0.086098, index 444293
Top hit found! SNR 14.798786, Drift Rate 0.086098, index 448396
Top hit found! SNR 26.652079, Drift Rate -0.000000, index 610508
Top hit found! SNR 636.155701, Drift Rate -0.000000, index 632424
Top hit found! SNR 30.287683, Drift Rate -0.000000, index 654341
Top hit found! SNR 248.724121, Drift Rate -0.000000, index 685387
Top hit found! SNR 19.302877, Drift Rate -0.009566, index 1035264
Top hit found! SNR 13.432128, Drift Rate -0.000000, index 319468
Top hit found! SNR 2902.690430, Drift Rate -0.009566, index 336566
Top hit found! SNR 10.060555, Drift Rate -0.028699, index 405931
Top hit found! SNR 66.706299, Drift Rate -0.000000, index 686444
Top hit found! SNR 15.324212, Drift Rate -0.076532, index 322502
Top hit found! SNR 15.571690, Drift Rate -0.076532, index 425877
Top hit found! SNR 10.434301, Drift Rate -0.076532, index 436645
Top hit found! SNR 10.463922, Drift Rate -0.076532, index 460335
Top hit found! SNR 10.933536, Drift Rate -0.066965, index 464643
Top hit found! SNR 14.188331, Drift Rate -0.066965, index 532483
Top hit found! SNR 19.281006, Drift Rate -0.076532, index 552942
Top hit found! SNR 11.039125, Drift Rate -0.076532, index 571248
Top hit found! SNR 14.528578, Drift Rate -0.066965, index 608937
Top hit found! SNR 11.410266, Drift Rate -0.066965, index 620782
Top hit found! SNR 14.915659, Drift Rate -0.076532, index 628319
Top hit found! SNR 12.483245, Drift Rate -0.066965, index 675700
Top hit found! SNR 11.505473, Drift Rate -0.066965, index 694006
Top hit found! SNR 11.166276, Drift Rate -0.076532, index 697236
Top hit found! SNR 11.241760, Drift Rate -0.066965, index 699390
Top hit found! SNR 13.306606, Drift Rate -0.076532, index 709081
Top hit found! SNR 11.205054, Drift Rate -0.066965, index 723080
Top hit found! SNR 17.816284, Drift Rate -0.066965, index 729541
Top hit found! SNR 10.244235, Drift Rate -0.066965, index 758615
Top hit found! SNR 19.171476, Drift Rate -0.066965, index 766153
Top hit found! SNR 10.973533, Drift Rate -0.076532, index 772613
Top hit found! SNR 17.390135, Drift Rate -0.076532, index 786612
Top hit found! SNR 12.976513, Drift Rate -0.066965, index 796304
Top hit found! SNR 15.747206, Drift Rate -0.076532, index 798457
Top hit found! SNR 17.685106, Drift Rate -0.066965, index 801688
Top hit found! SNR 15.215395, Drift Rate -0.076532, index 803841
Top hit found! SNR 10.885700, Drift Rate -0.076532, index 810302
Top hit found! SNR 20.580833, Drift Rate -0.066965, index 819994
Top hit found! SNR 14.691497, Drift Rate -0.066965, index 830762
Top hit found! SNR 11.656322, Drift Rate -0.066965, index 838300
Top hit found! SNR 14.995184, Drift Rate -0.066965, index 847991
Top hit found! SNR 11.592786, Drift Rate -0.076532, index 852298
Top hit found! SNR 15.026026, Drift Rate -0.066965, index 854452
Top hit found! SNR 13.318674, Drift Rate -0.076532, index 865220
Top hit found! SNR 28.997580, Drift Rate -0.066965, index 867374
Top hit found! SNR 18.359087, Drift Rate -0.076532, index 869527
Top hit found! SNR 20.853991, Drift Rate -0.076532, index 874911
Top hit found! SNR 15.680099, Drift Rate -0.066965, index 879219
Top hit found! SNR 11.907406, Drift Rate -0.076532, index 881372
Top hit found! SNR 25.176132, Drift Rate -0.076532, index 886756
Top hit found! SNR 10.219839, Drift Rate -0.066965, index 891064
Top hit found! SNR 10.774048, Drift Rate -0.076532, index 895371
Top hit found! SNR 12.395420, Drift Rate -0.076532, index 899678
Top hit found! SNR 17.896650, Drift Rate -0.066965, index 903986
Top hit found! SNR 10.430059, Drift Rate -0.066965, index 913677
Top hit found! SNR 10.818333, Drift Rate -0.076532, index 919061
Top hit found! SNR 25.887625, Drift Rate -0.076532, index 924445
Top hit found! SNR 14.625382, Drift Rate -0.066965, index 926599
Top hit found! SNR 12.459330, Drift Rate -0.076532, index 937367
Top hit found! SNR 46.155476, Drift Rate -0.076532, index 942751
Top hit found! SNR 12.666720, Drift Rate -0.066965, index 955673
Top hit found! SNR 27.680695, Drift Rate -0.066965, index 963211
Top hit found! SNR 12.389088, Drift Rate -0.076532, index 85849
Top hit found! SNR 25.513399, Drift Rate -0.066965, index 124615
Top hit found! SNR 11.006893, Drift Rate -0.076532, index 126768
Top hit found! SNR 10.742369, Drift Rate -0.076532, index 133229
Top hit found! SNR 10.037964, Drift Rate -0.066965, index 141844
Top hit found! SNR 11.082015, Drift Rate -0.066965, index 149382
Top hit found! SNR 16.440826, Drift Rate -0.066965, index 154766
Top hit found! SNR 11.963973, Drift Rate -0.066965, index 165534
Top hit found! SNR 10.222010, Drift Rate -0.066965, index 167688
Top hit found! SNR 10.388059, Drift Rate -0.066965, index 178456
Top hit found! SNR 11.942692, Drift Rate -0.066965, index 197839
Top hit found! SNR 10.357424, Drift Rate -0.076532, index 201069
Top hit found! SNR 14.248242, Drift Rate -0.066965, index 209684
Top hit found! SNR 13.215483, Drift Rate -0.076532, index 211837
Top hit found! SNR 11.680394, Drift Rate -0.076532, index 219375
Top hit found! SNR 14.086535, Drift Rate -0.076532, index 222605
Top hit found! SNR 13.079141, Drift Rate -0.076532, index 277523
Top hit found! SNR 10.821780, Drift Rate -0.066965, index 280754
Top hit found! SNR 12.118417, Drift Rate -0.076532, index 290445
Top hit found! SNR 10.451968, Drift Rate -0.076532, index 302290
Top hit found! SNR 14.121696, Drift Rate -0.066965, index 375514
Top hit found! SNR 21.160925, Drift Rate -0.000000, index 943718
Top hit found! SNR 22.838455, Drift Rate -0.009566, index 1036321
Top hit found! SNR 10.809433, Drift Rate -0.009566, index 1036321
Top hit found! SNR 22.535427, Drift Rate -0.009566, index 337623
Top hit found! SNR 11.259227, Drift Rate 0.210463, index 622624
Top hit found! SNR 11.887220, Drift Rate 0.095665, index 719994
Top hit found! SNR 15.988664, Drift Rate 0.076532, index 770798
Top hit found! SNR 14.049039, Drift Rate -0.086098, index 814180
Top hit found! SNR 16.184767, Drift Rate 0.105231, index 832192
Top hit found! SNR 14.731423, Drift Rate -0.038266, index 754825
Top hit found! SNR 50.790718, Drift Rate -0.009566, index 688557
Top hit found! SNR 12.686669, Drift Rate -0.000000, index 34953
Top hit found! SNR 77.579941, Drift Rate -0.009566, index 1038435
Top hit found! SNR 89.645241, Drift Rate -0.000000, index 34953
Top hit found! SNR 21.604641, Drift Rate -0.000000, index 533055
Top hit found! SNR 44.730007, Drift Rate -0.009566, index 1038435
Top hit found! SNR 10.189935, Drift Rate -0.000000, index 738911
Top hit found! SNR 15.142425, Drift Rate -0.000000, index 787444
Top hit found! SNR 10.348027, Drift Rate -0.000000, index 835369
Top hit found! SNR 11.429950, Drift Rate -0.000000, index 124771
Top hit found! SNR 11.231248, Drift Rate -0.000000, index 189124
Top hit found! SNR 10.815548, Drift Rate -0.000000, index 270084
Top hit found! SNR 10.940077, Drift Rate -0.000000, index 429356
Top hit found! SNR 12.848663, Drift Rate -0.000000, index 431396
Top hit found! SNR 11.224557, Drift Rate -0.000000, index 479750
Top hit found! SNR 10.159198, Drift Rate -0.000000, index 495713
Top hit found! SNR 13.058480, Drift Rate -0.000000, index 543924
Top hit found! SNR 11.279039, Drift Rate -0.000000, index 592600
Top hit found! SNR 10.357453, Drift Rate -0.000000, index 672773
Top hit found! SNR 11.094269, Drift Rate -0.000000, index 704055
Top hit found! SNR 10.240840, Drift Rate -0.000000, index 719803
Top hit found! SNR 10.065191, Drift Rate -0.000000, index 498330
Top hit found! SNR 17.513430, Drift Rate -0.000000, index 723919
Top hit found! SNR 11.335934, Drift Rate 0.009566, index 396575
Top hit found! SNR 13.524488, Drift Rate 0.019133, index 328481
Top hit found! SNR 11.224453, Drift Rate -0.038266, index 395048
Top hit found! SNR 10.046206, Drift Rate -0.028699, index 401648
Top hit found! SNR 16.461601, Drift Rate 5.376367, index 415249
Top hit found! SNR 14.129456, Drift Rate -0.076532, index 421477
Top hit found! SNR 10.574282, Drift Rate -0.038266, index 428410
Top hit found! SNR 17.261881, Drift Rate -0.086098, index 441663
Top hit found! SNR 11.472809, Drift Rate 5.376367, index 451291
Top hit found! SNR 10.062259, Drift Rate 5.376367, index 461921
Top hit found! SNR 21.846672, Drift Rate 5.376367, index 470117
Top hit found! SNR 35.137581, Drift Rate -5.577263, index 474591
Top hit found! SNR 47.897774, Drift Rate 5.376367, index 479065
Top hit found! SNR 16.645182, Drift Rate 5.376367, index 485579
Top hit found! SNR 23.917059, Drift Rate 5.376367, index 495350
Top hit found! SNR 13.730878, Drift Rate 5.376367, index 501542
Top hit found! SNR 14.807263, Drift Rate -0.086098, index 534434
Top hit found! SNR 15.975532, Drift Rate -0.105231, index 541234
Top hit found! SNR 10.128981, Drift Rate -0.086098, index 547856
Top hit found! SNR 10.225108, Drift Rate 0.019133, index 567948
Top hit found! SNR 15.782937, Drift Rate 5.376367, index 573375
Top hit found! SNR 13.165277, Drift Rate 5.376367, index 597749
Top hit found! SNR 11.921426, Drift Rate 5.376367, index 611636
Top hit found! SNR 13.510612, Drift Rate -0.086098, index 634149
Top hit found! SNR 12.606142, Drift Rate -0.086098, index 654371
Top hit found! SNR 12.846466, Drift Rate 5.577263, index 42326
Top hit found! SNR 47.265697, Drift Rate 5.577263, index 47838
Top hit found! SNR 30.198923, Drift Rate 5.577263, index 51775
Top hit found! SNR 21.029112, Drift Rate 5.577263, index 57251
Top hit found! SNR 28.927721, Drift Rate 5.577263, index 67380
Top hit found! SNR 13.641003, Drift Rate 5.577263, index 76113
Top hit found! SNR 15.461016, Drift Rate 5.577263, index 83844
Top hit found! SNR 17.881468, Drift Rate 5.577263, index 117810
Top hit found! SNR 11.868662, Drift Rate 5.577263, index 135813
Top hit found! SNR 13.751218, Drift Rate 5.577263, index 144188
Top hit found! SNR 10.661916, Drift Rate 5.577263, index 157932
Top hit found! SNR 70.315475, Drift Rate 5.577263, index 167703
Top hit found! SNR 36.805004, Drift Rate 5.577263, index 174038
Top hit found! SNR 34.942299, Drift Rate 5.577263, index 181232
Top hit found! SNR 13.858706, Drift Rate -5.366801, index 189035
Top hit found! SNR 16.400612, Drift Rate -0.009566, index 598935
Top hit found! SNR 10.233039, Drift Rate 5.405066, index 614357
Top hit found! SNR 23.609421, Drift Rate -0.009566, index 643388
Top hit found! SNR 27.617699, Drift Rate -0.009566, index 654519
Top hit found! SNR 38.532425, Drift Rate -0.009566, index 659351
Top hit found! SNR 56.239037, Drift Rate -5.481599, index 663825
Top hit found! SNR 52.093864, Drift Rate -5.481599, index 667583
Top hit found! SNR 38.012428, Drift Rate -0.009566, index 672737
Top hit found! SNR 12.031783, Drift Rate -0.009566, index 679752
Top hit found! SNR 12.734370, Drift Rate -0.000000, index 683833
Top hit found! SNR 10.429023, Drift Rate -0.000000, index 692029
Top hit found! SNR 21.096584, Drift Rate -0.009566, index 767799
Top hit found! SNR 16.699121, Drift Rate -0.009566, index 771378
Top hit found! SNR 13.198613, Drift Rate -0.009566, index 778787
Top hit found! SNR 16.437925, Drift Rate -5.481599, index 784764
Top hit found! SNR 14.514175, Drift Rate -5.481599, index 792137
Top hit found! SNR 13.514949, Drift Rate -0.000000, index 226940
Top hit found! SNR 20.208572, Drift Rate -0.000000, index 230981
Top hit found! SNR 51.579865, Drift Rate -0.000000, index 235956
Top hit found! SNR 14.086409, Drift Rate -0.000000, index 255752
Top hit found! SNR 11.080816, Drift Rate -0.000000, index 265523
Top hit found! SNR 10.428976, Drift Rate -0.000000, index 331236
Top hit found! SNR 12.741571, Drift Rate -0.000000, index 349522
Top hit found! SNR 21.797451, Drift Rate -0.000000, index 354855
Top hit found! SNR 14.215754, Drift Rate -0.000000, index 361190
Top hit found! SNR 13.201473, Drift Rate 5.491165, index 652331
Top hit found! SNR 12.773524, Drift Rate 5.491165, index 750614
Top hit found! SNR 10.139640, Drift Rate 5.491165, index 754050
Top hit found! SNR 12.756459, Drift Rate 5.491165, index 786978
Top hit found! SNR 22.899729, Drift Rate 5.510298, index 793815
Top hit found! SNR 10.310032, Drift Rate 5.510298, index 801689
Top hit found! SNR 13.098140, Drift Rate 5.491165, index 822805
Top hit found! SNR 31.611458, Drift Rate 5.491165, index 836012
Top hit found! SNR 73.884705, Drift Rate 5.491165, index 848539
Top hit found! SNR 98.716743, Drift Rate 5.491165, index 853514
Top hit found! SNR 100.173767, Drift Rate 5.491165, index 856413
Top hit found! SNR 59.544189, Drift Rate 5.491165, index 861388
Top hit found! SNR 48.304146, Drift Rate 5.491165, index 865862
Top hit found! SNR 43.042843, Drift Rate 5.491165, index 874595
Top hit found! SNR 57.875786, Drift Rate 5.491165, index 883865
Top hit found! SNR 18.826929, Drift Rate 5.491165, index 896213
Top hit found! SNR 10.969851, Drift Rate 5.491165, index 911818
Top hit found! SNR 10.477431, Drift Rate 5.491165, index 923808
Top hit found! SNR 16.319153, Drift Rate 5.491165, index 927781
Top hit found! SNR 12.928283, Drift Rate 5.491165, index 936335
Top hit found! SNR 11.814073, Drift Rate 5.491165, index 939950
Top hit found! SNR 22.099693, Drift Rate 5.491165, index 944746
Top hit found! SNR 23.166916, Drift Rate 5.491165, index 947824
Top hit found! SNR 17.369375, Drift Rate 5.491165, index 951439
Top hit found! SNR 67.669128, Drift Rate 5.491165, index 969442
Top hit found! SNR 61.592781, Drift Rate 5.491165, index 975777
Top hit found! SNR 41.067017, Drift Rate 5.491165, index 982470
Top hit found! SNR 19.661242, Drift Rate 5.491165, index 985727
Top hit found! SNR 71.478012, Drift Rate -0.000000, index 174763
Top hit found! SNR 27.562614, Drift Rate 0.019133, index 212118
Top hit found! SNR 125.412979, Drift Rate 0.019133, index 690642
Top hit found! SNR 38.953064, Drift Rate -0.038266, index 752932
Top hit found! SNR 116.407074, Drift Rate -0.000000, index 680986
Top hit found! SNR 15.340153, Drift Rate -0.000000, index 244668
Top hit found! SNR 10.152822, Drift Rate -0.019133, index 524286
Top hit found! SNR 10.605806, Drift Rate 0.019133, index 524290
Top hit found! SNR 14.150924, Drift Rate 0.076532, index 524292
Top hit found! SNR 23.064875, Drift Rate 1.588037, index 512204
Top hit found! SNR 183.406647, Drift Rate -0.000000, index 775946
Top hit found! SNR 10.627886, Drift Rate 0.009566, index 892688
Top hit found! SNR 891.026489, Drift Rate -0.000000, index 314573
Top hit found! SNR 14.791762, Drift Rate -0.000000, index 747984
Top hit found! SNR 27.006889, Drift Rate -0.000000, index 132820
Top hit found! SNR 10.276196, Drift Rate 0.038266, index 864028
Top hit found! SNR 14.081064, Drift Rate 0.516590, index 879814
Top hit found! SNR 39.883869, Drift Rate -1.568904, index 885091
Top hit found! SNR 17.805363, Drift Rate -0.363527, index 891734
Top hit found! SNR 123.066887, Drift Rate -0.000000, index 566231
Top hit found! SNR 121.460541, Drift Rate -0.000000, index 999642
Top hit found! SNR 36.265026, Drift Rate 0.009566, index 524682
Top hit found! SNR 10.595644, Drift Rate 0.076532, index 370258
Top hit found! SNR 61.836048, Drift Rate 0.009566, index 379953
Top hit found! SNR 293.035217, Drift Rate -0.000000, index 384478
Top hit found! SNR 39.897591, Drift Rate -0.009566, index 388107
Top hit found! SNR 267.377655, Drift Rate -0.019133, index 389648
Top hit found! SNR 118.189682, Drift Rate -0.000000, index 817889
Top hit found! SNR 35.926338, Drift Rate -0.038266, index 872803
Top hit found! SNR 48.481716, Drift Rate -0.000000, index 202725
Top hit found! SNR 36.243237, Drift Rate -0.000000, index 636136
Top hit found! SNR 41.562435, Drift Rate 0.009566, index 166408
Top hit found! SNR 62.354160, Drift Rate 0.133931, index 168363
Top hit found! SNR 65.042564, Drift Rate -0.162630, index 170209
Top hit found! SNR 20.007780, Drift Rate -0.267862, index 172613
Top hit found! SNR 27.443970, Drift Rate -0.047832, index 178255
Top hit found! SNR 38.370491, Drift Rate -0.162630, index 181014
Top hit found! SNR 176.921158, Drift Rate -0.000000, index 454383
Top hit found! SNR 15.938906, Drift Rate -0.000000, index 456969
Top hit found! SNR 79.472832, Drift Rate 0.086098, index 528236
Top hit found! SNR 12.026987, Drift Rate 0.526157, index 536272
Top hit found! SNR 23.124437, Drift Rate 0.047832, index 540579
Top hit found! SNR 10.926582, Drift Rate -0.000000, index 123419
Top hit found! SNR 74.673492, Drift Rate -0.009566, index 133115
Top hit found! SNR 10.533901, Drift Rate -0.019133, index 873202
Top hit found! SNR 32.244549, Drift Rate 0.076532, index 418878
Top hit found! SNR 36.242569, Drift Rate -0.114798, index 436998
Top hit found! SNR 18.442917, Drift Rate -0.114798, index 439179

===== Search time: 195.57 minutes
===== END OF LOG
