
turbo_seti version 2.1.17
blimpy version 2.0.31
h5py version 3.5.0

HDF5 header info: {'DIMENSION_LABELS': array(['time', 'feed_id', 'frequency'], dtype=object), 'az_start': 0.0, 'data_type': 1, 'fch1': 3151.46484375, 'foff': -2.7939677238464355e-06, 'machine_id': 20, 'nbits': 32, 'nchans': 536870912, 'nifs': 1, 'source_name': 'OFF_HD13908', 'src_dej': <Angle 65.5929 deg>, 'src_raj': <Angle 2.30415333 hourangle>, 'telescope_id': 6, 'tsamp': 18.253611007999982, 'tstart': 59524.207083333335, 'za_start': 0.0}

Starting ET search with parameters: datafile=/gpfs/group/jtw13/default/gbt_2020/2021/S_band/splice_no_overlap_ordered/OFF_Scan2/spliced_blc0x1x2x_guppi_59524_17892_OFF_HD13908_0035.rawspec.0000.h5, max_drift=10.0, min_drift=0.0, snr=10.0, out_dir=/gpfs/group/jtw13/default/gbt_2020/2021/S_band/splice_no_overlap_ordered/OFF_Scan2/, coarse_chans=None, flagging=False, n_coarse_chan=512, kernels=None, gpu_id=0, gpu_backend=False, blank_dc=True, precision=1, append_output=False, log_level_int=30, obs_info={'pulsar': 0, 'pulsar_found': 0, 'pulsar_dm': 0.0, 'pulsar_snr': 0.0, 'pulsar_stats': array([0., 0., 0., 0., 0., 0.]), 'RFI_level': 0.0, 'Mean_SEFD': 0.0, 'psrflux_Sens': 0.0, 'SEFDs_val': [0.0], 'SEFDs_freq': [0.0], 'SEFDs_freq_up': [0.0]}

Computed drift rate resolution: 0.00956648975722505

Top hit found! SNR 10.971514, Drift Rate 0.086098, index 94632
Top hit found! SNR 432.803680, Drift Rate -0.009566, index 202045
Top hit found! SNR 3851.345215, Drift Rate 0.009566, index 309459
Top hit found! SNR 1161.417603, Drift Rate -0.516590, index 310962
Top hit found! SNR 292.600372, Drift Rate -0.344394, index 349562
Top hit found! SNR 15.533765, Drift Rate -0.133931, index 352614
Top hit found! SNR 310235.656250, Drift Rate 0.009566, index 416874
Top hit found! SNR 6743.971191, Drift Rate 0.019133, index 422729
Top hit found! SNR 20.611500, Drift Rate -0.000000, index 431894
Top hit found! SNR 640.714844, Drift Rate -0.124364, index 436925
Top hit found! SNR 22.923151, Drift Rate -0.411359, index 456973
Top hit found! SNR 18.826935, Drift Rate 0.267862, index 464118
Top hit found! SNR 13.683185, Drift Rate -0.076532, index 469699
Top hit found! SNR 14.921531, Drift Rate 0.153064, index 471467
Top hit found! SNR 27.420334, Drift Rate -0.440059, index 477030
Top hit found! SNR 38.520508, Drift Rate 0.344394, index 484184
Top hit found! SNR 208.758209, Drift Rate -0.000000, index 491520
Top hit found! SNR 23.012278, Drift Rate -0.000000, index 501381
Top hit found! SNR 27.659620, Drift Rate 0.076532, index 504232
Top hit found! SNR 73.045776, Drift Rate -0.000000, index 508150
Top hit found! SNR 47.036850, Drift Rate -0.000000, index 516534
Top hit found! SNR 34935.902344, Drift Rate -0.000000, index 524287
Top hit found! SNR 34935.902344, Drift Rate 0.009566, index 524288
Top hit found! SNR 34935.902344, Drift Rate 0.019133, index 524289
Top hit found! SNR 47.036854, Drift Rate -0.000000, index 532042
Top hit found! SNR 73.045776, Drift Rate -0.000000, index 540426
Top hit found! SNR 27.659618, Drift Rate -0.076532, index 544344
Top hit found! SNR 23.012283, Drift Rate -0.000000, index 547195
Top hit found! SNR 208.758209, Drift Rate -0.000000, index 557056
Top hit found! SNR 38.520508, Drift Rate -0.344394, index 564392
Top hit found! SNR 27.420338, Drift Rate 0.440059, index 571546
Top hit found! SNR 14.921531, Drift Rate -0.143497, index 577109
Top hit found! SNR 13.683187, Drift Rate 0.076532, index 578877
Top hit found! SNR 18.826935, Drift Rate -0.267862, index 584458
Top hit found! SNR 22.923151, Drift Rate 0.411359, index 591603
Top hit found! SNR 640.714844, Drift Rate 0.124364, index 611651
Top hit found! SNR 20.611504, Drift Rate -0.000000, index 616682
Top hit found! SNR 6743.971191, Drift Rate -0.019133, index 625847
Top hit found! SNR 310235.656250, Drift Rate -0.009566, index 631702
Top hit found! SNR 15.533763, Drift Rate 0.133931, index 695962
Top hit found! SNR 292.600372, Drift Rate 0.344394, index 699014
Top hit found! SNR 1161.417603, Drift Rate 0.516590, index 737614
Top hit found! SNR 3851.344727, Drift Rate -0.009566, index 739117
Top hit found! SNR 432.803772, Drift Rate 0.009566, index 846531
Top hit found! SNR 10.971509, Drift Rate -0.086098, index 953944
Top hit found! SNR 1039.306396, Drift Rate -0.000000, index 794942
Top hit found! SNR 1820.602905, Drift Rate -0.000000, index 17021
Top hit found! SNR 23.986231, Drift Rate -0.019133, index 245173
Top hit found! SNR 41.276264, Drift Rate -0.009566, index 249453
Top hit found! SNR 146.369415, Drift Rate -0.009566, index 251380
Top hit found! SNR 217.162292, Drift Rate -0.000000, index 405981
Top hit found! SNR 13.960032, Drift Rate -0.000000, index 801752
Top hit found! SNR 39.402794, Drift Rate -0.000000, index 900693
Top hit found! SNR 12.821378, Drift Rate -0.000000, index 933675
Top hit found! SNR 3443.030762, Drift Rate -0.000000, index 17021
Top hit found! SNR 13.183026, Drift Rate -0.000000, index 181924
Top hit found! SNR 18.237442, Drift Rate -0.000000, index 280865
Top hit found! SNR 66.663277, Drift Rate -0.000000, index 346828
Top hit found! SNR 10.030245, Drift Rate -0.000000, index 413738
Top hit found! SNR 69.047348, Drift Rate -0.000000, index 511732
Top hit found! SNR 57471.156250, Drift Rate -0.000000, index 676636
Top hit found! SNR 10.449134, Drift Rate -0.000000, index 709618
Top hit found! SNR 18.871042, Drift Rate -0.000000, index 775576
Top hit found! SNR 47.091827, Drift Rate -0.000000, index 808558
Top hit found! SNR 14.678968, Drift Rate -0.000000, index 841540
Top hit found! SNR 16.498001, Drift Rate -0.000000, index 907503
Top hit found! SNR 62.639187, Drift Rate -0.000000, index 940480
Top hit found! SNR 101.741417, Drift Rate -0.000000, index 957699
Top hit found! SNR 27.020672, Drift Rate -0.000000, index 1006443
Top hit found! SNR 10.697455, Drift Rate -0.009566, index 1023195
Top hit found! SNR 88.119911, Drift Rate -0.028699, index 1027047
Top hit found! SNR 11.133778, Drift Rate -0.000000, index 23831
Top hit found! SNR 10.209955, Drift Rate -0.000000, index 122771
Top hit found! SNR 16.353865, Drift Rate -0.000000, index 155753
Top hit found! SNR 6264.824219, Drift Rate -0.000000, index 287675
Top hit found! SNR 10.977665, Drift Rate -0.000000, index 617482
Top hit found! SNR 12.837331, Drift Rate -0.000000, index 815368
Top hit found! SNR 4418.828613, Drift Rate -0.000000, index 947290
Top hit found! SNR 1353.623291, Drift Rate -0.000000, index 949885
Top hit found! SNR 34.141518, Drift Rate -0.019133, index 1027047
Top hit found! SNR 23.415010, Drift Rate -0.000000, index 37446
Top hit found! SNR 23.964411, Drift Rate -0.000000, index 63618
Top hit found! SNR 12.901101, Drift Rate -0.000000, index 162558
Top hit found! SNR 11.275061, Drift Rate -0.000000, index 393425
Top hit found! SNR 10.518311, Drift Rate -0.000000, index 426407
Top hit found! SNR 54102.449219, Drift Rate -0.000000, index 558329
Top hit found! SNR 936.748962, Drift Rate -0.000000, index 561295
Top hit found! SNR 10.249275, Drift Rate -0.000000, index 657270
Top hit found! SNR 32.690998, Drift Rate -0.000000, index 690251
Top hit found! SNR 32.136787, Drift Rate -0.000000, index 691894
Top hit found! SNR 70.459740, Drift Rate -0.000000, index 723233
Top hit found! SNR 22.820868, Drift Rate -0.038266, index 748359
Top hit found! SNR 21.720369, Drift Rate -0.000000, index 756215
Top hit found! SNR 11.041621, Drift Rate -0.000000, index 757877
Top hit found! SNR 26.091238, Drift Rate -0.000000, index 789196
Top hit found! SNR 116.844170, Drift Rate 0.009566, index 822174
Top hit found! SNR 64.450592, Drift Rate -0.000000, index 825288
Top hit found! SNR 52.133240, Drift Rate -0.000000, index 855155
Top hit found! SNR 22.206104, Drift Rate -0.000000, index 858288
Top hit found! SNR 47.147091, Drift Rate -0.000000, index 888137
Top hit found! SNR 18.206003, Drift Rate -0.000000, index 891288
Top hit found! SNR 67.359497, Drift Rate -0.000000, index 921119
Top hit found! SNR 17.797976, Drift Rate 0.009566, index 924289
Top hit found! SNR 11.097470, Drift Rate -0.000000, index 947290
Top hit found! SNR 138.733002, Drift Rate -0.000000, index 954100
Top hit found! SNR 39.855522, Drift Rate -0.000000, index 957288
Top hit found! SNR 52.683815, Drift Rate -0.000000, index 987077
Top hit found! SNR 171.549164, Drift Rate -0.000000, index 37446
Top hit found! SNR 34.822273, Drift Rate -0.000000, index 39209
Top hit found! SNR 61.025352, Drift Rate -0.000000, index 40709
Top hit found! SNR 15.864594, Drift Rate -0.000000, index 70428
Top hit found! SNR 10.122972, Drift Rate -0.000000, index 73709
Top hit found! SNR 63.542282, Drift Rate -0.000000, index 103405
Top hit found! SNR 58.918583, Drift Rate -0.000000, index 136387
Top hit found! SNR 63964.753906, Drift Rate -0.000000, index 169368
Top hit found! SNR 3440.375488, Drift Rate -0.000000, index 172705
Top hit found! SNR 57.347511, Drift Rate -0.000000, index 202350
Top hit found! SNR 49.982010, Drift Rate -0.000000, index 235332
Top hit found! SNR 108.889328, Drift Rate -0.000000, index 268309
Top hit found! SNR 14.350153, Drift Rate -0.000000, index 270142
Top hit found! SNR 26.554850, Drift Rate -0.000000, index 271701
Top hit found! SNR 162.869675, Drift Rate -0.000000, index 301290
Top hit found! SNR 34.750774, Drift Rate -0.000000, index 303133
Top hit found! SNR 41.701637, Drift Rate -0.000000, index 304701
Top hit found! SNR 39.053822, Drift Rate -0.000000, index 334272
Top hit found! SNR 23.702259, Drift Rate -0.000000, index 336125
Top hit found! SNR 10.520586, Drift Rate 0.009566, index 337702
Top hit found! SNR 230.768372, Drift Rate -0.000000, index 433213
Top hit found! SNR 29.930477, Drift Rate 0.009566, index 435096
Top hit found! SNR 26.338322, Drift Rate -0.000000, index 436698
Top hit found! SNR 68.599091, Drift Rate -0.000000, index 466194
Top hit found! SNR 20.501663, Drift Rate -0.000000, index 468087
Top hit found! SNR 94.866440, Drift Rate -0.000000, index 499176
Top hit found! SNR 15.961527, Drift Rate -0.000000, index 501079
Top hit found! SNR 92.456482, Drift Rate -0.000000, index 532158
Top hit found! SNR 11.883426, Drift Rate -0.000000, index 534071
Top hit found! SNR 218.825180, Drift Rate -0.000000, index 565139
Top hit found! SNR 27.219391, Drift Rate -0.000000, index 567062
Top hit found! SNR 23.967171, Drift Rate -0.000000, index 568698
Top hit found! SNR 18.917280, Drift Rate -0.000000, index 598116
Top hit found! SNR 36.922028, Drift Rate -0.000000, index 631098
Top hit found! SNR 16.800354, Drift Rate -0.000000, index 664080
Top hit found! SNR 33.076778, Drift Rate -0.000000, index 697062
Top hit found! SNR 15.671695, Drift Rate 0.009566, index 699025
Top hit found! SNR 15.052300, Drift Rate -0.000000, index 730043
Top hit found! SNR 4876.108887, Drift Rate 0.009566, index 828984
Top hit found! SNR 1440.410278, Drift Rate -0.000000, index 831041
Top hit found! SNR 651.268372, Drift Rate -0.000000, index 832691
Top hit found! SNR 10.005422, Drift Rate -0.000000, index 861965
Top hit found! SNR 13.827552, Drift Rate -0.000000, index 894947
Top hit found! SNR 10.038584, Drift Rate -0.000000, index 927924
Top hit found! SNR 17.029385, Drift Rate -0.000000, index 44252
Top hit found! SNR 1979.101440, Drift Rate -0.000000, index 51062
Top hit found! SNR 24.218481, Drift Rate -0.000000, index 53531
Top hit found! SNR 46.445900, Drift Rate -0.000000, index 110215
Top hit found! SNR 12.101716, Drift Rate -0.000000, index 112375
Top hit found! SNR 12.482665, Drift Rate -0.000000, index 143197
Top hit found! SNR 14.972339, Drift Rate -0.000000, index 176178
Top hit found! SNR 23.803326, Drift Rate -0.000000, index 178359
Top hit found! SNR 36.226902, Drift Rate -0.000000, index 275119
Top hit found! SNR 11.713572, Drift Rate -0.000000, index 308101
Top hit found! SNR 35.987343, Drift Rate -0.000000, index 310323
Top hit found! SNR 2193.276611, Drift Rate -0.000000, index 342535
Top hit found! SNR 10.121898, Drift Rate -0.000000, index 374059
Top hit found! SNR 14600.479492, Drift Rate -0.000000, index 440023
Top hit found! SNR 15.534552, Drift Rate -0.000000, index 538963
Top hit found! SNR 33.115093, Drift Rate -0.000000, index 571945
Top hit found! SNR 11.318278, Drift Rate -0.000000, index 574249
Top hit found! SNR 15.045954, Drift Rate -0.000000, index 604926
Top hit found! SNR 29.594168, Drift Rate -0.000000, index 703867
Top hit found! SNR 11.795469, Drift Rate 0.009566, index 835794
Top hit found! SNR 15.641962, Drift Rate -0.000000, index 868771
Top hit found! SNR 27224.763672, Drift Rate -0.000000, index 51062
Top hit found! SNR 427.398376, Drift Rate -0.000000, index 53531
Top hit found! SNR 62.697899, Drift Rate -0.000000, index 55511
Top hit found! SNR 21.194702, Drift Rate -0.000000, index 215966
Top hit found! SNR 12.101257, Drift Rate -0.000000, index 281929
Top hit found! SNR 48.258686, Drift Rate -0.000000, index 314906
Top hit found! SNR 28.957155, Drift Rate -0.000000, index 446833
Top hit found! SNR 18.159437, Drift Rate -0.000000, index 479810
Top hit found! SNR 13.529896, Drift Rate -0.000000, index 512791
Top hit found! SNR 38.011894, Drift Rate -0.000000, index 545773
Top hit found! SNR 28.244173, Drift Rate -0.000000, index 578755
Top hit found! SNR 16.928381, Drift Rate -0.000000, index 611736
Top hit found! SNR 10.974925, Drift Rate -0.000000, index 644714
Top hit found! SNR 3388.027832, Drift Rate -0.000000, index 710677
Top hit found! SNR 46.183220, Drift Rate -0.000000, index 713352
Top hit found! SNR 29.742802, Drift Rate -0.000000, index 715497
Top hit found! SNR 15.322045, Drift Rate -0.000000, index 735131
Top hit found! SNR 40.511452, Drift Rate -0.000000, index 842599
Top hit found! SNR 17.861622, Drift Rate -0.000000, index 875581
Top hit found! SNR 14.126484, Drift Rate -0.000000, index 941544
Top hit found! SNR 44.181530, Drift Rate -0.000000, index 974521
Top hit found! SNR 30.981070, Drift Rate -0.000000, index 57872
Top hit found! SNR 29.477211, Drift Rate -0.000000, index 156812
Top hit found! SNR 4108.091797, Drift Rate -0.000000, index 321716
Top hit found! SNR 37.964615, Drift Rate -0.000000, index 324520
Top hit found! SNR 10.868602, Drift Rate -0.000000, index 486620
Top hit found! SNR 53.384480, Drift Rate -0.000000, index 585560
Top hit found! SNR 26.234205, Drift Rate -0.000000, index 618542
Top hit found! SNR 34.689037, Drift Rate -0.000000, index 651524
Top hit found! SNR 65.264984, Drift Rate -0.000000, index 717487
Top hit found! SNR 11.209757, Drift Rate -0.000000, index 816427
Top hit found! SNR 28.336662, Drift Rate -0.000000, index 849409
Top hit found! SNR 10.713930, Drift Rate -0.000000, index 854896
Top hit found! SNR 2218.727295, Drift Rate -0.000000, index 981331
Top hit found! SNR 86.678505, Drift Rate -0.000000, index 984336
Top hit found! SNR 261.711456, Drift Rate -0.000000, index 986892
Top hit found! SNR 16.206261, Drift Rate -0.000000, index 97659
Top hit found! SNR 15.457431, Drift Rate -0.000000, index 196600
Top hit found! SNR 38.834068, Drift Rate -0.000000, index 199684
Top hit found! SNR 22.566072, Drift Rate -0.000000, index 202309
Top hit found! SNR 22.215136, Drift Rate -0.000000, index 262563
Top hit found! SNR 24.482113, Drift Rate -0.000000, index 328526
Top hit found! SNR 32.130108, Drift Rate -0.000000, index 331651
Top hit found! SNR 23.545012, Drift Rate -0.000000, index 334310
Top hit found! SNR 17.040398, Drift Rate -0.000000, index 427467
Top hit found! SNR 26.132021, Drift Rate -0.000000, index 463613
Top hit found! SNR 1197.582153, Drift Rate -0.000000, index 592370
Top hit found! SNR 503.210449, Drift Rate -0.000000, index 595575
Top hit found! SNR 82.314407, Drift Rate -0.000000, index 598302
Top hit found! SNR 12.945363, Drift Rate -0.000000, index 727537
Top hit found! SNR 22.467548, Drift Rate -0.000000, index 757274
Top hit found! SNR 27.253311, Drift Rate -0.000000, index 775946
Top hit found! SNR 102.576904, Drift Rate -0.000000, index 856215
Top hit found! SNR 18.563116, Drift Rate -0.000000, index 862295
Top hit found! SNR 22.084101, Drift Rate -0.000000, index 889196
Top hit found! SNR 62.002346, Drift Rate -0.000000, index 922178
Top hit found! SNR 17.959948, Drift Rate -0.000000, index 955160
Top hit found! SNR 56.340958, Drift Rate -0.000000, index 981331
Top hit found! SNR 54.254089, Drift Rate -0.000000, index 988141
Top hit found! SNR 17.839663, Drift Rate -0.000000, index 71488
Top hit found! SNR 10.828401, Drift Rate -0.000000, index 77716
Top hit found! SNR 1066.609009, Drift Rate -0.000000, index 203410
Top hit found! SNR 380.049866, Drift Rate -0.000000, index 206907
Top hit found! SNR 485.984406, Drift Rate -0.000000, index 209712
Top hit found! SNR 17.021309, Drift Rate 0.009566, index 335332
Top hit found! SNR 13.277455, Drift Rate -0.000000, index 470834
Top hit found! SNR 11.267265, Drift Rate -0.000000, index 473705
Top hit found! SNR 13.199585, Drift Rate -0.000000, index 602801
Top hit found! SNR 414.885071, Drift Rate -0.000000, index 863025
Top hit found! SNR 153.054581, Drift Rate -0.000000, index 866728
Top hit found! SNR 12.045928, Drift Rate -0.000000, index 144256
Top hit found! SNR 79.771614, Drift Rate -0.000000, index 474064
Top hit found! SNR 36.735352, Drift Rate -0.000000, index 477973
Top hit found! SNR 18.010181, Drift Rate -0.000000, index 481108
Top hit found! SNR 10.798165, Drift Rate -0.000000, index 737908
Top hit found! SNR 11.029048, Drift Rate -0.000000, index 869835
Top hit found! SNR 625.440918, Drift Rate -0.000000, index 85103
Top hit found! SNR 39.009705, Drift Rate -0.000000, index 89218
Top hit found! SNR 20.641890, Drift Rate -0.000000, index 221071
Top hit found! SNR 17.690207, Drift Rate -0.000000, index 250007
Top hit found! SNR 78.645645, Drift Rate -0.000000, index 348947
Top hit found! SNR 17.440651, Drift Rate 0.009566, index 353034
Top hit found! SNR 31.764067, Drift Rate -0.000000, index 381929
Top hit found! SNR 11.209710, Drift Rate -0.000000, index 386025
Top hit found! SNR 47.625275, Drift Rate -0.000000, index 414911
Top hit found! SNR 18.692112, Drift Rate -0.000000, index 419017
Top hit found! SNR 24.119484, Drift Rate -0.000000, index 447892
Top hit found! SNR 88.172798, Drift Rate -0.000000, index 480874
Top hit found! SNR 43.787678, Drift Rate -0.000000, index 485000
Top hit found! SNR 29.916658, Drift Rate -0.000000, index 579814
Top hit found! SNR 25.780443, Drift Rate -0.000000, index 583971
Top hit found! SNR 116.492569, Drift Rate -0.000000, index 612796
Top hit found! SNR 34.779167, Drift Rate 0.009566, index 617076
Top hit found! SNR 18.679810, Drift Rate -0.000000, index 645778
Top hit found! SNR 1022.214844, Drift Rate -0.000000, index 744718
Top hit found! SNR 459.409180, Drift Rate -0.000000, index 749039
Top hit found! SNR 195.759033, Drift Rate -0.000000, index 752504
Top hit found! SNR 51.400509, Drift Rate -0.000000, index 876640
Top hit found! SNR 20.770239, Drift Rate -0.000000, index 881002
Top hit found! SNR 31.324102, Drift Rate -0.000000, index 909622
Top hit found! SNR 20.150673, Drift Rate -0.000000, index 913994
Top hit found! SNR 19.342022, Drift Rate -0.000000, index 1012849
Top hit found! SNR 26.961016, Drift Rate -0.000000, index 160782
Top hit found! SNR 19.665321, Drift Rate -0.000000, index 228202
Top hit found! SNR 322.615448, Drift Rate -0.000000, index 355757
Top hit found! SNR 306.241211, Drift Rate -0.000000, index 360164
Top hit found! SNR 12.532475, Drift Rate 0.066965, index 520379
Top hit found! SNR 64.393486, Drift Rate 0.009566, index 1015373
Top hit found! SNR 12.145979, Drift Rate -0.000000, index 1020104
Top hit found! SNR 14.095045, Drift Rate -0.000000, index 98718
Top hit found! SNR 11.149276, Drift Rate -0.000000, index 131700
Top hit found! SNR 20.942715, Drift Rate -0.000000, index 230641
Top hit found! SNR 16.585209, Drift Rate -0.000000, index 362567
Top hit found! SNR 13.187790, Drift Rate -0.000000, index 626412
Top hit found! SNR 74.738068, Drift Rate -0.000000, index 631219
Top hit found! SNR 20.632124, Drift Rate -0.000000, index 890256
Top hit found! SNR 23.925808, Drift Rate -0.000000, index 237451
Top hit found! SNR 40.995064, Drift Rate -0.000000, index 242594
Top hit found! SNR 18.757631, Drift Rate -0.000000, index 897066
Top hit found! SNR 10.386435, Drift Rate -0.000000, index 112334
Top hit found! SNR 20.398586, Drift Rate -0.000000, index 117766
Top hit found! SNR 12.062369, Drift Rate 0.009566, index 183750
Top hit found! SNR 10.113901, Drift Rate -0.000000, index 244261
Top hit found! SNR 18.840281, Drift Rate -0.000000, index 249733
Top hit found! SNR 13.655519, Drift Rate -0.000000, index 348705
Top hit found! SNR 17.542583, Drift Rate -0.000000, index 376183
Top hit found! SNR 27.876240, Drift Rate -0.000000, index 381697
Top hit found! SNR 659.808411, Drift Rate -0.000000, index 508105
Top hit found! SNR 700.653198, Drift Rate -0.000000, index 513660
Top hit found! SNR 10.787539, Drift Rate -0.000000, index 518115
Top hit found! SNR 25.745235, Drift Rate -0.000000, index 594193
Top hit found! SNR 13.154227, Drift Rate -0.000000, index 645623
Top hit found! SNR 133.086914, Drift Rate -0.000000, index 119144
Top hit found! SNR 11.792482, Drift Rate -0.000000, index 124753
Top hit found! SNR 10.236909, Drift Rate -0.000000, index 514915
Top hit found! SNR 13.564708, Drift Rate 0.009566, index 646838
Top hit found! SNR 557.205139, Drift Rate -0.000000, index 778759
Top hit found! SNR 96.552101, Drift Rate -0.000000, index 784726
Top hit found! SNR 10.713310, Drift Rate -0.000000, index 910681
Top hit found! SNR 15.483681, Drift Rate -0.000000, index 838
Top hit found! SNR 703.771484, Drift Rate 0.009566, index 389799
Top hit found! SNR 108.234856, Drift Rate -0.000000, index 395808
Top hit found! SNR 10.541560, Drift Rate -0.000000, index 653643
Top hit found! SNR 11.044589, Drift Rate -0.000000, index 917492
Top hit found! SNR 15.850988, Drift Rate -0.000000, index 838
Top hit found! SNR 33.908577, Drift Rate -0.000000, index 660453
Top hit found! SNR 73.646568, Drift Rate -0.000000, index 271492
Top hit found! SNR 22.130064, Drift Rate -0.000000, index 931107
Top hit found! SNR 31.534651, Drift Rate -0.000000, index 938102
Top hit found! SNR 10.176695, Drift Rate -0.000000, index 542146
Top hit found! SNR 17.956646, Drift Rate -0.000000, index 549347
Top hit found! SNR 19.789871, Drift Rate 0.009566, index 153186
Top hit found! SNR 79.461067, Drift Rate -0.000000, index 160592
Top hit found! SNR 104.266464, Drift Rate -0.000000, index 412440
Top hit found! SNR 19.929312, Drift Rate -0.000000, index 694494
Top hit found! SNR 31.266100, Drift Rate -0.000000, index 305533
Top hit found! SNR 28.873363, Drift Rate -0.000000, index 965148
Top hit found! SNR 13.289205, Drift Rate 0.009566, index 576188
Top hit found! SNR 10.556664, Drift Rate -0.000000, index 467095
Top hit found! SNR 24.284758, Drift Rate -0.000000, index 728535
Top hit found! SNR 43.997433, Drift Rate -0.000000, index 230687
Top hit found! SNR 17.378635, Drift Rate -0.000000, index 610229
Top hit found! SNR 18.916817, Drift Rate -0.000000, index 971680
Top hit found! SNR 15.981622, Drift Rate -0.000000, index 221268
Top hit found! SNR 13.379870, Drift Rate -0.000000, index 880883
Top hit found! SNR 52171.363281, Drift Rate -0.000000, index 664098
Top hit found! SNR 13.103999, Drift Rate 0.009566, index 137003
Top hit found! SNR 158.820480, Drift Rate 0.124364, index 156397
Top hit found! SNR 12.752679, Drift Rate -0.038266, index 191480
Top hit found! SNR 12.738433, Drift Rate -0.000000, index 300592
Top hit found! SNR 12.897540, Drift Rate -0.000000, index 872895
Top hit found! SNR 21.410574, Drift Rate -0.028699, index 874867
Top hit found! SNR 15.437308, Drift Rate -0.047832, index 894779
Top hit found! SNR 14.432975, Drift Rate 0.009566, index 244085
Top hit found! SNR 6317.556641, Drift Rate -0.000000, index 524225
Top hit found! SNR 87.229340, Drift Rate 4.094458, index 524477
Top hit found! SNR 86.953026, Drift Rate 3.931827, index 524468
Top hit found! SNR 88.088623, Drift Rate -5.720761, index 524025
Top hit found! SNR 89.367523, Drift Rate -6.572178, index 523986
Top hit found! SNR 28.823477, Drift Rate -0.000000, index 803908
Top hit found! SNR 89.374191, Drift Rate 9.547357, index 524726
Top hit found! SNR 88.125359, Drift Rate -8.447210, index 523903
Top hit found! SNR 87.851540, Drift Rate -2.621218, index 524167
Top hit found! SNR 554.920471, Drift Rate -0.000000, index 367591
Top hit found! SNR 88.597450, Drift Rate -5.366801, index 524044
Top hit found! SNR 86.653946, Drift Rate -9.681288, index 523846
Top hit found! SNR 28.217510, Drift Rate -0.028699, index 228791
Top hit found! SNR 13.467154, Drift Rate -0.028699, index 248692
Top hit found! SNR 85.511375, Drift Rate -1.961130, index 524199
Top hit found! SNR 83.218826, Drift Rate -8.399378, index 523902
Top hit found! SNR 83.007111, Drift Rate 2.889080, index 524422
Top hit found! SNR 82.208733, Drift Rate 1.205378, index 524345
Top hit found! SNR 82.923767, Drift Rate 2.640351, index 524409
Top hit found! SNR 81.790405, Drift Rate 6.686976, index 524595
Top hit found! SNR 178.252930, Drift Rate 8.849003, index 524692
Top hit found! SNR 80.122360, Drift Rate -6.572178, index 523986
Top hit found! SNR 77.444962, Drift Rate -6.074721, index 524011
Top hit found! SNR 76.328018, Drift Rate 8.265448, index 524665
Top hit found! SNR 76.721756, Drift Rate 3.625700, index 524453
Top hit found! SNR 77.122643, Drift Rate -0.870551, index 524249
Top hit found! SNR 74.348854, Drift Rate 4.898043, index 524511
Top hit found! SNR 72.991684, Drift Rate -2.860380, index 524156
Top hit found! SNR 72.000114, Drift Rate 7.873221, index 524649
Top hit found! SNR 70.444534, Drift Rate -7.117468, index 523963
Top hit found! SNR 70.505440, Drift Rate 3.539601, index 524449
Top hit found! SNR 15.344047, Drift Rate -0.028699, index 651179
Top hit found! SNR 69.826355, Drift Rate -4.783245, index 524068
Top hit found! SNR 16.752028, Drift Rate -0.009566, index 546727
Top hit found! SNR 68.561768, Drift Rate 8.810737, index 524692
Top hit found! SNR 66.471375, Drift Rate 6.151253, index 524568
Top hit found! SNR 66.283684, Drift Rate 5.663362, index 524548
Top hit found! SNR 65.093414, Drift Rate 9.709987, index 524731
Top hit found! SNR 60.199074, Drift Rate -9.040333, index 523874
Top hit found! SNR 61.424438, Drift Rate 7.968886, index 524653
Top hit found! SNR 59.000893, Drift Rate 2.056795, index 524383
Top hit found! SNR 57.401508, Drift Rate -7.260966, index 523955
Top hit found! SNR 55.802982, Drift Rate 4.084891, index 524476
Top hit found! SNR 55.900604, Drift Rate -3.463069, index 524130
Top hit found! SNR 54.358913, Drift Rate 0.794019, index 524325
Top hit found! SNR 53.844193, Drift Rate -2.850814, index 524158
Top hit found! SNR 53.608673, Drift Rate 0.784452, index 524325
Top hit found! SNR 52.475643, Drift Rate -6.046021, index 524012
Top hit found! SNR 50.691311, Drift Rate -1.004481, index 524242
Top hit found! SNR 19.506575, Drift Rate 0.009566, index 174057
Top hit found! SNR 11.046252, Drift Rate 0.009566, index 175667
Top hit found! SNR 51.867764, Drift Rate 9.403859, index 524719
Top hit found! SNR 53.042618, Drift Rate 8.121950, index 524658
Top hit found! SNR 53.450260, Drift Rate 8.877703, index 524693
Top hit found! SNR 52.685730, Drift Rate -0.784452, index 524251
Top hit found! SNR 52.899090, Drift Rate -0.794019, index 524253
Top hit found! SNR 68.773972, Drift Rate 5.414633, index 524537
Top hit found! SNR 51.378181, Drift Rate -6.773075, index 523979
Top hit found! SNR 50.955704, Drift Rate 9.566490, index 524725
Top hit found! SNR 51.021576, Drift Rate 6.036455, index 524565
Top hit found! SNR 50.756126, Drift Rate -0.248729, index 524277
Top hit found! SNR 49.212849, Drift Rate 3.434370, index 524444
Top hit found! SNR 47.743374, Drift Rate -2.066362, index 524192
Top hit found! SNR 46.428276, Drift Rate 4.438851, index 524492
Top hit found! SNR 45.944756, Drift Rate -8.179349, index 523915
Top hit found! SNR 46.169880, Drift Rate -2.860380, index 524158
Top hit found! SNR 44.876598, Drift Rate 3.472636, index 524446
Top hit found! SNR 45.064507, Drift Rate 5.596396, index 524545
Top hit found! SNR 43.758953, Drift Rate -6.715676, index 523980
Top hit found! SNR 42.646515, Drift Rate 6.218218, index 524574
Top hit found! SNR 43.826923, Drift Rate -8.734205, index 523890
Top hit found! SNR 42.783081, Drift Rate 9.738687, index 524735
Top hit found! SNR 13.369465, Drift Rate 0.009566, index 524290
Top hit found! SNR 10.083950, Drift Rate -0.000000, index 174763
Top hit found! SNR 41.029106, Drift Rate -0.019133, index 569166
Top hit found! SNR 118.406273, Drift Rate -0.000000, index 680985
Top hit found! SNR 27.878693, Drift Rate -0.038266, index 328103
Top hit found! SNR 623.776978, Drift Rate -0.000000, index 384478
Top hit found! SNR 69.774933, Drift Rate 0.267862, index 1021381
Top hit found! SNR 53.790813, Drift Rate 0.124364, index 1024071
Top hit found! SNR 21.295517, Drift Rate 0.267862, index 1021381
Top hit found! SNR 11.612125, Drift Rate 0.162630, index 1024074
Top hit found! SNR 14.962005, Drift Rate -0.076532, index 764625
Top hit found! SNR 20.208828, Drift Rate -0.277428, index 801321
Top hit found! SNR 11.668343, Drift Rate -0.784452, index 868425
Top hit found! SNR 72.721458, Drift Rate 0.181763, index 512558
Top hit found! SNR 2139.787598, Drift Rate -0.057399, index 528197
Top hit found! SNR 278.614227, Drift Rate -0.392226, index 532977
Top hit found! SNR 512.114929, Drift Rate 0.660088, index 536310
Top hit found! SNR 366.655975, Drift Rate 0.047832, index 540567
Top hit found! SNR 13.100911, Drift Rate -0.220029, index 545896
Top hit found! SNR 33.495651, Drift Rate -0.220029, index 588210
Top hit found! SNR 13.160843, Drift Rate -0.019133, index 36636
Top hit found! SNR 13.815681, Drift Rate -0.344394, index 39849
Top hit found! SNR 14.749847, Drift Rate 0.009566, index 44617
Top hit found! SNR 16.943466, Drift Rate 0.076532, index 47253
Top hit found! SNR 17.946888, Drift Rate -0.000000, index 104858
Top hit found! SNR 10.389956, Drift Rate 0.076532, index 34022
Top hit found! SNR 94.363060, Drift Rate -0.009566, index 36636
Top hit found! SNR 115.653679, Drift Rate -0.353960, index 39848
Top hit found! SNR 147.175613, Drift Rate 0.009566, index 44617
Top hit found! SNR 203.159225, Drift Rate 0.095665, index 47255
Top hit found! SNR 18.312614, Drift Rate 0.114798, index 51906
Top hit found! SNR 18.094063, Drift Rate -0.047832, index 405006
Top hit found! SNR 27.615683, Drift Rate -0.000000, index 524289
Top hit found! SNR 16.405785, Drift Rate -0.028699, index 591605
Top hit found! SNR 22.380568, Drift Rate -5.998189, index 524248
Top hit found! SNR 24.870869, Drift Rate -8.275014, index 524233
Top hit found! SNR 27.494516, Drift Rate -9.805652, index 524223
Top hit found! SNR 28.954964, Drift Rate 2.142894, index 524301
Top hit found! SNR 15.139458, Drift Rate -0.086098, index 886669
Top hit found! SNR 29.837704, Drift Rate -3.635266, index 524265
Top hit found! SNR 30.289772, Drift Rate -3.510902, index 524266
Top hit found! SNR 28.656155, Drift Rate -5.156338, index 524253
Top hit found! SNR 30.258909, Drift Rate 1.042747, index 524296
Top hit found! SNR 32.503845, Drift Rate 8.466344, index 524342
Top hit found! SNR 35.502548, Drift Rate 9.164698, index 524347
Top hit found! SNR 38.206722, Drift Rate -0.860984, index 36698
Top hit found! SNR 11.917754, Drift Rate 0.679221, index 608576
Top hit found! SNR 34.842842, Drift Rate -0.191330, index 680585
Top hit found! SNR 46.612141, Drift Rate -0.009566, index 683267
Top hit found! SNR 855.516724, Drift Rate 1.511505, index 268055
Top hit found! SNR 863.947998, Drift Rate -0.000000, index 272405
Top hit found! SNR 436.322662, Drift Rate 1.387141, index 277587
Top hit found! SNR 54.581047, Drift Rate -0.009566, index 280288
Top hit found! SNR 50.692863, Drift Rate 0.009566, index 375809
Top hit found! SNR 10.511304, Drift Rate -0.000000, index 440737
Top hit found! SNR 105.516464, Drift Rate -0.009566, index 1013294
Top hit found! SNR 27.688416, Drift Rate -0.286995, index 1015524
Top hit found! SNR 48.555866, Drift Rate -0.009566, index 697724
Top hit found! SNR 15.959145, Drift Rate -0.286995, index 699955
Top hit found! SNR 15.134948, Drift Rate -0.009566, index 1013294
Top hit found! SNR 11.049286, Drift Rate -0.019133, index 1033144
Top hit found! SNR 20.392361, Drift Rate -0.449625, index 34096
Top hit found! SNR 48.080620, Drift Rate -0.296561, index 729988
Top hit found! SNR 14.615191, Drift Rate -0.535723, index 738985
Top hit found! SNR 31.842314, Drift Rate -0.267862, index 788097
Top hit found! SNR 33.023598, Drift Rate -0.344394, index 797147
Top hit found! SNR 10.790872, Drift Rate -0.296561, index 801274
Top hit found! SNR 16.902697, Drift Rate -0.363527, index 806146
Top hit found! SNR 11.666257, Drift Rate -0.191330, index 810388
Top hit found! SNR 10.986981, Drift Rate -0.296561, index 819453
Top hit found! SNR 12.873649, Drift Rate -0.631388, index 224350
Top hit found! SNR 12.575031, Drift Rate -0.631388, index 233146
Top hit found! SNR 10.435110, Drift Rate -0.650521, index 256561
Top hit found! SNR 11.289353, Drift Rate -0.631388, index 265358
Top hit found! SNR 11.244049, Drift Rate -0.621822, index 281615
Top hit found! SNR 12.142394, Drift Rate -0.631388, index 290412
Top hit found! SNR 21.016266, Drift Rate -0.631388, index 324566
Top hit found! SNR 21.596853, Drift Rate -0.631388, index 333362
Top hit found! SNR 17.291082, Drift Rate -0.621822, index 414043
Top hit found! SNR 18.125980, Drift Rate -0.631388, index 422840
Top hit found! SNR 19.235662, Drift Rate -0.640955, index 442677
Top hit found! SNR 20.006245, Drift Rate -0.602689, index 451474
Top hit found! SNR 10.588804, Drift Rate -0.602689, index 524998
Top hit found! SNR 10.435777, Drift Rate -0.640955, index 533792
Top hit found! SNR 17.290215, Drift Rate -0.631388, index 535735
Top hit found! SNR 17.016932, Drift Rate -0.631388, index 544531
Top hit found! SNR 10.152945, Drift Rate -0.631388, index 585843
Top hit found! SNR 13.112430, Drift Rate -0.640955, index 590240
Top hit found! SNR 11.429746, Drift Rate -0.631388, index 594639
Top hit found! SNR 13.908088, Drift Rate -0.621822, index 628792
Top hit found! SNR 14.929660, Drift Rate -0.631388, index 637589
Top hit found! SNR 10.746696, Drift Rate -0.631388, index 711113
Top hit found! SNR 11.213150, Drift Rate -0.621822, index 719908
Top hit found! SNR 10.501162, Drift Rate -0.621822, index 750483
Top hit found! SNR 10.606105, Drift Rate -0.621822, index 757641
Top hit found! SNR 10.922531, Drift Rate -0.650521, index 759277
Top hit found! SNR 10.444416, Drift Rate -0.631388, index 766438
Top hit found! SNR 10.470936, Drift Rate -0.631388, index 770017
Top hit found! SNR 14.924278, Drift Rate -0.640955, index 782694
Top hit found! SNR 15.775373, Drift Rate -0.631388, index 791492
Top hit found! SNR 27.982357, Drift Rate -0.631388, index 793433
Top hit found! SNR 27.832277, Drift Rate -0.631388, index 802229
Top hit found! SNR 10.252875, Drift Rate -0.631388, index 805161
Top hit found! SNR 14.820488, Drift Rate -0.631388, index 843541
Top hit found! SNR 15.880949, Drift Rate -0.631388, index 852337
Top hit found! SNR 27.992256, Drift Rate -0.631388, index 861437
Top hit found! SNR 28.187771, Drift Rate -0.631388, index 870233
Top hit found! SNR 10.339597, Drift Rate -0.602689, index 900808
Top hit found! SNR 11.551920, Drift Rate -0.631388, index 905204
Top hit found! SNR 10.544024, Drift Rate -0.631388, index 909603
Top hit found! SNR 16.997793, Drift Rate -0.631388, index 120667
Top hit found! SNR 18.399630, Drift Rate -0.631388, index 129463
Top hit found! SNR 11.774756, Drift Rate -0.602689, index 139382
Top hit found! SNR 21.010586, Drift Rate -0.631388, index 156458
Top hit found! SNR 20.625174, Drift Rate -0.621822, index 165253
Top hit found! SNR 10.374589, Drift Rate -0.631388, index 195829
Top hit found! SNR 10.566078, Drift Rate -0.631388, index 210145
Top hit found! SNR 11.110603, Drift Rate -0.631388, index 218941
Top hit found! SNR 10.970705, Drift Rate -0.631388, index 224462
Top hit found! SNR 11.192327, Drift Rate -0.631388, index 228860
Top hit found! SNR 10.855113, Drift Rate -0.621822, index 233257
Top hit found! SNR 15.249440, Drift Rate -0.631388, index 245937
Top hit found! SNR 15.896522, Drift Rate -0.631388, index 254733
Top hit found! SNR 12.494049, Drift Rate -0.631388, index 263833
Top hit found! SNR 12.738882, Drift Rate -0.631388, index 272628
Top hit found! SNR 10.572839, Drift Rate -0.650521, index 285306
Top hit found! SNR 10.049823, Drift Rate -0.631388, index 288886
Top hit found! SNR 11.532090, Drift Rate -0.621822, index 293285
Top hit found! SNR 11.632263, Drift Rate -0.602689, index 318339
Top hit found! SNR 10.035467, Drift Rate -0.631388, index 321099
Top hit found! SNR 32.227615, Drift Rate -0.038266, index 334445
Top hit found! SNR 20.031963, Drift Rate -0.631388, index 381944
Top hit found! SNR 11.096404, Drift Rate -0.631388, index 385523
Top hit found! SNR 19.551420, Drift Rate -0.650521, index 390739
Top hit found! SNR 11.317696, Drift Rate -0.631388, index 394319
Top hit found! SNR 10.948144, Drift Rate -0.631388, index 397079
Top hit found! SNR 18.046164, Drift Rate -0.640955, index 411395
Top hit found! SNR 21.431767, Drift Rate -0.650521, index 414974
Top hit found! SNR 25.561306, Drift Rate -0.631388, index 418554
Top hit found! SNR 15.335171, Drift Rate -0.602689, index 426532
Top hit found! SNR 16.458706, Drift Rate -0.631388, index 442789
Top hit found! SNR 12.483104, Drift Rate -0.621822, index 446368
Top hit found! SNR 16.890673, Drift Rate -0.631388, index 451586
Top hit found! SNR 12.232144, Drift Rate -0.631388, index 455165
Top hit found! SNR 20.164909, Drift Rate -0.631388, index 460685
Top hit found! SNR 20.412016, Drift Rate -0.631388, index 469481
Top hit found! SNR 13.993896, Drift Rate -0.621822, index 471422
Top hit found! SNR 17.241619, Drift Rate -0.631388, index 475002
Top hit found! SNR 14.195353, Drift Rate -0.640955, index 480218
Top hit found! SNR 15.449921, Drift Rate -0.631388, index 483798
Top hit found! SNR 20.786610, Drift Rate -0.631388, index 500056
Top hit found! SNR 20.185999, Drift Rate -0.631388, index 503635
Top hit found! SNR 20.820087, Drift Rate -0.631388, index 508852
Top hit found! SNR 19.098587, Drift Rate -0.631388, index 512431
Top hit found! SNR 10.170881, Drift Rate -0.631388, index 517952
Top hit found! SNR 17.824051, Drift Rate -0.631388, index 521530
Top hit found! SNR 12.901681, Drift Rate -0.631388, index 525110
Top hit found! SNR 10.604716, Drift Rate -0.631388, index 526747
Top hit found! SNR 13.168007, Drift Rate -0.631388, index 528689
Top hit found! SNR 16.660130, Drift Rate -0.631388, index 530326
Top hit found! SNR 13.185652, Drift Rate -0.631388, index 533906
Top hit found! SNR 12.306305, Drift Rate -0.631388, index 535847
Top hit found! SNR 13.147109, Drift Rate -0.631388, index 537485
Top hit found! SNR 12.051318, Drift Rate -0.631388, index 544643
Top hit found! SNR 13.095271, Drift Rate -0.631388, index 557322
Top hit found! SNR 12.864730, Drift Rate -0.621822, index 566117
Top hit found! SNR 15.967067, Drift Rate -0.631388, index 571639
Top hit found! SNR 13.519952, Drift Rate -0.631388, index 578797
Top hit found! SNR 17.431396, Drift Rate -0.621822, index 580434
Top hit found! SNR 17.788906, Drift Rate -0.631388, index 585955
Top hit found! SNR 13.357664, Drift Rate -0.631388, index 587593
Top hit found! SNR 17.427841, Drift Rate -0.631388, index 594751
Top hit found! SNR 12.038877, Drift Rate -0.631388, index 625326
Top hit found! SNR 11.410827, Drift Rate -0.621822, index 634121
Top hit found! SNR 11.136177, Drift Rate -0.621822, index 682591
Top hit found! SNR 10.856262, Drift Rate -0.631388, index 691388
Top hit found! SNR 17.161617, Drift Rate -0.631388, index 721962
Top hit found! SNR 11.546351, Drift Rate -0.631388, index 729121
Top hit found! SNR 16.514290, Drift Rate -0.621822, index 730759
Top hit found! SNR 17.713499, Drift Rate -0.631388, index 736279
Top hit found! SNR 12.234916, Drift Rate -0.631388, index 737917
Top hit found! SNR 16.651636, Drift Rate -0.640955, index 745074
Top hit found! SNR 11.332482, Drift Rate -0.621822, index 750595
Top hit found! SNR 11.178068, Drift Rate -0.631388, index 759392
Top hit found! SNR 11.357734, Drift Rate -0.602689, index 772070
Top hit found! SNR 11.524565, Drift Rate -0.631388, index 779229
Top hit found! SNR 11.273423, Drift Rate -0.621822, index 780866
Top hit found! SNR 14.544956, Drift Rate -0.621822, index 782807
Top hit found! SNR 17.006760, Drift Rate -0.631388, index 786387
Top hit found! SNR 11.223842, Drift Rate -0.621822, index 788024
Top hit found! SNR 10.906590, Drift Rate -0.631388, index 789966
Top hit found! SNR 13.284916, Drift Rate -0.631388, index 791604
Top hit found! SNR 17.292322, Drift Rate -0.621822, index 795182
Top hit found! SNR 10.902150, Drift Rate -0.631388, index 798762
Top hit found! SNR 15.749891, Drift Rate -0.621822, index 804282
Top hit found! SNR 18.734993, Drift Rate -0.621822, index 807861
Top hit found! SNR 17.195946, Drift Rate -0.631388, index 813079
Top hit found! SNR 18.114307, Drift Rate -0.621822, index 816657
Top hit found! SNR 16.762478, Drift Rate -0.621822, index 832915
Top hit found! SNR 13.344973, Drift Rate -0.602689, index 836495
Top hit found! SNR 17.434830, Drift Rate -0.631388, index 841712
Top hit found! SNR 12.219501, Drift Rate -0.631388, index 845291
Top hit found! SNR 21.724016, Drift Rate -0.631388, index 847232
Top hit found! SNR 21.800789, Drift Rate -0.631388, index 856028
Top hit found! SNR 10.349771, Drift Rate -0.640955, index 861548
Top hit found! SNR 14.969468, Drift Rate -0.631388, index 865128
Top hit found! SNR 10.581264, Drift Rate -0.621822, index 870344
Top hit found! SNR 13.543269, Drift Rate -0.631388, index 873924
Top hit found! SNR 14.423198, Drift Rate -0.621822, index 890181
Top hit found! SNR 22.377405, Drift Rate -0.602689, index 898160
Top hit found! SNR 19.357874, Drift Rate -0.640955, index 901737
Top hit found! SNR 14.286730, Drift Rate -0.602689, index 905318
Top hit found! SNR 10.520523, Drift Rate -0.621822, index 922393
Top hit found! SNR 17.260984, Drift Rate -0.631388, index 925973
Top hit found! SNR 10.468299, Drift Rate -0.631388, index 931190
Top hit found! SNR 16.765459, Drift Rate -0.631388, index 934770
Top hit found! SNR 18.529282, Drift Rate -0.631388, index 102883
Top hit found! SNR 20.322197, Drift Rate -0.602689, index 111680
Top hit found! SNR 11.321307, Drift Rate -0.631388, index 128756
Top hit found! SNR 20.330881, Drift Rate -0.631388, index 138675
Top hit found! SNR 19.797615, Drift Rate -0.621822, index 147470
Top hit found! SNR 10.125366, Drift Rate -0.631388, index 174466
Top hit found! SNR 10.292916, Drift Rate -0.621822, index 183261
Top hit found! SNR 13.925693, Drift Rate -0.631388, index 206678
Top hit found! SNR 10.713072, Drift Rate -0.631388, index 213836
Top hit found! SNR 15.147640, Drift Rate -0.631388, index 215474
Top hit found! SNR 10.723045, Drift Rate -0.631388, index 222633
Top hit found! SNR 13.664422, Drift Rate -0.631388, index 314053
Top hit found! SNR 13.881662, Drift Rate -0.621822, index 322848
Top hit found! SNR 11.270364, Drift Rate -0.631388, index 349844
Top hit found! SNR 11.688169, Drift Rate -0.631388, index 358640
Top hit found! SNR 11.979440, Drift Rate -0.621822, index 407110
Top hit found! SNR 12.774016, Drift Rate -0.602689, index 411508
Top hit found! SNR 12.493629, Drift Rate -0.602689, index 415907
Top hit found! SNR 11.742132, Drift Rate -0.621822, index 435743
Top hit found! SNR 11.269608, Drift Rate -0.631388, index 444539
Top hit found! SNR 29.012808, Drift Rate -0.631388, index 446481
Top hit found! SNR 28.591230, Drift Rate -0.631388, index 455277
Top hit found! SNR 11.083160, Drift Rate -0.631388, index 458209
Top hit found! SNR 15.302819, Drift Rate -0.621822, index 464376
Top hit found! SNR 14.735093, Drift Rate -0.631388, index 473173
Top hit found! SNR 10.976204, Drift Rate -0.640955, index 511552
Top hit found! SNR 30.664484, Drift Rate -0.621822, index 514484
Top hit found! SNR 30.149487, Drift Rate -0.621822, index 523280
Top hit found! SNR 16.220579, Drift Rate -0.631388, index 525222
Top hit found! SNR 17.298986, Drift Rate -0.631388, index 534018
Top hit found! SNR 10.613787, Drift Rate -0.631388, index 546697
Top hit found! SNR 12.294101, Drift Rate -0.631388, index 550276
Top hit found! SNR 11.134802, Drift Rate -0.631388, index 555493
Top hit found! SNR 10.619918, Drift Rate -0.631388, index 557434
Top hit found! SNR 12.294466, Drift Rate -0.631388, index 559072
Top hit found! SNR 11.067306, Drift Rate -0.631388, index 566230
Top hit found! SNR 14.575384, Drift Rate -0.631388, index 596805
Top hit found! SNR 13.825429, Drift Rate -0.621822, index 605600
Top hit found! SNR 18.402567, Drift Rate -0.631388, index 679125
Top hit found! SNR 17.600357, Drift Rate -0.621822, index 687920
Top hit found! SNR 11.601572, Drift Rate -0.631388, index 722075
Top hit found! SNR 13.615959, Drift Rate -0.631388, index 726472
Top hit found! SNR 12.017822, Drift Rate -0.631388, index 730871
Top hit found! SNR 18.090504, Drift Rate -0.631388, index 772183
Top hit found! SNR 18.159218, Drift Rate -0.631388, index 780978
Top hit found! SNR 14.116425, Drift Rate -0.631388, index 782920
Top hit found! SNR 11.002010, Drift Rate -0.631388, index 784558
Top hit found! SNR 13.137455, Drift Rate -0.621822, index 791715
Top hit found! SNR 11.407601, Drift Rate -0.631388, index 807974
Top hit found! SNR 12.133056, Drift Rate -0.631388, index 811553
Top hit found! SNR 10.925623, Drift Rate -0.631388, index 816770
Top hit found! SNR 11.743805, Drift Rate -0.631388, index 820349
Top hit found! SNR 10.141873, Drift Rate -0.621822, index 840185
Top hit found! SNR 19.856411, Drift Rate -0.631388, index 865240
Top hit found! SNR 19.915655, Drift Rate -0.640955, index 874036
Top hit found! SNR 20.606638, Drift Rate -0.621822, index 893872
Top hit found! SNR 20.107170, Drift Rate -0.631388, index 902669
Top hit found! SNR 10.451482, Drift Rate -0.621822, index 937642
Top hit found! SNR 17.787329, Drift Rate -0.602689, index 983352
Top hit found! SNR 14.745907, Drift Rate -0.631388, index 992148
Top hit found! SNR 11.106317, Drift Rate -0.631388, index 128868
Top hit found! SNR 13.794485, Drift Rate -0.621822, index 174577
Top hit found! SNR 13.627301, Drift Rate -0.621822, index 183373
Top hit found! SNR 10.321201, Drift Rate -0.621822, index 208427
Top hit found! SNR 10.054194, Drift Rate -0.602689, index 236243
Top hit found! SNR 19.240635, Drift Rate -0.621822, index 260477
Top hit found! SNR 18.828764, Drift Rate -0.602689, index 269274
Top hit found! SNR 11.173179, Drift Rate -0.621822, index 310585
Top hit found! SNR 11.728274, Drift Rate -0.631388, index 319382
Top hit found! SNR 17.329287, Drift Rate -0.650521, index 436121
Top hit found! SNR 15.291944, Drift Rate -0.631388, index 514597
Top hit found! SNR 14.671760, Drift Rate -0.631388, index 523393
Top hit found! SNR 24.943089, Drift Rate -0.000000, index 697652
Top hit found! SNR 77.718910, Drift Rate -0.009566, index 684324
Top hit found! SNR 11.986837, Drift Rate -0.000000, index 803798
Top hit found! SNR 41.230904, Drift Rate 0.009566, index 828998
Top hit found! SNR 3949.695312, Drift Rate -0.000000, index 135092
Top hit found! SNR 2092.667480, Drift Rate -0.000000, index 137709
Top hit found! SNR 3054.812256, Drift Rate 0.009566, index 140461
Top hit found! SNR 8431.199219, Drift Rate -0.000000, index 852101
Top hit found! SNR 4017.604004, Drift Rate -0.000000, index 853980
Top hit found! SNR 5737.960938, Drift Rate -0.000000, index 856866
Top hit found! SNR 44.837814, Drift Rate -0.000000, index 352805
Top hit found! SNR 10.726797, Drift Rate -0.000000, index 86523
Top hit found! SNR 17.543863, Drift Rate -0.000000, index 88885
Top hit found! SNR 12.225224, Drift Rate -0.009566, index 90674
Top hit found! SNR 29.539032, Drift Rate -0.009566, index 95613
Top hit found! SNR 13.198338, Drift Rate 0.009566, index 101127
Top hit found! SNR 14.378480, Drift Rate 0.009566, index 103489
Top hit found! SNR 24.198338, Drift Rate 0.009566, index 107140
Top hit found! SNR 18.804251, Drift Rate -0.009566, index 110216
Top hit found! SNR 17.010929, Drift Rate -0.000000, index 119308
Top hit found! SNR 19.633656, Drift Rate -0.000000, index 123030
Top hit found! SNR 25.414488, Drift Rate -0.028699, index 301841
Top hit found! SNR 105.158722, Drift Rate -0.019133, index 323758
Top hit found! SNR 617.568420, Drift Rate -0.019133, index 345674
Top hit found! SNR 19.392328, Drift Rate -0.296561, index 353695
Top hit found! SNR 960627.500000, Drift Rate -0.000000, index 367591
Top hit found! SNR 18.977846, Drift Rate 0.344394, index 381491
Top hit found! SNR 802.036682, Drift Rate -0.000000, index 389507
Top hit found! SNR 129.337326, Drift Rate 0.009566, index 411424
Top hit found! SNR 32.273060, Drift Rate 0.028699, index 433341
Top hit found! SNR 11.200383, Drift Rate 0.019133, index 455256
Top hit found! SNR 4651.315918, Drift Rate -0.009566, index 745011
Top hit found! SNR 7640.317383, Drift Rate -0.000000, index 747875
Top hit found! SNR 6260.692871, Drift Rate -0.000000, index 751096
Top hit found! SNR 6260.870605, Drift Rate -0.000000, index 754854
Top hit found! SNR 47.445107, Drift Rate -0.000000, index 904462
Top hit found! SNR 10.719626, Drift Rate -0.057399, index 49202
Top hit found! SNR 16.662071, Drift Rate -0.000000, index 51061
Top hit found! SNR 30.846855, Drift Rate -0.000000, index 53567
Top hit found! SNR 55.208591, Drift Rate -0.000000, index 56072
Top hit found! SNR 79.177834, Drift Rate -0.009566, index 58577
Top hit found! SNR 118.385315, Drift Rate -0.000000, index 61083
Top hit found! SNR 141.850342, Drift Rate -0.000000, index 63588
Top hit found! SNR 149.153275, Drift Rate -0.000000, index 66094
Top hit found! SNR 145.876282, Drift Rate -0.000000, index 68599
Top hit found! SNR 102.309830, Drift Rate -0.009566, index 71104
Top hit found! SNR 57.249741, Drift Rate -0.000000, index 73610
Top hit found! SNR 15.323133, Drift Rate -0.000000, index 76115
Top hit found! SNR 16.786690, Drift Rate -0.057399, index 80553
Top hit found! SNR 24.878536, Drift Rate -0.009566, index 83631
Top hit found! SNR 32.969719, Drift Rate -0.000000, index 86137
Top hit found! SNR 19.638214, Drift Rate -0.000000, index 88642
Top hit found! SNR 28.031586, Drift Rate -0.057399, index 93704
Top hit found! SNR 22.730587, Drift Rate -0.057399, index 95387
Top hit found! SNR 12.504658, Drift Rate -0.057399, index 98754
Top hit found! SNR 13.962210, Drift Rate -0.038266, index 102017
Top hit found! SNR 12.463101, Drift Rate -0.057399, index 103488
Top hit found! SNR 20.236946, Drift Rate -0.057399, index 107802
Top hit found! SNR 26.718588, Drift Rate -0.057399, index 110432
Top hit found! SNR 16.890472, Drift Rate -0.057399, index 112010
Top hit found! SNR 24.334719, Drift Rate -0.057399, index 115166
Top hit found! SNR 10.360342, Drift Rate -0.057399, index 119059
Top hit found! SNR 17.784407, Drift Rate -0.057399, index 122320
Top hit found! SNR 16.339083, Drift Rate -0.057399, index 124529
Top hit found! SNR 15.648873, Drift Rate -0.057399, index 126949
Top hit found! SNR 23.444965, Drift Rate -0.038266, index 130212
Top hit found! SNR 12.765902, Drift Rate -0.038266, index 132632
Top hit found! SNR 30.112997, Drift Rate -0.057399, index 136418
Top hit found! SNR 37.090702, Drift Rate -0.057399, index 141678
Top hit found! SNR 18.258751, Drift Rate -0.038266, index 144415
Top hit found! SNR 13.309330, Drift Rate -0.057399, index 146412
Top hit found! SNR 26.666965, Drift Rate -0.057399, index 149463
Top hit found! SNR 28.656054, Drift Rate -0.057399, index 154618
Top hit found! SNR 13.460026, Drift Rate -0.057399, index 158406
Top hit found! SNR 16.857136, Drift Rate -0.057399, index 160089
Top hit found! SNR 17.892443, Drift Rate -0.057399, index 163140
Top hit found! SNR 21.101385, Drift Rate -0.057399, index 165665
Top hit found! SNR 26.978535, Drift Rate -0.038266, index 170401
Top hit found! SNR 21.152279, Drift Rate -0.038266, index 174083
Top hit found! SNR 13.173388, Drift Rate -0.057399, index 176396
Top hit found! SNR 11.882596, Drift Rate -0.057399, index 177869
Top hit found! SNR 13.233570, Drift Rate -0.057399, index 179973
Top hit found! SNR 20.302330, Drift Rate -0.038266, index 182184
Top hit found! SNR 17.217260, Drift Rate -0.038266, index 186287
Top hit found! SNR 16.433342, Drift Rate -0.057399, index 189547
Top hit found! SNR 17.479622, Drift Rate -0.057399, index 191651
Top hit found! SNR 14.853649, Drift Rate -0.057399, index 193755
Top hit found! SNR 14.405078, Drift Rate -0.057399, index 196911
Top hit found! SNR 20.382673, Drift Rate -0.057399, index 199331
Top hit found! SNR 13.229208, Drift Rate -0.057399, index 204591
Top hit found! SNR 22.916729, Drift Rate -0.057399, index 206801
Top hit found! SNR 16.663151, Drift Rate -0.057399, index 208484
Top hit found! SNR 26.796566, Drift Rate -0.066965, index 213112
Top hit found! SNR 14.221560, Drift Rate -0.066965, index 216058
Top hit found! SNR 31.976267, Drift Rate -0.057399, index 219846
Top hit found! SNR 15.035961, Drift Rate -0.066965, index 222686
Top hit found! SNR 18.268503, Drift Rate -0.066965, index 226473
Top hit found! SNR 20.033350, Drift Rate -0.057399, index 230893
Top hit found! SNR 16.234737, Drift Rate -0.066965, index 233943
Top hit found! SNR 13.942244, Drift Rate -0.057399, index 236679
Top hit found! SNR 25.762196, Drift Rate -0.066965, index 239098
Top hit found! SNR 10.574198, Drift Rate -0.066965, index 240676
Top hit found! SNR 24.835012, Drift Rate -0.066965, index 242675
Top hit found! SNR 25.982710, Drift Rate -0.076532, index 245515
Top hit found! SNR 15.315491, Drift Rate -0.076532, index 249092
Top hit found! SNR 22.502481, Drift Rate -0.057399, index 251408
Top hit found! SNR 20.302256, Drift Rate -0.076532, index 253616
Top hit found! SNR 28.271564, Drift Rate -0.066965, index 256983
Top hit found! SNR 16.904848, Drift Rate -0.066965, index 260350
Top hit found! SNR 11.843309, Drift Rate -0.066965, index 262033
Top hit found! SNR 11.431779, Drift Rate -0.066965, index 264137
Top hit found! SNR 16.291435, Drift Rate -0.066965, index 266767
Top hit found! SNR 15.120444, Drift Rate -0.057399, index 270135
Top hit found! SNR 24.949812, Drift Rate -0.057399, index 271713
Top hit found! SNR 16.527124, Drift Rate -0.057399, index 273186
Top hit found! SNR 24.266893, Drift Rate -0.057399, index 274974
Top hit found! SNR 36.948521, Drift Rate -0.057399, index 277499
Top hit found! SNR 19.875286, Drift Rate -0.076532, index 281075
Top hit found! SNR 16.415688, Drift Rate -0.066965, index 283495
Top hit found! SNR 13.725309, Drift Rate -0.076532, index 289386
Top hit found! SNR 17.318352, Drift Rate -0.086098, index 293909
Top hit found! SNR 29.134306, Drift Rate -0.057399, index 297383
Top hit found! SNR 16.389374, Drift Rate -0.057399, index 302223
Top hit found! SNR 17.209845, Drift Rate -0.086098, index 304114
Top hit found! SNR 13.777076, Drift Rate -0.057399, index 307062
Top hit found! SNR 21.672800, Drift Rate -0.076532, index 308744
Top hit found! SNR 17.753065, Drift Rate -0.076532, index 310322
Top hit found! SNR 20.675724, Drift Rate -0.076532, index 312742
Top hit found! SNR 17.931471, Drift Rate -0.057399, index 314427
Top hit found! SNR 16.642656, Drift Rate -0.086098, index 315897
Top hit found! SNR 16.333473, Drift Rate -0.057399, index 318635
Top hit found! SNR 33.682854, Drift Rate -0.057399, index 321160
Top hit found! SNR 17.616272, Drift Rate -0.076532, index 322947
Top hit found! SNR 13.268982, Drift Rate -0.057399, index 326420
Top hit found! SNR 19.780525, Drift Rate -0.057399, index 329471
Top hit found! SNR 11.072289, Drift Rate -0.057399, index 332627
Top hit found! SNR 16.784565, Drift Rate -0.076532, index 334730
Top hit found! SNR 17.870792, Drift Rate -0.057399, index 337677
Top hit found! SNR 11.471897, Drift Rate -0.057399, index 340623
Top hit found! SNR 15.350810, Drift Rate -0.057399, index 343779
Top hit found! SNR 15.179152, Drift Rate -0.057399, index 346830
Top hit found! SNR 23.824032, Drift Rate -0.057399, index 350302
Top hit found! SNR 12.367562, Drift Rate -0.057399, index 352827
Top hit found! SNR 15.667006, Drift Rate -0.057399, index 354405
Top hit found! SNR 12.535831, Drift Rate -0.057399, index 357561
Top hit found! SNR 21.397348, Drift Rate -0.057399, index 360191
Top hit found! SNR 13.859025, Drift Rate -0.057399, index 367766
Top hit found! SNR 12.670484, Drift Rate -0.047832, index 369976
Top hit found! SNR 13.335715, Drift Rate -0.038266, index 372607
Top hit found! SNR 20.054991, Drift Rate -0.038266, index 376079
Top hit found! SNR 18.466673, Drift Rate -0.057399, index 380075
Top hit found! SNR 14.356833, Drift Rate -0.057399, index 381969
Top hit found! SNR 15.240569, Drift Rate -0.057399, index 384073
Top hit found! SNR 27.017973, Drift Rate -0.057399, index 387650
Top hit found! SNR 17.204515, Drift Rate -0.057399, index 389333
Top hit found! SNR 14.302108, Drift Rate -0.057399, index 394699
Top hit found! SNR 17.625137, Drift Rate -0.000000, index 43545
Top hit found! SNR 46.416164, Drift Rate -0.009566, index 46050
Top hit found! SNR 120.760231, Drift Rate -0.000000, index 48556
Top hit found! SNR 263.351715, Drift Rate -0.000000, index 51061
Top hit found! SNR 533.312317, Drift Rate -0.000000, index 53567
Top hit found! SNR 1075.956055, Drift Rate -0.000000, index 56072
Top hit found! SNR 1765.350708, Drift Rate -0.009566, index 58577
Top hit found! SNR 2978.096680, Drift Rate -0.000000, index 61083
Top hit found! SNR 4133.007324, Drift Rate -0.000000, index 63588
Top hit found! SNR 5070.969238, Drift Rate -0.000000, index 66094
Top hit found! SNR 5729.940918, Drift Rate -0.000000, index 68599
Top hit found! SNR 4679.606934, Drift Rate -0.009566, index 71104
Top hit found! SNR 3168.400635, Drift Rate -0.000000, index 73610
Top hit found! SNR 1041.123169, Drift Rate -0.000000, index 76115
Top hit found! SNR 881.519104, Drift Rate -0.000000, index 81126
Top hit found! SNR 2791.159424, Drift Rate -0.009566, index 83631
Top hit found! SNR 4281.789062, Drift Rate -0.000000, index 86137
Top hit found! SNR 3218.870850, Drift Rate -0.000000, index 88642
Top hit found! SNR 833.366516, Drift Rate -0.000000, index 91148
Top hit found! SNR 85.181793, Drift Rate -0.000000, index 93653
Top hit found! SNR 1947.195923, Drift Rate -0.009566, index 96158
Top hit found! SNR 4075.786621, Drift Rate -0.000000, index 98664
Top hit found! SNR 2936.777588, Drift Rate -0.000000, index 101169
Top hit found! SNR 354.889771, Drift Rate -0.000000, index 103675
Top hit found! SNR 686.179993, Drift Rate -0.000000, index 106180
Top hit found! SNR 3205.198242, Drift Rate -0.009566, index 108685
Top hit found! SNR 3499.427002, Drift Rate -0.000000, index 111191
Top hit found! SNR 656.616760, Drift Rate -0.000000, index 113696
Top hit found! SNR 543.707520, Drift Rate -0.000000, index 116202
Top hit found! SNR 3627.928955, Drift Rate -0.000000, index 118707
Top hit found! SNR 2972.972656, Drift Rate -0.009566, index 121212
Top hit found! SNR 188.950653, Drift Rate -0.000000, index 123718
Top hit found! SNR 1497.746094, Drift Rate -0.000000, index 126223
Top hit found! SNR 3729.191406, Drift Rate -0.000000, index 128729
Top hit found! SNR 1560.633179, Drift Rate -0.000000, index 131234
Top hit found! SNR 272.840698, Drift Rate -0.000000, index 133739
Top hit found! SNR 3684.720703, Drift Rate -0.000000, index 136245
Top hit found! SNR 2852.945312, Drift Rate -0.000000, index 138750
Top hit found! SNR 3215.928955, Drift Rate -0.000000, index 143761
Top hit found! SNR 3181.597412, Drift Rate -0.000000, index 146266
Top hit found! SNR 15.051262, Drift Rate -0.000000, index 148772
Top hit found! SNR 2974.128174, Drift Rate -0.000000, index 151277
Top hit found! SNR 3170.950684, Drift Rate -0.009566, index 153782
Top hit found! SNR 3244.122314, Drift Rate -0.009566, index 158793
Top hit found! SNR 2831.062012, Drift Rate -0.000000, index 161299
Top hit found! SNR 164.929596, Drift Rate -0.000000, index 163804
Top hit found! SNR 3981.315918, Drift Rate -0.009566, index 166309
Top hit found! SNR 1638.130493, Drift Rate -0.000000, index 168815
Top hit found! SNR 1103.797729, Drift Rate -0.009566, index 171320
Top hit found! SNR 4396.675781, Drift Rate -0.000000, index 173826
Top hit found! SNR 205.265854, Drift Rate -0.000000, index 176331
Top hit found! SNR 3126.854980, Drift Rate -0.009566, index 178836
Top hit found! SNR 2900.578857, Drift Rate -0.000000, index 181342
Top hit found! SNR 524.857971, Drift Rate -0.000000, index 183847
Top hit found! SNR 4635.458496, Drift Rate -0.000000, index 186353
Top hit found! SNR 294.216125, Drift Rate -0.000000, index 188858
Top hit found! SNR 3404.279297, Drift Rate -0.009566, index 191363
Top hit found! SNR 2484.048584, Drift Rate -0.000000, index 193869
Top hit found! SNR 1192.278320, Drift Rate -0.000000, index 196374
Top hit found! SNR 4463.456055, Drift Rate -0.000000, index 198880
Top hit found! SNR 26.886707, Drift Rate -0.000000, index 201385
Top hit found! SNR 4683.447754, Drift Rate -0.009566, index 203890
Top hit found! SNR 526.038696, Drift Rate -0.000000, index 206396
Top hit found! SNR 3776.842041, Drift Rate -0.000000, index 208901
Top hit found! SNR 1903.571045, Drift Rate -0.000000, index 211407
Top hit found! SNR 2448.226807, Drift Rate -0.000000, index 213912
Top hit found! SNR 3266.500732, Drift Rate -0.009566, index 216417
Top hit found! SNR 1235.699097, Drift Rate -0.000000, index 218923
Top hit found! SNR 4371.319824, Drift Rate -0.000000, index 221428
Top hit found! SNR 465.636505, Drift Rate -0.000000, index 223934
Top hit found! SNR 5192.055664, Drift Rate -0.000000, index 226439
Top hit found! SNR 135.749603, Drift Rate -0.009566, index 228944
Top hit found! SNR 5508.404297, Drift Rate -0.000000, index 231450
Top hit found! SNR 32.527599, Drift Rate -0.000000, index 233955
Top hit found! SNR 5381.083984, Drift Rate -0.000000, index 236461
Top hit found! SNR 13.668054, Drift Rate -0.000000, index 238966
Top hit found! SNR 5296.409668, Drift Rate -0.009566, index 241471
Top hit found! SNR 33.088287, Drift Rate -0.000000, index 243977
Top hit found! SNR 5500.416992, Drift Rate -0.000000, index 246482
Top hit found! SNR 139.329956, Drift Rate -0.000000, index 248988
Top hit found! SNR 5594.978027, Drift Rate -0.000000, index 251493
Top hit found! SNR 477.330048, Drift Rate -0.009566, index 253998
Top hit found! SNR 5052.556641, Drift Rate -0.000000, index 256504
Top hit found! SNR 1283.475952, Drift Rate -0.000000, index 259009
Top hit found! SNR 3797.091797, Drift Rate -0.000000, index 261515
Top hit found! SNR 2755.437988, Drift Rate -0.000000, index 264020
Top hit found! SNR 2193.516357, Drift Rate -0.009566, index 266525
Top hit found! SNR 4533.106934, Drift Rate -0.000000, index 269031
Top hit found! SNR 636.898438, Drift Rate -0.000000, index 271536
Top hit found! SNR 5607.520996, Drift Rate -0.000000, index 274042
Top hit found! SNR 22.644907, Drift Rate -0.000000, index 276547
Top hit found! SNR 5219.486328, Drift Rate -0.009566, index 279052
Top hit found! SNR 1436.894775, Drift Rate -0.000000, index 281558
Top hit found! SNR 3011.087891, Drift Rate -0.000000, index 284063
Top hit found! SNR 4118.775879, Drift Rate -0.000000, index 286569
Top hit found! SNR 407.944458, Drift Rate -0.000000, index 289074
Top hit found! SNR 5599.026367, Drift Rate -0.009566, index 291579
Top hit found! SNR 620.761536, Drift Rate -0.000000, index 294085
Top hit found! SNR 3654.220459, Drift Rate -0.000000, index 296590
Top hit found! SNR 3924.069824, Drift Rate -0.000000, index 299096
Top hit found! SNR 309.283203, Drift Rate -0.000000, index 301601
Top hit found! SNR 5547.116699, Drift Rate -0.009566, index 304106
Top hit found! SNR 1411.643066, Drift Rate -0.000000, index 306612
Top hit found! SNR 2211.898193, Drift Rate -0.000000, index 309117
Top hit found! SNR 5235.448730, Drift Rate -0.000000, index 311623
Top hit found! SNR 183.109726, Drift Rate -0.000000, index 314128
Top hit found! SNR 3879.582520, Drift Rate -0.009566, index 316633
Top hit found! SNR 4711.834473, Drift Rate -0.000000, index 319139
Top hit found! SNR 4676.099121, Drift Rate -0.000000, index 324150
Top hit found! SNR 4293.991211, Drift Rate -0.000000, index 326655
Top hit found! SNR 40.751915, Drift Rate -0.009566, index 329160
Top hit found! SNR 5060.294922, Drift Rate -0.000000, index 331666
Top hit found! SNR 4597.018066, Drift Rate -0.000000, index 334171
Top hit found! SNR 4576.836426, Drift Rate -0.000000, index 339182
Top hit found! SNR 5465.769531, Drift Rate -0.009566, index 341687
Top hit found! SNR 383.985596, Drift Rate -0.000000, index 344193
Top hit found! SNR 2702.442627, Drift Rate -0.000000, index 346698
Top hit found! SNR 6227.316406, Drift Rate -0.009566, index 349203
Top hit found! SNR 2399.504883, Drift Rate -0.000000, index 351709
Top hit found! SNR 390.452301, Drift Rate -0.009566, index 354214
Top hit found! SNR 5362.100098, Drift Rate -0.000000, index 356720
Top hit found! SNR 5936.875000, Drift Rate -0.000000, index 359225
Top hit found! SNR 809.473633, Drift Rate -0.009566, index 361730
Top hit found! SNR 1321.333130, Drift Rate -0.000000, index 364236
Top hit found! SNR 6018.674316, Drift Rate -0.000000, index 366741
Top hit found! SNR 5714.451660, Drift Rate -0.000000, index 369247
Top hit found! SNR 1041.537598, Drift Rate -0.000000, index 371752
Top hit found! SNR 747.653259, Drift Rate -0.009566, index 374257
Top hit found! SNR 5600.559570, Drift Rate -0.000000, index 376763
Top hit found! SNR 7120.968262, Drift Rate -0.000000, index 379268
Top hit found! SNR 3512.594727, Drift Rate -0.000000, index 381774
Top hit found! SNR 102.077614, Drift Rate -0.000000, index 384279
Top hit found! SNR 1742.106201, Drift Rate -0.009566, index 386784
Top hit found! SNR 6605.363770, Drift Rate -0.000000, index 389290
Top hit found! SNR 8254.885742, Drift Rate -0.000000, index 391795
Top hit found! SNR 5662.747559, Drift Rate -0.000000, index 394301
Top hit found! SNR 1610.623535, Drift Rate -0.000000, index 396806
Top hit found! SNR 28.245356, Drift Rate -0.009566, index 399311
Top hit found! SNR 2436.848145, Drift Rate -0.000000, index 401817
Top hit found! SNR 6807.419922, Drift Rate -0.000000, index 404322
Top hit found! SNR 10720.313477, Drift Rate -0.000000, index 406828
Top hit found! SNR 12678.954102, Drift Rate -0.000000, index 409333
Top hit found! SNR 11194.160156, Drift Rate -0.009566, index 411838
Top hit found! SNR 9582.205078, Drift Rate -0.000000, index 414344
Top hit found! SNR 6543.135742, Drift Rate -0.000000, index 416849
Top hit found! SNR 4157.085938, Drift Rate -0.000000, index 419355
Top hit found! SNR 2496.165039, Drift Rate -0.000000, index 421860
Top hit found! SNR 1257.785278, Drift Rate -0.009566, index 424365
Top hit found! SNR 664.034607, Drift Rate -0.000000, index 426871
Top hit found! SNR 296.383575, Drift Rate -0.009566, index 429376
Top hit found! SNR 126.111259, Drift Rate -0.000000, index 431882
Top hit found! SNR 52.925793, Drift Rate -0.000000, index 434387
Top hit found! SNR 19.299084, Drift Rate -0.009566, index 436892
Top hit found! SNR 10.519670, Drift Rate -0.114798, index 606019
Top hit found! SNR 11.356704, Drift Rate -0.124364, index 610647
Top hit found! SNR 10.773290, Drift Rate -0.133931, index 612330
Top hit found! SNR 10.954262, Drift Rate -0.028699, index 616651
Top hit found! SNR 14.826738, Drift Rate 0.076532, index 620229
Top hit found! SNR 13.836185, Drift Rate 0.076532, index 621702
Top hit found! SNR 15.612080, Drift Rate 0.076532, index 626647
Top hit found! SNR 10.291345, Drift Rate 0.076532, index 628225
Top hit found! SNR 13.264009, Drift Rate -0.019133, index 631907
Top hit found! SNR 23.063705, Drift Rate 0.086098, index 634432
Top hit found! SNR 13.457113, Drift Rate 0.076532, index 642007
Top hit found! SNR 16.393570, Drift Rate 0.076532, index 648530
Top hit found! SNR 18.297001, Drift Rate 0.086098, index 655158
Top hit found! SNR 17.861568, Drift Rate 0.086098, index 656841
Top hit found! SNR 10.085145, Drift Rate 0.086098, index 664942
Top hit found! SNR 14.826725, Drift Rate 0.086098, index 671886
Top hit found! SNR 16.839655, Drift Rate 0.086098, index 676620
Top hit found! SNR 10.146950, Drift Rate 0.076532, index 683774
Top hit found! SNR 10.594395, Drift Rate 0.086098, index 686825
Top hit found! SNR 11.728368, Drift Rate -0.086098, index 691659
Top hit found! SNR 16.687208, Drift Rate 0.076532, index 697872
Top hit found! SNR 20.449202, Drift Rate 0.086098, index 703132
Top hit found! SNR 12.075183, Drift Rate 0.086098, index 710917
Top hit found! SNR 13.571565, Drift Rate 0.076532, index 716072
Top hit found! SNR 10.281159, Drift Rate 0.076532, index 724594
Top hit found! SNR 11.786328, Drift Rate 0.076532, index 727119
Top hit found! SNR 17.025122, Drift Rate 0.076532, index 731643
Top hit found! SNR 12.523744, Drift Rate -0.047832, index 735532
Top hit found! SNR 12.529220, Drift Rate -0.009566, index 743634
Top hit found! SNR 10.062951, Drift Rate 0.028699, index 747738
Top hit found! SNR 11.344099, Drift Rate 0.076532, index 751001
Top hit found! SNR 12.285213, Drift Rate 0.076532, index 753105
Top hit found! SNR 14.183889, Drift Rate 0.086098, index 760785
Top hit found! SNR 16.651022, Drift Rate 0.076532, index 768255
Top hit found! SNR 12.477110, Drift Rate 0.076532, index 769938
Top hit found! SNR 17.764530, Drift Rate 0.076532, index 774567
Top hit found! SNR 11.083571, Drift Rate 0.076532, index 777513
Top hit found! SNR 19.389376, Drift Rate 0.028699, index 781299
Top hit found! SNR 10.736138, Drift Rate 0.086098, index 784141
Top hit found! SNR 12.507762, Drift Rate 0.076532, index 786771
Top hit found! SNR 14.774602, Drift Rate 0.076532, index 792347
Top hit found! SNR 11.290845, Drift Rate 0.076532, index 795398
Top hit found! SNR 18.385769, Drift Rate 0.076532, index 800553
Top hit found! SNR 17.491161, Drift Rate 0.076532, index 804130
Top hit found! SNR 20.166487, Drift Rate 0.028699, index 806969
Top hit found! SNR 13.692485, Drift Rate 0.019133, index 810546
Top hit found! SNR 15.917439, Drift Rate 0.086098, index 812652
Top hit found! SNR 17.030022, Drift Rate 0.019133, index 815070
Top hit found! SNR 21.263449, Drift Rate 0.086098, index 818438
Top hit found! SNR 15.310351, Drift Rate 0.086098, index 821805
Top hit found! SNR 12.300748, Drift Rate 0.086098, index 828643
Top hit found! SNR 13.067500, Drift Rate 0.076532, index 831589
Top hit found! SNR 18.711779, Drift Rate 0.076532, index 833167
Top hit found! SNR 13.096732, Drift Rate 0.076532, index 834640
Top hit found! SNR 18.522411, Drift Rate 0.019133, index 836427
Top hit found! SNR 26.750824, Drift Rate 0.028699, index 838005
Top hit found! SNR 15.629015, Drift Rate 0.028699, index 842529
Top hit found! SNR 12.579526, Drift Rate 0.076532, index 844950
Top hit found! SNR 12.759810, Drift Rate 0.086098, index 850842
Top hit found! SNR 13.939755, Drift Rate 0.019133, index 855364
Top hit found! SNR 22.295612, Drift Rate 0.028699, index 858836
Top hit found! SNR 16.914122, Drift Rate 0.076532, index 863677
Top hit found! SNR 14.485126, Drift Rate 0.028699, index 865569
Top hit found! SNR 13.549353, Drift Rate 0.086098, index 868306
Top hit found! SNR 22.676182, Drift Rate 0.086098, index 870200
Top hit found! SNR 16.798239, Drift Rate 0.086098, index 871778
Top hit found! SNR 18.887665, Drift Rate 0.019133, index 874196
Top hit found! SNR 19.579456, Drift Rate 0.076532, index 875881
Top hit found! SNR 15.946633, Drift Rate 0.076532, index 877354
Top hit found! SNR 13.293929, Drift Rate 0.086098, index 880089
Top hit found! SNR 25.478828, Drift Rate 0.076532, index 882614
Top hit found! SNR 11.186404, Drift Rate 0.019133, index 887452
Top hit found! SNR 16.369059, Drift Rate 0.019133, index 890924
Top hit found! SNR 14.930849, Drift Rate 0.086098, index 896186
Top hit found! SNR 12.985708, Drift Rate 0.019133, index 899130
Top hit found! SNR 10.868882, Drift Rate 0.028699, index 905232
Top hit found! SNR 14.156651, Drift Rate 0.028699, index 911755
Top hit found! SNR 10.573781, Drift Rate 0.076532, index 916701
Top hit found! SNR 14.013424, Drift Rate 0.076532, index 921646
Top hit found! SNR 12.764138, Drift Rate 0.086098, index 937532
Top hit found! SNR 10.762565, Drift Rate -0.105231, index 941523
Top hit found! SNR 13.623585, Drift Rate -0.105231, index 949098
Top hit found! SNR 22.582069, Drift Rate 0.076532, index 87643
Top hit found! SNR 22.701269, Drift Rate -0.172197, index 90474
Top hit found! SNR 22.250566, Drift Rate 0.095665, index 91957
Top hit found! SNR 36.199879, Drift Rate 0.086098, index 94166
Top hit found! SNR 28.487267, Drift Rate 0.086098, index 95639
Top hit found! SNR 46.946186, Drift Rate 0.076532, index 98795
Top hit found! SNR 41.105625, Drift Rate 0.086098, index 100478
Top hit found! SNR 24.608786, Drift Rate 0.095665, index 103214
Top hit found! SNR 32.920044, Drift Rate 0.076532, index 104792
Top hit found! SNR 47.544464, Drift Rate 0.076532, index 108369
Top hit found! SNR 40.232464, Drift Rate 0.105231, index 109842
Top hit found! SNR 55.342144, Drift Rate 0.086098, index 114786
Top hit found! SNR 30.271894, Drift Rate 0.086098, index 116364
Top hit found! SNR 42.655106, Drift Rate 0.095665, index 120047
Top hit found! SNR 71.770180, Drift Rate 0.105231, index 122572
Top hit found! SNR 24.670424, Drift Rate 0.076532, index 126254
Top hit found! SNR 40.616211, Drift Rate -0.105231, index 130139
Top hit found! SNR 20.287664, Drift Rate 0.095665, index 134355
Top hit found! SNR 55.710762, Drift Rate 0.076532, index 136669
Top hit found! SNR 31.116188, Drift Rate 0.095665, index 138458
Top hit found! SNR 20.484350, Drift Rate 0.076532, index 140141
Top hit found! SNR 59.340000, Drift Rate 0.086098, index 143297
Top hit found! SNR 50.552479, Drift Rate 0.095665, index 144981
Top hit found! SNR 29.452410, Drift Rate 0.076532, index 148347
Top hit found! SNR 30.380291, Drift Rate 0.086098, index 150872
Top hit found! SNR 27.310574, Drift Rate 0.076532, index 153081
Top hit found! SNR 42.177162, Drift Rate 0.076532, index 157395
Top hit found! SNR 57.021912, Drift Rate 0.086098, index 160025
Top hit found! SNR 35.578632, Drift Rate 0.086098, index 161603
Top hit found! SNR 49.822666, Drift Rate 0.076532, index 164759
Top hit found! SNR 21.053854, Drift Rate 0.086098, index 168652
Top hit found! SNR 28.424978, Drift Rate 0.076532, index 171913
Top hit found! SNR 30.712227, Drift Rate 0.076532, index 174964
Top hit found! SNR 28.139812, Drift Rate 0.086098, index 177805
Top hit found! SNR 41.765087, Drift Rate 0.086098, index 179804
Top hit found! SNR 21.401878, Drift Rate 0.105231, index 182224
Top hit found! SNR 61.192963, Drift Rate 0.086098, index 184959
Top hit found! SNR 36.284554, Drift Rate 0.076532, index 188010
Top hit found! SNR 66.809708, Drift Rate 0.076532, index 191271
Top hit found! SNR 34.872753, Drift Rate 0.086098, index 193165
Top hit found! SNR 19.321997, Drift Rate 0.086098, index 197478
Top hit found! SNR 43.408039, Drift Rate 0.105231, index 199057
Top hit found! SNR 51.114510, Drift Rate 0.105231, index 204212
Top hit found! SNR 33.473019, Drift Rate 0.086098, index 207999
Top hit found! SNR 33.139027, Drift Rate 0.076532, index 209682
Top hit found! SNR 38.105724, Drift Rate 0.086098, index 212733
Top hit found! SNR 47.682259, Drift Rate 0.086098, index 215258
Top hit found! SNR 65.114388, Drift Rate 0.076532, index 219782
Top hit found! SNR 22.517401, Drift Rate 0.105231, index 222097
Top hit found! SNR 48.737946, Drift Rate 0.095665, index 223675
Top hit found! SNR 35.276558, Drift Rate 0.076532, index 225989
Top hit found! SNR 32.904533, Drift Rate 0.086098, index 227462
Top hit found! SNR 29.647118, Drift Rate 0.076532, index 229566
Top hit found! SNR 50.790840, Drift Rate 0.095665, index 231776
Top hit found! SNR 37.041607, Drift Rate 0.105231, index 235879
Top hit found! SNR 45.826019, Drift Rate 0.086098, index 239140
Top hit found! SNR 43.371292, Drift Rate 0.086098, index 241244
Top hit found! SNR 30.294514, Drift Rate 0.086098, index 246504
Top hit found! SNR 49.882694, Drift Rate 0.086098, index 248924
Top hit found! SNR 28.981003, Drift Rate 0.095665, index 254185
Top hit found! SNR 63.564754, Drift Rate 0.086098, index 256394
Top hit found! SNR 47.030582, Drift Rate 0.076532, index 258077
Top hit found! SNR 69.432693, Drift Rate 0.086098, index 262706
Top hit found! SNR 39.843876, Drift Rate 0.076532, index 265652
Top hit found! SNR 66.418953, Drift Rate 0.086098, index 269439
Top hit found! SNR 43.202618, Drift Rate 0.076532, index 272280
Top hit found! SNR 46.997978, Drift Rate 0.086098, index 274910
Top hit found! SNR 37.495918, Drift Rate 0.086098, index 277961
Top hit found! SNR 54.829475, Drift Rate 0.076532, index 280486
Top hit found! SNR 39.621307, Drift Rate 0.086098, index 283537
Top hit found! SNR 30.770807, Drift Rate 0.076532, index 285746
Top hit found! SNR 64.643631, Drift Rate 0.086098, index 288692
Top hit found! SNR 59.573433, Drift Rate 0.076532, index 292269
Top hit found! SNR 67.733276, Drift Rate 0.076532, index 295110
Top hit found! SNR 42.716881, Drift Rate 0.086098, index 298687
Top hit found! SNR 53.421295, Drift Rate 0.076532, index 300791
Top hit found! SNR 44.957100, Drift Rate 0.095665, index 303211
Top hit found! SNR 68.076561, Drift Rate 0.076532, index 306577
Top hit found! SNR 47.999168, Drift Rate 0.086098, index 309944
Top hit found! SNR 28.252243, Drift Rate 0.086098, index 311627
Top hit found! SNR 26.839270, Drift Rate 0.086098, index 314047
Top hit found! SNR 38.232483, Drift Rate 0.086098, index 316782
Top hit found! SNR 37.986172, Drift Rate 0.076532, index 319728
Top hit found! SNR 54.149010, Drift Rate 0.086098, index 321306
Top hit found! SNR 38.014626, Drift Rate 0.076532, index 322779
Top hit found! SNR 41.248749, Drift Rate 0.076532, index 324567
Top hit found! SNR 58.997192, Drift Rate 0.076532, index 327092
Top hit found! SNR 38.387806, Drift Rate 0.076532, index 330459
Top hit found! SNR 35.590137, Drift Rate 0.076532, index 333089
Top hit found! SNR 16.875738, Drift Rate 0.076532, index 336456
Top hit found! SNR 28.634731, Drift Rate 0.076532, index 338981
Top hit found! SNR 21.822136, Drift Rate 0.076532, index 340559
Top hit found! SNR 31.272684, Drift Rate 0.076532, index 342347
Top hit found! SNR 44.932804, Drift Rate 0.076532, index 346976
Top hit found! SNR 36.330639, Drift Rate 0.076532, index 351816
Top hit found! SNR 27.643044, Drift Rate 0.105231, index 353710
Top hit found! SNR 30.670788, Drift Rate 0.076532, index 356445
Top hit found! SNR 40.244831, Drift Rate 0.105231, index 358339
Top hit found! SNR 34.863308, Drift Rate 0.076532, index 359917
Top hit found! SNR 32.626369, Drift Rate 0.086098, index 362336
Top hit found! SNR 41.807850, Drift Rate 0.086098, index 364020
Top hit found! SNR 31.772654, Drift Rate 0.105231, index 365493
Top hit found! SNR 34.774021, Drift Rate 0.086098, index 368228
Top hit found! SNR 64.254036, Drift Rate 0.076532, index 370753
Top hit found! SNR 25.592209, Drift Rate 0.076532, index 373699
Top hit found! SNR 22.623913, Drift Rate 0.086098, index 376013
Top hit found! SNR 32.537266, Drift Rate 0.086098, index 379064
Top hit found! SNR 31.658455, Drift Rate 0.076532, index 384009
Top hit found! SNR 25.604071, Drift Rate 0.076532, index 387270
Top hit found! SNR 18.664408, Drift Rate 0.076532, index 390216
Top hit found! SNR 25.006115, Drift Rate 0.086098, index 393372
Top hit found! SNR 23.714445, Drift Rate 0.086098, index 396739
Top hit found! SNR 36.994949, Drift Rate 0.076532, index 399895
Top hit found! SNR 20.837082, Drift Rate 0.076532, index 402420
Top hit found! SNR 26.274620, Drift Rate 0.086098, index 403998
Top hit found! SNR 21.763979, Drift Rate 0.076532, index 407470
Top hit found! SNR 28.107779, Drift Rate -0.009566, index 409783
Top hit found! SNR 16.764629, Drift Rate 0.086098, index 414624
Top hit found! SNR 17.945477, Drift Rate 0.086098, index 417149
Top hit found! SNR 17.586733, Drift Rate -0.009566, index 419567
Top hit found! SNR 20.200993, Drift Rate 0.086098, index 422199
Top hit found! SNR 27.454741, Drift Rate -0.210463, index 425658
Top hit found! SNR 23.734257, Drift Rate -0.191330, index 429657
Top hit found! SNR 19.377577, Drift Rate 0.076532, index 431562
Top hit found! SNR 20.675850, Drift Rate 0.086098, index 433666
Top hit found! SNR 33.275856, Drift Rate -0.191330, index 437232
Top hit found! SNR 22.396044, Drift Rate 0.086098, index 444187
Top hit found! SNR 11.274426, Drift Rate 0.076532, index 448395
Top hit found! SNR 10.064572, Drift Rate -0.009566, index 588593
Top hit found! SNR 80.083138, Drift Rate -0.009566, index 610509
Top hit found! SNR 2007.293335, Drift Rate -0.009566, index 632425
Top hit found! SNR 61.725452, Drift Rate 0.009566, index 654342
Top hit found! SNR 13.361679, Drift Rate 0.009566, index 676258
Top hit found! SNR 220.281067, Drift Rate -0.009566, index 685381
Top hit found! SNR 18.120523, Drift Rate -0.019133, index 1035258
Top hit found! SNR 12.145756, Drift Rate 0.019133, index 319475
Top hit found! SNR 2485.068115, Drift Rate -0.038266, index 336559
Top hit found! SNR 80.624001, Drift Rate -0.009566, index 686438
Top hit found! SNR 11.735393, Drift Rate -0.076532, index 525121
Top hit found! SNR 10.036587, Drift Rate -0.066965, index 592961
Top hit found! SNR 10.574959, Drift Rate -0.066965, index 704950
Top hit found! SNR 11.840779, Drift Rate -0.076532, index 795402
Top hit found! SNR 22.664143, Drift Rate -0.000000, index 943718
Top hit found! SNR 22.707876, Drift Rate -0.019133, index 1036315
Top hit found! SNR 10.136271, Drift Rate -0.019133, index 1036315
Top hit found! SNR 22.127401, Drift Rate -0.038266, index 337616
Top hit found! SNR 34.973557, Drift Rate -7.547960, index 373838
Top hit found! SNR 55.455669, Drift Rate 7.040936, index 377638
Top hit found! SNR 57.140064, Drift Rate -4.295354, index 379892
Top hit found! SNR 64.436256, Drift Rate 1.387141, index 386007
Top hit found! SNR 56.443314, Drift Rate -4.314487, index 388481
Top hit found! SNR 19.457890, Drift Rate 8.026285, index 393342
Top hit found! SNR 22.206015, Drift Rate -5.452899, index 395379
Top hit found! SNR 44.620731, Drift Rate -0.009566, index 688552
Top hit found! SNR 11.673162, Drift Rate -0.000000, index 34953
Top hit found! SNR 75.689156, Drift Rate -0.019133, index 1038429
Top hit found! SNR 86.876900, Drift Rate -0.000000, index 34953
Top hit found! SNR 18.484930, Drift Rate 0.019133, index 533062
Top hit found! SNR 43.603020, Drift Rate -0.019133, index 1038429
Top hit found! SNR 14.090824, Drift Rate -0.000000, index 396571
Top hit found! SNR 17.347382, Drift Rate 0.047832, index 288392
Top hit found! SNR 13.181194, Drift Rate 0.153064, index 308522
Top hit found! SNR 24.010353, Drift Rate 0.066965, index 328478
Top hit found! SNR 10.504820, Drift Rate 0.047832, index 348736
Top hit found! SNR 14.690338, Drift Rate 0.047832, index 375150
Top hit found! SNR 17.686914, Drift Rate -0.019133, index 395042
Top hit found! SNR 14.964425, Drift Rate 0.047832, index 401644
Top hit found! SNR 19.870918, Drift Rate 0.047832, index 415093
Top hit found! SNR 16.712433, Drift Rate 0.009566, index 421542
Top hit found! SNR 15.430124, Drift Rate 0.095665, index 428337
Top hit found! SNR 13.418862, Drift Rate 0.057399, index 441436
Top hit found! SNR 12.818333, Drift Rate 0.047832, index 448156
Top hit found! SNR 21.110302, Drift Rate 0.066965, index 468057
Top hit found! SNR 19.499233, Drift Rate 0.057399, index 470248
Top hit found! SNR 35.994926, Drift Rate 0.047832, index 474793
Top hit found! SNR 44.510437, Drift Rate 0.057399, index 479160
Top hit found! SNR 20.268827, Drift Rate 0.057399, index 485531
Top hit found! SNR 18.542528, Drift Rate 0.047832, index 487821
Top hit found! SNR 26.416922, Drift Rate 0.057399, index 494980
Top hit found! SNR 14.606627, Drift Rate 0.057399, index 501279
Top hit found! SNR 10.441804, Drift Rate -0.019133, index 521250
Top hit found! SNR 12.907745, Drift Rate 0.047832, index 534493
Top hit found! SNR 19.727823, Drift Rate 0.066965, index 541301
Top hit found! SNR 12.277115, Drift Rate -0.000000, index 547865
Top hit found! SNR 12.791328, Drift Rate 0.047832, index 561123
Top hit found! SNR 15.429328, Drift Rate 0.124364, index 567874
Top hit found! SNR 13.877490, Drift Rate 0.047832, index 574436
Top hit found! SNR 12.854402, Drift Rate 0.057399, index 587608
Top hit found! SNR 13.044244, Drift Rate 0.057399, index 597343
Top hit found! SNR 10.885785, Drift Rate -5.414633, index 611373
Top hit found! SNR 16.649128, Drift Rate 0.066965, index 634365
Top hit found! SNR 18.887848, Drift Rate 0.028699, index 654302
Top hit found! SNR 11.780428, Drift Rate 0.066965, index 660980
Top hit found! SNR 15.515171, Drift Rate 0.057399, index 667561
Top hit found! SNR 13.302133, Drift Rate 0.086098, index 674172
Top hit found! SNR 17.535919, Drift Rate -5.500731, index 41606
Top hit found! SNR 60.852207, Drift Rate -5.500731, index 47440
Top hit found! SNR 37.904617, Drift Rate -5.500731, index 51377
Top hit found! SNR 26.701452, Drift Rate -5.500731, index 56352
Top hit found! SNR 36.041397, Drift Rate -5.500731, index 66803
Top hit found! SNR 17.692385, Drift Rate -5.500731, index 75393
Top hit found! SNR 19.893774, Drift Rate -5.500731, index 83625
Top hit found! SNR 22.606686, Drift Rate -5.500731, index 116732
Top hit found! SNR 10.479709, Drift Rate -5.500731, index 131979
Top hit found! SNR 14.429964, Drift Rate -5.500731, index 135236
Top hit found! SNR 16.002146, Drift Rate -5.500731, index 143468
Top hit found! SNR 12.893826, Drift Rate -5.500731, index 157033
Top hit found! SNR 10.997959, Drift Rate -5.500731, index 161471
Top hit found! SNR 79.550789, Drift Rate -5.500731, index 166983
Top hit found! SNR 41.487495, Drift Rate -5.500731, index 173318
Top hit found! SNR 38.872639, Drift Rate -5.500731, index 180870
Top hit found! SNR 16.725288, Drift Rate -5.500731, index 188601
Top hit found! SNR 10.296279, Drift Rate -5.653795, index 598208
Top hit found! SNR 12.111231, Drift Rate 5.510298, index 602627
Top hit found! SNR 12.034951, Drift Rate -5.634663, index 613129
Top hit found! SNR 19.003201, Drift Rate 5.510298, index 617695
Top hit found! SNR 13.186173, Drift Rate 5.510298, index 629363
Top hit found! SNR 13.282000, Drift Rate -0.143497, index 640474
Top hit found! SNR 23.324450, Drift Rate 5.510298, index 645505
Top hit found! SNR 20.386671, Drift Rate -5.653795, index 654257
Top hit found! SNR 25.745808, Drift Rate -5.653795, index 658731
Top hit found! SNR 70.871338, Drift Rate 5.510298, index 668125
Top hit found! SNR 40.280064, Drift Rate 5.510298, index 673279
Top hit found! SNR 16.041513, Drift Rate 5.510298, index 676894
Top hit found! SNR 29.946348, Drift Rate 5.510298, index 685126
Top hit found! SNR 11.882065, Drift Rate -5.615530, index 688900
Top hit found! SNR 12.902802, Drift Rate 5.510298, index 691640
Top hit found! SNR 11.786780, Drift Rate 5.510298, index 696114
Top hit found! SNR 15.573849, Drift Rate 5.510298, index 761970
Top hit found! SNR 13.835345, Drift Rate -5.653795, index 767358
Top hit found! SNR 11.018324, Drift Rate -0.181763, index 771653
Top hit found! SNR 33.382019, Drift Rate 5.510298, index 779293
Top hit found! SNR 35.156425, Drift Rate 5.510298, index 784769
Top hit found! SNR 29.173246, Drift Rate 5.510298, index 790603
Top hit found! SNR 12.471629, Drift Rate 5.510298, index 796079
Top hit found! SNR 10.194154, Drift Rate 5.510298, index 803181
Top hit found! SNR 12.545587, Drift Rate -0.009566, index 115880
Top hit found! SNR 15.258464, Drift Rate -0.009566, index 173862
Top hit found! SNR 10.393157, Drift Rate -0.009566, index 180376
Top hit found! SNR 22.602304, Drift Rate -5.500731, index 212372
Top hit found! SNR 10.253336, Drift Rate -0.009566, index 218279
Top hit found! SNR 13.305551, Drift Rate 5.472032, index 226655
Top hit found! SNR 59.246342, Drift Rate -5.481599, index 235781
Top hit found! SNR 14.885445, Drift Rate -0.009566, index 245051
Top hit found! SNR 17.143816, Drift Rate 5.472032, index 254250
Top hit found! SNR 10.583470, Drift Rate -0.000000, index 265596
Top hit found! SNR 20.601576, Drift Rate -0.009566, index 330950
Top hit found! SNR 19.295208, Drift Rate -5.500731, index 351457
Top hit found! SNR 21.356092, Drift Rate -0.000000, index 355061
Top hit found! SNR 11.872209, Drift Rate -0.009566, index 358545
Top hit found! SNR 13.966244, Drift Rate -0.000000, index 361074
Top hit found! SNR 10.217971, Drift Rate 0.066965, index 795785
Top hit found! SNR 10.422225, Drift Rate -5.385934, index 817368
Top hit found! SNR 12.635186, Drift Rate -5.376367, index 835470
Top hit found! SNR 27.098009, Drift Rate -5.376367, index 847818
Top hit found! SNR 37.756424, Drift Rate -5.376367, index 853151
Top hit found! SNR 47.165810, Drift Rate -5.405066, index 855700
Top hit found! SNR 24.079821, Drift Rate -5.405066, index 860532
Top hit found! SNR 15.671981, Drift Rate -5.376367, index 865499
Top hit found! SNR 14.052878, Drift Rate -5.385934, index 874232
Top hit found! SNR 17.154480, Drift Rate -5.376367, index 883001
Top hit found! SNR 19.837561, Drift Rate -0.133931, index 969319
Top hit found! SNR 17.968687, Drift Rate -0.133931, index 975332
Top hit found! SNR 11.652889, Drift Rate -5.385934, index 981964
Top hit found! SNR 72.030685, Drift Rate -0.000000, index 174763
Top hit found! SNR 168.297562, Drift Rate -0.009566, index 690643
Top hit found! SNR 231.781464, Drift Rate -0.000000, index 680985
Top hit found! SNR 15.637256, Drift Rate -0.000000, index 244668
Top hit found! SNR 10.858558, Drift Rate -1.205378, index 524271
Top hit found! SNR 10.392905, Drift Rate 8.705505, index 524401
Top hit found! SNR 14.772769, Drift Rate 6.017322, index 524366
Top hit found! SNR 19.843740, Drift Rate -0.660088, index 512149
Top hit found! SNR 183.945526, Drift Rate -0.000000, index 775946
Top hit found! SNR 19.603971, Drift Rate 0.047832, index 892664
Top hit found! SNR 892.910461, Drift Rate -0.000000, index 314573
Top hit found! SNR 15.207500, Drift Rate -0.000000, index 747984
Top hit found! SNR 26.729719, Drift Rate -0.000000, index 132820
Top hit found! SNR 13.897984, Drift Rate -0.181763, index 879707
Top hit found! SNR 31.791681, Drift Rate 0.124364, index 885097
Top hit found! SNR 15.341378, Drift Rate 0.095665, index 891734
Top hit found! SNR 116.837547, Drift Rate -0.000000, index 566231
Top hit found! SNR 120.277069, Drift Rate -0.000000, index 999642
Top hit found! SNR 11.764285, Drift Rate 0.047832, index 524659
Top hit found! SNR 11.133552, Drift Rate -0.124364, index 370245
Top hit found! SNR 60.154694, Drift Rate -0.028699, index 379950
Top hit found! SNR 268.978180, Drift Rate -0.000000, index 384478
Top hit found! SNR 39.433712, Drift Rate -0.009566, index 388116
Top hit found! SNR 270.168793, Drift Rate 0.028699, index 389653
Top hit found! SNR 119.957504, Drift Rate -0.000000, index 817889
Top hit found! SNR 34.999786, Drift Rate -0.009566, index 872823
Top hit found! SNR 50.659882, Drift Rate -0.000000, index 202725
Top hit found! SNR 35.684452, Drift Rate -0.000000, index 636136
Top hit found! SNR 49.614647, Drift Rate 0.019133, index 166404
Top hit found! SNR 42.523087, Drift Rate 0.114798, index 168372
Top hit found! SNR 64.568626, Drift Rate -0.047832, index 170241
Top hit found! SNR 21.596666, Drift Rate 0.066965, index 172658
Top hit found! SNR 21.081665, Drift Rate -0.086098, index 178288
Top hit found! SNR 48.066563, Drift Rate -0.229596, index 181043
Top hit found! SNR 166.937332, Drift Rate -0.000000, index 454383
Top hit found! SNR 16.415560, Drift Rate 0.028699, index 456971
Top hit found! SNR 119.170998, Drift Rate -0.057399, index 528197
Top hit found! SNR 18.986300, Drift Rate 0.698354, index 536312
Top hit found! SNR 14.106144, Drift Rate 0.086098, index 540569
Top hit found! SNR 12.842783, Drift Rate -0.038266, index 123415
Top hit found! SNR 75.752464, Drift Rate 0.038266, index 133119
Top hit found! SNR 10.874883, Drift Rate -1.846333, index 873170
Top hit found! SNR 32.266430, Drift Rate -0.000000, index 418867
Top hit found! SNR 34.728924, Drift Rate -0.057399, index 437032
Top hit found! SNR 21.002401, Drift Rate -0.076532, index 439209

===== Search time: 228.11 minutes
===== END OF LOG
