
turbo_seti version 2.1.17
blimpy version 2.0.31
h5py version 3.5.0

HDF5 header info: {'DIMENSION_LABELS': array(['time', 'feed_id', 'frequency'], dtype=object), 'az_start': 0.0, 'data_type': 1, 'fch1': 3151.46484375, 'foff': -2.7939677238464355e-06, 'machine_id': 20, 'nbits': 32, 'nchans': 536870912, 'nifs': 1, 'source_name': 'OFF_HD13908', 'src_dej': <Angle 65.5936 deg>, 'src_raj': <Angle 2.30402667 hourangle>, 'telescope_id': 6, 'tsamp': 18.253611007999982, 'tstart': 59524.19924768519, 'za_start': 0.0}

Starting ET search with parameters: datafile=/gpfs/group/jtw13/default/gbt_2020/2021/S_band/splice_no_overlap_ordered/OFF_Scan2/spliced_blc0x1x2x_guppi_59524_17215_OFF_HD13908_0033.rawspec.0000.h5, max_drift=10.0, min_drift=0.0, snr=10.0, out_dir=/gpfs/group/jtw13/default/gbt_2020/2021/S_band/splice_no_overlap_ordered/OFF_Scan2/, coarse_chans=None, flagging=False, n_coarse_chan=512, kernels=None, gpu_id=0, gpu_backend=False, blank_dc=True, precision=1, append_output=False, log_level_int=30, obs_info={'pulsar': 0, 'pulsar_found': 0, 'pulsar_dm': 0.0, 'pulsar_snr': 0.0, 'pulsar_stats': array([0., 0., 0., 0., 0., 0.]), 'RFI_level': 0.0, 'Mean_SEFD': 0.0, 'psrflux_Sens': 0.0, 'SEFDs_val': [0.0], 'SEFDs_freq': [0.0], 'SEFDs_freq_up': [0.0]}

Computed drift rate resolution: 0.00956648975722505

Top hit found! SNR 10.844704, Drift Rate -0.038266, index 94612
Top hit found! SNR 418.735077, Drift Rate -0.028699, index 202032
Top hit found! SNR 3892.514893, Drift Rate -0.009566, index 309451
Top hit found! SNR 1107.594604, Drift Rate 0.038266, index 310979
Top hit found! SNR 293.331390, Drift Rate -0.334827, index 349553
Top hit found! SNR 14.171087, Drift Rate -0.181763, index 352604
Top hit found! SNR 283947.843750, Drift Rate -0.009566, index 416869
Top hit found! SNR 6299.416992, Drift Rate -0.057399, index 422723
Top hit found! SNR 20.464561, Drift Rate -0.000000, index 431894
Top hit found! SNR 611.395996, Drift Rate -0.047832, index 436927
Top hit found! SNR 23.102310, Drift Rate -0.162630, index 456981
Top hit found! SNR 18.160248, Drift Rate 0.191330, index 464119
Top hit found! SNR 13.459638, Drift Rate -0.047832, index 469694
Top hit found! SNR 15.730646, Drift Rate 0.028699, index 471462
Top hit found! SNR 27.792057, Drift Rate -0.286995, index 477033
Top hit found! SNR 38.505344, Drift Rate 0.210463, index 484181
Top hit found! SNR 208.368195, Drift Rate -0.000000, index 491520
Top hit found! SNR 16.434366, Drift Rate -0.000000, index 501381
Top hit found! SNR 28.666409, Drift Rate 0.047832, index 504231
Top hit found! SNR 66.086563, Drift Rate -0.000000, index 509016
Top hit found! SNR 10.341365, Drift Rate 0.066965, index 514595
Top hit found! SNR 61.648163, Drift Rate -0.000000, index 516534
Top hit found! SNR 192000.781250, Drift Rate 0.019133, index 524289
Top hit found! SNR 61.648167, Drift Rate -0.000000, index 532042
Top hit found! SNR 10.341365, Drift Rate -0.066965, index 533981
Top hit found! SNR 66.086563, Drift Rate -0.000000, index 539560
Top hit found! SNR 28.666414, Drift Rate -0.047832, index 544345
Top hit found! SNR 16.434368, Drift Rate -0.000000, index 547195
Top hit found! SNR 208.368195, Drift Rate -0.000000, index 557056
Top hit found! SNR 38.505341, Drift Rate -0.210463, index 564395
Top hit found! SNR 27.792061, Drift Rate 0.286995, index 571543
Top hit found! SNR 15.730646, Drift Rate -0.028699, index 577114
Top hit found! SNR 13.459641, Drift Rate 0.047832, index 578882
Top hit found! SNR 18.160248, Drift Rate -0.191330, index 584457
Top hit found! SNR 23.102308, Drift Rate 0.162630, index 591595
Top hit found! SNR 611.395996, Drift Rate 0.047832, index 611649
Top hit found! SNR 20.464565, Drift Rate -0.000000, index 616682
Top hit found! SNR 6299.416992, Drift Rate 0.057399, index 625853
Top hit found! SNR 283947.812500, Drift Rate 0.009566, index 631707
Top hit found! SNR 14.171084, Drift Rate 0.181763, index 695972
Top hit found! SNR 293.331390, Drift Rate 0.334827, index 699023
Top hit found! SNR 1107.594482, Drift Rate -0.038266, index 737597
Top hit found! SNR 3892.514648, Drift Rate 0.009566, index 739125
Top hit found! SNR 418.735077, Drift Rate 0.028699, index 846544
Top hit found! SNR 10.844704, Drift Rate 0.038266, index 953964
Top hit found! SNR 485.744354, Drift Rate -1.339309, index 524262
Top hit found! SNR 1031.761108, Drift Rate -0.000000, index 794942
Top hit found! SNR 1875.328369, Drift Rate -0.000000, index 17021
Top hit found! SNR 27.908060, Drift Rate -0.000000, index 245174
Top hit found! SNR 42.484413, Drift Rate -0.000000, index 249454
Top hit found! SNR 136.209488, Drift Rate -0.000000, index 251380
Top hit found! SNR 212.526505, Drift Rate -0.000000, index 405981
Top hit found! SNR 190.550247, Drift Rate -4.457984, index 524202
Top hit found! SNR 13.770580, Drift Rate -0.000000, index 801752
Top hit found! SNR 41.687351, Drift Rate -0.000000, index 900693
Top hit found! SNR 12.646215, Drift Rate -0.000000, index 933675
Top hit found! SNR 3551.115967, Drift Rate -0.000000, index 17021
Top hit found! SNR 11.961980, Drift Rate -0.000000, index 181924
Top hit found! SNR 18.247122, Drift Rate -0.000000, index 280865
Top hit found! SNR 63.442528, Drift Rate -0.000000, index 346828
Top hit found! SNR 69.811394, Drift Rate -0.000000, index 511732
Top hit found! SNR 157.251328, Drift Rate 1.846333, index 524325
Top hit found! SNR 58869.574219, Drift Rate -0.000000, index 676636
Top hit found! SNR 10.673630, Drift Rate -0.000000, index 709618
Top hit found! SNR 18.351858, Drift Rate -0.000000, index 775576
Top hit found! SNR 47.918610, Drift Rate -0.000000, index 808558
Top hit found! SNR 15.927513, Drift Rate -0.000000, index 841540
Top hit found! SNR 16.571693, Drift Rate -0.000000, index 907503
Top hit found! SNR 64.130318, Drift Rate -0.000000, index 940480
Top hit found! SNR 96.936813, Drift Rate -0.000000, index 957699
Top hit found! SNR 27.898293, Drift Rate -0.000000, index 1006443
Top hit found! SNR 10.336513, Drift Rate -0.009566, index 1023195
Top hit found! SNR 94.971321, Drift Rate -0.000000, index 1027047
Top hit found! SNR 11.597143, Drift Rate -0.000000, index 23831
Top hit found! SNR 10.715147, Drift Rate -0.000000, index 122771
Top hit found! SNR 16.010750, Drift Rate -0.000000, index 155753
Top hit found! SNR 6610.417480, Drift Rate -0.000000, index 287675
Top hit found! SNR 10.039279, Drift Rate -0.000000, index 452579
Top hit found! SNR 198.212830, Drift Rate 7.280099, index 524430
Top hit found! SNR 11.187460, Drift Rate -0.009566, index 617482
Top hit found! SNR 11.923345, Drift Rate -0.000000, index 815368
Top hit found! SNR 4339.921875, Drift Rate -0.000000, index 947290
Top hit found! SNR 1442.206055, Drift Rate -0.000000, index 949885
Top hit found! SNR 37.387371, Drift Rate -0.000000, index 1027047
Top hit found! SNR 21.966320, Drift Rate -0.000000, index 37446
Top hit found! SNR 24.331926, Drift Rate -0.000000, index 63618
Top hit found! SNR 12.279901, Drift Rate -0.000000, index 162558
Top hit found! SNR 10.133344, Drift Rate -0.000000, index 426407
Top hit found! SNR 209.381165, Drift Rate 0.334827, index 524295
Top hit found! SNR 51644.511719, Drift Rate -0.000000, index 558329
Top hit found! SNR 988.311829, Drift Rate -0.000000, index 561295
Top hit found! SNR 10.400846, Drift Rate -0.000000, index 657270
Top hit found! SNR 31.469948, Drift Rate -0.000000, index 690251
Top hit found! SNR 26.826385, Drift Rate -0.000000, index 691893
Top hit found! SNR 70.766258, Drift Rate -0.000000, index 723233
Top hit found! SNR 23.284557, Drift Rate -0.009566, index 748361
Top hit found! SNR 21.778284, Drift Rate -0.000000, index 756215
Top hit found! SNR 13.624306, Drift Rate -0.000000, index 757877
Top hit found! SNR 25.600267, Drift Rate -0.000000, index 789196
Top hit found! SNR 119.729919, Drift Rate -0.000000, index 822174
Top hit found! SNR 61.320408, Drift Rate -0.000000, index 825288
Top hit found! SNR 52.332310, Drift Rate -0.000000, index 855155
Top hit found! SNR 19.629929, Drift Rate -0.000000, index 858288
Top hit found! SNR 49.583702, Drift Rate -0.000000, index 888137
Top hit found! SNR 18.349194, Drift Rate -0.000000, index 891288
Top hit found! SNR 68.974190, Drift Rate -0.000000, index 921119
Top hit found! SNR 19.657305, Drift Rate -0.000000, index 924288
Top hit found! SNR 10.018141, Drift Rate -0.000000, index 947290
Top hit found! SNR 138.315506, Drift Rate -0.000000, index 954100
Top hit found! SNR 25.837255, Drift Rate -0.000000, index 955822
Top hit found! SNR 42.710857, Drift Rate -0.000000, index 957288
Top hit found! SNR 49.437363, Drift Rate -0.000000, index 987077
Top hit found! SNR 160.145996, Drift Rate -0.000000, index 37446
Top hit found! SNR 32.455566, Drift Rate -0.000000, index 39209
Top hit found! SNR 60.935978, Drift Rate -0.000000, index 40709
Top hit found! SNR 15.881201, Drift Rate -0.000000, index 70428
Top hit found! SNR 10.161029, Drift Rate -0.000000, index 72200
Top hit found! SNR 59.998795, Drift Rate -0.000000, index 103405
Top hit found! SNR 55.987659, Drift Rate -0.000000, index 136387
Top hit found! SNR 58477.910156, Drift Rate -0.000000, index 169368
Top hit found! SNR 3411.076416, Drift Rate -0.000000, index 172705
Top hit found! SNR 55.205967, Drift Rate -0.000000, index 202350
Top hit found! SNR 51.766788, Drift Rate -0.000000, index 235332
Top hit found! SNR 109.826370, Drift Rate -0.000000, index 268309
Top hit found! SNR 14.048788, Drift Rate -0.000000, index 270141
Top hit found! SNR 27.202627, Drift Rate -0.000000, index 271701
Top hit found! SNR 154.195328, Drift Rate -0.000000, index 301290
Top hit found! SNR 35.500694, Drift Rate -0.000000, index 303133
Top hit found! SNR 44.106251, Drift Rate -0.000000, index 304701
Top hit found! SNR 37.878902, Drift Rate -0.000000, index 334272
Top hit found! SNR 19.762842, Drift Rate -0.000000, index 336125
Top hit found! SNR 11.238569, Drift Rate 0.009566, index 337702
Top hit found! SNR 233.301895, Drift Rate -0.000000, index 433213
Top hit found! SNR 42.881462, Drift Rate -0.000000, index 435095
Top hit found! SNR 24.850342, Drift Rate -0.000000, index 436698
Top hit found! SNR 64.377129, Drift Rate -0.000000, index 466194
Top hit found! SNR 18.273893, Drift Rate -0.000000, index 468087
Top hit found! SNR 95.739174, Drift Rate -0.000000, index 499176
Top hit found! SNR 10.767046, Drift Rate -0.000000, index 501079
Top hit found! SNR 203.329834, Drift Rate 6.457381, index 524415
Top hit found! SNR 91.944565, Drift Rate -0.000000, index 532158
Top hit found! SNR 11.733221, Drift Rate -0.000000, index 534070
Top hit found! SNR 10.235813, Drift Rate -0.000000, index 535698
Top hit found! SNR 208.492493, Drift Rate -0.000000, index 565139
Top hit found! SNR 25.674330, Drift Rate -0.000000, index 567062
Top hit found! SNR 24.981045, Drift Rate -0.000000, index 568698
Top hit found! SNR 17.816303, Drift Rate -0.009566, index 598116
Top hit found! SNR 35.871925, Drift Rate -0.000000, index 631098
Top hit found! SNR 17.245024, Drift Rate -0.000000, index 664080
Top hit found! SNR 31.042681, Drift Rate -0.000000, index 697062
Top hit found! SNR 20.024761, Drift Rate -0.000000, index 699024
Top hit found! SNR 14.774764, Drift Rate -0.000000, index 730043
Top hit found! SNR 5152.832520, Drift Rate -0.000000, index 828984
Top hit found! SNR 1532.847534, Drift Rate -0.000000, index 831041
Top hit found! SNR 604.422119, Drift Rate -0.000000, index 832691
Top hit found! SNR 14.035380, Drift Rate -0.000000, index 894947
Top hit found! SNR 10.989639, Drift Rate -0.000000, index 927924
Top hit found! SNR 17.388653, Drift Rate -0.000000, index 44252
Top hit found! SNR 12.034643, Drift Rate -0.000000, index 46392
Top hit found! SNR 2019.178833, Drift Rate -0.000000, index 51062
Top hit found! SNR 34.913773, Drift Rate -0.000000, index 53531
Top hit found! SNR 43.489090, Drift Rate -0.000000, index 110215
Top hit found! SNR 12.205194, Drift Rate -0.000000, index 143197
Top hit found! SNR 14.935345, Drift Rate -0.000000, index 176178
Top hit found! SNR 20.714556, Drift Rate -0.000000, index 178359
Top hit found! SNR 36.851982, Drift Rate -0.000000, index 275119
Top hit found! SNR 11.572604, Drift Rate -0.000000, index 308101
Top hit found! SNR 43.451733, Drift Rate -0.000000, index 310323
Top hit found! SNR 2184.945068, Drift Rate -0.000000, index 342535
Top hit found! SNR 15244.760742, Drift Rate -0.000000, index 440023
Top hit found! SNR 192.221603, Drift Rate 0.487891, index 524298
Top hit found! SNR 14.611749, Drift Rate -0.000000, index 538963
Top hit found! SNR 34.207088, Drift Rate -0.000000, index 571945
Top hit found! SNR 11.783808, Drift Rate -0.000000, index 574249
Top hit found! SNR 13.275306, Drift Rate -0.009566, index 604926
Top hit found! SNR 29.978584, Drift Rate -0.000000, index 703867
Top hit found! SNR 12.340791, Drift Rate -0.009566, index 835793
Top hit found! SNR 16.440584, Drift Rate -0.000000, index 868771
Top hit found! SNR 27780.349609, Drift Rate -0.000000, index 51062
Top hit found! SNR 597.557983, Drift Rate -0.000000, index 53531
Top hit found! SNR 50.279469, Drift Rate -0.000000, index 55511
Top hit found! SNR 22.503014, Drift Rate -0.000000, index 215966
Top hit found! SNR 12.891694, Drift Rate -0.000000, index 281929
Top hit found! SNR 48.622715, Drift Rate -0.000000, index 314906
Top hit found! SNR 29.132792, Drift Rate -0.000000, index 446833
Top hit found! SNR 18.810102, Drift Rate -0.000000, index 479810
Top hit found! SNR 13.808661, Drift Rate -0.000000, index 512791
Top hit found! SNR 191.175079, Drift Rate 3.491769, index 524358
Top hit found! SNR 35.866043, Drift Rate -0.000000, index 545773
Top hit found! SNR 29.353937, Drift Rate -0.000000, index 578755
Top hit found! SNR 15.388254, Drift Rate -0.000000, index 611736
Top hit found! SNR 11.793328, Drift Rate -0.000000, index 644714
Top hit found! SNR 3363.520020, Drift Rate -0.000000, index 710677
Top hit found! SNR 81.111305, Drift Rate -0.000000, index 713352
Top hit found! SNR 27.141932, Drift Rate 0.009566, index 715497
Top hit found! SNR 14.415688, Drift Rate -0.028699, index 735122
Top hit found! SNR 40.243813, Drift Rate -0.000000, index 842599
Top hit found! SNR 18.703596, Drift Rate -0.000000, index 875581
Top hit found! SNR 14.823032, Drift Rate -0.000000, index 941544
Top hit found! SNR 42.701210, Drift Rate -0.000000, index 974521
Top hit found! SNR 31.068262, Drift Rate -0.000000, index 57872
Top hit found! SNR 27.904467, Drift Rate -0.000000, index 156812
Top hit found! SNR 3889.247070, Drift Rate -0.000000, index 321716
Top hit found! SNR 56.736534, Drift Rate -0.000000, index 324520
Top hit found! SNR 11.158391, Drift Rate -0.000000, index 486620
Top hit found! SNR 181.124481, Drift Rate 5.892958, index 524405
Top hit found! SNR 49.734993, Drift Rate -0.009566, index 585560
Top hit found! SNR 26.031326, Drift Rate -0.000000, index 618542
Top hit found! SNR 36.338741, Drift Rate -0.000000, index 651524
Top hit found! SNR 64.611336, Drift Rate -0.000000, index 717487
Top hit found! SNR 11.556093, Drift Rate -0.009566, index 816427
Top hit found! SNR 25.885342, Drift Rate -0.000000, index 849409
Top hit found! SNR 11.627663, Drift Rate -0.000000, index 854896
Top hit found! SNR 10.350417, Drift Rate -0.000000, index 882391
Top hit found! SNR 2010.393311, Drift Rate -0.000000, index 981331
Top hit found! SNR 49.472172, Drift Rate -0.009566, index 984335
Top hit found! SNR 313.243896, Drift Rate -0.000000, index 986892
Top hit found! SNR 17.001764, Drift Rate -0.000000, index 97659
Top hit found! SNR 16.260448, Drift Rate -0.000000, index 196600
Top hit found! SNR 37.926598, Drift Rate -0.000000, index 199684
Top hit found! SNR 22.838095, Drift Rate -0.000000, index 202309
Top hit found! SNR 22.011513, Drift Rate -0.000000, index 262563
Top hit found! SNR 15.757961, Drift Rate -0.000000, index 265667
Top hit found! SNR 10.399130, Drift Rate -0.000000, index 298659
Top hit found! SNR 24.180374, Drift Rate -0.000000, index 328526
Top hit found! SNR 23.838692, Drift Rate -0.009566, index 331650
Top hit found! SNR 21.037865, Drift Rate 0.009566, index 334310
Top hit found! SNR 16.987518, Drift Rate -0.000000, index 427467
Top hit found! SNR 26.869989, Drift Rate -0.000000, index 463613
Top hit found! SNR 167.257889, Drift Rate -2.362923, index 524242
Top hit found! SNR 1104.664185, Drift Rate -0.009566, index 592370
Top hit found! SNR 580.128967, Drift Rate -0.000000, index 595575
Top hit found! SNR 91.392075, Drift Rate -0.000000, index 598302
Top hit found! SNR 16.196104, Drift Rate -0.000000, index 727537
Top hit found! SNR 23.067511, Drift Rate -0.000000, index 757274
Top hit found! SNR 28.671215, Drift Rate -0.000000, index 775946
Top hit found! SNR 109.223457, Drift Rate -0.000000, index 856215
Top hit found! SNR 15.963745, Drift Rate -0.000000, index 862295
Top hit found! SNR 20.474279, Drift Rate -0.000000, index 889196
Top hit found! SNR 60.513550, Drift Rate -0.000000, index 922178
Top hit found! SNR 10.823455, Drift Rate -0.000000, index 928295
Top hit found! SNR 17.386713, Drift Rate -0.000000, index 955160
Top hit found! SNR 50.028187, Drift Rate -0.000000, index 981331
Top hit found! SNR 51.806522, Drift Rate -0.000000, index 988141
Top hit found! SNR 10.796184, Drift Rate -0.000000, index 38506
Top hit found! SNR 17.712952, Drift Rate -0.000000, index 71488
Top hit found! SNR 10.720447, Drift Rate -0.000000, index 77716
Top hit found! SNR 1209.353638, Drift Rate -0.000000, index 203410
Top hit found! SNR 275.824707, Drift Rate -0.000000, index 206907
Top hit found! SNR 494.213470, Drift Rate -0.000000, index 209712
Top hit found! SNR 18.451933, Drift Rate -0.009566, index 335331
Top hit found! SNR 15.708064, Drift Rate -0.000000, index 470834
Top hit found! SNR 150.381851, Drift Rate 9.910883, index 524484
Top hit found! SNR 11.656226, Drift Rate -0.000000, index 602802
Top hit found! SNR 453.453583, Drift Rate -0.000000, index 863025
Top hit found! SNR 135.593323, Drift Rate -0.000000, index 866728
Top hit found! SNR 10.564835, Drift Rate -0.000000, index 144256
Top hit found! SNR 81.737633, Drift Rate -0.000000, index 474064
Top hit found! SNR 38.246281, Drift Rate -0.000000, index 477973
Top hit found! SNR 16.768188, Drift Rate -0.000000, index 481108
Top hit found! SNR 136.396133, Drift Rate 2.582952, index 524338
Top hit found! SNR 10.170466, Drift Rate -0.000000, index 737908
Top hit found! SNR 11.046790, Drift Rate -0.000000, index 869835
Top hit found! SNR 619.127563, Drift Rate -0.000000, index 85103
Top hit found! SNR 52.400822, Drift Rate -0.000000, index 89218
Top hit found! SNR 15.953485, Drift Rate -0.000000, index 221071
Top hit found! SNR 18.044113, Drift Rate -0.000000, index 250007
Top hit found! SNR 71.783043, Drift Rate -0.000000, index 348947
Top hit found! SNR 25.416597, Drift Rate -0.000000, index 353033
Top hit found! SNR 30.312651, Drift Rate -0.000000, index 381929
Top hit found! SNR 53.766727, Drift Rate -0.000000, index 414911
Top hit found! SNR 15.199482, Drift Rate -0.000000, index 419016
Top hit found! SNR 23.135941, Drift Rate -0.009566, index 447892
Top hit found! SNR 92.340355, Drift Rate -0.000000, index 480874
Top hit found! SNR 32.797165, Drift Rate -0.000000, index 485000
Top hit found! SNR 122.523376, Drift Rate 0.411359, index 524295
Top hit found! SNR 27.596762, Drift Rate -0.000000, index 579814
Top hit found! SNR 33.986816, Drift Rate -0.000000, index 583970
Top hit found! SNR 108.220947, Drift Rate -0.000000, index 612796
Top hit found! SNR 46.767788, Drift Rate -0.000000, index 617076
Top hit found! SNR 19.822113, Drift Rate -0.000000, index 645778
Top hit found! SNR 957.423096, Drift Rate -0.000000, index 744718
Top hit found! SNR 744.255005, Drift Rate -0.000000, index 749039
Top hit found! SNR 160.978714, Drift Rate 0.009566, index 752504
Top hit found! SNR 50.178154, Drift Rate -0.000000, index 876640
Top hit found! SNR 26.829588, Drift Rate -0.000000, index 880886
Top hit found! SNR 31.909246, Drift Rate -0.000000, index 909622
Top hit found! SNR 23.216406, Drift Rate -0.000000, index 913878
Top hit found! SNR 12.178308, Drift Rate -0.009566, index 1012848
Top hit found! SNR 15.009208, Drift Rate -0.000000, index 96239
Top hit found! SNR 26.921726, Drift Rate -0.000000, index 160782
Top hit found! SNR 12.809647, Drift Rate -0.009566, index 228201
Top hit found! SNR 285.532654, Drift Rate -0.000000, index 355757
Top hit found! SNR 176.934006, Drift Rate -0.009566, index 360163
Top hit found! SNR 12.933908, Drift Rate -0.028699, index 520362
Top hit found! SNR 111.474922, Drift Rate -6.524346, index 524159
Top hit found! SNR 68.092209, Drift Rate -0.009566, index 1015372
Top hit found! SNR 16.656700, Drift Rate -0.000000, index 1020105
Top hit found! SNR 13.207944, Drift Rate -0.009566, index 98718
Top hit found! SNR 11.080868, Drift Rate -0.000000, index 131700
Top hit found! SNR 20.816984, Drift Rate -0.000000, index 230641
Top hit found! SNR 15.543380, Drift Rate -0.000000, index 362567
Top hit found! SNR 102.797951, Drift Rate -0.755753, index 524274
Top hit found! SNR 14.230214, Drift Rate -0.000000, index 626412
Top hit found! SNR 53.661491, Drift Rate -0.000000, index 631218
Top hit found! SNR 20.495657, Drift Rate -0.000000, index 890256
Top hit found! SNR 25.454950, Drift Rate -0.000000, index 237451
Top hit found! SNR 22.923901, Drift Rate -0.009566, index 242594
Top hit found! SNR 79.425339, Drift Rate 7.270532, index 524432
Top hit found! SNR 21.079332, Drift Rate -0.000000, index 897066
Top hit found! SNR 25.379074, Drift Rate -0.000000, index 117766
Top hit found! SNR 24.574259, Drift Rate -0.000000, index 183750
Top hit found! SNR 11.671764, Drift Rate -0.000000, index 244261
Top hit found! SNR 17.798431, Drift Rate -0.000000, index 249734
Top hit found! SNR 16.883427, Drift Rate -0.000000, index 348705
Top hit found! SNR 16.655872, Drift Rate -0.000000, index 376183
Top hit found! SNR 29.493568, Drift Rate -0.000000, index 381697
Top hit found! SNR 619.595642, Drift Rate -0.000000, index 508105
Top hit found! SNR 516.325745, Drift Rate -0.000000, index 513660
Top hit found! SNR 10.637403, Drift Rate -0.000000, index 518115
Top hit found! SNR 85.106537, Drift Rate -9.269929, index 524105
Top hit found! SNR 25.093546, Drift Rate -0.000000, index 594193
Top hit found! SNR 12.888873, Drift Rate -0.000000, index 777587
Top hit found! SNR 129.623123, Drift Rate -0.000000, index 119144
Top hit found! SNR 15.092909, Drift Rate -0.000000, index 124752
Top hit found! SNR 78.800888, Drift Rate 0.631388, index 524301
Top hit found! SNR 13.985430, Drift Rate -0.009566, index 646837
Top hit found! SNR 552.576599, Drift Rate -0.009566, index 778759
Top hit found! SNR 122.347092, Drift Rate -0.000000, index 784726
Top hit found! SNR 10.164577, Drift Rate -0.000000, index 910681
Top hit found! SNR 17.914669, Drift Rate -0.000000, index 838
Top hit found! SNR 769.488464, Drift Rate -0.000000, index 389799
Top hit found! SNR 165.830307, Drift Rate -0.000000, index 395807
Top hit found! SNR 74.098709, Drift Rate -1.444540, index 524259
Top hit found! SNR 10.605509, Drift Rate -0.000000, index 653643
Top hit found! SNR 11.523356, Drift Rate -0.000000, index 917492
Top hit found! SNR 17.485613, Drift Rate -0.000000, index 838
Top hit found! SNR 71.522827, Drift Rate -5.586830, index 524179
Top hit found! SNR 34.836781, Drift Rate -0.000000, index 660453
Top hit found! SNR 68.862389, Drift Rate -0.000000, index 271492
Top hit found! SNR 68.574791, Drift Rate 5.625096, index 524398
Top hit found! SNR 18.798174, Drift Rate -0.000000, index 931107
Top hit found! SNR 22.368868, Drift Rate -0.000000, index 938103
Top hit found! SNR 65.362335, Drift Rate 6.218218, index 524409
Top hit found! SNR 10.774963, Drift Rate -0.009566, index 549347
Top hit found! SNR 21.085449, Drift Rate -0.009566, index 153185
Top hit found! SNR 48.783306, Drift Rate -0.000000, index 160592
Top hit found! SNR 63.678669, Drift Rate 7.605360, index 524436
Top hit found! SNR 104.967499, Drift Rate -0.000000, index 412440
Top hit found! SNR 61.761063, Drift Rate 3.635266, index 524359
Top hit found! SNR 61.634514, Drift Rate -3.683099, index 524217
Top hit found! SNR 18.565128, Drift Rate -0.000000, index 694494
Top hit found! SNR 15.508162, Drift Rate -0.000000, index 702724
Top hit found! SNR 27.930178, Drift Rate -0.000000, index 305533
Top hit found! SNR 60.617714, Drift Rate -8.437644, index 524124
Top hit found! SNR 28.776007, Drift Rate -0.009566, index 965148
Top hit found! SNR 60.721855, Drift Rate 1.626303, index 524320
Top hit found! SNR 12.307665, Drift Rate -0.009566, index 576187
Top hit found! SNR 61.058090, Drift Rate -1.817633, index 524253
Top hit found! SNR 61.359066, Drift Rate -9.461258, index 524103
Top hit found! SNR 58.854519, Drift Rate -7.088769, index 524150
Top hit found! SNR 23.899920, Drift Rate -0.009566, index 728535
Top hit found! SNR 40.673855, Drift Rate -0.000000, index 230687
Top hit found! SNR 10.126776, Drift Rate -0.009566, index 339574
Top hit found! SNR 59.967041, Drift Rate 4.764112, index 524382
Top hit found! SNR 16.307928, Drift Rate -1.932431, index 524249
Top hit found! SNR 19.601704, Drift Rate -0.000000, index 610229
Top hit found! SNR 15.360195, Drift Rate -0.000000, index 971680
Top hit found! SNR 15.002641, Drift Rate -0.000000, index 221268
Top hit found! SNR 58.857544, Drift Rate 2.257692, index 524334
Top hit found! SNR 12.050018, Drift Rate -0.000000, index 880883
Top hit found! SNR 59.251503, Drift Rate 8.638540, index 524458
Top hit found! SNR 52167.062500, Drift Rate -0.000000, index 664098
Top hit found! SNR 59.446999, Drift Rate -9.518658, index 524102
Top hit found! SNR 57.224449, Drift Rate 9.422993, index 524472
Top hit found! SNR 58.693539, Drift Rate -8.715073, index 524118
Top hit found! SNR 58.711124, Drift Rate 9.537790, index 524474
Top hit found! SNR 58.737427, Drift Rate 8.208048, index 524450
Top hit found! SNR 11.527531, Drift Rate -0.000000, index 137003
Top hit found! SNR 58.978226, Drift Rate -0.966215, index 524270
Top hit found! SNR 59.677444, Drift Rate -2.515987, index 524238
Top hit found! SNR 59.099152, Drift Rate 4.505816, index 524376
Top hit found! SNR 140.707581, Drift Rate -0.038266, index 156400
Top hit found! SNR 10.479910, Drift Rate 0.019133, index 167728
Top hit found! SNR 11.259238, Drift Rate -0.047832, index 191475
Top hit found! SNR 59.183414, Drift Rate -5.500731, index 524181
Top hit found! SNR 60.733379, Drift Rate 3.587434, index 524357
Top hit found! SNR 61.595100, Drift Rate 6.285184, index 524410
Top hit found! SNR 61.383873, Drift Rate -6.237351, index 524164
Top hit found! SNR 61.518730, Drift Rate 5.644229, index 524400
Top hit found! SNR 13.939447, Drift Rate -0.000000, index 300592
Top hit found! SNR 68.513336, Drift Rate -5.615530, index 524177
Top hit found! SNR 61.859993, Drift Rate 6.868740, index 524422
Top hit found! SNR 63.417904, Drift Rate 5.835559, index 524401
Top hit found! SNR 63.026863, Drift Rate -2.812548, index 524232
Top hit found! SNR 62.347672, Drift Rate -7.624492, index 524137
Top hit found! SNR 62.076385, Drift Rate -6.342583, index 524163
Top hit found! SNR 11.032796, Drift Rate -0.000000, index 872895
Top hit found! SNR 61.800175, Drift Rate -1.875032, index 524250
Top hit found! SNR 61.442234, Drift Rate 4.869343, index 524383
Top hit found! SNR 61.232021, Drift Rate -7.490561, index 524142
Top hit found! SNR 61.396572, Drift Rate -7.787123, index 524136
Top hit found! SNR 20.093540, Drift Rate 0.057399, index 874880
Top hit found! SNR 14.583590, Drift Rate -0.028699, index 894772
Top hit found! SNR 60.863201, Drift Rate -9.614323, index 524099
Top hit found! SNR 61.466587, Drift Rate -6.457381, index 524161
Top hit found! SNR 19.756363, Drift Rate -0.000000, index 244085
Top hit found! SNR 61.312218, Drift Rate 1.626303, index 524321
Top hit found! SNR 61.274612, Drift Rate -9.576056, index 524099
Top hit found! SNR 63.348412, Drift Rate -2.171593, index 524245
Top hit found! SNR 63.947159, Drift Rate 6.897439, index 524422
Top hit found! SNR 6338.763184, Drift Rate -0.000000, index 524225
Top hit found! SNR 27.688046, Drift Rate -0.000000, index 803908
Top hit found! SNR 301.712372, Drift Rate -0.009566, index 367590
Top hit found! SNR 25.356266, Drift Rate 0.028699, index 228801
Top hit found! SNR 12.267511, Drift Rate -0.028699, index 248683
Top hit found! SNR 14.879744, Drift Rate -0.019133, index 651171
Top hit found! SNR 18.564661, Drift Rate -0.000000, index 546728
Top hit found! SNR 10.581607, Drift Rate 0.009566, index 383905
Top hit found! SNR 21.755005, Drift Rate -0.000000, index 174059
Top hit found! SNR 12.691538, Drift Rate 0.086098, index 175672
Top hit found! SNR 24.246603, Drift Rate 9.643022, index 525045
Top hit found! SNR 17.912228, Drift Rate -5.644229, index 523846
Top hit found! SNR 16.946852, Drift Rate -3.319572, index 524028
Top hit found! SNR 16.469206, Drift Rate 9.241229, index 525013
Top hit found! SNR 16.590136, Drift Rate -3.711798, index 523998
Top hit found! SNR 16.624447, Drift Rate -9.097732, index 523575
Top hit found! SNR 15.503084, Drift Rate 4.649314, index 524654
Top hit found! SNR 14.990499, Drift Rate 8.686373, index 524970
Top hit found! SNR 13.628688, Drift Rate -5.892958, index 523827
Top hit found! SNR 12.917261, Drift Rate 4.544083, index 524644
Top hit found! SNR 12.018483, Drift Rate 4.381452, index 524631
Top hit found! SNR 11.054182, Drift Rate 4.017926, index 524603
Top hit found! SNR 10.567988, Drift Rate -6.801774, index 523755
Top hit found! SNR 10.288241, Drift Rate -0.000000, index 174763
Top hit found! SNR 44.870258, Drift Rate 0.009566, index 569168
Top hit found! SNR 64.569817, Drift Rate 0.009566, index 680986
Top hit found! SNR 26.607042, Drift Rate -0.019133, index 328107
Top hit found! SNR 644.905090, Drift Rate -0.000000, index 384478
Top hit found! SNR 32.455181, Drift Rate 0.086098, index 1021419
Top hit found! SNR 88.069740, Drift Rate 0.200896, index 1024100
Top hit found! SNR 19.003880, Drift Rate 0.181763, index 1024099
Top hit found! SNR 18.296583, Drift Rate 0.392226, index 868471
Top hit found! SNR 15.123687, Drift Rate 0.153064, index 166232
Top hit found! SNR 129.329590, Drift Rate -0.114798, index 512512
Top hit found! SNR 1352.382080, Drift Rate 0.047832, index 528215
Top hit found! SNR 380.022461, Drift Rate 0.621822, index 533023
Top hit found! SNR 437.876282, Drift Rate 0.736620, index 536300
Top hit found! SNR 206.961136, Drift Rate -0.172197, index 540560
Top hit found! SNR 19.818874, Drift Rate 0.114798, index 588212
Top hit found! SNR 44.733120, Drift Rate 0.172197, index 39882
Top hit found! SNR 15.238707, Drift Rate -0.220029, index 44600
Top hit found! SNR 19.456982, Drift Rate 0.153064, index 47239
Top hit found! SNR 18.588903, Drift Rate -0.000000, index 104858
Top hit found! SNR 53.873901, Drift Rate 0.047832, index 36639
Top hit found! SNR 332.683258, Drift Rate 0.172197, index 39882
Top hit found! SNR 164.645889, Drift Rate -0.210463, index 44600
Top hit found! SNR 232.310043, Drift Rate 0.153064, index 47239
Top hit found! SNR 21.143274, Drift Rate 0.076532, index 51922
Top hit found! SNR 28.005507, Drift Rate 0.047832, index 405016
Top hit found! SNR 22.338505, Drift Rate -0.019133, index 524287
Top hit found! SNR 16.559254, Drift Rate -0.000000, index 591607
Top hit found! SNR 13.397331, Drift Rate 0.019133, index 886667
Top hit found! SNR 29.652151, Drift Rate -9.738687, index 22859
Top hit found! SNR 44.866943, Drift Rate -7.787123, index 27770
Top hit found! SNR 10.975818, Drift Rate -8.743772, index 465437
Top hit found! SNR 88.326958, Drift Rate -9.815219, index 22857
Top hit found! SNR 168.592789, Drift Rate -6.782641, index 27822
Top hit found! SNR 53.804790, Drift Rate -0.000000, index 683271
Top hit found! SNR 45.561119, Drift Rate 1.588037, index 591375
Top hit found! SNR 19.706205, Drift Rate -9.767386, index 595818
Top hit found! SNR 17.747723, Drift Rate -0.047832, index 711617
Top hit found! SNR 900.636475, Drift Rate 1.415841, index 268399
Top hit found! SNR 3075.281494, Drift Rate 0.019133, index 271500
Top hit found! SNR 323.189728, Drift Rate 1.492372, index 277932
Top hit found! SNR 27.828442, Drift Rate 0.057399, index 879957
Top hit found! SNR 38.899582, Drift Rate -0.047832, index 280280
Top hit found! SNR 126.200958, Drift Rate -0.000000, index 375810
Top hit found! SNR 10.439403, Drift Rate -0.000000, index 1006590
Top hit found! SNR 78.101677, Drift Rate -0.038266, index 1013287
Top hit found! SNR 33.150864, Drift Rate -0.038266, index 697717
Top hit found! SNR 10.429045, Drift Rate -0.019133, index 1033147
Top hit found! SNR 26.486288, Drift Rate -0.401793, index 33995
Top hit found! SNR 192.896744, Drift Rate -0.392226, index 33995
Top hit found! SNR 11.918744, Drift Rate -0.296561, index 707548
Top hit found! SNR 38.331814, Drift Rate -0.286995, index 723274
Top hit found! SNR 516.551575, Drift Rate -0.258295, index 729919
Top hit found! SNR 140.489365, Drift Rate -0.286995, index 736240
Top hit found! SNR 37.340054, Drift Rate -0.105231, index 738932
Top hit found! SNR 41.197968, Drift Rate -0.325261, index 755631
Top hit found! SNR 25.708933, Drift Rate -0.353960, index 757797
Top hit found! SNR 30.793186, Drift Rate -0.382660, index 761008
Top hit found! SNR 51.177158, Drift Rate -0.277428, index 766386
Top hit found! SNR 16.362696, Drift Rate -0.545290, index 771684
Top hit found! SNR 152.708618, Drift Rate -0.191330, index 783964
Top hit found! SNR 147.133148, Drift Rate -0.392226, index 788066
Top hit found! SNR 84.817093, Drift Rate -0.277428, index 792725
Top hit found! SNR 1630.629517, Drift Rate -0.296561, index 796957
Top hit found! SNR 191.525360, Drift Rate -5.385934, index 801018
Top hit found! SNR 199.731384, Drift Rate -0.325261, index 805689
Top hit found! SNR 161.270279, Drift Rate -0.239162, index 810444
Top hit found! SNR 69.730827, Drift Rate -0.344394, index 814783
Top hit found! SNR 32.893505, Drift Rate -0.000000, index 334450
Top hit found! SNR 76.776398, Drift Rate -0.009566, index 684327
Top hit found! SNR 35.431019, Drift Rate -0.000000, index 828999
Top hit found! SNR 2889.385986, Drift Rate 0.009566, index 135094
Top hit found! SNR 2238.157227, Drift Rate -0.000000, index 138382
Top hit found! SNR 2160.311035, Drift Rate -0.000000, index 141312
Top hit found! SNR 3193.456787, Drift Rate -0.000000, index 852103
Top hit found! SNR 2029.428833, Drift Rate -0.000000, index 853624
Top hit found! SNR 2640.020264, Drift Rate -0.000000, index 857561
Top hit found! SNR 1521.226929, Drift Rate -0.000000, index 859261
Top hit found! SNR 20.489885, Drift Rate -0.000000, index 943608
Top hit found! SNR 156.461182, Drift Rate -0.000000, index 352804
Top hit found! SNR 32.186348, Drift Rate -0.038266, index 301840
Top hit found! SNR 137.474564, Drift Rate -0.019133, index 323757
Top hit found! SNR 803.795227, Drift Rate -0.009566, index 345674
Top hit found! SNR 23.072460, Drift Rate -0.124364, index 353716
Top hit found! SNR 501918.937500, Drift Rate -0.009566, index 367590
Top hit found! SNR 21.974913, Drift Rate 0.124364, index 381465
Top hit found! SNR 598.023315, Drift Rate 0.009566, index 389507
Top hit found! SNR 111.362396, Drift Rate 0.009566, index 411423
Top hit found! SNR 26.511904, Drift Rate 0.019133, index 433340
Top hit found! SNR 6207.069336, Drift Rate -0.000000, index 747158
Top hit found! SNR 6340.998047, Drift Rate -0.000000, index 749127
Top hit found! SNR 7484.493652, Drift Rate -0.000000, index 753064
Top hit found! SNR 10.344349, Drift Rate -0.000000, index 774980
Top hit found! SNR 13.896083, Drift Rate -0.000000, index 904461
Top hit found! SNR 12.638974, Drift Rate -0.000000, index 51061
Top hit found! SNR 27.203054, Drift Rate -0.000000, index 53566
Top hit found! SNR 42.164600, Drift Rate -0.000000, index 56071
Top hit found! SNR 66.165367, Drift Rate -0.000000, index 58577
Top hit found! SNR 93.248711, Drift Rate -0.000000, index 61082
Top hit found! SNR 106.360512, Drift Rate -0.000000, index 63588
Top hit found! SNR 129.988983, Drift Rate -0.000000, index 66093
Top hit found! SNR 111.962326, Drift Rate -0.000000, index 68598
Top hit found! SNR 84.725975, Drift Rate -0.000000, index 71104
Top hit found! SNR 46.876278, Drift Rate -0.000000, index 73609
Top hit found! SNR 10.669387, Drift Rate 0.009566, index 76115
Top hit found! SNR 20.291119, Drift Rate -0.000000, index 83631
Top hit found! SNR 26.272995, Drift Rate -0.000000, index 86136
Top hit found! SNR 14.105391, Drift Rate -0.000000, index 88641
Top hit found! SNR 13.764930, Drift Rate -0.057399, index 135373
Top hit found! SNR 10.982359, Drift Rate -0.057399, index 154626
Top hit found! SNR 10.477663, Drift Rate -0.057399, index 166935
Top hit found! SNR 11.253692, Drift Rate -0.057399, index 170407
Top hit found! SNR 10.017922, Drift Rate -0.019133, index 219855
Top hit found! SNR 10.771272, Drift Rate -0.057399, index 245524
Top hit found! SNR 10.290478, Drift Rate -0.057399, index 276560
Top hit found! SNR 12.986529, Drift Rate -0.057399, index 321167
Top hit found! SNR 12.604301, Drift Rate -0.000000, index 43544
Top hit found! SNR 39.091583, Drift Rate -0.000000, index 46050
Top hit found! SNR 97.069252, Drift Rate -0.000000, index 48555
Top hit found! SNR 205.279297, Drift Rate -0.000000, index 51061
Top hit found! SNR 463.570862, Drift Rate -0.000000, index 53566
Top hit found! SNR 815.855469, Drift Rate -0.000000, index 56071
Top hit found! SNR 1469.769531, Drift Rate -0.000000, index 58577
Top hit found! SNR 2385.481689, Drift Rate -0.000000, index 61082
Top hit found! SNR 3142.738037, Drift Rate -0.000000, index 63588
Top hit found! SNR 4428.611328, Drift Rate -0.000000, index 66093
Top hit found! SNR 4456.260254, Drift Rate -0.000000, index 68598
Top hit found! SNR 4006.212891, Drift Rate -0.000000, index 71104
Top hit found! SNR 2602.412598, Drift Rate -0.000000, index 73609
Top hit found! SNR 784.618591, Drift Rate -0.009566, index 76114
Top hit found! SNR 674.248291, Drift Rate -0.000000, index 81125
Top hit found! SNR 2312.246582, Drift Rate -0.000000, index 83631
Top hit found! SNR 3403.064453, Drift Rate -0.000000, index 86136
Top hit found! SNR 2272.810303, Drift Rate -0.009566, index 88641
Top hit found! SNR 678.998657, Drift Rate -0.000000, index 91147
Top hit found! SNR 60.054428, Drift Rate -0.000000, index 93652
Top hit found! SNR 1479.518921, Drift Rate -0.000000, index 96158
Top hit found! SNR 2999.847656, Drift Rate -0.000000, index 98663
Top hit found! SNR 1894.805176, Drift Rate -0.009566, index 101168
Top hit found! SNR 264.938873, Drift Rate -0.000000, index 103674
Top hit found! SNR 455.047485, Drift Rate -0.000000, index 106179
Top hit found! SNR 2219.600098, Drift Rate -0.000000, index 108685
Top hit found! SNR 2376.384521, Drift Rate -0.000000, index 111190
Top hit found! SNR 388.877167, Drift Rate -0.000000, index 113695
Top hit found! SNR 370.760651, Drift Rate -0.000000, index 116201
Top hit found! SNR 2144.347412, Drift Rate -0.000000, index 118706
Top hit found! SNR 1825.237305, Drift Rate -0.000000, index 121212
Top hit found! SNR 113.851547, Drift Rate -0.000000, index 123717
Top hit found! SNR 796.961792, Drift Rate -0.000000, index 126222
Top hit found! SNR 2307.822266, Drift Rate -0.000000, index 128728
Top hit found! SNR 825.055542, Drift Rate -0.000000, index 131233
Top hit found! SNR 142.357635, Drift Rate -0.000000, index 133739
Top hit found! SNR 1866.427490, Drift Rate -0.000000, index 136244
Top hit found! SNR 1225.957153, Drift Rate -0.000000, index 138749
Top hit found! SNR 1424.337646, Drift Rate -0.000000, index 143760
Top hit found! SNR 1460.821655, Drift Rate -0.000000, index 146266
Top hit found! SNR 1209.941528, Drift Rate -0.000000, index 151276
Top hit found! SNR 1481.777100, Drift Rate -0.000000, index 153782
Top hit found! SNR 1372.119263, Drift Rate -0.000000, index 158793
Top hit found! SNR 1197.911621, Drift Rate -0.000000, index 161298
Top hit found! SNR 64.445427, Drift Rate -0.000000, index 163803
Top hit found! SNR 1734.909912, Drift Rate -0.000000, index 166309
Top hit found! SNR 641.196228, Drift Rate -0.000000, index 168814
Top hit found! SNR 445.116302, Drift Rate -0.000000, index 171320
Top hit found! SNR 1824.328369, Drift Rate -0.000000, index 173825
Top hit found! SNR 76.556732, Drift Rate -0.000000, index 176330
Top hit found! SNR 1341.251221, Drift Rate -0.000000, index 178836
Top hit found! SNR 1140.511719, Drift Rate -0.000000, index 181341
Top hit found! SNR 208.410965, Drift Rate -0.000000, index 183847
Top hit found! SNR 1911.727905, Drift Rate -0.000000, index 186352
Top hit found! SNR 107.288170, Drift Rate -0.000000, index 188857
Top hit found! SNR 1411.791260, Drift Rate -0.000000, index 191363
Top hit found! SNR 968.539429, Drift Rate -0.000000, index 193868
Top hit found! SNR 454.416504, Drift Rate -0.000000, index 196374
Top hit found! SNR 1789.737183, Drift Rate -0.000000, index 198879
Top hit found! SNR 1922.142334, Drift Rate -0.000000, index 203890
Top hit found! SNR 197.964432, Drift Rate -0.000000, index 206395
Top hit found! SNR 1449.933105, Drift Rate -0.000000, index 208901
Top hit found! SNR 785.472168, Drift Rate -0.000000, index 211406
Top hit found! SNR 927.737671, Drift Rate -0.000000, index 213911
Top hit found! SNR 1374.709961, Drift Rate -0.000000, index 216417
Top hit found! SNR 490.573700, Drift Rate -0.000000, index 218922
Top hit found! SNR 1711.935059, Drift Rate -0.000000, index 221428
Top hit found! SNR 201.629791, Drift Rate -0.000000, index 223933
Top hit found! SNR 1991.220825, Drift Rate -0.000000, index 226438
Top hit found! SNR 59.083626, Drift Rate -0.000000, index 228944
Top hit found! SNR 2223.038818, Drift Rate -0.000000, index 231449
Top hit found! SNR 13.311272, Drift Rate -0.000000, index 233955
Top hit found! SNR 2308.173584, Drift Rate -0.000000, index 236460
Top hit found! SNR 2265.530762, Drift Rate -0.000000, index 241471
Top hit found! SNR 13.663458, Drift Rate -0.000000, index 243976
Top hit found! SNR 2110.740723, Drift Rate -0.000000, index 246482
Top hit found! SNR 58.322464, Drift Rate -0.000000, index 248987
Top hit found! SNR 2096.906738, Drift Rate -0.000000, index 251492
Top hit found! SNR 199.189346, Drift Rate -0.000000, index 253998
Top hit found! SNR 2021.292603, Drift Rate -0.000000, index 256503
Top hit found! SNR 503.079285, Drift Rate -0.000000, index 259009
Top hit found! SNR 1648.855591, Drift Rate -0.000000, index 261514
Top hit found! SNR 1094.880005, Drift Rate -0.000000, index 264019
Top hit found! SNR 962.954895, Drift Rate -0.000000, index 266525
Top hit found! SNR 1921.545410, Drift Rate -0.000000, index 269030
Top hit found! SNR 254.888565, Drift Rate -0.000000, index 271536
Top hit found! SNR 2581.851074, Drift Rate -0.000000, index 274041
Top hit found! SNR 2470.612305, Drift Rate -0.000000, index 279052
Top hit found! SNR 667.177917, Drift Rate -0.000000, index 281557
Top hit found! SNR 1346.194824, Drift Rate -0.000000, index 284063
Top hit found! SNR 2101.993896, Drift Rate -0.000000, index 286568
Top hit found! SNR 191.194504, Drift Rate -0.000000, index 289073
Top hit found! SNR 2916.888428, Drift Rate -0.000000, index 291579
Top hit found! SNR 317.918671, Drift Rate -0.000000, index 294084
Top hit found! SNR 1770.503906, Drift Rate -0.000000, index 296590
Top hit found! SNR 2164.261230, Drift Rate -0.000000, index 299095
Top hit found! SNR 155.625214, Drift Rate -0.000000, index 301600
Top hit found! SNR 3074.773193, Drift Rate -0.000000, index 304106
Top hit found! SNR 799.464722, Drift Rate -0.000000, index 306611
Top hit found! SNR 1173.261597, Drift Rate -0.000000, index 309117
Top hit found! SNR 3255.756104, Drift Rate -0.000000, index 311622
Top hit found! SNR 100.339195, Drift Rate -0.000000, index 314127
Top hit found! SNR 2280.754639, Drift Rate -0.000000, index 316633
Top hit found! SNR 2764.251953, Drift Rate -0.000000, index 319138
Top hit found! SNR 2992.174072, Drift Rate -0.000000, index 324149
Top hit found! SNR 2435.578613, Drift Rate -0.000000, index 326654
Top hit found! SNR 24.458654, Drift Rate -0.000000, index 329160
Top hit found! SNR 3117.270996, Drift Rate -0.000000, index 331665
Top hit found! SNR 2552.604004, Drift Rate -0.000000, index 334171
Top hit found! SNR 2614.522705, Drift Rate -0.000000, index 339181
Top hit found! SNR 3395.685059, Drift Rate -0.000000, index 341687
Top hit found! SNR 237.401642, Drift Rate -0.000000, index 344192
Top hit found! SNR 1498.494629, Drift Rate -0.000000, index 346698
Top hit found! SNR 4197.478027, Drift Rate -0.000000, index 349203
Top hit found! SNR 1404.550049, Drift Rate -0.000000, index 351708
Top hit found! SNR 247.745834, Drift Rate -0.000000, index 354214
Top hit found! SNR 3511.676758, Drift Rate -0.000000, index 356719
Top hit found! SNR 3423.090576, Drift Rate -0.000000, index 359225
Top hit found! SNR 565.447327, Drift Rate -0.000000, index 361730
Top hit found! SNR 813.565491, Drift Rate -0.000000, index 364235
Top hit found! SNR 4001.989502, Drift Rate -0.000000, index 366741
Top hit found! SNR 3933.231934, Drift Rate -0.000000, index 369246
Top hit found! SNR 622.426758, Drift Rate -0.009566, index 371751
Top hit found! SNR 527.526550, Drift Rate -0.000000, index 374257
Top hit found! SNR 3575.287354, Drift Rate -0.000000, index 376762
Top hit found! SNR 4842.030762, Drift Rate -0.000000, index 379268
Top hit found! SNR 2530.068115, Drift Rate -0.000000, index 381773
Top hit found! SNR 66.153992, Drift Rate 0.009566, index 384279
Top hit found! SNR 1323.907959, Drift Rate -0.000000, index 386784
Top hit found! SNR 4493.954102, Drift Rate -0.000000, index 389289
Top hit found! SNR 5798.012207, Drift Rate -0.000000, index 391795
Top hit found! SNR 4263.675293, Drift Rate -0.000000, index 394300
Top hit found! SNR 1042.166504, Drift Rate -0.000000, index 396805
Top hit found! SNR 21.303581, Drift Rate -0.000000, index 399311
Top hit found! SNR 1750.139160, Drift Rate -0.000000, index 401816
Top hit found! SNR 5017.076660, Drift Rate -0.000000, index 404322
Top hit found! SNR 8470.257812, Drift Rate -0.000000, index 406827
Top hit found! SNR 8803.399414, Drift Rate -0.000000, index 409332
Top hit found! SNR 9333.697266, Drift Rate -0.000000, index 411838
Top hit found! SNR 7446.198242, Drift Rate -0.000000, index 414343
Top hit found! SNR 5179.501953, Drift Rate -0.000000, index 416849
Top hit found! SNR 3564.395020, Drift Rate -0.000000, index 419354
Top hit found! SNR 1859.373047, Drift Rate -0.000000, index 421859
Top hit found! SNR 1117.963501, Drift Rate -0.000000, index 424365
Top hit found! SNR 555.851990, Drift Rate -0.000000, index 426870
Top hit found! SNR 253.794052, Drift Rate -0.000000, index 429376
Top hit found! SNR 119.605324, Drift Rate -0.000000, index 431881
Top hit found! SNR 43.287521, Drift Rate -0.000000, index 434386
Top hit found! SNR 18.649218, Drift Rate -0.000000, index 436892
Top hit found! SNR 10.460517, Drift Rate -0.133931, index 620232
Top hit found! SNR 11.677292, Drift Rate 0.133931, index 626661
Top hit found! SNR 15.063969, Drift Rate 0.133931, index 634446
Top hit found! SNR 13.060477, Drift Rate 0.133931, index 648544
Top hit found! SNR 13.806234, Drift Rate 0.133931, index 655172
Top hit found! SNR 11.925642, Drift Rate 0.133931, index 656855
Top hit found! SNR 10.270907, Drift Rate 0.153064, index 669271
Top hit found! SNR 13.555199, Drift Rate 0.133931, index 671900
Top hit found! SNR 11.484705, Drift Rate 0.133931, index 676634
Top hit found! SNR 10.618559, Drift Rate 0.114798, index 691677
Top hit found! SNR 14.966938, Drift Rate 0.095665, index 696831
Top hit found! SNR 15.258843, Drift Rate 0.095665, index 703143
Top hit found! SNR 11.858927, Drift Rate 0.066965, index 716082
Top hit found! SNR 10.347328, Drift Rate 0.095665, index 727972
Top hit found! SNR 12.266813, Drift Rate 0.095665, index 731654
Top hit found! SNR 10.645753, Drift Rate 0.095665, index 735547
Top hit found! SNR 10.507700, Drift Rate 0.066965, index 743646
Top hit found! SNR 11.666377, Drift Rate 0.095665, index 768266
Top hit found! SNR 12.600612, Drift Rate -0.000000, index 781306
Top hit found! SNR 10.468643, Drift Rate -0.143497, index 800556
Top hit found! SNR 10.482977, Drift Rate -0.162630, index 804133
Top hit found! SNR 12.733441, Drift Rate -0.000000, index 806976
Top hit found! SNR 10.279424, Drift Rate 0.019133, index 812868
Top hit found! SNR 10.508554, Drift Rate 0.019133, index 815077
Top hit found! SNR 13.222028, Drift Rate -0.143497, index 818441
Top hit found! SNR 10.656184, Drift Rate -0.086098, index 833171
Top hit found! SNR 12.383206, Drift Rate 0.019133, index 836434
Top hit found! SNR 18.076944, Drift Rate 0.019133, index 838959
Top hit found! SNR 11.078900, Drift Rate 0.019133, index 842536
Top hit found! SNR 15.694202, Drift Rate 0.019133, index 858843
Top hit found! SNR 14.028767, Drift Rate 0.095665, index 870211
Top hit found! SNR 10.707180, Drift Rate 0.095665, index 871789
Top hit found! SNR 11.576032, Drift Rate 0.095665, index 874209
Top hit found! SNR 12.669451, Drift Rate 0.095665, index 875892
Top hit found! SNR 10.425384, Drift Rate 0.095665, index 877365
Top hit found! SNR 17.176079, Drift Rate -0.019133, index 882620
Top hit found! SNR 10.903798, Drift Rate 0.066965, index 890935
Top hit found! SNR 10.914233, Drift Rate 0.095665, index 896197
Top hit found! SNR 10.155074, Drift Rate 0.066965, index 899141
Top hit found! SNR 13.874870, Drift Rate 0.066965, index 911766
Top hit found! SNR 10.191862, Drift Rate 0.076532, index 916711
Top hit found! SNR 15.348102, Drift Rate 0.095665, index 921657
Top hit found! SNR 14.944596, Drift Rate 0.095665, index 937543
Top hit found! SNR 12.504699, Drift Rate 0.095665, index 941541
Top hit found! SNR 16.342478, Drift Rate 0.095665, index 949116
Top hit found! SNR 11.448514, Drift Rate 0.095665, index 950799
Top hit found! SNR 10.350485, Drift Rate 0.066965, index 956163
Top hit found! SNR 20.639534, Drift Rate 0.229596, index 87665
Top hit found! SNR 27.229219, Drift Rate 0.210463, index 90504
Top hit found! SNR 27.372179, Drift Rate 0.210463, index 91977
Top hit found! SNR 37.914925, Drift Rate 0.229596, index 94188
Top hit found! SNR 31.712393, Drift Rate 0.210463, index 95659
Top hit found! SNR 43.357513, Drift Rate 0.229596, index 98817
Top hit found! SNR 39.432148, Drift Rate 0.191330, index 100497
Top hit found! SNR 29.074472, Drift Rate 0.210463, index 103234
Top hit found! SNR 42.530479, Drift Rate 0.210463, index 104812
Top hit found! SNR 57.878113, Drift Rate 0.210463, index 108389
Top hit found! SNR 49.524357, Drift Rate 0.210463, index 109862
Top hit found! SNR 61.047924, Drift Rate 0.191330, index 114805
Top hit found! SNR 36.972145, Drift Rate 0.191330, index 116383
Top hit found! SNR 53.983883, Drift Rate 0.210463, index 120067
Top hit found! SNR 86.789726, Drift Rate 0.210463, index 122592
Top hit found! SNR 30.775814, Drift Rate 0.229596, index 126276
Top hit found! SNR 45.409111, Drift Rate 0.191330, index 130165
Top hit found! SNR 26.270952, Drift Rate 0.239162, index 134378
Top hit found! SNR 64.943367, Drift Rate 0.229596, index 136691
Top hit found! SNR 42.282612, Drift Rate 0.229596, index 138480
Top hit found! SNR 24.272341, Drift Rate 0.229596, index 140163
Top hit found! SNR 69.394814, Drift Rate 0.229596, index 143319
Top hit found! SNR 57.740135, Drift Rate 0.210463, index 145001
Top hit found! SNR 36.096165, Drift Rate 0.229596, index 150894
Top hit found! SNR 54.018284, Drift Rate 0.229596, index 157417
Top hit found! SNR 71.112358, Drift Rate 0.229596, index 160047
Top hit found! SNR 42.095818, Drift Rate 0.229596, index 161625
Top hit found! SNR 57.569466, Drift Rate 0.229596, index 164781
Top hit found! SNR 28.469992, Drift Rate 0.229596, index 168674
Top hit found! SNR 36.537998, Drift Rate 0.229596, index 171199
Top hit found! SNR 38.088348, Drift Rate 0.239162, index 174146
Top hit found! SNR 35.915028, Drift Rate 0.229596, index 177827
Top hit found! SNR 60.865086, Drift Rate 0.066965, index 179816
Top hit found! SNR 27.711105, Drift Rate 0.210463, index 182244
Top hit found! SNR 81.911049, Drift Rate 0.066965, index 184971
Top hit found! SNR 48.797077, Drift Rate 0.047832, index 188021
Top hit found! SNR 73.997810, Drift Rate 0.229596, index 191293
Top hit found! SNR 42.803383, Drift Rate 0.239162, index 193188
Top hit found! SNR 27.540194, Drift Rate 0.172197, index 196022
Top hit found! SNR 51.999424, Drift Rate 0.133931, index 199072
Top hit found! SNR 32.845741, Drift Rate 0.066965, index 201278
Top hit found! SNR 62.074177, Drift Rate 0.172197, index 204228
Top hit found! SNR 34.317226, Drift Rate 0.229596, index 208021
Top hit found! SNR 32.732121, Drift Rate 0.229596, index 209704
Top hit found! SNR 37.622253, Drift Rate 0.229596, index 212755
Top hit found! SNR 52.950188, Drift Rate 0.047832, index 216532
Top hit found! SNR 59.305126, Drift Rate 0.229596, index 219804
Top hit found! SNR 54.633564, Drift Rate 0.047832, index 223686
Top hit found! SNR 29.694948, Drift Rate 0.229596, index 226011
Top hit found! SNR 28.090191, Drift Rate 0.239162, index 227485
Top hit found! SNR 24.348774, Drift Rate 0.229596, index 229588
Top hit found! SNR 49.987980, Drift Rate 0.047832, index 231787
Top hit found! SNR 36.824390, Drift Rate 0.172197, index 235895
Top hit found! SNR 40.483929, Drift Rate 0.047832, index 239151
Top hit found! SNR 34.744057, Drift Rate 0.047832, index 241255
Top hit found! SNR 30.397064, Drift Rate 0.172197, index 246521
Top hit found! SNR 39.234020, Drift Rate 0.229596, index 248946
Top hit found! SNR 28.366203, Drift Rate 0.172197, index 254201
Top hit found! SNR 54.712608, Drift Rate 0.047832, index 256405
Top hit found! SNR 35.416779, Drift Rate -0.181763, index 258082
Top hit found! SNR 55.562069, Drift Rate -0.172197, index 262711
Top hit found! SNR 28.799694, Drift Rate 0.047832, index 265663
Top hit found! SNR 65.251663, Drift Rate -0.172197, index 269444
Top hit found! SNR 30.617622, Drift Rate 0.047832, index 272291
Top hit found! SNR 35.938572, Drift Rate -0.181763, index 274915
Top hit found! SNR 24.913424, Drift Rate 0.229596, index 277983
Top hit found! SNR 37.364334, Drift Rate 0.229596, index 280508
Top hit found! SNR 27.618795, Drift Rate -0.181763, index 283542
Top hit found! SNR 25.606787, Drift Rate -0.172197, index 286277
Top hit found! SNR 43.155998, Drift Rate -0.181763, index 288697
Top hit found! SNR 42.061520, Drift Rate -0.181763, index 292274
Top hit found! SNR 52.001137, Drift Rate -0.191330, index 295114
Top hit found! SNR 32.358334, Drift Rate -0.191330, index 298691
Top hit found! SNR 38.138683, Drift Rate -0.181763, index 301006
Top hit found! SNR 38.259029, Drift Rate -0.191330, index 303215
Top hit found! SNR 49.264858, Drift Rate -0.172197, index 306582
Top hit found! SNR 33.742249, Drift Rate -0.191330, index 309948
Top hit found! SNR 20.990139, Drift Rate -0.200896, index 311947
Top hit found! SNR 20.592161, Drift Rate -0.191330, index 314472
Top hit found! SNR 27.503475, Drift Rate -0.172197, index 316787
Top hit found! SNR 28.713882, Drift Rate -0.191330, index 319101
Top hit found! SNR 37.950722, Drift Rate -0.172197, index 321311
Top hit found! SNR 26.723795, Drift Rate 0.229596, index 322801
Top hit found! SNR 40.669815, Drift Rate -0.181763, index 324572
Top hit found! SNR 60.833393, Drift Rate -0.172197, index 327097
Top hit found! SNR 31.926847, Drift Rate -0.181763, index 330674
Top hit found! SNR 28.551809, Drift Rate -0.181763, index 333094
Top hit found! SNR 15.319425, Drift Rate -0.200896, index 336460
Top hit found! SNR 26.745762, Drift Rate -0.191330, index 338985
Top hit found! SNR 30.403389, Drift Rate -0.181763, index 342352
Top hit found! SNR 48.292015, Drift Rate -0.181763, index 346981
Top hit found! SNR 31.208393, Drift Rate 0.229596, index 351838
Top hit found! SNR 30.692160, Drift Rate -0.191330, index 353714
Top hit found! SNR 27.273170, Drift Rate 0.229596, index 356467
Top hit found! SNR 41.327690, Drift Rate -0.200896, index 358343
Top hit found! SNR 32.305676, Drift Rate -0.200896, index 359921
Top hit found! SNR 36.185165, Drift Rate -0.114798, index 362341
Top hit found! SNR 36.503841, Drift Rate 0.239162, index 364043
Top hit found! SNR 28.871075, Drift Rate -0.124364, index 368233
Top hit found! SNR 56.017525, Drift Rate 0.229596, index 370775
Top hit found! SNR 23.668980, Drift Rate -0.124364, index 376018
Top hit found! SNR 35.752388, Drift Rate -0.124364, index 379069
Top hit found! SNR 21.354458, Drift Rate -0.124364, index 382225
Top hit found! SNR 30.114111, Drift Rate 0.229596, index 384031
Top hit found! SNR 32.007977, Drift Rate -0.114798, index 387275
Top hit found! SNR 19.120348, Drift Rate 0.191330, index 390235
Top hit found! SNR 26.754229, Drift Rate -0.124364, index 393377
Top hit found! SNR 24.284819, Drift Rate 0.191330, index 396758
Top hit found! SNR 38.422264, Drift Rate 0.229596, index 399917
Top hit found! SNR 24.184898, Drift Rate 0.191330, index 402439
Top hit found! SNR 29.376001, Drift Rate 0.191330, index 404859
Top hit found! SNR 22.717367, Drift Rate 0.191330, index 407489
Top hit found! SNR 37.440052, Drift Rate -0.124364, index 409789
Top hit found! SNR 15.996586, Drift Rate 0.210463, index 412961
Top hit found! SNR 19.952545, Drift Rate 0.229596, index 414646
Top hit found! SNR 20.987509, Drift Rate 0.191330, index 417378
Top hit found! SNR 25.411377, Drift Rate 0.210463, index 419589
Top hit found! SNR 24.616425, Drift Rate 0.229596, index 422221
Top hit found! SNR 38.379200, Drift Rate 0.210463, index 425691
Top hit found! SNR 32.283943, Drift Rate 0.191330, index 429687
Top hit found! SNR 25.031591, Drift Rate 0.229596, index 431584
Top hit found! SNR 27.464863, Drift Rate 0.191330, index 433685
Top hit found! SNR 39.083996, Drift Rate 0.229596, index 437265
Top hit found! SNR 30.656900, Drift Rate 0.210463, index 438947
Top hit found! SNR 29.225971, Drift Rate 0.191330, index 444206
Top hit found! SNR 13.914362, Drift Rate 0.229596, index 448417
Top hit found! SNR 16.657276, Drift Rate -0.009566, index 588592
Top hit found! SNR 89.723572, Drift Rate -0.009566, index 610508
Top hit found! SNR 3460.270508, Drift Rate -0.000000, index 632425
Top hit found! SNR 89.088387, Drift Rate -0.000000, index 654341
Top hit found! SNR 13.953263, Drift Rate 0.019133, index 676258
Top hit found! SNR 227.898087, Drift Rate -0.009566, index 685384
Top hit found! SNR 18.615236, Drift Rate -0.009566, index 1035261
Top hit found! SNR 13.986048, Drift Rate 0.009566, index 319473
Top hit found! SNR 2567.502441, Drift Rate -0.009566, index 336563
Top hit found! SNR 22.110653, Drift Rate -0.000000, index 405937
Top hit found! SNR 71.218483, Drift Rate -0.009566, index 686441
Top hit found! SNR 10.103190, Drift Rate -0.076532, index 490645
Top hit found! SNR 14.735147, Drift Rate -0.066965, index 525104
Top hit found! SNR 14.198507, Drift Rate -0.076532, index 592943
Top hit found! SNR 10.259920, Drift Rate -0.076532, index 610172
Top hit found! SNR 11.317560, Drift Rate -0.076532, index 614479
Top hit found! SNR 11.288509, Drift Rate -0.076532, index 644630
Top hit found! SNR 10.268956, Drift Rate -0.066965, index 683396
Top hit found! SNR 18.671682, Drift Rate -0.076532, index 704932
Top hit found! SNR 13.859424, Drift Rate -0.076532, index 732929
Top hit found! SNR 15.037606, Drift Rate -0.066965, index 742621
Top hit found! SNR 13.761159, Drift Rate -0.076532, index 757696
Top hit found! SNR 12.669261, Drift Rate -0.066965, index 767388
Top hit found! SNR 19.945547, Drift Rate -0.066965, index 795385
Top hit found! SNR 10.346656, Drift Rate -0.076532, index 809383
Top hit found! SNR 11.126513, Drift Rate -0.076532, index 816921
Top hit found! SNR 10.553372, Drift Rate -0.066965, index 830920
Top hit found! SNR 11.188882, Drift Rate -0.066965, index 855687
Top hit found! SNR 10.638425, Drift Rate -0.076532, index 869685
Top hit found! SNR 13.319774, Drift Rate -0.076532, index 885837
Top hit found! SNR 12.410945, Drift Rate -0.066965, index 890145
Top hit found! SNR 16.711172, Drift Rate -0.066965, index 907374
Top hit found! SNR 17.988335, Drift Rate -0.076532, index 975213
Top hit found! SNR 11.758455, Drift Rate -0.076532, index 91390
Top hit found! SNR 11.365321, Drift Rate -0.076532, index 96774
Top hit found! SNR 11.587314, Drift Rate -0.076532, index 125848
Top hit found! SNR 14.241207, Drift Rate -0.066965, index 147385
Top hit found! SNR 11.472140, Drift Rate -0.066965, index 164614
Top hit found! SNR 13.820461, Drift Rate -0.076532, index 203379
Top hit found! SNR 11.183292, Drift Rate -0.066965, index 213071
Top hit found! SNR 21.140549, Drift Rate -0.000000, index 943718
Top hit found! SNR 20.481760, Drift Rate -0.000000, index 1036319
Top hit found! SNR 23.755907, Drift Rate -0.009566, index 337620
Top hit found! SNR 10.199685, Drift Rate -0.000000, index 754831
Top hit found! SNR 13.242530, Drift Rate -0.038266, index 875491
Top hit found! SNR 44.946178, Drift Rate -0.009566, index 688555
Top hit found! SNR 12.133561, Drift Rate -0.000000, index 34953
Top hit found! SNR 68.026787, Drift Rate -0.019133, index 1038432
Top hit found! SNR 90.438255, Drift Rate -0.000000, index 34953
Top hit found! SNR 19.356865, Drift Rate 0.009566, index 533060
Top hit found! SNR 38.775169, Drift Rate -0.019133, index 1038432
Top hit found! SNR 12.115268, Drift Rate -0.000000, index 657772
Top hit found! SNR 10.131916, Drift Rate -0.000000, index 675238
Top hit found! SNR 11.830320, Drift Rate -0.000000, index 691058
Top hit found! SNR 12.115512, Drift Rate -0.000000, index 707522
Top hit found! SNR 11.619683, Drift Rate -0.000000, index 722447
Top hit found! SNR 10.821999, Drift Rate -0.000000, index 738768
Top hit found! SNR 12.888731, Drift Rate -0.000000, index 754158
Top hit found! SNR 10.521878, Drift Rate -0.000000, index 770157
Top hit found! SNR 16.054611, Drift Rate -0.000000, index 788160
Top hit found! SNR 12.573895, Drift Rate -0.000000, index 803264
Top hit found! SNR 11.144724, Drift Rate -0.000000, index 820981
Top hit found! SNR 14.652847, Drift Rate -0.000000, index 836729
Top hit found! SNR 13.032437, Drift Rate -0.000000, index 850473
Top hit found! SNR 13.873504, Drift Rate -0.000000, index 866937
Top hit found! SNR 12.283643, Drift Rate -0.000000, index 157055
Top hit found! SNR 11.149881, Drift Rate -0.000000, index 190484
Top hit found! SNR 11.947633, Drift Rate -0.000000, index 237657
Top hit found! SNR 10.995101, Drift Rate -0.000000, index 318474
Top hit found! SNR 13.613596, Drift Rate -0.000000, index 334222
Top hit found! SNR 10.523456, Drift Rate -0.000000, index 224544
Top hit found! SNR 13.653111, Drift Rate -0.000000, index 241187
Top hit found! SNR 11.051867, Drift Rate -0.000000, index 396572
Top hit found! SNR 13.012057, Drift Rate 0.095665, index 288471
Top hit found! SNR 11.625030, Drift Rate 0.095665, index 308382
Top hit found! SNR 19.606735, Drift Rate 0.038266, index 328407
Top hit found! SNR 13.341491, Drift Rate 0.057399, index 375222
Top hit found! SNR 16.698824, Drift Rate 0.076532, index 395049
Top hit found! SNR 13.917457, Drift Rate 0.086098, index 401650
Top hit found! SNR 13.959879, Drift Rate 0.047832, index 415024
Top hit found! SNR 16.797739, Drift Rate 0.086098, index 421626
Top hit found! SNR 15.161891, Drift Rate 0.047832, index 428410
Top hit found! SNR 12.906338, Drift Rate 0.028699, index 448090
Top hit found! SNR 21.436800, Drift Rate 0.028699, index 468133
Top hit found! SNR 21.522278, Drift Rate 0.153064, index 474722
Top hit found! SNR 16.896000, Drift Rate 0.095665, index 480164
Top hit found! SNR 18.483850, Drift Rate 0.066965, index 487891
Top hit found! SNR 19.441690, Drift Rate 0.038266, index 494903
Top hit found! SNR 10.178459, Drift Rate 0.047832, index 534654
Top hit found! SNR 20.034483, Drift Rate 0.047832, index 541380
Top hit found! SNR 12.399666, Drift Rate 0.009566, index 547726
Top hit found! SNR 11.977890, Drift Rate -0.009566, index 561195
Top hit found! SNR 15.238673, Drift Rate 0.076532, index 567879
Top hit found! SNR 12.456923, Drift Rate 0.124364, index 587568
Top hit found! SNR 17.304790, Drift Rate 0.028699, index 634366
Top hit found! SNR 18.109447, Drift Rate 0.086098, index 654275
Top hit found! SNR 10.555552, Drift Rate 0.114798, index 660987
Top hit found! SNR 15.312342, Drift Rate 0.124364, index 667570
Top hit found! SNR 12.626893, Drift Rate 0.076532, index 674211
Top hit found! SNR 14.116920, Drift Rate 5.577263, index 42480
Top hit found! SNR 51.370583, Drift Rate -5.366801, index 47169
Top hit found! SNR 32.101997, Drift Rate 5.577263, index 52072
Top hit found! SNR 23.858305, Drift Rate 5.577263, index 57226
Top hit found! SNR 32.162758, Drift Rate -5.366801, index 66711
Top hit found! SNR 15.745048, Drift Rate 5.586830, index 75838
Top hit found! SNR 17.906702, Drift Rate -5.366801, index 83533
Top hit found! SNR 21.196787, Drift Rate 5.577263, index 117570
Top hit found! SNR 10.095687, Drift Rate -5.376367, index 131779
Top hit found! SNR 13.641128, Drift Rate 5.577263, index 135752
Top hit found! SNR 15.687419, Drift Rate -5.366801, index 143734
Top hit found! SNR 12.561683, Drift Rate -5.366801, index 157084
Top hit found! SNR 10.864818, Drift Rate -5.376367, index 161092
Top hit found! SNR 79.006638, Drift Rate 5.577263, index 167499
Top hit found! SNR 42.483158, Drift Rate 5.586830, index 173942
Top hit found! SNR 39.450478, Drift Rate -5.366801, index 180420
Top hit found! SNR 16.362213, Drift Rate 5.577263, index 189618
Top hit found! SNR 10.952784, Drift Rate -5.500731, index 598651
Top hit found! SNR 12.450114, Drift Rate 5.510298, index 602027
Top hit found! SNR 13.760826, Drift Rate 5.510298, index 612836
Top hit found! SNR 18.710247, Drift Rate 5.510298, index 617632
Top hit found! SNR 13.375036, Drift Rate 5.510298, index 629121
Top hit found! SNR 15.099973, Drift Rate 5.510298, index 639930
Top hit found! SNR 23.874254, Drift Rate 5.510298, index 645406
Top hit found! SNR 21.879988, Drift Rate -5.500731, index 654056
Top hit found! SNR 28.624321, Drift Rate -5.500731, index 658852
Top hit found! SNR 77.722977, Drift Rate 5.510298, index 668742
Top hit found! SNR 41.622627, Drift Rate 5.510298, index 673717
Top hit found! SNR 28.690845, Drift Rate 5.510298, index 685027
Top hit found! SNR 14.653793, Drift Rate 5.510298, index 688964
Top hit found! SNR 14.672558, Drift Rate 5.510298, index 690861
Top hit found! SNR 14.153404, Drift Rate 5.510298, index 695836
Top hit found! SNR 10.580761, Drift Rate 5.510298, index 714018
Top hit found! SNR 15.507566, Drift Rate 5.510298, index 761692
Top hit found! SNR 13.241742, Drift Rate -5.500731, index 767121
Top hit found! SNR 10.622271, Drift Rate -0.009566, index 771489
Top hit found! SNR 25.993551, Drift Rate 5.510298, index 779194
Top hit found! SNR 29.014416, Drift Rate 5.510298, index 784670
Top hit found! SNR 25.651707, Drift Rate 5.510298, index 790504
Top hit found! SNR 11.004499, Drift Rate -0.009566, index 173646
Top hit found! SNR 14.155374, Drift Rate -0.019133, index 213231
Top hit found! SNR 14.299897, Drift Rate -5.481599, index 226259
Top hit found! SNR 24.118193, Drift Rate -0.009566, index 231091
Top hit found! SNR 61.886559, Drift Rate -0.009566, index 235529
Top hit found! SNR 13.203684, Drift Rate 5.424200, index 245298
Top hit found! SNR 17.177402, Drift Rate -5.481599, index 254892
Top hit found! SNR 12.530504, Drift Rate -0.009566, index 265415
Top hit found! SNR 17.457670, Drift Rate -0.009566, index 331271
Top hit found! SNR 13.938162, Drift Rate -5.500731, index 350597
Top hit found! SNR 15.981892, Drift Rate -5.500731, index 355285
Top hit found! SNR 11.145429, Drift Rate -0.009566, index 362839
Top hit found! SNR 12.515068, Drift Rate -0.009566, index 369890
Top hit found! SNR 15.671907, Drift Rate 0.095665, index 651496
Top hit found! SNR 13.425447, Drift Rate -5.366801, index 750209
Top hit found! SNR 10.726704, Drift Rate -5.366801, index 753466
Top hit found! SNR 11.890833, Drift Rate 0.047832, index 782740
Top hit found! SNR 13.422361, Drift Rate -5.366801, index 785893
Top hit found! SNR 26.139412, Drift Rate -5.366801, index 792908
Top hit found! SNR 11.041275, Drift Rate -5.366801, index 801140
Top hit found! SNR 13.293254, Drift Rate 0.047832, index 814809
Top hit found! SNR 17.855692, Drift Rate 0.095665, index 822471
Top hit found! SNR 42.143486, Drift Rate -5.366801, index 834927
Top hit found! SNR 23.051857, Drift Rate 0.047832, index 841903
Top hit found! SNR 89.767120, Drift Rate -5.366801, index 847454
Top hit found! SNR 110.725685, Drift Rate -5.366801, index 852429
Top hit found! SNR 125.065331, Drift Rate 0.095665, index 855757
Top hit found! SNR 68.350601, Drift Rate -5.366801, index 860482
Top hit found! SNR 48.945026, Drift Rate -5.366801, index 865135
Top hit found! SNR 46.606689, Drift Rate -5.366801, index 873689
Top hit found! SNR 64.663536, Drift Rate -5.366801, index 882959
Top hit found! SNR 19.174168, Drift Rate -5.366801, index 895486
Top hit found! SNR 10.135746, Drift Rate 0.047832, index 902104
Top hit found! SNR 10.889926, Drift Rate 0.095665, index 911305
Top hit found! SNR 22.951994, Drift Rate 0.047832, index 921467
Top hit found! SNR 15.095246, Drift Rate 0.095665, index 927948
Top hit found! SNR 11.538986, Drift Rate -5.366801, index 935608
Top hit found! SNR 12.851568, Drift Rate 0.095665, index 939437
Top hit found! SNR 26.507338, Drift Rate 0.047832, index 943944
Top hit found! SNR 24.821062, Drift Rate 0.095665, index 947168
Top hit found! SNR 16.640606, Drift Rate -5.366801, index 950533
Top hit found! SNR 11.244961, Drift Rate 0.047832, index 960909
Top hit found! SNR 59.948391, Drift Rate 0.095665, index 969108
Top hit found! SNR 56.114803, Drift Rate -5.366801, index 975229
Top hit found! SNR 37.161446, Drift Rate -5.366801, index 981922
Top hit found! SNR 11.054522, Drift Rate 0.047832, index 989220
Top hit found! SNR 71.957962, Drift Rate -0.000000, index 174763
Top hit found! SNR 33.442402, Drift Rate 0.076532, index 212110
Top hit found! SNR 188.448959, Drift Rate -0.000000, index 690643
Top hit found! SNR 115.488777, Drift Rate 0.009566, index 680986
Top hit found! SNR 15.199502, Drift Rate -0.000000, index 244668
Top hit found! SNR 18.981602, Drift Rate 0.220029, index 512183
Top hit found! SNR 182.812332, Drift Rate -0.000000, index 775946
Top hit found! SNR 17.149841, Drift Rate 0.076532, index 892681
Top hit found! SNR 11.829464, Drift Rate -0.019133, index 777076
Top hit found! SNR 912.310608, Drift Rate -0.000000, index 314573
Top hit found! SNR 16.337555, Drift Rate -0.000000, index 747984
Top hit found! SNR 27.457613, Drift Rate -0.000000, index 132820
Top hit found! SNR 11.156823, Drift Rate 0.057399, index 863967
Top hit found! SNR 13.108541, Drift Rate -0.430492, index 879728
Top hit found! SNR 33.772625, Drift Rate -0.373093, index 885106
Top hit found! SNR 19.505518, Drift Rate -0.545290, index 891685
Top hit found! SNR 118.761726, Drift Rate -0.000000, index 566231
Top hit found! SNR 10.643822, Drift Rate 9.231663, index 524350
Top hit found! SNR 10.385407, Drift Rate 1.147979, index 524296
Top hit found! SNR 117.958038, Drift Rate -0.000000, index 999642
Top hit found! SNR 11.343977, Drift Rate 0.066965, index 524675
Top hit found! SNR 11.633543, Drift Rate -5.491165, index 524251
Top hit found! SNR 11.590824, Drift Rate 6.696543, index 524333
Top hit found! SNR 12.018528, Drift Rate -0.047832, index 370253
Top hit found! SNR 62.040714, Drift Rate 0.019133, index 379954
Top hit found! SNR 283.645508, Drift Rate -0.000000, index 384478
Top hit found! SNR 284.189514, Drift Rate -0.038266, index 389647
Top hit found! SNR 11.687093, Drift Rate -6.524346, index 524246
Top hit found! SNR 12.266669, Drift Rate 2.908213, index 524308
Top hit found! SNR 19.393787, Drift Rate -3.606567, index 524264
Top hit found! SNR 12.720745, Drift Rate -2.429888, index 524271
Top hit found! SNR 116.592155, Drift Rate -0.000000, index 817889
Top hit found! SNR 13.221498, Drift Rate -7.442729, index 524238
Top hit found! SNR 13.912933, Drift Rate 2.965612, index 524306
Top hit found! SNR 34.441235, Drift Rate -0.019133, index 872814
Top hit found! SNR 14.501421, Drift Rate 7.270532, index 524335
Top hit found! SNR 51.769123, Drift Rate -0.000000, index 202725
Top hit found! SNR 14.565362, Drift Rate 9.499524, index 524349
Top hit found! SNR 15.405114, Drift Rate -8.217615, index 524236
Top hit found! SNR 15.543323, Drift Rate 8.428078, index 524342
Top hit found! SNR 15.937662, Drift Rate -3.568301, index 524266
Top hit found! SNR 37.017338, Drift Rate -0.000000, index 636136
Top hit found! SNR 17.022835, Drift Rate -8.121950, index 524234
Top hit found! SNR 16.943293, Drift Rate 6.639144, index 524333
Top hit found! SNR 47.404884, Drift Rate 0.009566, index 166406
Top hit found! SNR 58.519070, Drift Rate 0.162630, index 168378
Top hit found! SNR 77.537155, Drift Rate -0.507024, index 170214
Top hit found! SNR 20.726242, Drift Rate -0.000000, index 172648
Top hit found! SNR 25.354170, Drift Rate -0.009566, index 178280
Top hit found! SNR 31.976227, Drift Rate -0.172197, index 181036
Top hit found! SNR 17.782152, Drift Rate -5.022407, index 524256
Top hit found! SNR 17.332657, Drift Rate -8.016719, index 524236
Top hit found! SNR 17.634325, Drift Rate -4.926742, index 524255
Top hit found! SNR 17.934952, Drift Rate 6.696543, index 524332
Top hit found! SNR 165.182510, Drift Rate -0.000000, index 454383
Top hit found! SNR 15.869166, Drift Rate -0.000000, index 456969
Top hit found! SNR 18.347158, Drift Rate 4.496250, index 524317
Top hit found! SNR 19.554022, Drift Rate -0.382660, index 524286
Top hit found! SNR 18.646246, Drift Rate 8.954234, index 524345
Top hit found! SNR 18.338825, Drift Rate -9.547357, index 524225
Top hit found! SNR 111.179054, Drift Rate 0.057399, index 528214
Top hit found! SNR 10.370288, Drift Rate 0.487891, index 533015
Top hit found! SNR 17.108040, Drift Rate 0.727053, index 536299
Top hit found! SNR 18.288851, Drift Rate -3.118676, index 524267
Top hit found! SNR 18.269222, Drift Rate 2.162027, index 524304
Top hit found! SNR 13.182664, Drift Rate -0.009566, index 123418
Top hit found! SNR 79.217392, Drift Rate -0.038266, index 133113
Top hit found! SNR 19.032782, Drift Rate -5.175471, index 524256
Top hit found! SNR 14.547887, Drift Rate -0.296561, index 873153
Top hit found! SNR 18.686256, Drift Rate 9.614323, index 524352
Top hit found! SNR 18.814722, Drift Rate -3.558734, index 524266
Top hit found! SNR 18.516003, Drift Rate -7.557527, index 524238
Top hit found! SNR 18.883699, Drift Rate -0.650521, index 524286
Top hit found! SNR 18.446272, Drift Rate -0.430492, index 524286
Top hit found! SNR 18.794128, Drift Rate -2.554253, index 524270
Top hit found! SNR 30.920347, Drift Rate 0.019133, index 418871
Top hit found! SNR 38.266911, Drift Rate -0.038266, index 437018
Top hit found! SNR 17.726734, Drift Rate -0.028699, index 439197
Top hit found! SNR 18.418680, Drift Rate 8.791604, index 524345
Top hit found! SNR 19.192455, Drift Rate -3.663965, index 524263
Top hit found! SNR 18.164564, Drift Rate 0.526157, index 524288
Top hit found! SNR 17.730974, Drift Rate 1.253210, index 524298

===== Search time: 236.11 minutes
===== END OF LOG
