
turbo_seti version 2.1.17
blimpy version 2.0.31
h5py version 3.5.0

HDF5 header info: {'DIMENSION_LABELS': array(['time', 'feed_id', 'frequency'], dtype=object), 'az_start': 0.0, 'data_type': 1, 'fch1': 3151.46484375, 'foff': -2.7939677238464355e-06, 'machine_id': 20, 'nbits': 32, 'nchans': 536870912, 'nifs': 1, 'source_name': 'ON_S', 'src_dej': <Angle 60.8686 deg>, 'src_raj': <Angle 2.65636 hourangle>, 'telescope_id': 6, 'tsamp': 18.253611007999982, 'tstart': 59524.1953125, 'za_start': 0.0}

Starting ET search with parameters: datafile=/gpfs/group/jtw13/default/gbt_2020/2021/S_band/splice_no_overlap_ordered/OFF_Scan2/spliced_blc0x1x2x_guppi_59524_16875_ON_S_0032.rawspec.0000.h5, max_drift=10.0, min_drift=0.0, snr=10.0, out_dir=/gpfs/group/jtw13/default/gbt_2020/2021/S_band/splice_no_overlap_ordered/OFF_Scan2/, coarse_chans=None, flagging=False, n_coarse_chan=512, kernels=None, gpu_id=0, gpu_backend=False, blank_dc=True, precision=1, append_output=False, log_level_int=30, obs_info={'pulsar': 0, 'pulsar_found': 0, 'pulsar_dm': 0.0, 'pulsar_snr': 0.0, 'pulsar_stats': array([0., 0., 0., 0., 0., 0.]), 'RFI_level': 0.0, 'Mean_SEFD': 0.0, 'psrflux_Sens': 0.0, 'SEFDs_val': [0.0], 'SEFDs_freq': [0.0], 'SEFDs_freq_up': [0.0]}

Computed drift rate resolution: 0.00956648975722505

Top hit found! SNR 362.620453, Drift Rate -0.009566, index 202032
Top hit found! SNR 3194.398438, Drift Rate -0.000000, index 309451
Top hit found! SNR 1274.933716, Drift Rate -0.019133, index 310990
Top hit found! SNR 290.927673, Drift Rate 0.009566, index 349561
Top hit found! SNR 14.161822, Drift Rate -0.181763, index 352576
Top hit found! SNR 265306.187500, Drift Rate -0.000000, index 416870
Top hit found! SNR 6716.969238, Drift Rate -0.000000, index 422724
Top hit found! SNR 20.725935, Drift Rate -0.000000, index 431894
Top hit found! SNR 611.610107, Drift Rate -0.057399, index 436920
Top hit found! SNR 22.031073, Drift Rate 0.009566, index 456978
Top hit found! SNR 10.554864, Drift Rate -0.000000, index 458752
Top hit found! SNR 18.143427, Drift Rate 0.028699, index 464126
Top hit found! SNR 13.120317, Drift Rate -0.028699, index 469694
Top hit found! SNR 13.565804, Drift Rate 0.047832, index 471465
Top hit found! SNR 26.905691, Drift Rate -0.076532, index 477035
Top hit found! SNR 37.101578, Drift Rate 0.095665, index 484181
Top hit found! SNR 207.116943, Drift Rate -0.000000, index 491520
Top hit found! SNR 11.111385, Drift Rate -0.000000, index 501402
Top hit found! SNR 26.714584, Drift Rate 0.066965, index 504238
Top hit found! SNR 79.018188, Drift Rate -0.000000, index 509016
Top hit found! SNR 58.819283, Drift Rate -0.000000, index 516534
Top hit found! SNR 132852.265625, Drift Rate -0.000000, index 524289
Top hit found! SNR 58.819286, Drift Rate -0.000000, index 532042
Top hit found! SNR 79.018188, Drift Rate -0.000000, index 539560
Top hit found! SNR 26.714584, Drift Rate -0.066965, index 544338
Top hit found! SNR 11.111385, Drift Rate -0.000000, index 547174
Top hit found! SNR 207.116974, Drift Rate -0.000000, index 557056
Top hit found! SNR 37.101578, Drift Rate -0.095665, index 564395
Top hit found! SNR 26.905691, Drift Rate 0.076532, index 571541
Top hit found! SNR 13.565800, Drift Rate -0.047832, index 577111
Top hit found! SNR 13.120317, Drift Rate 0.028699, index 578882
Top hit found! SNR 18.143427, Drift Rate -0.028699, index 584450
Top hit found! SNR 10.554866, Drift Rate -0.000000, index 589824
Top hit found! SNR 22.031075, Drift Rate -0.009566, index 591598
Top hit found! SNR 611.610107, Drift Rate 0.057399, index 611656
Top hit found! SNR 20.725935, Drift Rate -0.000000, index 616682
Top hit found! SNR 6716.969238, Drift Rate -0.000000, index 625852
Top hit found! SNR 265306.156250, Drift Rate -0.000000, index 631706
Top hit found! SNR 14.161822, Drift Rate 0.181763, index 696000
Top hit found! SNR 290.927704, Drift Rate -0.009566, index 699015
Top hit found! SNR 1274.933716, Drift Rate 0.019133, index 737586
Top hit found! SNR 3194.398193, Drift Rate -0.000000, index 739125
Top hit found! SNR 362.620453, Drift Rate 0.009566, index 846544
Top hit found! SNR 312.998291, Drift Rate 1.731535, index 524423
Top hit found! SNR 1069.083618, Drift Rate -0.000000, index 794942
Top hit found! SNR 1713.700806, Drift Rate -0.000000, index 17021
Top hit found! SNR 19.843906, Drift Rate 0.038266, index 245175
Top hit found! SNR 31.451420, Drift Rate -0.000000, index 249454
Top hit found! SNR 138.404037, Drift Rate -0.000000, index 251379
Top hit found! SNR 229.905182, Drift Rate -0.000000, index 405981
Top hit found! SNR 123.675842, Drift Rate -0.822718, index 524222
Top hit found! SNR 13.920637, Drift Rate -0.000000, index 801752
Top hit found! SNR 39.933456, Drift Rate -0.000000, index 900693
Top hit found! SNR 11.369096, Drift Rate -0.000000, index 933675
Top hit found! SNR 3245.746338, Drift Rate -0.000000, index 17021
Top hit found! SNR 12.426550, Drift Rate -0.000000, index 181924
Top hit found! SNR 19.462332, Drift Rate -0.000000, index 280865
Top hit found! SNR 66.855690, Drift Rate -0.000000, index 346828
Top hit found! SNR 68.619003, Drift Rate -0.000000, index 511732
Top hit found! SNR 100.738312, Drift Rate -6.753942, index 523759
Top hit found! SNR 55138.738281, Drift Rate -0.000000, index 676636
Top hit found! SNR 10.088766, Drift Rate -0.000000, index 709618
Top hit found! SNR 18.445108, Drift Rate -0.000000, index 775576
Top hit found! SNR 44.645969, Drift Rate -0.000000, index 808558
Top hit found! SNR 14.517430, Drift Rate -0.000000, index 841539
Top hit found! SNR 16.333284, Drift Rate -0.000000, index 907503
Top hit found! SNR 61.469746, Drift Rate -0.000000, index 940480
Top hit found! SNR 97.220558, Drift Rate -0.000000, index 957699
Top hit found! SNR 29.790718, Drift Rate -0.000000, index 1006443
Top hit found! SNR 79.935730, Drift Rate 0.009566, index 1027047
Top hit found! SNR 10.105521, Drift Rate -0.000000, index 23831
Top hit found! SNR 14.504577, Drift Rate -0.000000, index 155753
Top hit found! SNR 6225.101562, Drift Rate -0.000000, index 287675
Top hit found! SNR 127.462952, Drift Rate -2.152460, index 524120
Top hit found! SNR 12.784859, Drift Rate -0.000000, index 617482
Top hit found! SNR 10.191300, Drift Rate -0.009566, index 651467
Top hit found! SNR 12.943904, Drift Rate -0.000000, index 815368
Top hit found! SNR 4478.286133, Drift Rate -0.000000, index 947290
Top hit found! SNR 1210.901855, Drift Rate -0.000000, index 949885
Top hit found! SNR 31.561171, Drift Rate 0.009566, index 1027047
Top hit found! SNR 25.216131, Drift Rate -0.000000, index 37446
Top hit found! SNR 22.678692, Drift Rate -0.000000, index 63618
Top hit found! SNR 13.641863, Drift Rate -0.000000, index 162558
Top hit found! SNR 11.367347, Drift Rate -0.000000, index 393425
Top hit found! SNR 11.514096, Drift Rate -0.000000, index 426407
Top hit found! SNR 136.455811, Drift Rate -7.978453, index 523663
Top hit found! SNR 56704.609375, Drift Rate -0.000000, index 558329
Top hit found! SNR 835.812622, Drift Rate -0.000000, index 561295
Top hit found! SNR 10.226825, Drift Rate -0.000000, index 624292
Top hit found! SNR 33.558464, Drift Rate -0.000000, index 690251
Top hit found! SNR 25.513552, Drift Rate -0.000000, index 691893
Top hit found! SNR 69.750710, Drift Rate -0.000000, index 723233
Top hit found! SNR 18.190691, Drift Rate 0.124364, index 748370
Top hit found! SNR 20.243362, Drift Rate -0.000000, index 756215
Top hit found! SNR 12.513167, Drift Rate -0.000000, index 757877
Top hit found! SNR 27.670033, Drift Rate -0.000000, index 789196
Top hit found! SNR 120.306915, Drift Rate -0.000000, index 822173
Top hit found! SNR 64.437668, Drift Rate -0.000000, index 825288
Top hit found! SNR 53.153477, Drift Rate -0.000000, index 855155
Top hit found! SNR 23.327093, Drift Rate -0.000000, index 858288
Top hit found! SNR 46.532974, Drift Rate -0.000000, index 888137
Top hit found! SNR 17.136656, Drift Rate -0.000000, index 891288
Top hit found! SNR 63.193237, Drift Rate -0.000000, index 921119
Top hit found! SNR 21.446787, Drift Rate -0.009566, index 924288
Top hit found! SNR 10.992346, Drift Rate -0.000000, index 947290
Top hit found! SNR 140.111725, Drift Rate -0.000000, index 954100
Top hit found! SNR 43.519966, Drift Rate -0.009566, index 957288
Top hit found! SNR 53.762104, Drift Rate -0.000000, index 987077
Top hit found! SNR 181.829742, Drift Rate -0.000000, index 37446
Top hit found! SNR 32.226833, Drift Rate -0.000000, index 39209
Top hit found! SNR 66.426811, Drift Rate -0.000000, index 40709
Top hit found! SNR 16.008150, Drift Rate -0.000000, index 70428
Top hit found! SNR 10.040331, Drift Rate -0.000000, index 73709
Top hit found! SNR 63.933064, Drift Rate -0.000000, index 103405
Top hit found! SNR 55.522556, Drift Rate -0.000000, index 136386
Top hit found! SNR 69421.906250, Drift Rate -0.000000, index 169368
Top hit found! SNR 3168.111816, Drift Rate -0.000000, index 172705
Top hit found! SNR 58.522739, Drift Rate -0.000000, index 202350
Top hit found! SNR 46.522697, Drift Rate -0.000000, index 235332
Top hit found! SNR 106.342072, Drift Rate -0.000000, index 268309
Top hit found! SNR 12.952327, Drift Rate -0.000000, index 270141
Top hit found! SNR 24.261765, Drift Rate -0.000000, index 271701
Top hit found! SNR 168.481796, Drift Rate -0.000000, index 301290
Top hit found! SNR 35.907661, Drift Rate -0.000000, index 303133
Top hit found! SNR 41.218853, Drift Rate -0.000000, index 304701
Top hit found! SNR 39.605301, Drift Rate -0.000000, index 334272
Top hit found! SNR 21.140839, Drift Rate -0.000000, index 336125
Top hit found! SNR 14.319103, Drift Rate -0.009566, index 337701
Top hit found! SNR 214.503326, Drift Rate -0.000000, index 433213
Top hit found! SNR 37.650593, Drift Rate -0.000000, index 435095
Top hit found! SNR 27.650900, Drift Rate -0.000000, index 436698
Top hit found! SNR 69.799950, Drift Rate -0.000000, index 466194
Top hit found! SNR 18.468407, Drift Rate -0.000000, index 468087
Top hit found! SNR 94.382133, Drift Rate -0.000000, index 499176
Top hit found! SNR 13.533764, Drift Rate -0.000000, index 501079
Top hit found! SNR 132.726715, Drift Rate 1.023614, index 524370
Top hit found! SNR 88.253548, Drift Rate -0.000000, index 532158
Top hit found! SNR 10.486469, Drift Rate -0.000000, index 534070
Top hit found! SNR 10.582482, Drift Rate -0.009566, index 535698
Top hit found! SNR 221.707306, Drift Rate -0.000000, index 565139
Top hit found! SNR 27.055996, Drift Rate -0.000000, index 567062
Top hit found! SNR 21.188408, Drift Rate -0.009566, index 568698
Top hit found! SNR 19.639332, Drift Rate -0.000000, index 598116
Top hit found! SNR 35.967854, Drift Rate -0.000000, index 631098
Top hit found! SNR 14.859857, Drift Rate -0.000000, index 664080
Top hit found! SNR 29.189867, Drift Rate -0.000000, index 697062
Top hit found! SNR 18.310648, Drift Rate -0.000000, index 699024
Top hit found! SNR 14.348881, Drift Rate -0.000000, index 730043
Top hit found! SNR 4974.410156, Drift Rate -0.000000, index 828983
Top hit found! SNR 1507.896606, Drift Rate -0.000000, index 831041
Top hit found! SNR 611.217896, Drift Rate -0.000000, index 832691
Top hit found! SNR 12.922940, Drift Rate -0.000000, index 894947
Top hit found! SNR 10.707383, Drift Rate -0.000000, index 927924
Top hit found! SNR 15.755249, Drift Rate -0.000000, index 44252
Top hit found! SNR 1844.808228, Drift Rate -0.000000, index 51062
Top hit found! SNR 29.802877, Drift Rate -0.000000, index 53531
Top hit found! SNR 46.650600, Drift Rate -0.000000, index 110215
Top hit found! SNR 10.282229, Drift Rate -0.000000, index 112375
Top hit found! SNR 12.534345, Drift Rate -0.000000, index 143197
Top hit found! SNR 17.419916, Drift Rate -0.000000, index 176178
Top hit found! SNR 21.692495, Drift Rate -0.000000, index 178359
Top hit found! SNR 34.277267, Drift Rate -0.000000, index 275119
Top hit found! SNR 42.342846, Drift Rate -0.000000, index 310323
Top hit found! SNR 2179.133301, Drift Rate -0.000000, index 342535
Top hit found! SNR 11.700359, Drift Rate -0.000000, index 374059
Top hit found! SNR 12826.385742, Drift Rate -0.000000, index 440023
Top hit found! SNR 122.943878, Drift Rate 1.999396, index 524444
Top hit found! SNR 16.452785, Drift Rate -0.000000, index 538963
Top hit found! SNR 28.871492, Drift Rate -0.000000, index 571945
Top hit found! SNR 12.079045, Drift Rate -0.000000, index 574249
Top hit found! SNR 15.319039, Drift Rate -0.000000, index 604926
Top hit found! SNR 29.009792, Drift Rate -0.000000, index 703867
Top hit found! SNR 12.819695, Drift Rate -0.000000, index 835793
Top hit found! SNR 14.580939, Drift Rate -0.000000, index 868771
Top hit found! SNR 25374.480469, Drift Rate -0.000000, index 51062
Top hit found! SNR 516.014465, Drift Rate -0.000000, index 53531
Top hit found! SNR 64.783165, Drift Rate -0.000000, index 55511
Top hit found! SNR 19.436420, Drift Rate -0.000000, index 215966
Top hit found! SNR 12.340637, Drift Rate -0.000000, index 281929
Top hit found! SNR 49.588749, Drift Rate -0.000000, index 314906
Top hit found! SNR 25.997684, Drift Rate -0.000000, index 446833
Top hit found! SNR 16.801540, Drift Rate -0.000000, index 479810
Top hit found! SNR 14.290058, Drift Rate -0.000000, index 512791
Top hit found! SNR 125.685379, Drift Rate 2.477721, index 524482
Top hit found! SNR 39.079357, Drift Rate -0.000000, index 545773
Top hit found! SNR 27.695524, Drift Rate -0.000000, index 578755
Top hit found! SNR 16.767921, Drift Rate -0.000000, index 611736
Top hit found! SNR 10.267914, Drift Rate -0.000000, index 644714
Top hit found! SNR 3352.941406, Drift Rate -0.000000, index 710677
Top hit found! SNR 63.870567, Drift Rate -0.000000, index 713352
Top hit found! SNR 34.045246, Drift Rate -0.009566, index 715496
Top hit found! SNR 14.035378, Drift Rate -0.047832, index 735881
Top hit found! SNR 39.380543, Drift Rate -0.000000, index 842599
Top hit found! SNR 16.833292, Drift Rate -0.000000, index 875581
Top hit found! SNR 15.118676, Drift Rate -0.000000, index 941544
Top hit found! SNR 44.857807, Drift Rate -0.000000, index 974521
Top hit found! SNR 29.210447, Drift Rate -0.000000, index 57872
Top hit found! SNR 31.725197, Drift Rate -0.000000, index 156812
Top hit found! SNR 4289.519531, Drift Rate -0.000000, index 321716
Top hit found! SNR 54.982506, Drift Rate -0.000000, index 324520
Top hit found! SNR 116.508049, Drift Rate -7.203567, index 523724
Top hit found! SNR 59.584427, Drift Rate -0.000000, index 585560
Top hit found! SNR 24.790062, Drift Rate -0.000000, index 618542
Top hit found! SNR 29.132450, Drift Rate -0.000000, index 651524
Top hit found! SNR 10.495398, Drift Rate -0.000000, index 684505
Top hit found! SNR 63.901100, Drift Rate -0.000000, index 717487
Top hit found! SNR 12.745692, Drift Rate -0.000000, index 816427
Top hit found! SNR 29.992971, Drift Rate -0.000000, index 849409
Top hit found! SNR 10.414069, Drift Rate -0.009566, index 854896
Top hit found! SNR 10.230942, Drift Rate -0.000000, index 882391
Top hit found! SNR 2452.138428, Drift Rate -0.000000, index 981331
Top hit found! SNR 48.003967, Drift Rate -0.000000, index 984336
Top hit found! SNR 337.621613, Drift Rate -0.009566, index 986892
Top hit found! SNR 10.469444, Drift Rate -0.000000, index 64677
Top hit found! SNR 16.246630, Drift Rate -0.000000, index 97659
Top hit found! SNR 13.189759, Drift Rate -0.009566, index 196599
Top hit found! SNR 41.939919, Drift Rate -0.000000, index 199684
Top hit found! SNR 20.477619, Drift Rate -0.000000, index 202309
Top hit found! SNR 21.011101, Drift Rate -0.000000, index 262563
Top hit found! SNR 14.054148, Drift Rate -0.000000, index 265667
Top hit found! SNR 10.563690, Drift Rate -0.000000, index 298659
Top hit found! SNR 25.417376, Drift Rate -0.000000, index 328526
Top hit found! SNR 22.358994, Drift Rate -0.000000, index 331651
Top hit found! SNR 24.170765, Drift Rate -0.000000, index 334310
Top hit found! SNR 14.687451, Drift Rate 0.009566, index 427467
Top hit found! SNR 27.169210, Drift Rate -0.000000, index 463613
Top hit found! SNR 108.979935, Drift Rate 3.912694, index 524594
Top hit found! SNR 1467.145630, Drift Rate -0.000000, index 592370
Top hit found! SNR 614.416260, Drift Rate -0.000000, index 595575
Top hit found! SNR 86.307358, Drift Rate -0.009566, index 598302
Top hit found! SNR 13.900218, Drift Rate -0.000000, index 727537
Top hit found! SNR 23.546192, Drift Rate -0.000000, index 757274
Top hit found! SNR 28.302038, Drift Rate -0.000000, index 775946
Top hit found! SNR 93.220497, Drift Rate -0.000000, index 856215
Top hit found! SNR 16.726326, Drift Rate -0.000000, index 862295
Top hit found! SNR 22.326483, Drift Rate -0.000000, index 889196
Top hit found! SNR 60.495163, Drift Rate -0.000000, index 922178
Top hit found! SNR 16.483622, Drift Rate -0.000000, index 955160
Top hit found! SNR 61.044720, Drift Rate -0.000000, index 981331
Top hit found! SNR 59.138027, Drift Rate -0.000000, index 988141
Top hit found! SNR 14.337136, Drift Rate -0.000000, index 71488
Top hit found! SNR 887.566833, Drift Rate -0.000000, index 203409
Top hit found! SNR 337.116943, Drift Rate -0.000000, index 206907
Top hit found! SNR 424.682892, Drift Rate -0.009566, index 209712
Top hit found! SNR 18.488012, Drift Rate -0.000000, index 335331
Top hit found! SNR 14.636108, Drift Rate -0.000000, index 470834
Top hit found! SNR 99.887917, Drift Rate -4.180556, index 523961
Top hit found! SNR 10.341856, Drift Rate -0.000000, index 602801
Top hit found! SNR 348.312012, Drift Rate -0.000000, index 863025
Top hit found! SNR 152.889175, Drift Rate -0.000000, index 866728
Top hit found! SNR 13.709197, Drift Rate -0.000000, index 144256
Top hit found! SNR 74.027222, Drift Rate -0.000000, index 474064
Top hit found! SNR 40.491188, Drift Rate -0.000000, index 477973
Top hit found! SNR 13.791422, Drift Rate -0.000000, index 481108
Top hit found! SNR 88.874001, Drift Rate -0.507024, index 524247
Top hit found! SNR 11.021733, Drift Rate -0.000000, index 737908
Top hit found! SNR 651.850037, Drift Rate -0.000000, index 85103
Top hit found! SNR 47.208805, Drift Rate -0.000000, index 89218
Top hit found! SNR 17.732122, Drift Rate -0.000000, index 221071
Top hit found! SNR 15.693603, Drift Rate -0.000000, index 250007
Top hit found! SNR 87.865433, Drift Rate -0.000000, index 348947
Top hit found! SNR 25.668243, Drift Rate -0.000000, index 353033
Top hit found! SNR 27.437010, Drift Rate -0.000000, index 381929
Top hit found! SNR 37.896324, Drift Rate -0.000000, index 414910
Top hit found! SNR 11.373753, Drift Rate -0.000000, index 419016
Top hit found! SNR 27.474911, Drift Rate -0.000000, index 447892
Top hit found! SNR 83.466507, Drift Rate -0.000000, index 480874
Top hit found! SNR 39.349277, Drift Rate -0.000000, index 485000
Top hit found! SNR 79.752739, Drift Rate -8.954234, index 523587
Top hit found! SNR 35.759113, Drift Rate -0.000000, index 579814
Top hit found! SNR 29.276361, Drift Rate -0.000000, index 583970
Top hit found! SNR 121.426170, Drift Rate -0.000000, index 612796
Top hit found! SNR 41.281040, Drift Rate -0.000000, index 617076
Top hit found! SNR 10.082472, Drift Rate -0.009566, index 620507
Top hit found! SNR 16.400593, Drift Rate 0.009566, index 645778
Top hit found! SNR 1135.773926, Drift Rate -0.000000, index 744718
Top hit found! SNR 636.195068, Drift Rate -0.000000, index 749039
Top hit found! SNR 172.089722, Drift Rate -0.000000, index 752504
Top hit found! SNR 54.433506, Drift Rate -0.000000, index 876640
Top hit found! SNR 25.140886, Drift Rate -0.000000, index 881002
Top hit found! SNR 29.498659, Drift Rate -0.000000, index 909622
Top hit found! SNR 23.401699, Drift Rate -0.000000, index 913994
Top hit found! SNR 13.627732, Drift Rate -0.000000, index 1012849
Top hit found! SNR 14.232208, Drift Rate -0.000000, index 96239
Top hit found! SNR 25.920483, Drift Rate -0.000000, index 160782
Top hit found! SNR 14.014483, Drift Rate -0.000000, index 228202
Top hit found! SNR 390.189331, Drift Rate -0.000000, index 355757
Top hit found! SNR 187.746979, Drift Rate -0.000000, index 360164
Top hit found! SNR 18.019783, Drift Rate -0.076532, index 520353
Top hit found! SNR 72.634331, Drift Rate -0.688787, index 524233
Top hit found! SNR 80.751205, Drift Rate -0.000000, index 1015372
Top hit found! SNR 15.835282, Drift Rate -0.000000, index 1019979
Top hit found! SNR 16.321976, Drift Rate -0.000000, index 98718
Top hit found! SNR 12.249352, Drift Rate -0.000000, index 131700
Top hit found! SNR 17.855089, Drift Rate -0.000000, index 230641
Top hit found! SNR 18.877054, Drift Rate -0.000000, index 362567
Top hit found! SNR 66.176193, Drift Rate -0.143497, index 524275
Top hit found! SNR 10.389757, Drift Rate -0.009566, index 626411
Top hit found! SNR 39.391678, Drift Rate -0.000000, index 631218
Top hit found! SNR 18.759424, Drift Rate -0.000000, index 890256
Top hit found! SNR 10.791286, Drift Rate -0.000000, index 1015372
Top hit found! SNR 19.716465, Drift Rate -0.000000, index 237451
Top hit found! SNR 29.538229, Drift Rate -0.000000, index 242594
Top hit found! SNR 51.620228, Drift Rate -4.505816, index 523935
Top hit found! SNR 19.785431, Drift Rate -0.000000, index 897066
Top hit found! SNR 11.411446, Drift Rate -0.000000, index 112334
Top hit found! SNR 23.067518, Drift Rate -0.000000, index 117766
Top hit found! SNR 10.798316, Drift Rate -0.000000, index 178297
Top hit found! SNR 19.135225, Drift Rate -0.000000, index 183750
Top hit found! SNR 14.474916, Drift Rate -0.009566, index 249733
Top hit found! SNR 16.642483, Drift Rate -0.000000, index 348705
Top hit found! SNR 17.293257, Drift Rate -0.000000, index 376183
Top hit found! SNR 32.957115, Drift Rate -0.000000, index 381697
Top hit found! SNR 689.856995, Drift Rate -0.000000, index 508105
Top hit found! SNR 679.998840, Drift Rate -0.000000, index 513660
Top hit found! SNR 10.586924, Drift Rate -0.009566, index 518115
Top hit found! SNR 55.189838, Drift Rate 6.926138, index 524830
Top hit found! SNR 25.038549, Drift Rate -0.000000, index 594193
Top hit found! SNR 12.641799, Drift Rate -0.000000, index 645623
Top hit found! SNR 11.286583, Drift Rate -0.000000, index 777587
Top hit found! SNR 167.851303, Drift Rate -0.000000, index 119144
Top hit found! SNR 13.998190, Drift Rate -0.000000, index 124752
Top hit found! SNR 10.548123, Drift Rate -0.000000, index 514915
Top hit found! SNR 52.132332, Drift Rate 8.724639, index 524971
Top hit found! SNR 15.988259, Drift Rate -0.000000, index 646837
Top hit found! SNR 726.796997, Drift Rate -0.000000, index 778759
Top hit found! SNR 125.754234, Drift Rate -0.000000, index 784726
Top hit found! SNR 12.926100, Drift Rate -0.000000, index 910681
Top hit found! SNR 10.589843, Drift Rate -0.000000, index 943663
Top hit found! SNR 10.848619, Drift Rate -0.000000, index 838
Top hit found! SNR 827.167236, Drift Rate -0.000000, index 389798
Top hit found! SNR 172.492798, Drift Rate -0.000000, index 395807
Top hit found! SNR 48.770847, Drift Rate 7.423596, index 524871
Top hit found! SNR 10.588154, Drift Rate 0.009566, index 838
Top hit found! SNR 46.296692, Drift Rate 6.036455, index 524762
Top hit found! SNR 30.176460, Drift Rate -0.000000, index 660453
Top hit found! SNR 71.273514, Drift Rate -0.000000, index 271492
Top hit found! SNR 45.792061, Drift Rate -7.701024, index 523683
Top hit found! SNR 24.947107, Drift Rate -0.000000, index 931107
Top hit found! SNR 20.973803, Drift Rate -0.000000, index 938102
Top hit found! SNR 43.381348, Drift Rate 2.190726, index 524459
Top hit found! SNR 12.080892, Drift Rate -0.000000, index 542146
Top hit found! SNR 14.411609, Drift Rate -0.000000, index 549347
Top hit found! SNR 24.315031, Drift Rate -0.000000, index 153185
Top hit found! SNR 75.396362, Drift Rate -0.000000, index 160592
Top hit found! SNR 41.263741, Drift Rate 8.858569, index 524984
Top hit found! SNR 109.448616, Drift Rate -0.000000, index 412440
Top hit found! SNR 41.034451, Drift Rate -6.725242, index 523761
Top hit found! SNR 39.511379, Drift Rate -8.533309, index 523618
Top hit found! SNR 19.287394, Drift Rate -0.000000, index 694494
Top hit found! SNR 14.024366, Drift Rate -0.000000, index 702724
Top hit found! SNR 36.011951, Drift Rate -0.000000, index 305533
Top hit found! SNR 39.885391, Drift Rate -1.741101, index 524150
Top hit found! SNR 36.406261, Drift Rate -0.000000, index 965148
Top hit found! SNR 39.847618, Drift Rate -3.625700, index 524004
Top hit found! SNR 15.726218, Drift Rate -0.000000, index 576187
Top hit found! SNR 39.860245, Drift Rate 3.855295, index 524590
Top hit found! SNR 11.177144, Drift Rate -0.000000, index 467094
Top hit found! SNR 39.367413, Drift Rate -0.373093, index 524259
Top hit found! SNR 37.939903, Drift Rate 3.032577, index 524527
Top hit found! SNR 29.435356, Drift Rate -0.000000, index 728535
Top hit found! SNR 10.063868, Drift Rate -0.000000, index 738411
Top hit found! SNR 39.074654, Drift Rate -0.000000, index 230687
Top hit found! SNR 12.478065, Drift Rate -0.000000, index 339574
Top hit found! SNR 38.375172, Drift Rate -4.668447, index 523921
Top hit found! SNR 11.082433, Drift Rate -4.630181, index 523926
Top hit found! SNR 16.840307, Drift Rate -0.000000, index 610228
Top hit found! SNR 14.857993, Drift Rate -0.000000, index 971680
Top hit found! SNR 13.948137, Drift Rate 0.009566, index 221268
Top hit found! SNR 37.823486, Drift Rate 6.600878, index 524805
Top hit found! SNR 12.052904, Drift Rate -0.000000, index 880883
Top hit found! SNR 38.903107, Drift Rate -7.882788, index 523669
Top hit found! SNR 52040.812500, Drift Rate -0.000000, index 664098
Top hit found! SNR 37.903706, Drift Rate -1.932431, index 524135
Top hit found! SNR 37.760323, Drift Rate 6.007756, index 524758
Top hit found! SNR 38.375847, Drift Rate 4.515383, index 524641
Top hit found! SNR 37.986443, Drift Rate 9.336894, index 525019
Top hit found! SNR 38.317703, Drift Rate -8.332413, index 523635
Top hit found! SNR 13.804323, Drift Rate -0.000000, index 137002
Top hit found! SNR 37.899742, Drift Rate 9.719554, index 525051
Top hit found! SNR 38.858742, Drift Rate -3.463069, index 524017
Top hit found! SNR 38.630177, Drift Rate -0.392226, index 524256
Top hit found! SNR 176.822601, Drift Rate 0.095665, index 156406
Top hit found! SNR 10.473616, Drift Rate 0.420926, index 167763
Top hit found! SNR 12.706202, Drift Rate -0.009566, index 191475
Top hit found! SNR 38.245525, Drift Rate -7.433163, index 523706
Top hit found! SNR 39.552670, Drift Rate -9.164698, index 523568
Top hit found! SNR 39.798237, Drift Rate -1.186245, index 524194
Top hit found! SNR 40.028046, Drift Rate -7.882788, index 523671
Top hit found! SNR 40.970966, Drift Rate -3.635266, index 524004
Top hit found! SNR 15.873652, Drift Rate -0.000000, index 300592
Top hit found! SNR 44.383831, Drift Rate -5.213737, index 523878
Top hit found! SNR 41.623207, Drift Rate 3.271739, index 524544
Top hit found! SNR 40.307178, Drift Rate -8.782038, index 523598
Top hit found! SNR 41.051514, Drift Rate 7.767990, index 524896
Top hit found! SNR 40.398750, Drift Rate 6.916572, index 524831
Top hit found! SNR 40.783260, Drift Rate -5.328535, index 523869
Top hit found! SNR 14.324100, Drift Rate -0.000000, index 872895
Top hit found! SNR 40.203426, Drift Rate 0.181763, index 524304
Top hit found! SNR 40.707245, Drift Rate 9.375160, index 525022
Top hit found! SNR 39.811771, Drift Rate -4.668447, index 523923
Top hit found! SNR 40.500969, Drift Rate -3.960527, index 523978
Top hit found! SNR 21.478626, Drift Rate 0.038266, index 874881
Top hit found! SNR 15.263218, Drift Rate -0.028699, index 894769
Top hit found! SNR 40.683537, Drift Rate -5.127638, index 523885
Top hit found! SNR 40.212399, Drift Rate -3.147375, index 524042
Top hit found! SNR 19.974588, Drift Rate -0.000000, index 244085
Top hit found! SNR 40.649113, Drift Rate -4.955441, index 523898
Top hit found! SNR 40.659950, Drift Rate 4.496250, index 524642
Top hit found! SNR 40.832623, Drift Rate 2.678617, index 524497
Top hit found! SNR 41.462330, Drift Rate 8.571575, index 524961
Top hit found! SNR 6406.862305, Drift Rate -0.000000, index 524225
Top hit found! SNR 26.899654, Drift Rate -0.000000, index 803908
Top hit found! SNR 274.870972, Drift Rate -0.000000, index 367590
Top hit found! SNR 25.445618, Drift Rate 0.086098, index 228806
Top hit found! SNR 12.256444, Drift Rate -0.038266, index 248680
Top hit found! SNR 16.079994, Drift Rate -0.038266, index 651167
Top hit found! SNR 16.618597, Drift Rate -0.000000, index 546728
Top hit found! SNR 22.166004, Drift Rate 0.028699, index 174062
Top hit found! SNR 10.731211, Drift Rate 0.038266, index 175671
Top hit found! SNR 43.677166, Drift Rate -0.000000, index 569167
Top hit found! SNR 59.886623, Drift Rate -0.000000, index 680986
Top hit found! SNR 12.251929, Drift Rate -0.009566, index 435823
Top hit found! SNR 21.059538, Drift Rate 0.038266, index 328112
Top hit found! SNR 864.235107, Drift Rate -0.000000, index 384478
Top hit found! SNR 53.675346, Drift Rate 0.057399, index 1021444
Top hit found! SNR 77.682106, Drift Rate 0.325261, index 1023803
Top hit found! SNR 15.004426, Drift Rate 0.095665, index 1021445
Top hit found! SNR 24.141035, Drift Rate 0.325261, index 1023803
Top hit found! SNR 20.342125, Drift Rate 1.626303, index 357820
Top hit found! SNR 30.168423, Drift Rate -0.066965, index 801461
Top hit found! SNR 16.994499, Drift Rate 0.487891, index 868523
Top hit found! SNR 150.716248, Drift Rate -0.315694, index 512476
Top hit found! SNR 1426.576904, Drift Rate 0.066965, index 528224
Top hit found! SNR 453.494873, Drift Rate -0.468758, index 532951
Top hit found! SNR 428.052856, Drift Rate -0.076532, index 536312
Top hit found! SNR 500.230255, Drift Rate 0.019133, index 540577
Top hit found! SNR 24.732038, Drift Rate 0.220029, index 543970
Top hit found! SNR 14.974672, Drift Rate 0.200896, index 588242
Top hit found! SNR 14.272626, Drift Rate -0.057399, index 36633
Top hit found! SNR 13.734784, Drift Rate -0.000000, index 39883
Top hit found! SNR 21.581890, Drift Rate 0.181763, index 44622
Top hit found! SNR 33.311642, Drift Rate 0.181763, index 46340
Top hit found! SNR 16.596464, Drift Rate -0.000000, index 104858
Top hit found! SNR 40.254005, Drift Rate 0.353960, index 34122
Top hit found! SNR 100.840538, Drift Rate -0.057399, index 36632
Top hit found! SNR 116.570107, Drift Rate 0.038266, index 39884
Top hit found! SNR 226.093735, Drift Rate 0.172197, index 44621
Top hit found! SNR 322.343445, Drift Rate 0.181763, index 46341
Top hit found! SNR 23.172888, Drift Rate 0.277428, index 51949
Top hit found! SNR 41.313183, Drift Rate -0.019133, index 405018
Top hit found! SNR 21.696409, Drift Rate -0.000000, index 524287
Top hit found! SNR 14.044676, Drift Rate -0.000000, index 591607
Top hit found! SNR 17.976130, Drift Rate -0.057399, index 886663
Top hit found! SNR 12.694858, Drift Rate 0.105231, index 328387
Top hit found! SNR 12.901126, Drift Rate 0.038266, index 757893
Top hit found! SNR 49.511066, Drift Rate 0.688787, index 608824
Top hit found! SNR 26.560867, Drift Rate 0.047832, index 446594
Top hit found! SNR 10.823641, Drift Rate -0.047832, index 450306
Top hit found! SNR 145.106552, Drift Rate 0.028699, index 683274
Top hit found! SNR 10.173558, Drift Rate 1.731535, index 573694
Top hit found! SNR 23.068399, Drift Rate -8.619408, index 580315
Top hit found! SNR 87.167458, Drift Rate 9.135998, index 583648
Top hit found! SNR 134.174194, Drift Rate -9.824785, index 586840
Top hit found! SNR 134.270050, Drift Rate 9.145564, index 588700
Top hit found! SNR 656.823547, Drift Rate 1.387141, index 268570
Top hit found! SNR 2195.531494, Drift Rate 0.009566, index 271501
Top hit found! SNR 209.353928, Drift Rate 1.463673, index 278109
Top hit found! SNR 58.388962, Drift Rate -0.038266, index 280276
Top hit found! SNR 57.859276, Drift Rate -0.000000, index 375810
Top hit found! SNR 10.497860, Drift Rate 0.009566, index 1006591
Top hit found! SNR 109.545845, Drift Rate -0.028699, index 1013283
Top hit found! SNR 41.822903, Drift Rate -0.028699, index 697713
Top hit found! SNR 15.679458, Drift Rate -0.028699, index 1013283
Top hit found! SNR 13.219648, Drift Rate -0.353960, index 33950
Top hit found! SNR 50.530895, Drift Rate -0.239162, index 729888
Top hit found! SNR 16.898602, Drift Rate -0.239162, index 783933
Top hit found! SNR 15.692151, Drift Rate -4.754545, index 787818
Top hit found! SNR 29.227175, Drift Rate -0.277428, index 796922
Top hit found! SNR 29.540413, Drift Rate -0.239162, index 801128
Top hit found! SNR 17.341722, Drift Rate -0.315694, index 805651
Top hit found! SNR 50.151207, Drift Rate 0.028699, index 334453
Top hit found! SNR 31.661875, Drift Rate -0.000000, index 697653
Top hit found! SNR 49.280556, Drift Rate 0.038266, index 684331
Top hit found! SNR 33.237957, Drift Rate -0.000000, index 829000
Top hit found! SNR 5342.301758, Drift Rate 0.009566, index 135095
Top hit found! SNR 3281.380371, Drift Rate 0.009566, index 138607
Top hit found! SNR 4792.718750, Drift Rate -0.000000, index 141313
Top hit found! SNR 3867.683838, Drift Rate 0.009566, index 852104
Top hit found! SNR 2398.803955, Drift Rate -0.000000, index 853625
Top hit found! SNR 3343.327393, Drift Rate -0.000000, index 858188
Top hit found! SNR 36.139874, Drift Rate -0.000000, index 352804
Top hit found! SNR 12.742632, Drift Rate -0.000000, index 301842
Top hit found! SNR 54.324718, Drift Rate -0.000000, index 323758
Top hit found! SNR 392.699646, Drift Rate -0.000000, index 345674
Top hit found! SNR 12.404778, Drift Rate -0.086098, index 353718
Top hit found! SNR 458679.937500, Drift Rate -0.000000, index 367590
Top hit found! SNR 11.384708, Drift Rate 0.105231, index 381464
Top hit found! SNR 344.643311, Drift Rate -0.000000, index 389506
Top hit found! SNR 62.633038, Drift Rate -0.009566, index 411422
Top hit found! SNR 15.492602, Drift Rate -0.009566, index 433338
Top hit found! SNR 15.111641, Drift Rate -0.000000, index 724168
Top hit found! SNR 10774.805664, Drift Rate -0.000000, index 747158
Top hit found! SNR 6519.706543, Drift Rate -0.000000, index 751632
Top hit found! SNR 5397.580566, Drift Rate -0.000000, index 753600
Top hit found! SNR 10.249619, Drift Rate -0.000000, index 768000
Top hit found! SNR 14.973544, Drift Rate -0.000000, index 904461
Top hit found! SNR 18.140800, Drift Rate -0.000000, index 51060
Top hit found! SNR 34.876888, Drift Rate -0.000000, index 53566
Top hit found! SNR 61.978264, Drift Rate -0.000000, index 56071
Top hit found! SNR 85.120445, Drift Rate -0.009566, index 58576
Top hit found! SNR 122.190239, Drift Rate -0.000000, index 61082
Top hit found! SNR 146.019012, Drift Rate -0.000000, index 63587
Top hit found! SNR 151.528702, Drift Rate -0.000000, index 66093
Top hit found! SNR 150.807465, Drift Rate -0.000000, index 68598
Top hit found! SNR 100.700333, Drift Rate -0.009566, index 71103
Top hit found! SNR 57.606888, Drift Rate -0.000000, index 73609
Top hit found! SNR 14.114084, Drift Rate -0.000000, index 76114
Top hit found! SNR 24.612646, Drift Rate -0.009566, index 83630
Top hit found! SNR 32.482601, Drift Rate -0.000000, index 86136
Top hit found! SNR 19.427605, Drift Rate -0.000000, index 88641
Top hit found! SNR 10.025674, Drift Rate -0.009566, index 93712
Top hit found! SNR 10.515007, Drift Rate -0.057399, index 95393
Top hit found! SNR 10.220675, Drift Rate -0.000000, index 98663
Top hit found! SNR 11.043296, Drift Rate -0.009566, index 110440
Top hit found! SNR 11.050536, Drift Rate -0.038266, index 115173
Top hit found! SNR 11.325358, Drift Rate -0.028699, index 130218
Top hit found! SNR 17.718634, Drift Rate -0.009566, index 135374
Top hit found! SNR 16.205669, Drift Rate -0.009566, index 141686
Top hit found! SNR 10.357192, Drift Rate -0.009566, index 143580
Top hit found! SNR 13.427471, Drift Rate -0.038266, index 149470
Top hit found! SNR 13.540404, Drift Rate -0.038266, index 154625
Top hit found! SNR 14.282007, Drift Rate -0.028699, index 166935
Top hit found! SNR 15.232573, Drift Rate -0.028699, index 170407
Top hit found! SNR 12.595693, Drift Rate -0.028699, index 174089
Top hit found! SNR 12.173678, Drift Rate -0.028699, index 182190
Top hit found! SNR 10.329672, Drift Rate -0.028699, index 186293
Top hit found! SNR 10.435843, Drift Rate -0.009566, index 189555
Top hit found! SNR 12.666154, Drift Rate -0.009566, index 199339
Top hit found! SNR 15.239842, Drift Rate -0.009566, index 206809
Top hit found! SNR 10.124040, Drift Rate -0.009566, index 208492
Top hit found! SNR 12.907313, Drift Rate -0.057399, index 213119
Top hit found! SNR 18.907352, Drift Rate -0.038266, index 219853
Top hit found! SNR 10.674444, Drift Rate -0.009566, index 222695
Top hit found! SNR 10.200854, Drift Rate -0.038266, index 226481
Top hit found! SNR 12.121002, Drift Rate -0.009566, index 230901
Top hit found! SNR 12.987506, Drift Rate -0.009566, index 239107
Top hit found! SNR 11.392971, Drift Rate -0.009566, index 242684
Top hit found! SNR 16.330227, Drift Rate -0.028699, index 245524
Top hit found! SNR 10.232916, Drift Rate -0.038266, index 251415
Top hit found! SNR 10.532734, Drift Rate -0.038266, index 253624
Top hit found! SNR 11.529403, Drift Rate -0.009566, index 256992
Top hit found! SNR 14.608450, Drift Rate -0.038266, index 276559
Top hit found! SNR 11.563279, Drift Rate -0.009566, index 297391
Top hit found! SNR 10.315885, Drift Rate -0.038266, index 308752
Top hit found! SNR 11.061330, Drift Rate -0.038266, index 314433
Top hit found! SNR 16.851789, Drift Rate -0.038266, index 321166
Top hit found! SNR 11.052636, Drift Rate -0.009566, index 350310
Top hit found! SNR 12.803282, Drift Rate -0.038266, index 376084
Top hit found! SNR 12.876441, Drift Rate -0.066965, index 387655
Top hit found! SNR 20.711922, Drift Rate -0.000000, index 43544
Top hit found! SNR 52.291286, Drift Rate -0.009566, index 46049
Top hit found! SNR 136.893097, Drift Rate -0.000000, index 48555
Top hit found! SNR 288.573242, Drift Rate -0.000000, index 51060
Top hit found! SNR 586.476807, Drift Rate -0.000000, index 53566
Top hit found! SNR 1163.278564, Drift Rate -0.000000, index 56071
Top hit found! SNR 1832.358398, Drift Rate -0.009566, index 58576
Top hit found! SNR 3086.838867, Drift Rate -0.000000, index 61082
Top hit found! SNR 4244.978027, Drift Rate -0.000000, index 63587
Top hit found! SNR 5169.582031, Drift Rate -0.000000, index 66093
Top hit found! SNR 5875.599609, Drift Rate -0.000000, index 68598
Top hit found! SNR 4667.988281, Drift Rate -0.009566, index 71103
Top hit found! SNR 3163.410400, Drift Rate -0.000000, index 73609
Top hit found! SNR 1014.944946, Drift Rate -0.000000, index 76114
Top hit found! SNR 851.059692, Drift Rate -0.000000, index 81125
Top hit found! SNR 2660.476074, Drift Rate -0.009566, index 83630
Top hit found! SNR 4112.412598, Drift Rate -0.000000, index 86136
Top hit found! SNR 3035.036377, Drift Rate -0.000000, index 88641
Top hit found! SNR 771.306458, Drift Rate -0.000000, index 91147
Top hit found! SNR 78.190178, Drift Rate -0.000000, index 93652
Top hit found! SNR 1723.827515, Drift Rate -0.009566, index 96157
Top hit found! SNR 3666.030273, Drift Rate -0.000000, index 98663
Top hit found! SNR 2662.825928, Drift Rate -0.000000, index 101168
Top hit found! SNR 316.912445, Drift Rate -0.000000, index 103674
Top hit found! SNR 618.985535, Drift Rate -0.000000, index 106179
Top hit found! SNR 2874.795410, Drift Rate -0.000000, index 108684
Top hit found! SNR 3119.631592, Drift Rate -0.000000, index 111190
Top hit found! SNR 587.512756, Drift Rate -0.000000, index 113695
Top hit found! SNR 483.155121, Drift Rate -0.000000, index 116201
Top hit found! SNR 3199.670410, Drift Rate -0.000000, index 118706
Top hit found! SNR 2583.417725, Drift Rate -0.000000, index 121211
Top hit found! SNR 164.874878, Drift Rate -0.000000, index 123717
Top hit found! SNR 1312.310669, Drift Rate -0.000000, index 126222
Top hit found! SNR 3221.002197, Drift Rate -0.000000, index 128728
Top hit found! SNR 1352.524414, Drift Rate -0.000000, index 131233
Top hit found! SNR 228.154861, Drift Rate -0.000000, index 133738
Top hit found! SNR 2997.458740, Drift Rate -0.000000, index 136244
Top hit found! SNR 2232.350098, Drift Rate -0.000000, index 138749
Top hit found! SNR 2471.713867, Drift Rate -0.000000, index 143760
Top hit found! SNR 2431.261719, Drift Rate -0.000000, index 146265
Top hit found! SNR 10.532279, Drift Rate -0.000000, index 148771
Top hit found! SNR 2249.625977, Drift Rate -0.000000, index 151276
Top hit found! SNR 2276.690186, Drift Rate -0.000000, index 153782
Top hit found! SNR 2269.848389, Drift Rate -0.000000, index 158792
Top hit found! SNR 1940.942505, Drift Rate -0.000000, index 161298
Top hit found! SNR 112.625092, Drift Rate -0.000000, index 163803
Top hit found! SNR 2612.937012, Drift Rate -0.000000, index 166309
Top hit found! SNR 1080.891479, Drift Rate -0.000000, index 168814
Top hit found! SNR 718.765625, Drift Rate -0.000000, index 171319
Top hit found! SNR 2826.322998, Drift Rate -0.000000, index 173825
Top hit found! SNR 133.286438, Drift Rate -0.000000, index 176330
Top hit found! SNR 1955.592651, Drift Rate -0.009566, index 178835
Top hit found! SNR 1877.424072, Drift Rate -0.000000, index 181341
Top hit found! SNR 339.118561, Drift Rate -0.000000, index 183846
Top hit found! SNR 2919.687988, Drift Rate -0.000000, index 186352
Top hit found! SNR 183.506500, Drift Rate -0.000000, index 188857
Top hit found! SNR 2020.584595, Drift Rate -0.009566, index 191362
Top hit found! SNR 1508.492676, Drift Rate -0.000000, index 193868
Top hit found! SNR 718.894531, Drift Rate -0.000000, index 196373
Top hit found! SNR 2611.676758, Drift Rate -0.000000, index 198879
Top hit found! SNR 15.354379, Drift Rate -0.000000, index 201384
Top hit found! SNR 2548.888184, Drift Rate -0.009566, index 203889
Top hit found! SNR 294.190765, Drift Rate -0.000000, index 206395
Top hit found! SNR 2094.502686, Drift Rate -0.000000, index 208900
Top hit found! SNR 1039.406006, Drift Rate -0.000000, index 211406
Top hit found! SNR 1317.776978, Drift Rate -0.000000, index 213911
Top hit found! SNR 1607.390747, Drift Rate -0.009566, index 216416
Top hit found! SNR 636.376831, Drift Rate -0.000000, index 218922
Top hit found! SNR 2195.360107, Drift Rate -0.000000, index 221427
Top hit found! SNR 235.081604, Drift Rate -0.000000, index 223933
Top hit found! SNR 2588.303223, Drift Rate -0.000000, index 226438
Top hit found! SNR 65.115761, Drift Rate -0.009566, index 228943
Top hit found! SNR 2683.639893, Drift Rate -0.000000, index 231449
Top hit found! SNR 15.363124, Drift Rate -0.000000, index 233954
Top hit found! SNR 2533.785156, Drift Rate -0.000000, index 236460
Top hit found! SNR 2419.975586, Drift Rate -0.009566, index 241470
Top hit found! SNR 16.192801, Drift Rate -0.000000, index 243976
Top hit found! SNR 2608.289551, Drift Rate -0.000000, index 246481
Top hit found! SNR 65.797226, Drift Rate -0.000000, index 248987
Top hit found! SNR 2638.396484, Drift Rate -0.000000, index 251492
Top hit found! SNR 216.151474, Drift Rate -0.000000, index 253997
Top hit found! SNR 2436.587646, Drift Rate -0.000000, index 256503
Top hit found! SNR 627.896240, Drift Rate -0.000000, index 259008
Top hit found! SNR 1824.944458, Drift Rate -0.000000, index 261514
Top hit found! SNR 1331.448853, Drift Rate -0.000000, index 264019
Top hit found! SNR 991.222412, Drift Rate -0.009566, index 266524
Top hit found! SNR 2187.951172, Drift Rate -0.000000, index 269030
Top hit found! SNR 308.476501, Drift Rate -0.000000, index 271535
Top hit found! SNR 2748.585205, Drift Rate -0.000000, index 274041
Top hit found! SNR 10.919376, Drift Rate -0.000000, index 276546
Top hit found! SNR 2460.466797, Drift Rate -0.000000, index 279051
Top hit found! SNR 721.649963, Drift Rate -0.000000, index 281557
Top hit found! SNR 1525.505493, Drift Rate -0.000000, index 284062
Top hit found! SNR 2077.358643, Drift Rate -0.000000, index 286568
Top hit found! SNR 217.101074, Drift Rate -0.000000, index 289073
Top hit found! SNR 2736.460205, Drift Rate -0.000000, index 291578
Top hit found! SNR 323.814087, Drift Rate -0.000000, index 294084
Top hit found! SNR 1872.721802, Drift Rate -0.000000, index 296589
Top hit found! SNR 1994.850952, Drift Rate -0.000000, index 299095
Top hit found! SNR 162.896469, Drift Rate -0.000000, index 301600
Top hit found! SNR 2741.160645, Drift Rate -0.000000, index 304105
Top hit found! SNR 749.356018, Drift Rate -0.000000, index 306611
Top hit found! SNR 1159.649536, Drift Rate -0.000000, index 309116
Top hit found! SNR 2775.380371, Drift Rate -0.000000, index 311622
Top hit found! SNR 95.518089, Drift Rate -0.000000, index 314127
Top hit found! SNR 1895.365356, Drift Rate -0.000000, index 316632
Top hit found! SNR 2420.672119, Drift Rate -0.000000, index 319138
Top hit found! SNR 2349.488770, Drift Rate -0.000000, index 324149
Top hit found! SNR 2167.016113, Drift Rate -0.000000, index 326654
Top hit found! SNR 17.998571, Drift Rate -0.000000, index 329159
Top hit found! SNR 2579.748779, Drift Rate -0.000000, index 331665
Top hit found! SNR 2278.523682, Drift Rate -0.000000, index 334170
Top hit found! SNR 2299.930176, Drift Rate -0.000000, index 339181
Top hit found! SNR 2604.924316, Drift Rate -0.000000, index 341686
Top hit found! SNR 193.180542, Drift Rate -0.000000, index 344192
Top hit found! SNR 1347.476196, Drift Rate -0.000000, index 346697
Top hit found! SNR 3197.410156, Drift Rate -0.000000, index 349203
Top hit found! SNR 1237.527710, Drift Rate -0.000000, index 351708
Top hit found! SNR 191.486908, Drift Rate -0.000000, index 354213
Top hit found! SNR 2808.167236, Drift Rate -0.000000, index 356719
Top hit found! SNR 3045.806885, Drift Rate -0.000000, index 359224
Top hit found! SNR 429.732056, Drift Rate -0.000000, index 361730
Top hit found! SNR 701.486206, Drift Rate -0.000000, index 364235
Top hit found! SNR 3101.486084, Drift Rate -0.000000, index 366740
Top hit found! SNR 3205.737061, Drift Rate -0.000000, index 369246
Top hit found! SNR 576.138977, Drift Rate -0.000000, index 371751
Top hit found! SNR 417.447906, Drift Rate -0.000000, index 374257
Top hit found! SNR 3199.688721, Drift Rate -0.000000, index 376762
Top hit found! SNR 3951.866943, Drift Rate -0.000000, index 379267
Top hit found! SNR 2133.635498, Drift Rate -0.000000, index 381773
Top hit found! SNR 63.385056, Drift Rate -0.000000, index 384278
Top hit found! SNR 1058.057617, Drift Rate -0.000000, index 386784
Top hit found! SNR 4079.761963, Drift Rate -0.000000, index 389289
Top hit found! SNR 4864.877930, Drift Rate -0.000000, index 391794
Top hit found! SNR 3669.661377, Drift Rate -0.000000, index 394300
Top hit found! SNR 1030.203247, Drift Rate -0.000000, index 396805
Top hit found! SNR 18.025581, Drift Rate -0.000000, index 399311
Top hit found! SNR 1639.811768, Drift Rate -0.000000, index 401816
Top hit found! SNR 4372.934082, Drift Rate -0.000000, index 404321
Top hit found! SNR 7552.422363, Drift Rate -0.000000, index 406827
Top hit found! SNR 8789.335938, Drift Rate -0.000000, index 409332
Top hit found! SNR 7897.364746, Drift Rate -0.000000, index 411838
Top hit found! SNR 6937.242188, Drift Rate -0.000000, index 414343
Top hit found! SNR 4520.589355, Drift Rate -0.000000, index 416848
Top hit found! SNR 3122.802734, Drift Rate -0.000000, index 419354
Top hit found! SNR 1833.859985, Drift Rate -0.000000, index 421859
Top hit found! SNR 933.724976, Drift Rate -0.000000, index 424365
Top hit found! SNR 513.893066, Drift Rate -0.000000, index 426870
Top hit found! SNR 225.201111, Drift Rate -0.000000, index 429375
Top hit found! SNR 102.785362, Drift Rate -0.000000, index 431881
Top hit found! SNR 40.862366, Drift Rate -0.000000, index 434386
Top hit found! SNR 15.862266, Drift Rate -0.000000, index 436892
Top hit found! SNR 10.544266, Drift Rate -0.133931, index 610654
Top hit found! SNR 12.228597, Drift Rate -0.038266, index 620230
Top hit found! SNR 10.492439, Drift Rate -0.057399, index 621702
Top hit found! SNR 12.994361, Drift Rate -0.057399, index 626647
Top hit found! SNR 10.675398, Drift Rate -0.057399, index 631907
Top hit found! SNR 17.614813, Drift Rate -0.057399, index 634432
Top hit found! SNR 12.778561, Drift Rate -0.057399, index 648530
Top hit found! SNR 13.937411, Drift Rate -0.057399, index 655158
Top hit found! SNR 14.171503, Drift Rate -0.057399, index 656841
Top hit found! SNR 14.220674, Drift Rate -0.000000, index 671889
Top hit found! SNR 14.942135, Drift Rate -0.057399, index 676620
Top hit found! SNR 13.142814, Drift Rate -0.000000, index 691668
Top hit found! SNR 19.171364, Drift Rate -0.000000, index 696823
Top hit found! SNR 10.694721, Drift Rate -0.000000, index 699874
Top hit found! SNR 17.318005, Drift Rate -0.057399, index 703132
Top hit found! SNR 12.349317, Drift Rate -0.057399, index 710917
Top hit found! SNR 14.577065, Drift Rate -0.000000, index 716076
Top hit found! SNR 10.825457, Drift Rate -0.057399, index 724594
Top hit found! SNR 14.238011, Drift Rate -0.000000, index 728385
Top hit found! SNR 15.231101, Drift Rate -0.057399, index 731643
Top hit found! SNR 14.525023, Drift Rate -0.000000, index 735539
Top hit found! SNR 14.651036, Drift Rate -0.000000, index 743640
Top hit found! SNR 11.831223, Drift Rate -0.000000, index 747743
Top hit found! SNR 12.388140, Drift Rate -0.057399, index 751001
Top hit found! SNR 10.746823, Drift Rate -0.057399, index 753105
Top hit found! SNR 11.594517, Drift Rate -0.057399, index 760785
Top hit found! SNR 16.998421, Drift Rate -0.000000, index 768258
Top hit found! SNR 10.683578, Drift Rate -0.057399, index 769938
Top hit found! SNR 13.540023, Drift Rate -0.038266, index 774568
Top hit found! SNR 16.654039, Drift Rate -0.000000, index 781304
Top hit found! SNR 10.825305, Drift Rate -0.038266, index 800554
Top hit found! SNR 10.313466, Drift Rate -0.038266, index 804131
Top hit found! SNR 14.410806, Drift Rate -0.000000, index 806974
Top hit found! SNR 12.927046, Drift Rate -0.038266, index 818439
Top hit found! SNR 10.590079, Drift Rate -0.038266, index 833168
Top hit found! SNR 10.160901, Drift Rate -0.038266, index 836429
Top hit found! SNR 13.891904, Drift Rate 0.019133, index 838011
Top hit found! SNR 11.063199, Drift Rate -0.000000, index 858841
Top hit found! SNR 13.487925, Drift Rate -0.038266, index 882615
Top hit found! SNR 17.897545, Drift Rate 0.057399, index 87652
Top hit found! SNR 20.965988, Drift Rate 0.019133, index 90490
Top hit found! SNR 23.385206, Drift Rate 0.019133, index 91963
Top hit found! SNR 30.913960, Drift Rate 0.057399, index 94175
Top hit found! SNR 28.881004, Drift Rate 0.019133, index 96487
Top hit found! SNR 40.897507, Drift Rate 0.057399, index 98804
Top hit found! SNR 38.680878, Drift Rate 0.057399, index 100487
Top hit found! SNR 22.745485, Drift Rate 0.019133, index 103220
Top hit found! SNR 32.181393, Drift Rate 0.019133, index 104798
Top hit found! SNR 46.231014, Drift Rate 0.076532, index 108379
Top hit found! SNR 43.769638, Drift Rate 0.019133, index 109848
Top hit found! SNR 40.341682, Drift Rate 0.057399, index 113217
Top hit found! SNR 60.713341, Drift Rate 0.057399, index 114795
Top hit found! SNR 35.697929, Drift Rate 0.057399, index 116373
Top hit found! SNR 48.876957, Drift Rate 0.019133, index 120053
Top hit found! SNR 81.676132, Drift Rate 0.019133, index 122578
Top hit found! SNR 26.568888, Drift Rate 0.019133, index 125208
Top hit found! SNR 31.056982, Drift Rate 0.019133, index 128154
Top hit found! SNR 49.626324, Drift Rate 0.019133, index 130153
Top hit found! SNR 20.671200, Drift Rate 0.057399, index 131628
Top hit found! SNR 24.241564, Drift Rate 0.019133, index 134361
Top hit found! SNR 64.349968, Drift Rate 0.057399, index 136678
Top hit found! SNR 33.563343, Drift Rate 0.019133, index 138464
Top hit found! SNR 20.535503, Drift Rate 0.057399, index 140150
Top hit found! SNR 63.370213, Drift Rate 0.057399, index 143306
Top hit found! SNR 62.330868, Drift Rate 0.019133, index 144987
Top hit found! SNR 31.749454, Drift Rate 0.057399, index 148356
Top hit found! SNR 39.150101, Drift Rate 0.019133, index 151615
Top hit found! SNR 35.504112, Drift Rate 0.019133, index 153088
Top hit found! SNR 42.128876, Drift Rate 0.057399, index 157404
Top hit found! SNR 61.575573, Drift Rate 0.057399, index 160034
Top hit found! SNR 37.541904, Drift Rate 0.057399, index 161612
Top hit found! SNR 61.700016, Drift Rate 0.019133, index 164766
Top hit found! SNR 24.381422, Drift Rate 0.057399, index 168345
Top hit found! SNR 36.366539, Drift Rate 0.019133, index 171920
Top hit found! SNR 37.956188, Drift Rate 0.019133, index 174129
Top hit found! SNR 35.036396, Drift Rate 0.019133, index 176549
Top hit found! SNR 45.794788, Drift Rate 0.057399, index 179813
Top hit found! SNR 27.843199, Drift Rate 0.019133, index 182230
Top hit found! SNR 63.257580, Drift Rate 0.057399, index 184968
Top hit found! SNR 77.757706, Drift Rate 0.057399, index 191280
Top hit found! SNR 41.057854, Drift Rate 0.019133, index 194013
Top hit found! SNR 31.628588, Drift Rate 0.057399, index 196014
Top hit found! SNR 59.125347, Drift Rate 0.057399, index 199065
Top hit found! SNR 63.762470, Drift Rate 0.057399, index 204220
Top hit found! SNR 31.353529, Drift Rate 0.057399, index 208008
Top hit found! SNR 38.438858, Drift Rate 0.057399, index 209691
Top hit found! SNR 43.636654, Drift Rate 0.057399, index 212742
Top hit found! SNR 50.484406, Drift Rate 0.057399, index 215267
Top hit found! SNR 42.914852, Drift Rate 0.057399, index 218318
Top hit found! SNR 62.373062, Drift Rate 0.057399, index 220001
Top hit found! SNR 43.800831, Drift Rate 0.057399, index 223683
Top hit found! SNR 35.769112, Drift Rate 0.057399, index 225998
Top hit found! SNR 30.757313, Drift Rate 0.057399, index 227471
Top hit found! SNR 28.619270, Drift Rate 0.057399, index 229575
Top hit found! SNR 47.402142, Drift Rate 0.057399, index 231784
Top hit found! SNR 35.177876, Drift Rate 0.057399, index 235887
Top hit found! SNR 40.105228, Drift Rate 0.057399, index 239149
Top hit found! SNR 42.018093, Drift Rate 0.057399, index 241253
Top hit found! SNR 35.177452, Drift Rate 0.057399, index 243357
Top hit found! SNR 34.091942, Drift Rate 0.057399, index 246513
Top hit found! SNR 45.734089, Drift Rate 0.057399, index 248933
Top hit found! SNR 27.528744, Drift Rate 0.057399, index 250616
Top hit found! SNR 30.790365, Drift Rate 0.057399, index 254193
Top hit found! SNR 47.650764, Drift Rate 0.057399, index 256403
Top hit found! SNR 39.198353, Drift Rate 0.057399, index 258086
Top hit found! SNR 58.838993, Drift Rate 0.057399, index 262715
Top hit found! SNR 30.983521, Drift Rate 0.057399, index 265661
Top hit found! SNR 68.843384, Drift Rate 0.057399, index 269448
Top hit found! SNR 29.985563, Drift Rate 0.057399, index 272289
Top hit found! SNR 37.793430, Drift Rate 0.057399, index 274919
Top hit found! SNR 27.758598, Drift Rate 0.057399, index 277970
Top hit found! SNR 39.066563, Drift Rate 0.057399, index 280495
Top hit found! SNR 29.537821, Drift Rate 0.057399, index 283546
Top hit found! SNR 27.393963, Drift Rate 0.057399, index 285755
Top hit found! SNR 50.358387, Drift Rate 0.057399, index 288701
Top hit found! SNR 48.480373, Drift Rate 0.057399, index 292278
Top hit found! SNR 49.086700, Drift Rate -0.133931, index 295109
Top hit found! SNR 33.942818, Drift Rate -0.133931, index 298686
Top hit found! SNR 43.798454, Drift Rate 0.057399, index 301010
Top hit found! SNR 38.325813, Drift Rate -0.133931, index 303210
Top hit found! SNR 58.954689, Drift Rate 0.057399, index 306586
Top hit found! SNR 36.738029, Drift Rate -0.133931, index 309943
Top hit found! SNR 24.032888, Drift Rate 0.057399, index 311636
Top hit found! SNR 25.138010, Drift Rate 0.057399, index 313740
Top hit found! SNR 34.430347, Drift Rate 0.057399, index 316791
Top hit found! SNR 31.194105, Drift Rate -0.133931, index 319096
Top hit found! SNR 47.966331, Drift Rate 0.057399, index 321315
Top hit found! SNR 45.440907, Drift Rate 0.057399, index 324576
Top hit found! SNR 65.736641, Drift Rate 0.057399, index 327101
Top hit found! SNR 36.893337, Drift Rate 0.057399, index 330678
Top hit found! SNR 34.705490, Drift Rate 0.057399, index 333098
Top hit found! SNR 17.319225, Drift Rate -0.191330, index 336455
Top hit found! SNR 31.044676, Drift Rate -0.200896, index 338980
Top hit found! SNR 22.140232, Drift Rate -0.200896, index 340558
Top hit found! SNR 32.602600, Drift Rate 0.057399, index 342356
Top hit found! SNR 53.112190, Drift Rate 0.057399, index 346985
Top hit found! SNR 37.334919, Drift Rate -0.191330, index 351815
Top hit found! SNR 31.951704, Drift Rate -0.191330, index 353709
Top hit found! SNR 30.758797, Drift Rate -0.200896, index 356444
Top hit found! SNR 48.425167, Drift Rate -0.191330, index 358338
Top hit found! SNR 39.807854, Drift Rate -0.191330, index 359916
Top hit found! SNR 38.781750, Drift Rate -0.133931, index 362336
Top hit found! SNR 44.816017, Drift Rate -0.200896, index 364019
Top hit found! SNR 35.381092, Drift Rate -0.200896, index 365492
Top hit found! SNR 34.143421, Drift Rate -0.200896, index 368227
Top hit found! SNR 60.438877, Drift Rate -0.200896, index 370752
Top hit found! SNR 22.873062, Drift Rate 0.057399, index 376022
Top hit found! SNR 35.833118, Drift Rate 0.057399, index 379073
Top hit found! SNR 18.670652, Drift Rate 0.057399, index 382229
Top hit found! SNR 30.690941, Drift Rate -0.172197, index 384008
Top hit found! SNR 32.239628, Drift Rate 0.057399, index 387279
Top hit found! SNR 21.623810, Drift Rate 0.057399, index 390225
Top hit found! SNR 28.188105, Drift Rate 0.057399, index 393381
Top hit found! SNR 23.882965, Drift Rate 0.057399, index 396432
Top hit found! SNR 40.195732, Drift Rate 0.057399, index 399904
Top hit found! SNR 23.560925, Drift Rate 0.057399, index 402429
Top hit found! SNR 28.250467, Drift Rate 0.057399, index 404007
Top hit found! SNR 21.304188, Drift Rate 0.057399, index 407479
Top hit found! SNR 35.207458, Drift Rate 0.057399, index 409793
Top hit found! SNR 15.417344, Drift Rate 0.038266, index 412948
Top hit found! SNR 19.148827, Drift Rate 0.057399, index 414633
Top hit found! SNR 21.751850, Drift Rate 0.057399, index 417368
Top hit found! SNR 22.285883, Drift Rate 0.019133, index 419575
Top hit found! SNR 21.240768, Drift Rate 0.057399, index 422208
Top hit found! SNR 35.222332, Drift Rate 0.019133, index 425677
Top hit found! SNR 31.878532, Drift Rate 0.019133, index 429675
Top hit found! SNR 23.720949, Drift Rate 0.057399, index 431571
Top hit found! SNR 26.045305, Drift Rate 0.057399, index 433675
Top hit found! SNR 40.706921, Drift Rate 0.057399, index 437252
Top hit found! SNR 30.894022, Drift Rate 0.019133, index 438933
Top hit found! SNR 27.589828, Drift Rate 0.057399, index 444301
Top hit found! SNR 14.378453, Drift Rate 0.057399, index 448404
Top hit found! SNR 36.228741, Drift Rate -0.000000, index 610509
Top hit found! SNR 942.611328, Drift Rate -0.000000, index 632425
Top hit found! SNR 21.573174, Drift Rate -0.000000, index 654341
Top hit found! SNR 11.517621, Drift Rate 0.028699, index 335510
Top hit found! SNR 129.219910, Drift Rate 0.038266, index 685388
Top hit found! SNR 10.905300, Drift Rate -0.038266, index 319468
Top hit found! SNR 2830.497803, Drift Rate 0.028699, index 336567
Top hit found! SNR 134.675995, Drift Rate 0.038266, index 686445
Top hit found! SNR 11.612013, Drift Rate -0.066965, index 525095
Top hit found! SNR 10.027917, Drift Rate -0.076532, index 647711
Top hit found! SNR 10.528157, Drift Rate -0.076532, index 683387
Top hit found! SNR 10.274738, Drift Rate -0.066965, index 690925
Top hit found! SNR 10.298637, Drift Rate -0.076532, index 697245
Top hit found! SNR 22.421280, Drift Rate -0.086098, index 704923
Top hit found! SNR 11.444235, Drift Rate -0.076532, index 719858
Top hit found! SNR 10.125182, Drift Rate -0.086098, index 728613
Top hit found! SNR 14.303838, Drift Rate -0.057399, index 732921
Top hit found! SNR 12.600260, Drift Rate -0.076532, index 739241
Top hit found! SNR 14.209678, Drift Rate -0.066965, index 742612
Top hit found! SNR 15.897262, Drift Rate -0.086098, index 757687
Top hit found! SNR 13.962630, Drift Rate -0.066965, index 767379
Top hit found! SNR 10.944755, Drift Rate -0.066965, index 775853
Top hit found! SNR 20.840750, Drift Rate -0.076532, index 795376
Top hit found! SNR 13.181977, Drift Rate -0.076532, index 798466
Top hit found! SNR 11.148932, Drift Rate -0.066965, index 809375
Top hit found! SNR 10.848172, Drift Rate -0.076532, index 816912
Top hit found! SNR 12.268962, Drift Rate -0.057399, index 855678
Top hit found! SNR 12.671904, Drift Rate -0.057399, index 885829
Top hit found! SNR 11.129685, Drift Rate -0.057399, index 890136
Top hit found! SNR 12.478558, Drift Rate -0.057399, index 907365
Top hit found! SNR 24.663839, Drift Rate -0.000000, index 943718
Top hit found! SNR 13.993286, Drift Rate 0.028699, index 1036322
Top hit found! SNR 18.588636, Drift Rate 0.038266, index 337624
Top hit found! SNR 23.901649, Drift Rate 0.028699, index 338681
Top hit found! SNR 27.140165, Drift Rate 0.028699, index 688558
Top hit found! SNR 13.759704, Drift Rate -0.000000, index 34953
Top hit found! SNR 58.411236, Drift Rate 0.028699, index 1038436
Top hit found! SNR 97.726616, Drift Rate -0.000000, index 34953
Top hit found! SNR 18.446665, Drift Rate -0.028699, index 533056
Top hit found! SNR 34.407959, Drift Rate 0.028699, index 1038436
Top hit found! SNR 10.113311, Drift Rate -0.000000, index 240292
Top hit found! SNR 12.280973, Drift Rate -0.000000, index 274151
Top hit found! SNR 10.519778, Drift Rate -0.000000, index 396573
Top hit found! SNR 16.567896, Drift Rate -0.009566, index 288393
Top hit found! SNR 13.153747, Drift Rate 0.028699, index 308525
Top hit found! SNR 22.623434, Drift Rate -0.009566, index 328479
Top hit found! SNR 10.154375, Drift Rate -0.009566, index 348808
Top hit found! SNR 14.533698, Drift Rate 0.009566, index 375220
Top hit found! SNR 17.797480, Drift Rate -0.009566, index 395046
Top hit found! SNR 14.286302, Drift Rate -0.000000, index 401649
Top hit found! SNR 17.668730, Drift Rate 0.019133, index 415186
Top hit found! SNR 17.392807, Drift Rate 0.038266, index 421480
Top hit found! SNR 15.191479, Drift Rate -0.038266, index 428478
Top hit found! SNR 17.271116, Drift Rate 0.019133, index 441600
Top hit found! SNR 13.351505, Drift Rate -0.009566, index 448160
Top hit found! SNR 22.326458, Drift Rate -0.009566, index 468060
Top hit found! SNR 33.267189, Drift Rate 0.019133, index 474814
Top hit found! SNR 37.558094, Drift Rate 0.019133, index 478966
Top hit found! SNR 18.587049, Drift Rate 0.019133, index 487746
Top hit found! SNR 23.000406, Drift Rate -0.000000, index 494928
Top hit found! SNR 11.998246, Drift Rate 0.019133, index 501443
Top hit found! SNR 10.067178, Drift Rate -0.009566, index 521326
Top hit found! SNR 16.374960, Drift Rate -0.000000, index 534370
Top hit found! SNR 20.682867, Drift Rate -0.076532, index 541158
Top hit found! SNR 14.101049, Drift Rate -0.019133, index 547934
Top hit found! SNR 12.636436, Drift Rate -0.143497, index 561119
Top hit found! SNR 15.618006, Drift Rate 0.019133, index 567805
Top hit found! SNR 13.804559, Drift Rate -0.000000, index 574492
Top hit found! SNR 13.529381, Drift Rate 0.066965, index 587540
Top hit found! SNR 10.675271, Drift Rate -0.000000, index 597470
Top hit found! SNR 19.517332, Drift Rate 0.038266, index 634300
Top hit found! SNR 23.010059, Drift Rate 0.057399, index 654309
Top hit found! SNR 12.858861, Drift Rate -0.009566, index 660983
Top hit found! SNR 17.994667, Drift Rate 0.066965, index 667493
Top hit found! SNR 14.935811, Drift Rate -0.009566, index 674244
Top hit found! SNR 11.364470, Drift Rate -5.376367, index 41633
Top hit found! SNR 41.060947, Drift Rate -5.376367, index 47145
Top hit found! SNR 25.743809, Drift Rate -5.376367, index 51261
Top hit found! SNR 17.777967, Drift Rate -5.376367, index 56379
Top hit found! SNR 25.021469, Drift Rate -5.376367, index 66866
Top hit found! SNR 11.875435, Drift Rate -5.376367, index 75420
Top hit found! SNR 13.189894, Drift Rate 0.086098, index 83759
Top hit found! SNR 16.241148, Drift Rate -5.376367, index 116938
Top hit found! SNR 10.626888, Drift Rate 5.577263, index 135478
Top hit found! SNR 12.743181, Drift Rate -5.376367, index 143352
Top hit found! SNR 64.912506, Drift Rate -5.376367, index 167010
Top hit found! SNR 34.840237, Drift Rate -5.376367, index 173023
Top hit found! SNR 32.731983, Drift Rate -5.376367, index 181076
Top hit found! SNR 13.826207, Drift Rate -5.376367, index 188270
Top hit found! SNR 16.199965, Drift Rate -5.472032, index 457883
Top hit found! SNR 10.018617, Drift Rate 5.481599, index 586267
Top hit found! SNR 27.112114, Drift Rate -0.000000, index 598901
Top hit found! SNR 11.158228, Drift Rate -5.472032, index 609674
Top hit found! SNR 12.542265, Drift Rate 5.510298, index 618101
Top hit found! SNR 38.984085, Drift Rate 5.481599, index 643390
Top hit found! SNR 54.286575, Drift Rate 5.481599, index 654879
Top hit found! SNR 71.541252, Drift Rate -5.472032, index 658744
Top hit found! SNR 97.163109, Drift Rate 5.481599, index 664149
Top hit found! SNR 88.550713, Drift Rate 5.481599, index 667764
Top hit found! SNR 68.423370, Drift Rate 0.009566, index 672560
Top hit found! SNR 19.652830, Drift Rate 5.481599, index 680649
Top hit found! SNR 20.805456, Drift Rate 5.481599, index 684407
Top hit found! SNR 16.068682, Drift Rate 5.481599, index 692102
Top hit found! SNR 14.414209, Drift Rate -5.472032, index 704736
Top hit found! SNR 12.066114, Drift Rate 5.481599, index 757493
Top hit found! SNR 12.072885, Drift Rate 5.510298, index 761839
Top hit found! SNR 36.105698, Drift Rate 5.481599, index 767801
Top hit found! SNR 29.869783, Drift Rate 5.481599, index 771881
Top hit found! SNR 25.516603, Drift Rate 5.481599, index 778932
Top hit found! SNR 29.318935, Drift Rate 5.481599, index 785625
Top hit found! SNR 27.836351, Drift Rate 5.481599, index 792819
Top hit found! SNR 14.275843, Drift Rate -0.000000, index 796040
Top hit found! SNR 12.728882, Drift Rate -0.000000, index 813685
Top hit found! SNR 13.563553, Drift Rate 5.481599, index 827823
Top hit found! SNR 12.789230, Drift Rate 5.481599, index 832476
Top hit found! SNR 11.186983, Drift Rate 5.481599, index 849477
Top hit found! SNR 12.606812, Drift Rate 5.481599, index 870701
Top hit found! SNR 11.396807, Drift Rate -5.491165, index 211406
Top hit found! SNR 15.488858, Drift Rate 0.009566, index 227693
Top hit found! SNR 37.016808, Drift Rate 0.009566, index 236028
Top hit found! SNR 10.671175, Drift Rate -5.491165, index 254141
Top hit found! SNR 12.491201, Drift Rate -5.491165, index 330770
Top hit found! SNR 13.254773, Drift Rate -0.019133, index 351708
Top hit found! SNR 17.297054, Drift Rate 0.009566, index 354927
Top hit found! SNR 10.798141, Drift Rate 0.009566, index 360904
Top hit found! SNR 13.182684, Drift Rate 5.548564, index 651326
Top hit found! SNR 11.509254, Drift Rate 5.538998, index 750181
Top hit found! SNR 10.848510, Drift Rate 5.548564, index 783718
Top hit found! SNR 12.010801, Drift Rate 5.548564, index 786796
Top hit found! SNR 25.079237, Drift Rate -5.405066, index 793453
Top hit found! SNR 11.962232, Drift Rate 5.548564, index 814928
Top hit found! SNR 20.078026, Drift Rate 5.548564, index 822981
Top hit found! SNR 47.207699, Drift Rate 5.548564, index 835150
Top hit found! SNR 17.951036, Drift Rate -5.405066, index 842165
Top hit found! SNR 97.726479, Drift Rate 0.066965, index 847677
Top hit found! SNR 120.221848, Drift Rate 5.548564, index 852974
Top hit found! SNR 146.843155, Drift Rate 5.548564, index 856410
Top hit found! SNR 74.526512, Drift Rate 5.548564, index 861242
Top hit found! SNR 47.726551, Drift Rate 5.548564, index 865859
Top hit found! SNR 50.272896, Drift Rate 5.548564, index 874091
Top hit found! SNR 72.983269, Drift Rate 5.548564, index 883683
Top hit found! SNR 20.408949, Drift Rate 5.548564, index 896389
Top hit found! SNR 10.662871, Drift Rate -5.405066, index 903905
Top hit found! SNR 13.556356, Drift Rate -5.405066, index 911099
Top hit found! SNR 19.492346, Drift Rate -5.405066, index 921586
Top hit found! SNR 18.583761, Drift Rate 5.548564, index 928637
Top hit found! SNR 13.194604, Drift Rate 5.548564, index 936332
Top hit found! SNR 15.006554, Drift Rate 5.548564, index 939768
Top hit found! SNR 31.529421, Drift Rate 5.548564, index 944564
Top hit found! SNR 29.268221, Drift Rate 5.548564, index 947320
Top hit found! SNR 21.428286, Drift Rate 5.548564, index 951257
Top hit found! SNR 13.274540, Drift Rate 5.538998, index 960598
Top hit found! SNR 72.575424, Drift Rate 5.538998, index 969510
Top hit found! SNR 67.406815, Drift Rate 5.548564, index 975774
Top hit found! SNR 43.470089, Drift Rate 5.538998, index 982395
Top hit found! SNR 20.969305, Drift Rate 5.538998, index 985795
Top hit found! SNR 12.135716, Drift Rate -5.405066, index 988802
Top hit found! SNR 10.176901, Drift Rate 0.066965, index 997714
Top hit found! SNR 59.723820, Drift Rate -0.000000, index 174763
Top hit found! SNR 27.143295, Drift Rate 0.009566, index 212115
Top hit found! SNR 136.282639, Drift Rate -0.000000, index 690642
Top hit found! SNR 17.467215, Drift Rate -0.000000, index 752936
Top hit found! SNR 104.486435, Drift Rate -0.000000, index 680986
Top hit found! SNR 14.652860, Drift Rate -0.000000, index 244668
Top hit found! SNR 21.536961, Drift Rate 0.899250, index 512220
Top hit found! SNR 54.383610, Drift Rate -0.000000, index 524289
Top hit found! SNR 46.281380, Drift Rate 0.076532, index 524289
Top hit found! SNR 53.501328, Drift Rate -0.047832, index 524288
Top hit found! SNR 209.351746, Drift Rate -0.000000, index 775946
Top hit found! SNR 64.033234, Drift Rate 0.057399, index 524289
Top hit found! SNR 75.396400, Drift Rate 0.009566, index 524289
Top hit found! SNR 11.943967, Drift Rate 0.028699, index 892686
Top hit found! SNR 84.554497, Drift Rate 0.019133, index 524288
Top hit found! SNR 92.113510, Drift Rate 0.009566, index 524289
Top hit found! SNR 100.590370, Drift Rate -0.009566, index 524289
Top hit found! SNR 112.799026, Drift Rate 0.076532, index 524289
Top hit found! SNR 127.541100, Drift Rate -0.086098, index 524287
Top hit found! SNR 142.597977, Drift Rate -0.076532, index 524287
Top hit found! SNR 154.339554, Drift Rate -0.076532, index 524287
Top hit found! SNR 163.333725, Drift Rate 0.086098, index 524289
Top hit found! SNR 838.434082, Drift Rate -0.000000, index 314573
Top hit found! SNR 177.026001, Drift Rate 0.038266, index 524288
Top hit found! SNR 191.625671, Drift Rate -0.038266, index 524287
Top hit found! SNR 214.805450, Drift Rate 0.086098, index 524289
Top hit found! SNR 178.745163, Drift Rate -0.047832, index 524288
Top hit found! SNR 14.429103, Drift Rate -0.000000, index 747984
Top hit found! SNR 262.939667, Drift Rate -0.000000, index 524289
Top hit found! SNR 281.718140, Drift Rate -0.076532, index 524287
Top hit found! SNR 293.228149, Drift Rate 0.057399, index 524289
Top hit found! SNR 27.145163, Drift Rate -0.000000, index 132820
Top hit found! SNR 314.709442, Drift Rate -0.057399, index 524287
Top hit found! SNR 340.711365, Drift Rate -0.000000, index 524289
Top hit found! SNR 10.386618, Drift Rate 0.573989, index 864015
Top hit found! SNR 16.868958, Drift Rate -0.066965, index 879755
Top hit found! SNR 37.603729, Drift Rate -0.870551, index 885077
Top hit found! SNR 16.818394, Drift Rate -0.353960, index 891715
Top hit found! SNR 368.676117, Drift Rate 0.009566, index 524289
Top hit found! SNR 385.470886, Drift Rate 0.057399, index 524289
Top hit found! SNR 117.417641, Drift Rate -0.000000, index 566231
Top hit found! SNR 405.667572, Drift Rate -0.009566, index 524289
Top hit found! SNR 413.141205, Drift Rate -0.009566, index 524287
Top hit found! SNR 425.369934, Drift Rate 0.086098, index 524289
Top hit found! SNR 119.837898, Drift Rate -0.000000, index 999642
Top hit found! SNR 441.652344, Drift Rate -0.076532, index 524287
Top hit found! SNR 457.241425, Drift Rate 0.076532, index 524289
Top hit found! SNR 476.807800, Drift Rate 0.057399, index 524289
Top hit found! SNR 10.293218, Drift Rate -0.019133, index 370251
Top hit found! SNR 56.074379, Drift Rate -0.019133, index 379951
Top hit found! SNR 285.848602, Drift Rate -0.000000, index 384478
Top hit found! SNR 42.949978, Drift Rate -0.019133, index 388109
Top hit found! SNR 251.302048, Drift Rate -0.000000, index 389651
Top hit found! SNR 487.095520, Drift Rate 0.076532, index 524289
Top hit found! SNR 499.731354, Drift Rate -0.086098, index 524287
Top hit found! SNR 803.780640, Drift Rate -0.009566, index 524289
Top hit found! SNR 531.823303, Drift Rate -0.009566, index 524289
Top hit found! SNR 117.838364, Drift Rate -0.000000, index 817889
Top hit found! SNR 553.053223, Drift Rate -0.000000, index 524289
Top hit found! SNR 580.342468, Drift Rate -0.076532, index 524287
Top hit found! SNR 36.614124, Drift Rate -0.057399, index 872806
Top hit found! SNR 605.553345, Drift Rate -0.086098, index 524287
Top hit found! SNR 51.524555, Drift Rate -0.000000, index 202725
Top hit found! SNR 626.822266, Drift Rate -0.000000, index 524287
Top hit found! SNR 645.901367, Drift Rate -0.086098, index 524287
Top hit found! SNR 666.048096, Drift Rate 0.009566, index 524289
Top hit found! SNR 697.510132, Drift Rate -0.000000, index 524289
Top hit found! SNR 36.390640, Drift Rate -0.000000, index 636136
Top hit found! SNR 715.804443, Drift Rate 0.009566, index 524287
Top hit found! SNR 711.496216, Drift Rate -0.000000, index 524287
Top hit found! SNR 44.577248, Drift Rate 0.009566, index 166407
Top hit found! SNR 59.990616, Drift Rate 0.105231, index 168369
Top hit found! SNR 64.908897, Drift Rate -0.334827, index 170214
Top hit found! SNR 26.133202, Drift Rate -0.019133, index 172639
Top hit found! SNR 28.034771, Drift Rate -0.229596, index 178261
Top hit found! SNR 40.209160, Drift Rate 0.277428, index 181043
Top hit found! SNR 742.171082, Drift Rate -0.000000, index 524287
Top hit found! SNR 751.292847, Drift Rate 0.057399, index 524289
Top hit found! SNR 760.739685, Drift Rate 0.066965, index 524289
Top hit found! SNR 777.825623, Drift Rate -0.086098, index 524287
Top hit found! SNR 149.215881, Drift Rate -0.000000, index 454383
Top hit found! SNR 15.901267, Drift Rate -0.000000, index 456969
Top hit found! SNR 788.027283, Drift Rate -0.009566, index 524287
Top hit found! SNR 812.700623, Drift Rate 0.057399, index 524289
Top hit found! SNR 802.764648, Drift Rate 0.066965, index 524289
Top hit found! SNR 801.484619, Drift Rate 0.076532, index 524289
Top hit found! SNR 193.796051, Drift Rate 0.095665, index 528225
Top hit found! SNR 10.590351, Drift Rate -0.468758, index 532951
Top hit found! SNR 20.781330, Drift Rate -0.076532, index 536312
Top hit found! SNR 20.706984, Drift Rate 0.019133, index 540577
Top hit found! SNR 797.684753, Drift Rate -0.000000, index 524287
Top hit found! SNR 802.015503, Drift Rate 0.057399, index 524289
Top hit found! SNR 10.515607, Drift Rate -0.000000, index 123417
Top hit found! SNR 70.508743, Drift Rate -0.000000, index 133117
Top hit found! SNR 811.310669, Drift Rate 0.086098, index 524289
Top hit found! SNR 810.066772, Drift Rate -0.028699, index 524288
Top hit found! SNR 810.333435, Drift Rate 0.047832, index 524288
Top hit found! SNR 816.108215, Drift Rate -0.057399, index 524287
Top hit found! SNR 818.481995, Drift Rate 0.009566, index 524289
Top hit found! SNR 812.359070, Drift Rate -0.066965, index 524287
Top hit found! SNR 795.454468, Drift Rate 0.086098, index 524289
Top hit found! SNR 32.976635, Drift Rate 0.009566, index 418872
Top hit found! SNR 35.321819, Drift Rate -0.028699, index 437012
Top hit found! SNR 19.395430, Drift Rate -0.076532, index 439190
Top hit found! SNR 811.872253, Drift Rate -0.000000, index 524287
Top hit found! SNR 823.464783, Drift Rate -0.000000, index 524289
Top hit found! SNR 799.609375, Drift Rate 0.086098, index 524289
Top hit found! SNR 775.083069, Drift Rate -0.076532, index 524287

===== Search time: 217.69 minutes
===== END OF LOG
