
turbo_seti version 2.1.17
blimpy version 2.0.31
h5py version 3.5.0

HDF5 header info: {'DIMENSION_LABELS': array(['time', 'feed_id', 'frequency'], dtype=object), 'az_start': 0.0, 'data_type': 1, 'fch1': 3151.46484375, 'foff': -2.7939677238464355e-06, 'machine_id': 20, 'nbits': 32, 'nchans': 536870912, 'nifs': 1, 'source_name': 'ON_S', 'src_dej': <Angle 60.8686 deg>, 'src_raj': <Angle 2.6564 hourangle>, 'telescope_id': 6, 'tsamp': 18.253611007999982, 'tstart': 59524.18732638889, 'za_start': 0.0}

Starting ET search with parameters: datafile=/gpfs/group/jtw13/default/gbt_2020/2021/S_band/splice_no_overlap_ordered/OFF_Scan2/spliced_blc0x1x2x_guppi_59524_16185_ON_S_0030.rawspec.0000.h5, max_drift=10.0, min_drift=0.0, snr=10.0, out_dir=/gpfs/group/jtw13/default/gbt_2020/2021/S_band/splice_no_overlap_ordered/OFF_Scan2/, coarse_chans=None, flagging=False, n_coarse_chan=512, kernels=None, gpu_id=0, gpu_backend=False, blank_dc=True, precision=1, append_output=False, log_level_int=30, obs_info={'pulsar': 0, 'pulsar_found': 0, 'pulsar_dm': 0.0, 'pulsar_snr': 0.0, 'pulsar_stats': array([0., 0., 0., 0., 0., 0.]), 'RFI_level': 0.0, 'Mean_SEFD': 0.0, 'psrflux_Sens': 0.0, 'SEFDs_val': [0.0], 'SEFDs_freq': [0.0], 'SEFDs_freq_up': [0.0]}

Computed drift rate resolution: 0.00956648975722505

Top hit found! SNR 329.082520, Drift Rate 0.105231, index 202019
Top hit found! SNR 2944.756104, Drift Rate 0.019133, index 309440
Top hit found! SNR 1177.802856, Drift Rate 0.430492, index 311006
Top hit found! SNR 276.429718, Drift Rate -0.086098, index 349553
Top hit found! SNR 15.415086, Drift Rate -0.181763, index 352572
Top hit found! SNR 229075.406250, Drift Rate 0.019133, index 416864
Top hit found! SNR 6503.108398, Drift Rate -0.009566, index 422721
Top hit found! SNR 19.287836, Drift Rate -0.000000, index 431894
Top hit found! SNR 591.338989, Drift Rate -0.076532, index 436917
Top hit found! SNR 21.636290, Drift Rate 0.009566, index 456984
Top hit found! SNR 10.803333, Drift Rate -0.000000, index 458752
Top hit found! SNR 17.281696, Drift Rate 0.153064, index 464130
Top hit found! SNR 12.110169, Drift Rate -0.047832, index 469685
Top hit found! SNR 13.579998, Drift Rate -0.028699, index 471459
Top hit found! SNR 26.799822, Drift Rate 0.114798, index 477043
Top hit found! SNR 37.035614, Drift Rate -0.019133, index 484175
Top hit found! SNR 208.407913, Drift Rate -0.000000, index 491520
Top hit found! SNR 16.800613, Drift Rate -0.000000, index 501380
Top hit found! SNR 25.822611, Drift Rate -0.009566, index 504227
Top hit found! SNR 98.508629, Drift Rate -0.000000, index 509016
Top hit found! SNR 66.849762, Drift Rate -0.000000, index 516534
Top hit found! SNR 66327.250000, Drift Rate 0.019133, index 524289
Top hit found! SNR 66.849762, Drift Rate -0.000000, index 532042
Top hit found! SNR 98.508629, Drift Rate -0.000000, index 539560
Top hit found! SNR 25.822615, Drift Rate 0.009566, index 544349
Top hit found! SNR 16.800613, Drift Rate -0.000000, index 547196
Top hit found! SNR 208.407913, Drift Rate -0.000000, index 557056
Top hit found! SNR 37.035614, Drift Rate 0.019133, index 564401
Top hit found! SNR 26.799824, Drift Rate -0.114798, index 571533
Top hit found! SNR 13.579998, Drift Rate 0.028699, index 577117
Top hit found! SNR 12.110172, Drift Rate 0.047832, index 578891
Top hit found! SNR 17.281696, Drift Rate -0.143497, index 584446
Top hit found! SNR 10.803335, Drift Rate -0.000000, index 589824
Top hit found! SNR 21.636290, Drift Rate -0.009566, index 591592
Top hit found! SNR 591.338928, Drift Rate 0.076532, index 611659
Top hit found! SNR 19.287836, Drift Rate -0.000000, index 616682
Top hit found! SNR 6503.108887, Drift Rate 0.009566, index 625855
Top hit found! SNR 229075.406250, Drift Rate -0.019133, index 631712
Top hit found! SNR 15.415086, Drift Rate 0.181763, index 696004
Top hit found! SNR 276.429688, Drift Rate 0.086098, index 699023
Top hit found! SNR 1177.802856, Drift Rate -0.430492, index 737570
Top hit found! SNR 2944.755615, Drift Rate -0.019133, index 739136
Top hit found! SNR 329.082520, Drift Rate -0.105231, index 846557
Top hit found! SNR 102.485039, Drift Rate 5.385934, index 524357
Top hit found! SNR 1114.197632, Drift Rate -0.000000, index 794942
Top hit found! SNR 1486.435059, Drift Rate -0.000000, index 17021
Top hit found! SNR 19.917253, Drift Rate -0.009566, index 245173
Top hit found! SNR 32.234467, Drift Rate 0.009566, index 249456
Top hit found! SNR 141.241760, Drift Rate -0.000000, index 251379
Top hit found! SNR 254.803619, Drift Rate -0.000000, index 405981
Top hit found! SNR 40.732224, Drift Rate -0.411359, index 524283
Top hit found! SNR 14.750328, Drift Rate -0.000000, index 801752
Top hit found! SNR 37.397949, Drift Rate -0.000000, index 900693
Top hit found! SNR 10.608645, Drift Rate -0.000000, index 933675
Top hit found! SNR 2809.779053, Drift Rate -0.000000, index 17021
Top hit found! SNR 13.770968, Drift Rate -0.000000, index 181924
Top hit found! SNR 18.435326, Drift Rate -0.000000, index 280865
Top hit found! SNR 71.746391, Drift Rate -0.000000, index 346828
Top hit found! SNR 10.090830, Drift Rate -0.000000, index 413738
Top hit found! SNR 67.767464, Drift Rate -0.000000, index 511732
Top hit found! SNR 33.875710, Drift Rate 5.452899, index 524358
Top hit found! SNR 49387.093750, Drift Rate -0.000000, index 676636
Top hit found! SNR 10.004334, Drift Rate -0.000000, index 709617
Top hit found! SNR 19.483847, Drift Rate -0.000000, index 775576
Top hit found! SNR 40.790844, Drift Rate -0.000000, index 808558
Top hit found! SNR 14.540618, Drift Rate -0.000000, index 841539
Top hit found! SNR 15.886803, Drift Rate -0.000000, index 907503
Top hit found! SNR 63.790653, Drift Rate -0.000000, index 940480
Top hit found! SNR 98.498146, Drift Rate -0.000000, index 957699
Top hit found! SNR 33.810535, Drift Rate -0.000000, index 1006443
Top hit found! SNR 92.499763, Drift Rate -0.009566, index 1027045
Top hit found! SNR 10.567905, Drift Rate -0.000000, index 122771
Top hit found! SNR 14.785074, Drift Rate -0.000000, index 155753
Top hit found! SNR 5880.557129, Drift Rate -0.000000, index 287675
Top hit found! SNR 42.306324, Drift Rate -1.788934, index 524264
Top hit found! SNR 15.052832, Drift Rate -0.000000, index 617482
Top hit found! SNR 12.656467, Drift Rate -0.000000, index 815368
Top hit found! SNR 4454.231445, Drift Rate -0.000000, index 947290
Top hit found! SNR 1294.853638, Drift Rate -0.000000, index 949885
Top hit found! SNR 37.440662, Drift Rate -0.009566, index 1027045
Top hit found! SNR 29.170496, Drift Rate -0.000000, index 37446
Top hit found! SNR 20.261856, Drift Rate -0.000000, index 63618
Top hit found! SNR 14.772964, Drift Rate -0.000000, index 162558
Top hit found! SNR 12.297388, Drift Rate -0.000000, index 393425
Top hit found! SNR 10.918310, Drift Rate -0.000000, index 426407
Top hit found! SNR 45.019909, Drift Rate 0.172197, index 524289
Top hit found! SNR 61076.000000, Drift Rate -0.000000, index 558329
Top hit found! SNR 899.795532, Drift Rate -0.000000, index 561295
Top hit found! SNR 12.044591, Drift Rate -0.000000, index 624292
Top hit found! SNR 35.437641, Drift Rate -0.000000, index 690251
Top hit found! SNR 27.564650, Drift Rate -0.000000, index 691894
Top hit found! SNR 65.550636, Drift Rate -0.000000, index 723233
Top hit found! SNR 19.281742, Drift Rate 0.009566, index 748367
Top hit found! SNR 17.936386, Drift Rate -0.000000, index 756215
Top hit found! SNR 12.128429, Drift Rate -0.000000, index 757877
Top hit found! SNR 28.653641, Drift Rate -0.000000, index 789196
Top hit found! SNR 145.497299, Drift Rate -0.000000, index 822173
Top hit found! SNR 68.982315, Drift Rate -0.000000, index 825288
Top hit found! SNR 51.484005, Drift Rate -0.000000, index 855155
Top hit found! SNR 21.700903, Drift Rate -0.000000, index 858288
Top hit found! SNR 37.687016, Drift Rate -0.000000, index 888137
Top hit found! SNR 17.517979, Drift Rate -0.000000, index 891288
Top hit found! SNR 67.616562, Drift Rate -0.000000, index 921118
Top hit found! SNR 18.181293, Drift Rate -0.000000, index 924289
Top hit found! SNR 11.206541, Drift Rate -0.000000, index 947290
Top hit found! SNR 139.135620, Drift Rate -0.000000, index 954100
Top hit found! SNR 38.586258, Drift Rate -0.000000, index 957288
Top hit found! SNR 57.938648, Drift Rate -0.000000, index 987077
Top hit found! SNR 207.944412, Drift Rate -0.000000, index 37446
Top hit found! SNR 35.592949, Drift Rate -0.000000, index 39209
Top hit found! SNR 60.370937, Drift Rate -0.000000, index 40709
Top hit found! SNR 15.013846, Drift Rate -0.000000, index 70428
Top hit found! SNR 10.240254, Drift Rate -0.000000, index 73709
Top hit found! SNR 63.251945, Drift Rate -0.000000, index 103405
Top hit found! SNR 62.027256, Drift Rate -0.000000, index 136386
Top hit found! SNR 84304.945312, Drift Rate -0.000000, index 169368
Top hit found! SNR 3436.078369, Drift Rate -0.000000, index 172705
Top hit found! SNR 60.018505, Drift Rate -0.000000, index 202350
Top hit found! SNR 42.474312, Drift Rate -0.000000, index 235331
Top hit found! SNR 95.012558, Drift Rate -0.000000, index 268309
Top hit found! SNR 12.984872, Drift Rate -0.000000, index 270142
Top hit found! SNR 26.041090, Drift Rate -0.000000, index 271701
Top hit found! SNR 183.267120, Drift Rate -0.000000, index 301290
Top hit found! SNR 35.876186, Drift Rate -0.000000, index 303133
Top hit found! SNR 39.157524, Drift Rate -0.000000, index 304701
Top hit found! SNR 41.020004, Drift Rate -0.000000, index 334272
Top hit found! SNR 21.236221, Drift Rate -0.000000, index 336125
Top hit found! SNR 11.608265, Drift Rate -0.000000, index 337702
Top hit found! SNR 179.752914, Drift Rate -0.009566, index 433212
Top hit found! SNR 34.069622, Drift Rate -0.000000, index 435095
Top hit found! SNR 29.153736, Drift Rate -0.000000, index 436698
Top hit found! SNR 71.620934, Drift Rate -0.000000, index 466194
Top hit found! SNR 20.351591, Drift Rate -0.000000, index 468087
Top hit found! SNR 83.808418, Drift Rate -0.000000, index 499176
Top hit found! SNR 14.954128, Drift Rate -0.000000, index 501079
Top hit found! SNR 43.761726, Drift Rate -7.940187, index 524185
Top hit found! SNR 74.834892, Drift Rate -0.000000, index 532158
Top hit found! SNR 10.292219, Drift Rate -0.000000, index 534071
Top hit found! SNR 233.176529, Drift Rate -0.000000, index 565139
Top hit found! SNR 26.891659, Drift Rate -0.000000, index 567062
Top hit found! SNR 21.542955, Drift Rate -0.000000, index 568698
Top hit found! SNR 22.703819, Drift Rate -0.000000, index 598116
Top hit found! SNR 33.319729, Drift Rate -0.000000, index 631098
Top hit found! SNR 12.713666, Drift Rate -0.000000, index 664080
Top hit found! SNR 35.134739, Drift Rate -0.000000, index 697061
Top hit found! SNR 16.276764, Drift Rate -0.000000, index 699024
Top hit found! SNR 14.205788, Drift Rate -0.000000, index 730043
Top hit found! SNR 6993.903320, Drift Rate -0.000000, index 828983
Top hit found! SNR 1429.003418, Drift Rate -0.000000, index 831041
Top hit found! SNR 660.480835, Drift Rate -0.000000, index 832691
Top hit found! SNR 11.539494, Drift Rate -0.000000, index 861965
Top hit found! SNR 11.053404, Drift Rate -0.000000, index 894947
Top hit found! SNR 10.542838, Drift Rate -0.000000, index 927924
Top hit found! SNR 13.016606, Drift Rate -0.000000, index 44252
Top hit found! SNR 1388.699707, Drift Rate -0.000000, index 51062
Top hit found! SNR 24.214970, Drift Rate -0.000000, index 53531
Top hit found! SNR 45.611279, Drift Rate -0.000000, index 110215
Top hit found! SNR 12.500620, Drift Rate -0.000000, index 112375
Top hit found! SNR 10.832585, Drift Rate -0.000000, index 143197
Top hit found! SNR 19.217003, Drift Rate -0.000000, index 176178
Top hit found! SNR 24.543365, Drift Rate -0.000000, index 178359
Top hit found! SNR 29.613739, Drift Rate -0.000000, index 275119
Top hit found! SNR 36.108124, Drift Rate -0.000000, index 310323
Top hit found! SNR 2153.208496, Drift Rate -0.000000, index 342535
Top hit found! SNR 12.528193, Drift Rate -0.000000, index 374059
Top hit found! SNR 9702.676758, Drift Rate -0.009566, index 440022
Top hit found! SNR 11.973590, Drift Rate -0.000000, index 473004
Top hit found! SNR 41.261322, Drift Rate 3.137809, index 524328
Top hit found! SNR 16.708572, Drift Rate -0.000000, index 538963
Top hit found! SNR 31.181789, Drift Rate -0.000000, index 571944
Top hit found! SNR 11.108821, Drift Rate -0.000000, index 574249
Top hit found! SNR 19.298635, Drift Rate -0.000000, index 604926
Top hit found! SNR 25.707224, Drift Rate -0.000000, index 703867
Top hit found! SNR 16.010748, Drift Rate -0.000000, index 835793
Top hit found! SNR 11.873072, Drift Rate -0.000000, index 868771
Top hit found! SNR 19073.753906, Drift Rate -0.000000, index 51062
Top hit found! SNR 420.692261, Drift Rate -0.000000, index 53531
Top hit found! SNR 68.743858, Drift Rate -0.000000, index 55511
Top hit found! SNR 24.012283, Drift Rate -0.000000, index 215965
Top hit found! SNR 11.347543, Drift Rate -0.000000, index 281929
Top hit found! SNR 50.779686, Drift Rate -0.000000, index 314906
Top hit found! SNR 10.486862, Drift Rate -0.000000, index 380869
Top hit found! SNR 25.249664, Drift Rate -0.000000, index 446832
Top hit found! SNR 14.892760, Drift Rate -0.000000, index 479810
Top hit found! SNR 16.675158, Drift Rate -0.000000, index 512791
Top hit found! SNR 41.165970, Drift Rate -7.863655, index 524184
Top hit found! SNR 40.226776, Drift Rate -0.000000, index 545773
Top hit found! SNR 24.857609, Drift Rate -0.000000, index 578755
Top hit found! SNR 19.853104, Drift Rate -0.000000, index 611736
Top hit found! SNR 2844.215576, Drift Rate -0.000000, index 710677
Top hit found! SNR 50.229465, Drift Rate 0.009566, index 713352
Top hit found! SNR 34.082848, Drift Rate -0.000000, index 715497
Top hit found! SNR 15.554080, Drift Rate -0.057399, index 735866
Top hit found! SNR 11.705908, Drift Rate -0.000000, index 809617
Top hit found! SNR 35.438984, Drift Rate -0.000000, index 842599
Top hit found! SNR 12.647673, Drift Rate -0.009566, index 875580
Top hit found! SNR 14.080557, Drift Rate -0.000000, index 941544
Top hit found! SNR 48.634480, Drift Rate -0.000000, index 974521
Top hit found! SNR 22.408529, Drift Rate -0.000000, index 57872
Top hit found! SNR 34.760201, Drift Rate -0.000000, index 156812
Top hit found! SNR 4201.812500, Drift Rate -0.000000, index 321716
Top hit found! SNR 48.648087, Drift Rate -0.000000, index 324520
Top hit found! SNR 40.097347, Drift Rate 0.038266, index 524288
Top hit found! SNR 73.944504, Drift Rate -0.000000, index 585560
Top hit found! SNR 21.765665, Drift Rate -0.000000, index 618542
Top hit found! SNR 23.827177, Drift Rate -0.000000, index 651523
Top hit found! SNR 12.590549, Drift Rate -0.000000, index 684505
Top hit found! SNR 55.511425, Drift Rate -0.000000, index 717487
Top hit found! SNR 16.879827, Drift Rate -0.000000, index 816427
Top hit found! SNR 32.941990, Drift Rate -0.000000, index 849409
Top hit found! SNR 2743.616455, Drift Rate -0.000000, index 981331
Top hit found! SNR 66.014778, Drift Rate -0.000000, index 984336
Top hit found! SNR 246.258377, Drift Rate 0.009566, index 986893
Top hit found! SNR 10.759607, Drift Rate -0.000000, index 64677
Top hit found! SNR 14.834859, Drift Rate -0.000000, index 97659
Top hit found! SNR 17.585642, Drift Rate -0.000000, index 196599
Top hit found! SNR 41.872822, Drift Rate -0.000000, index 199684
Top hit found! SNR 22.782684, Drift Rate -0.000000, index 202309
Top hit found! SNR 14.234571, Drift Rate -0.000000, index 262563
Top hit found! SNR 10.968510, Drift Rate -0.000000, index 265667
Top hit found! SNR 10.333366, Drift Rate -0.000000, index 298659
Top hit found! SNR 22.449947, Drift Rate -0.000000, index 328526
Top hit found! SNR 27.898211, Drift Rate -0.000000, index 331651
Top hit found! SNR 25.090322, Drift Rate -0.000000, index 334310
Top hit found! SNR 19.530737, Drift Rate -0.000000, index 427466
Top hit found! SNR 27.282644, Drift Rate -0.000000, index 463613
Top hit found! SNR 36.573116, Drift Rate -0.047832, index 524288
Top hit found! SNR 1893.314209, Drift Rate -0.000000, index 592370
Top hit found! SNR 585.576172, Drift Rate -0.000000, index 595575
Top hit found! SNR 72.684647, Drift Rate -0.000000, index 598302
Top hit found! SNR 15.417230, Drift Rate -0.000000, index 727537
Top hit found! SNR 23.579426, Drift Rate -0.000000, index 757274
Top hit found! SNR 28.339855, Drift Rate -0.000000, index 775946
Top hit found! SNR 85.048294, Drift Rate -0.000000, index 856214
Top hit found! SNR 18.404318, Drift Rate -0.000000, index 862295
Top hit found! SNR 22.498362, Drift Rate -0.000000, index 889196
Top hit found! SNR 49.789974, Drift Rate -0.000000, index 922178
Top hit found! SNR 13.495150, Drift Rate -0.009566, index 955159
Top hit found! SNR 69.290855, Drift Rate -0.000000, index 981331
Top hit found! SNR 62.173244, Drift Rate -0.000000, index 988141
Top hit found! SNR 19.161840, Drift Rate -0.000000, index 71487
Top hit found! SNR 1462.853149, Drift Rate -0.000000, index 203409
Top hit found! SNR 377.602875, Drift Rate -0.000000, index 206907
Top hit found! SNR 445.629028, Drift Rate -0.000000, index 209712
Top hit found! SNR 22.422060, Drift Rate -0.000000, index 335331
Top hit found! SNR 12.950424, Drift Rate -0.000000, index 470834
Top hit found! SNR 11.281527, Drift Rate -0.000000, index 473705
Top hit found! SNR 33.043060, Drift Rate -4.945875, index 524222
Top hit found! SNR 13.221927, Drift Rate -0.000000, index 602801
Top hit found! SNR 313.868683, Drift Rate -0.000000, index 863024
Top hit found! SNR 153.279602, Drift Rate -0.000000, index 866728
Top hit found! SNR 10.403720, Drift Rate -0.000000, index 869698
Top hit found! SNR 15.419132, Drift Rate -0.000000, index 144256
Top hit found! SNR 46.967827, Drift Rate -0.000000, index 474064
Top hit found! SNR 35.295082, Drift Rate -0.000000, index 477973
Top hit found! SNR 18.325541, Drift Rate -0.000000, index 481108
Top hit found! SNR 30.034382, Drift Rate -1.463673, index 524270
Top hit found! SNR 10.335443, Drift Rate -0.000000, index 737908
Top hit found! SNR 10.878740, Drift Rate -0.000000, index 869834
Top hit found! SNR 499.360535, Drift Rate -0.000000, index 85103
Top hit found! SNR 38.110394, Drift Rate -0.000000, index 89218
Top hit found! SNR 11.629243, Drift Rate -0.000000, index 92518
Top hit found! SNR 20.582684, Drift Rate -0.000000, index 221071
Top hit found! SNR 13.011640, Drift Rate -0.000000, index 250006
Top hit found! SNR 93.412209, Drift Rate -0.000000, index 348947
Top hit found! SNR 21.224165, Drift Rate -0.000000, index 353033
Top hit found! SNR 25.285229, Drift Rate -0.000000, index 381928
Top hit found! SNR 10.648155, Drift Rate -0.000000, index 386025
Top hit found! SNR 64.070602, Drift Rate -0.000000, index 414910
Top hit found! SNR 12.484034, Drift Rate -0.000000, index 419017
Top hit found! SNR 30.439583, Drift Rate -0.000000, index 447892
Top hit found! SNR 66.145721, Drift Rate -0.009566, index 480873
Top hit found! SNR 45.596661, Drift Rate -0.000000, index 485000
Top hit found! SNR 26.792061, Drift Rate 8.638540, index 524400
Top hit found! SNR 12.162064, Drift Rate -0.000000, index 546832
Top hit found! SNR 38.786110, Drift Rate -0.000000, index 579814
Top hit found! SNR 23.561867, Drift Rate -0.000000, index 583970
Top hit found! SNR 115.045486, Drift Rate -0.000000, index 612796
Top hit found! SNR 36.889038, Drift Rate 0.009566, index 617076
Top hit found! SNR 21.047203, Drift Rate -0.000000, index 645777
Top hit found! SNR 10.586896, Drift Rate -0.000000, index 650067
Top hit found! SNR 1025.505981, Drift Rate -0.000000, index 744718
Top hit found! SNR 445.674286, Drift Rate -0.000000, index 749039
Top hit found! SNR 211.754364, Drift Rate -0.000000, index 752504
Top hit found! SNR 48.145267, Drift Rate -0.000000, index 876640
Top hit found! SNR 22.741198, Drift Rate -0.000000, index 880886
Top hit found! SNR 20.883894, Drift Rate -0.000000, index 909622
Top hit found! SNR 22.103193, Drift Rate -0.000000, index 913994
Top hit found! SNR 16.057024, Drift Rate -0.000000, index 1012849
Top hit found! SNR 12.279115, Drift Rate -0.000000, index 96239
Top hit found! SNR 26.193960, Drift Rate -0.000000, index 160782
Top hit found! SNR 17.546988, Drift Rate -0.000000, index 228202
Top hit found! SNR 438.809387, Drift Rate -0.000000, index 355757
Top hit found! SNR 259.774445, Drift Rate -0.000000, index 360164
Top hit found! SNR 25.404123, Drift Rate -0.095665, index 520331
Top hit found! SNR 24.970102, Drift Rate 7.088769, index 524381
Top hit found! SNR 112.917801, Drift Rate -0.000000, index 1015372
Top hit found! SNR 13.219120, Drift Rate -0.000000, index 1019979
Top hit found! SNR 19.006870, Drift Rate -0.000000, index 98718
Top hit found! SNR 11.086637, Drift Rate -0.000000, index 131700
Top hit found! SNR 17.827095, Drift Rate -0.000000, index 230640
Top hit found! SNR 20.361763, Drift Rate -0.000000, index 362567
Top hit found! SNR 22.162989, Drift Rate -6.342583, index 524204
Top hit found! SNR 16.559378, Drift Rate -0.000000, index 626411
Top hit found! SNR 52.819351, Drift Rate -0.000000, index 631219
Top hit found! SNR 14.625040, Drift Rate -0.009566, index 890255
Top hit found! SNR 16.363380, Drift Rate -0.000000, index 1015372
Top hit found! SNR 19.933077, Drift Rate -0.000000, index 237450
Top hit found! SNR 41.086254, Drift Rate -0.000000, index 242594
Top hit found! SNR 17.164835, Drift Rate -2.984745, index 524248
Top hit found! SNR 12.847605, Drift Rate -0.009566, index 897065
Top hit found! SNR 10.565486, Drift Rate -0.000000, index 112334
Top hit found! SNR 19.790489, Drift Rate -0.000000, index 117766
Top hit found! SNR 15.347201, Drift Rate -0.000000, index 178297
Top hit found! SNR 14.406396, Drift Rate 0.009566, index 183750
Top hit found! SNR 10.522868, Drift Rate -0.000000, index 244260
Top hit found! SNR 19.738518, Drift Rate -0.000000, index 249733
Top hit found! SNR 13.138915, Drift Rate -0.000000, index 348705
Top hit found! SNR 13.742472, Drift Rate -0.000000, index 376183
Top hit found! SNR 26.958828, Drift Rate -0.000000, index 381697
Top hit found! SNR 481.442352, Drift Rate -0.000000, index 508105
Top hit found! SNR 682.504456, Drift Rate -0.000000, index 513660
Top hit found! SNR 18.115980, Drift Rate -6.208652, index 524207
Top hit found! SNR 25.018745, Drift Rate -0.000000, index 594193
Top hit found! SNR 12.763320, Drift Rate -0.000000, index 645623
Top hit found! SNR 11.109772, Drift Rate -0.000000, index 678615
Top hit found! SNR 140.190872, Drift Rate -0.000000, index 119144
Top hit found! SNR 17.062775, Drift Rate 8.695939, index 524402
Top hit found! SNR 15.449431, Drift Rate -0.000000, index 646837
Top hit found! SNR 785.855713, Drift Rate -0.000000, index 778759
Top hit found! SNR 93.494804, Drift Rate -0.000000, index 784726
Top hit found! SNR 11.387629, Drift Rate -0.000000, index 910681
Top hit found! SNR 20.422251, Drift Rate -0.000000, index 837
Top hit found! SNR 1128.026123, Drift Rate -0.000000, index 389798
Top hit found! SNR 131.036484, Drift Rate -0.000000, index 395807
Top hit found! SNR 16.123947, Drift Rate 9.748253, index 524415
Top hit found! SNR 12.040867, Drift Rate -0.000000, index 917491
Top hit found! SNR 21.482443, Drift Rate -0.000000, index 837
Top hit found! SNR 16.402822, Drift Rate 8.026285, index 524392
Top hit found! SNR 31.384897, Drift Rate -0.000000, index 660452
Top hit found! SNR 52.242001, Drift Rate -0.009566, index 271491
Top hit found! SNR 15.335058, Drift Rate -3.740498, index 524240
Top hit found! SNR 16.020077, Drift Rate -0.000000, index 931107
Top hit found! SNR 32.652523, Drift Rate -0.000000, index 938102
Top hit found! SNR 14.527289, Drift Rate 5.079806, index 524355
Top hit found! SNR 17.539598, Drift Rate -0.000000, index 549347
Top hit found! SNR 26.588383, Drift Rate -0.000000, index 153185
Top hit found! SNR 78.319290, Drift Rate -0.000000, index 160592
Top hit found! SNR 14.474142, Drift Rate 6.849607, index 524377
Top hit found! SNR 110.974236, Drift Rate -0.000000, index 412440
Top hit found! SNR 14.075151, Drift Rate -2.812548, index 524252
Top hit found! SNR 14.064866, Drift Rate -6.026888, index 524210
Top hit found! SNR 17.089348, Drift Rate -0.000000, index 694493
Top hit found! SNR 10.471382, Drift Rate 0.009566, index 702724
Top hit found! SNR 25.225477, Drift Rate -0.009566, index 305532
Top hit found! SNR 14.028282, Drift Rate -4.754545, index 524227
Top hit found! SNR 27.978100, Drift Rate -0.000000, index 965148
Top hit found! SNR 13.732707, Drift Rate -1.588037, index 524268
Top hit found! SNR 15.119485, Drift Rate -0.000000, index 576187
Top hit found! SNR 13.076327, Drift Rate 7.634059, index 524389
Top hit found! SNR 13.649672, Drift Rate 0.880117, index 524299
Top hit found! SNR 13.133373, Drift Rate 8.533309, index 524401
Top hit found! SNR 22.610004, Drift Rate -0.000000, index 728534
Top hit found! SNR 35.574642, Drift Rate -0.000000, index 230687
Top hit found! SNR 13.301156, Drift Rate -7.289665, index 524194
Top hit found! SNR 21.019444, Drift Rate -0.000000, index 610228
Top hit found! SNR 13.836019, Drift Rate -0.000000, index 971680
Top hit found! SNR 18.917500, Drift Rate -0.000000, index 221267
Top hit found! SNR 13.941359, Drift Rate -5.280702, index 524218
Top hit found! SNR 14.718986, Drift Rate -0.000000, index 880882
Top hit found! SNR 13.439164, Drift Rate -3.405670, index 524242
Top hit found! SNR 51945.957031, Drift Rate -0.000000, index 664098
Top hit found! SNR 12.820563, Drift Rate -9.958715, index 524158
Top hit found! SNR 13.167463, Drift Rate -4.104024, index 524235
Top hit found! SNR 12.861876, Drift Rate -8.380245, index 524178
Top hit found! SNR 12.910027, Drift Rate -4.199689, index 524233
Top hit found! SNR 13.270951, Drift Rate -5.280702, index 524218
Top hit found! SNR 12.146947, Drift Rate -0.009566, index 137001
Top hit found! SNR 13.184586, Drift Rate 7.758423, index 524390
Top hit found! SNR 13.399749, Drift Rate -0.631388, index 524281
Top hit found! SNR 13.185529, Drift Rate 5.022407, index 524355
Top hit found! SNR 153.816391, Drift Rate 0.210463, index 156448
Top hit found! SNR 11.768627, Drift Rate 0.325261, index 187610
Top hit found! SNR 12.821687, Drift Rate -0.000000, index 191468
Top hit found! SNR 13.030669, Drift Rate -7.299232, index 524192
Top hit found! SNR 13.479676, Drift Rate 0.325261, index 524293
Top hit found! SNR 13.702075, Drift Rate 6.352149, index 524372
Top hit found! SNR 13.861060, Drift Rate 5.605963, index 524360
Top hit found! SNR 13.539681, Drift Rate -1.167112, index 524274
Top hit found! SNR 17.349545, Drift Rate -0.000000, index 300592
Top hit found! SNR 15.309461, Drift Rate 3.855295, index 524339
Top hit found! SNR 13.861456, Drift Rate 5.548564, index 524360
Top hit found! SNR 14.360886, Drift Rate 7.567093, index 524388
Top hit found! SNR 14.338814, Drift Rate 2.822114, index 524324
Top hit found! SNR 13.491864, Drift Rate 3.577867, index 524335
Top hit found! SNR 14.420588, Drift Rate -0.277428, index 524285
Top hit found! SNR 14.217399, Drift Rate -0.000000, index 872897
Top hit found! SNR 13.583069, Drift Rate -8.399378, index 524179
Top hit found! SNR 13.830247, Drift Rate 0.851418, index 524300
Top hit found! SNR 13.700882, Drift Rate 4.917176, index 524352
Top hit found! SNR 13.501222, Drift Rate 3.262173, index 524331
Top hit found! SNR 21.085346, Drift Rate 0.057399, index 874904
Top hit found! SNR 15.358130, Drift Rate -0.057399, index 894754
Top hit found! SNR 13.949948, Drift Rate -3.864862, index 524238
Top hit found! SNR 13.896569, Drift Rate -8.428078, index 524178
Top hit found! SNR 17.935802, Drift Rate 0.009566, index 244086
Top hit found! SNR 13.721392, Drift Rate -4.668447, index 524228
Top hit found! SNR 13.940035, Drift Rate 0.191330, index 524291
Top hit found! SNR 13.697534, Drift Rate -9.289062, index 524168
Top hit found! SNR 14.545672, Drift Rate -9.222096, index 524166
Top hit found! SNR 6448.504883, Drift Rate -0.000000, index 524225
Top hit found! SNR 27.709291, Drift Rate -0.000000, index 803908
Top hit found! SNR 476.703217, Drift Rate -0.000000, index 367590
Top hit found! SNR 26.868580, Drift Rate 0.057399, index 228828
Top hit found! SNR 14.093188, Drift Rate -0.057399, index 248665
Top hit found! SNR 16.597092, Drift Rate -0.047832, index 651154
Top hit found! SNR 14.489612, Drift Rate -0.009566, index 546727
Top hit found! SNR 21.603388, Drift Rate 0.019133, index 174065
Top hit found! SNR 12.563773, Drift Rate 0.047832, index 175676
Top hit found! SNR 17.420601, Drift Rate -4.649314, index 524196
Top hit found! SNR 12.410968, Drift Rate 7.174867, index 524429
Top hit found! SNR 11.745428, Drift Rate 9.996982, index 524485
Top hit found! SNR 11.679471, Drift Rate 0.554856, index 524298
Top hit found! SNR 11.883191, Drift Rate 1.081013, index 524310
Top hit found! SNR 11.234595, Drift Rate 5.175471, index 524390
Top hit found! SNR 11.154371, Drift Rate -5.338101, index 524184
Top hit found! SNR 10.289007, Drift Rate -7.241833, index 524147
Top hit found! SNR 39.483612, Drift Rate -0.000000, index 569167
Top hit found! SNR 102.503464, Drift Rate -0.000000, index 680986
Top hit found! SNR 19.354887, Drift Rate 0.076532, index 328118
Top hit found! SNR 866.703613, Drift Rate -0.000000, index 384478
Top hit found! SNR 32.933624, Drift Rate 0.200896, index 1021510
Top hit found! SNR 84.004417, Drift Rate 0.411359, index 1023861
Top hit found! SNR 28.875027, Drift Rate 0.459192, index 1023863
Top hit found! SNR 33.114429, Drift Rate -1.109713, index 357604
Top hit found! SNR 12.345876, Drift Rate 0.736620, index 801533
Top hit found! SNR 12.952360, Drift Rate 0.860984, index 496712
Top hit found! SNR 108.195724, Drift Rate -0.353960, index 512419
Top hit found! SNR 869.065430, Drift Rate 0.019133, index 528246
Top hit found! SNR 795.775085, Drift Rate -0.507024, index 532975
Top hit found! SNR 681.119263, Drift Rate 0.315694, index 536325
Top hit found! SNR 353.365845, Drift Rate 0.009566, index 540574
Top hit found! SNR 44.264854, Drift Rate 0.086098, index 544060
Top hit found! SNR 40.312771, Drift Rate 0.057399, index 588282
Top hit found! SNR 36.363525, Drift Rate -0.028699, index 36635
Top hit found! SNR 58.980022, Drift Rate -0.286995, index 44615
Top hit found! SNR 32.957367, Drift Rate 0.220029, index 46386
Top hit found! SNR 12.112344, Drift Rate -0.124364, index 47932
Top hit found! SNR 16.906328, Drift Rate -0.000000, index 104858
Top hit found! SNR 28.167658, Drift Rate 0.172197, index 34191
Top hit found! SNR 240.865601, Drift Rate -0.028699, index 36635
Top hit found! SNR 15.081203, Drift Rate 0.086098, index 39895
Top hit found! SNR 579.009705, Drift Rate -0.286995, index 44615
Top hit found! SNR 354.836243, Drift Rate 0.191330, index 46385
Top hit found! SNR 169.890381, Drift Rate -0.114798, index 47933
Top hit found! SNR 95.815063, Drift Rate 0.153064, index 51955
Top hit found! SNR 55.451584, Drift Rate 0.095665, index 405039
Top hit found! SNR 25.092184, Drift Rate 0.019133, index 524289
Top hit found! SNR 13.914491, Drift Rate -0.009566, index 591606
Top hit found! SNR 15.807146, Drift Rate -4.505816, index 523904
Top hit found! SNR 17.635910, Drift Rate -2.487287, index 524078
Top hit found! SNR 19.409786, Drift Rate -6.151253, index 523766
Top hit found! SNR 21.357456, Drift Rate 3.185641, index 524558
Top hit found! SNR 10.469960, Drift Rate 0.009566, index 862120
Top hit found! SNR 13.385543, Drift Rate -0.133931, index 886635
Top hit found! SNR 20.627140, Drift Rate -9.690854, index 523464
Top hit found! SNR 21.024637, Drift Rate 9.470825, index 525092
Top hit found! SNR 20.556643, Drift Rate -6.849607, index 523707
Top hit found! SNR 20.746403, Drift Rate 5.644229, index 524767
Top hit found! SNR 22.729389, Drift Rate -7.031370, index 523691
Top hit found! SNR 10.131820, Drift Rate -0.000000, index 642567
Top hit found! SNR 24.781025, Drift Rate -7.767990, index 523629
Top hit found! SNR 324.780792, Drift Rate 0.669654, index 608992
Top hit found! SNR 14.150419, Drift Rate 0.028699, index 446604
Top hit found! SNR 119.201256, Drift Rate 0.057399, index 683278
Top hit found! SNR 14.113989, Drift Rate -1.176678, index 567300
Top hit found! SNR 366.891266, Drift Rate 1.444540, index 268916
Top hit found! SNR 2862.448242, Drift Rate -0.000000, index 272396
Top hit found! SNR 183.358017, Drift Rate 1.607170, index 278488
Top hit found! SNR 41.192726, Drift Rate -0.019133, index 280263
Top hit found! SNR 54.338612, Drift Rate 0.009566, index 375812
Top hit found! SNR 10.057100, Drift Rate -0.009566, index 1006588
Top hit found! SNR 104.147079, Drift Rate -0.019133, index 1013269
Top hit found! SNR 49.818306, Drift Rate -0.028699, index 697699
Top hit found! SNR 14.607626, Drift Rate -0.028699, index 1013269
Top hit found! SNR 12.970502, Drift Rate -0.315694, index 33865
Top hit found! SNR 17.294937, Drift Rate -2.669051, index 729734
Top hit found! SNR 11.571246, Drift Rate -0.133931, index 738442
Top hit found! SNR 12.031098, Drift Rate -0.239162, index 787959
Top hit found! SNR 89.095795, Drift Rate -0.239162, index 796856
Top hit found! SNR 12.791972, Drift Rate -0.172197, index 801145
Top hit found! SNR 10.417336, Drift Rate -0.143497, index 810111
Top hit found! SNR 10.721379, Drift Rate 0.124364, index 818990
Top hit found! SNR 10.947887, Drift Rate -1.492372, index 178771
Top hit found! SNR 36.485859, Drift Rate 5.165905, index 202632
Top hit found! SNR 12.186191, Drift Rate -8.715073, index 225211
Top hit found! SNR 43.880585, Drift Rate 0.038266, index 334456
Top hit found! SNR 10.408393, Drift Rate -2.984745, index 559960
Top hit found! SNR 11.280617, Drift Rate -5.739894, index 653713
Top hit found! SNR 22.957321, Drift Rate -0.000000, index 697653
Top hit found! SNR 44.269787, Drift Rate 0.076532, index 684336
Top hit found! SNR 51.383507, Drift Rate -0.000000, index 829002
Top hit found! SNR 3080.508301, Drift Rate -0.000000, index 135432
Top hit found! SNR 2555.623535, Drift Rate -0.000000, index 138273
Top hit found! SNR 2742.323486, Drift Rate -0.000000, index 141315
Top hit found! SNR 2711.650879, Drift Rate -0.000000, index 848706
Top hit found! SNR 4443.089355, Drift Rate -0.000000, index 850227
Top hit found! SNR 4905.958008, Drift Rate -0.000000, index 853180
Top hit found! SNR 3634.449463, Drift Rate -0.000000, index 856446
Top hit found! SNR 5792.860840, Drift Rate 0.009566, index 858907
Top hit found! SNR 29.645969, Drift Rate -0.000000, index 943607
Top hit found! SNR 52.653511, Drift Rate -0.000000, index 352803
Top hit found! SNR 23.112139, Drift Rate -0.000000, index 301843
Top hit found! SNR 79.532417, Drift Rate -0.000000, index 323758
Top hit found! SNR 683.029724, Drift Rate -0.000000, index 345674
Top hit found! SNR 12.719497, Drift Rate 0.105231, index 353726
Top hit found! SNR 717335.375000, Drift Rate -0.000000, index 367590
Top hit found! SNR 12.998680, Drift Rate -0.114798, index 381453
Top hit found! SNR 425.218140, Drift Rate -0.000000, index 389506
Top hit found! SNR 77.021393, Drift Rate -0.000000, index 411421
Top hit found! SNR 28.158596, Drift Rate -0.000000, index 433337
Top hit found! SNR 12.215376, Drift Rate -0.000000, index 724347
Top hit found! SNR 15.884686, Drift Rate -0.000000, index 726137
Top hit found! SNR 12684.211914, Drift Rate -0.000000, index 745547
Top hit found! SNR 10768.413086, Drift Rate -0.000000, index 748231
Top hit found! SNR 8961.084961, Drift Rate -0.000000, index 751095
Top hit found! SNR 9425.147461, Drift Rate -0.000000, index 754495
Top hit found! SNR 22.446428, Drift Rate -0.000000, index 769968
Top hit found! SNR 20.739487, Drift Rate -0.000000, index 904461
Top hit found! SNR 12.583131, Drift Rate -0.000000, index 46049
Top hit found! SNR 17.258047, Drift Rate -0.009566, index 48554
Top hit found! SNR 41.642273, Drift Rate -0.000000, index 51060
Top hit found! SNR 70.727646, Drift Rate -0.000000, index 53565
Top hit found! SNR 119.553940, Drift Rate -0.000000, index 56071
Top hit found! SNR 188.748627, Drift Rate -0.000000, index 58576
Top hit found! SNR 227.355560, Drift Rate -0.000000, index 61082
Top hit found! SNR 319.060944, Drift Rate -0.000000, index 63587
Top hit found! SNR 313.329529, Drift Rate -0.000000, index 66092
Top hit found! SNR 291.289856, Drift Rate -0.000000, index 68598
Top hit found! SNR 220.251251, Drift Rate -0.000000, index 71103
Top hit found! SNR 101.429962, Drift Rate -0.000000, index 73609
Top hit found! SNR 31.842356, Drift Rate -0.000000, index 76114
Top hit found! SNR 16.769255, Drift Rate -0.000000, index 81125
Top hit found! SNR 52.516102, Drift Rate -0.000000, index 83630
Top hit found! SNR 54.371796, Drift Rate -0.000000, index 86136
Top hit found! SNR 38.384758, Drift Rate -0.000000, index 88641
Top hit found! SNR 25.019310, Drift Rate 0.009566, index 93708
Top hit found! SNR 17.799133, Drift Rate 0.047832, index 95394
Top hit found! SNR 18.122892, Drift Rate -0.009566, index 98662
Top hit found! SNR 12.249784, Drift Rate -0.000000, index 101168
Top hit found! SNR 10.712286, Drift Rate 0.047832, index 103495
Top hit found! SNR 18.966915, Drift Rate 0.009566, index 107806
Top hit found! SNR 24.309208, Drift Rate 0.009566, index 110436
Top hit found! SNR 13.806754, Drift Rate 0.009566, index 112014
Top hit found! SNR 20.097162, Drift Rate 0.009566, index 116222
Top hit found! SNR 12.763622, Drift Rate 0.009566, index 122324
Top hit found! SNR 13.019315, Drift Rate 0.162630, index 124543
Top hit found! SNR 11.562032, Drift Rate 0.009566, index 128216
Top hit found! SNR 17.297527, Drift Rate 0.009566, index 130215
Top hit found! SNR 25.559126, Drift Rate 0.009566, index 135370
Top hit found! SNR 14.099464, Drift Rate 0.009566, index 138421
Top hit found! SNR 28.317307, Drift Rate 0.009566, index 141682
Top hit found! SNR 11.808147, Drift Rate 0.028699, index 144419
Top hit found! SNR 16.813610, Drift Rate 0.047832, index 149470
Top hit found! SNR 18.286924, Drift Rate 0.162630, index 154632
Top hit found! SNR 10.062953, Drift Rate 0.009566, index 158410
Top hit found! SNR 12.129145, Drift Rate 0.009566, index 160093
Top hit found! SNR 11.707464, Drift Rate 0.009566, index 162618
Top hit found! SNR 15.610459, Drift Rate 0.162630, index 166941
Top hit found! SNR 18.833370, Drift Rate 0.162630, index 170413
Top hit found! SNR 16.767662, Drift Rate 0.172197, index 174095
Top hit found! SNR 10.077471, Drift Rate 0.009566, index 176400
Top hit found! SNR 16.498058, Drift Rate 0.162630, index 182196
Top hit found! SNR 12.462637, Drift Rate 0.162630, index 186299
Top hit found! SNR 13.256251, Drift Rate 0.105231, index 189560
Top hit found! SNR 13.308936, Drift Rate 0.105231, index 191664
Top hit found! SNR 10.915018, Drift Rate 0.162630, index 196925
Top hit found! SNR 15.198875, Drift Rate 0.105231, index 199344
Top hit found! SNR 10.536461, Drift Rate 0.162630, index 204605
Top hit found! SNR 19.712765, Drift Rate 0.105231, index 206814
Top hit found! SNR 12.384762, Drift Rate 0.105231, index 208497
Top hit found! SNR 19.990915, Drift Rate 0.162630, index 213127
Top hit found! SNR 10.939291, Drift Rate 0.162630, index 216073
Top hit found! SNR 23.778242, Drift Rate 0.133931, index 219860
Top hit found! SNR 11.553664, Drift Rate 0.105231, index 222700
Top hit found! SNR 12.892430, Drift Rate 0.153064, index 225331
Top hit found! SNR 14.762961, Drift Rate 0.105231, index 230906
Top hit found! SNR 17.142553, Drift Rate 0.105231, index 239112
Top hit found! SNR 16.753740, Drift Rate 0.153064, index 242690
Top hit found! SNR 20.322651, Drift Rate 0.153064, index 245530
Top hit found! SNR 11.513263, Drift Rate 0.153064, index 249107
Top hit found! SNR 14.184816, Drift Rate 0.153064, index 251422
Top hit found! SNR 14.752374, Drift Rate 0.153064, index 253631
Top hit found! SNR 19.297857, Drift Rate 0.153064, index 256998
Top hit found! SNR 11.895397, Drift Rate 0.153064, index 260364
Top hit found! SNR 10.335323, Drift Rate 0.153064, index 266782
Top hit found! SNR 10.034820, Drift Rate 0.153064, index 269517
Top hit found! SNR 13.752136, Drift Rate 0.095665, index 271726
Top hit found! SNR 14.922836, Drift Rate 0.153064, index 274988
Top hit found! SNR 23.161940, Drift Rate 0.153064, index 277513
Top hit found! SNR 12.011851, Drift Rate 0.162630, index 281090
Top hit found! SNR 10.023075, Drift Rate 0.153064, index 283510
Top hit found! SNR 16.748878, Drift Rate 0.153064, index 297397
Top hit found! SNR 11.892551, Drift Rate 0.153064, index 308759
Top hit found! SNR 17.084278, Drift Rate 0.009566, index 321164
Top hit found! SNR 13.259319, Drift Rate 0.009566, index 350306
Top hit found! SNR 12.086364, Drift Rate 0.191330, index 376091
Top hit found! SNR 10.137139, Drift Rate 0.191330, index 380089
Top hit found! SNR 14.658585, Drift Rate 0.009566, index 387654
Top hit found! SNR 10.458905, Drift Rate 0.191330, index 389347
Top hit found! SNR 10.552095, Drift Rate 0.009566, index 394598
Top hit found! SNR 12.844713, Drift Rate -0.000000, index 41038
Top hit found! SNR 44.157402, Drift Rate -0.000000, index 43544
Top hit found! SNR 116.024910, Drift Rate -0.000000, index 46049
Top hit found! SNR 244.299088, Drift Rate -0.000000, index 48555
Top hit found! SNR 615.998413, Drift Rate -0.000000, index 51060
Top hit found! SNR 1170.487061, Drift Rate -0.000000, index 53565
Top hit found! SNR 2287.143311, Drift Rate -0.000000, index 56071
Top hit found! SNR 4107.945312, Drift Rate -0.000000, index 58576
Top hit found! SNR 5628.874512, Drift Rate -0.000000, index 61082
Top hit found! SNR 9184.163086, Drift Rate -0.000000, index 63587
Top hit found! SNR 10557.464844, Drift Rate -0.000000, index 66092
Top hit found! SNR 11499.625000, Drift Rate -0.000000, index 68598
Top hit found! SNR 10233.887695, Drift Rate -0.000000, index 71103
Top hit found! SNR 5584.187988, Drift Rate -0.000000, index 73609
Top hit found! SNR 2124.927979, Drift Rate -0.000000, index 76114
Top hit found! SNR 1622.943115, Drift Rate -0.000000, index 81125
Top hit found! SNR 5686.574219, Drift Rate -0.000000, index 83630
Top hit found! SNR 6934.964844, Drift Rate -0.000000, index 86136
Top hit found! SNR 6021.431152, Drift Rate -0.000000, index 88641
Top hit found! SNR 1475.321045, Drift Rate -0.000000, index 91146
Top hit found! SNR 139.773285, Drift Rate -0.000000, index 93652
Top hit found! SNR 3586.277588, Drift Rate -0.000000, index 96157
Top hit found! SNR 6003.608398, Drift Rate -0.009566, index 98662
Top hit found! SNR 5053.240723, Drift Rate -0.000000, index 101168
Top hit found! SNR 587.508240, Drift Rate -0.000000, index 103673
Top hit found! SNR 1048.788940, Drift Rate -0.000000, index 106179
Top hit found! SNR 5656.610352, Drift Rate -0.000000, index 108684
Top hit found! SNR 4955.507324, Drift Rate -0.009566, index 111189
Top hit found! SNR 1095.571533, Drift Rate -0.000000, index 113695
Top hit found! SNR 891.937195, Drift Rate -0.000000, index 116200
Top hit found! SNR 5355.117676, Drift Rate -0.000000, index 118706
Top hit found! SNR 5060.549805, Drift Rate -0.000000, index 121211
Top hit found! SNR 264.712128, Drift Rate -0.000000, index 123716
Top hit found! SNR 2394.691162, Drift Rate -0.000000, index 126222
Top hit found! SNR 6082.916016, Drift Rate -0.000000, index 128727
Top hit found! SNR 2229.384277, Drift Rate -0.000000, index 131233
Top hit found! SNR 447.706482, Drift Rate -0.000000, index 133738
Top hit found! SNR 4754.885254, Drift Rate -0.000000, index 136243
Top hit found! SNR 4097.024414, Drift Rate -0.000000, index 138749
Top hit found! SNR 4053.312012, Drift Rate -0.000000, index 143760
Top hit found! SNR 4746.283691, Drift Rate -0.000000, index 146265
Top hit found! SNR 18.272879, Drift Rate -0.000000, index 148770
Top hit found! SNR 3966.061768, Drift Rate -0.000000, index 151276
Top hit found! SNR 4292.107910, Drift Rate -0.000000, index 153781
Top hit found! SNR 4377.787109, Drift Rate -0.000000, index 158792
Top hit found! SNR 3071.887939, Drift Rate -0.000000, index 161297
Top hit found! SNR 193.256271, Drift Rate -0.000000, index 163803
Top hit found! SNR 4740.627930, Drift Rate -0.000000, index 166308
Top hit found! SNR 1633.668945, Drift Rate -0.000000, index 168814
Top hit found! SNR 1309.358643, Drift Rate -0.000000, index 171319
Top hit found! SNR 4346.513672, Drift Rate -0.000000, index 173824
Top hit found! SNR 216.187149, Drift Rate -0.000000, index 176330
Top hit found! SNR 3471.475586, Drift Rate -0.000000, index 178835
Top hit found! SNR 2687.392822, Drift Rate -0.000000, index 181341
Top hit found! SNR 584.545532, Drift Rate -0.000000, index 183846
Top hit found! SNR 4369.347168, Drift Rate -0.000000, index 186351
Top hit found! SNR 295.371002, Drift Rate -0.000000, index 188857
Top hit found! SNR 3585.088623, Drift Rate -0.000000, index 191362
Top hit found! SNR 2206.452637, Drift Rate -0.000000, index 193868
Top hit found! SNR 1257.260254, Drift Rate -0.000000, index 196373
Top hit found! SNR 3998.954346, Drift Rate -0.000000, index 198878
Top hit found! SNR 25.090034, Drift Rate -0.000000, index 201384
Top hit found! SNR 4604.877441, Drift Rate -0.000000, index 203889
Top hit found! SNR 424.147949, Drift Rate -0.000000, index 206395
Top hit found! SNR 3689.030029, Drift Rate -0.000000, index 208900
Top hit found! SNR 1633.056885, Drift Rate -0.000000, index 211405
Top hit found! SNR 2151.982422, Drift Rate -0.000000, index 213911
Top hit found! SNR 3033.349854, Drift Rate -0.000000, index 216416
Top hit found! SNR 930.594177, Drift Rate -0.000000, index 218922
Top hit found! SNR 3969.596680, Drift Rate -0.000000, index 221427
Top hit found! SNR 368.364349, Drift Rate -0.000000, index 223932
Top hit found! SNR 4161.198730, Drift Rate -0.000000, index 226438
Top hit found! SNR 115.517075, Drift Rate -0.000000, index 228943
Top hit found! SNR 3787.023438, Drift Rate -0.000000, index 231449
Top hit found! SNR 25.587910, Drift Rate -0.000000, index 233954
Top hit found! SNR 3907.630127, Drift Rate -0.000000, index 236459
Top hit found! SNR 10.357459, Drift Rate -0.000000, index 238965
Top hit found! SNR 4148.388672, Drift Rate -0.000000, index 241470
Top hit found! SNR 21.063419, Drift Rate -0.000000, index 243976
Top hit found! SNR 4165.836914, Drift Rate -0.000000, index 246481
Top hit found! SNR 94.946358, Drift Rate -0.000000, index 248986
Top hit found! SNR 3835.280029, Drift Rate -0.000000, index 251492
Top hit found! SNR 348.664795, Drift Rate -0.000000, index 253997
Top hit found! SNR 3093.880371, Drift Rate -0.000000, index 256503
Top hit found! SNR 934.969177, Drift Rate -0.000000, index 259008
Top hit found! SNR 2497.163086, Drift Rate -0.000000, index 261513
Top hit found! SNR 1859.966675, Drift Rate -0.000000, index 264019
Top hit found! SNR 1587.940796, Drift Rate -0.000000, index 266524
Top hit found! SNR 2748.961914, Drift Rate -0.000000, index 269030
Top hit found! SNR 451.959503, Drift Rate -0.000000, index 271535
Top hit found! SNR 3593.386963, Drift Rate -0.000000, index 274040
Top hit found! SNR 13.940131, Drift Rate -0.000000, index 276546
Top hit found! SNR 3665.643555, Drift Rate -0.000000, index 279051
Top hit found! SNR 846.250366, Drift Rate -0.000000, index 281557
Top hit found! SNR 2107.109863, Drift Rate -0.000000, index 284062
Top hit found! SNR 2647.502197, Drift Rate -0.000000, index 286567
Top hit found! SNR 264.801483, Drift Rate -0.000000, index 289073
Top hit found! SNR 3833.204346, Drift Rate -0.000000, index 291578
Top hit found! SNR 360.102325, Drift Rate -0.000000, index 294084
Top hit found! SNR 2485.656006, Drift Rate -0.000000, index 296589
Top hit found! SNR 2509.853760, Drift Rate -0.000000, index 299094
Top hit found! SNR 198.367859, Drift Rate -0.000000, index 301600
Top hit found! SNR 3817.536621, Drift Rate -0.000000, index 304105
Top hit found! SNR 830.401184, Drift Rate -0.000000, index 306611
Top hit found! SNR 1506.454224, Drift Rate -0.000000, index 309116
Top hit found! SNR 3457.823486, Drift Rate -0.000000, index 311621
Top hit found! SNR 117.020012, Drift Rate -0.000000, index 314127
Top hit found! SNR 2675.060791, Drift Rate -0.000000, index 316632
Top hit found! SNR 2753.011475, Drift Rate -0.009566, index 319137
Top hit found! SNR 2991.098389, Drift Rate -0.000000, index 324148
Top hit found! SNR 2640.514648, Drift Rate -0.000000, index 326654
Top hit found! SNR 26.519636, Drift Rate -0.000000, index 329159
Top hit found! SNR 2938.485107, Drift Rate -0.009566, index 331664
Top hit found! SNR 2990.541748, Drift Rate -0.000000, index 334170
Top hit found! SNR 2733.776611, Drift Rate -0.000000, index 339181
Top hit found! SNR 3533.924561, Drift Rate -0.000000, index 341686
Top hit found! SNR 209.756073, Drift Rate -0.009566, index 344191
Top hit found! SNR 1712.273560, Drift Rate -0.000000, index 346697
Top hit found! SNR 3916.544922, Drift Rate -0.000000, index 349202
Top hit found! SNR 1411.666260, Drift Rate -0.000000, index 351708
Top hit found! SNR 253.355911, Drift Rate -0.000000, index 354213
Top hit found! SNR 3037.159180, Drift Rate -0.009566, index 356718
Top hit found! SNR 3772.637207, Drift Rate -0.000000, index 359224
Top hit found! SNR 507.736237, Drift Rate -0.000000, index 361729
Top hit found! SNR 807.416992, Drift Rate -0.000000, index 364235
Top hit found! SNR 4024.092285, Drift Rate -0.000000, index 366740
Top hit found! SNR 3386.132080, Drift Rate -0.009566, index 369245
Top hit found! SNR 692.430115, Drift Rate -0.000000, index 371751
Top hit found! SNR 495.819214, Drift Rate -0.000000, index 374256
Top hit found! SNR 3591.616211, Drift Rate -0.000000, index 376762
Top hit found! SNR 5086.523926, Drift Rate -0.000000, index 379267
Top hit found! SNR 2252.358643, Drift Rate -0.009566, index 381772
Top hit found! SNR 74.115524, Drift Rate -0.000000, index 384278
Top hit found! SNR 1274.338623, Drift Rate -0.000000, index 386783
Top hit found! SNR 4576.238770, Drift Rate -0.000000, index 389289
Top hit found! SNR 6364.556641, Drift Rate -0.000000, index 391794
Top hit found! SNR 3870.571289, Drift Rate -0.009566, index 394299
Top hit found! SNR 1222.284546, Drift Rate -0.000000, index 396805
Top hit found! SNR 22.013290, Drift Rate -0.000000, index 399310
Top hit found! SNR 1751.500854, Drift Rate -0.000000, index 401816
Top hit found! SNR 5381.519043, Drift Rate -0.000000, index 404321
Top hit found! SNR 7416.198730, Drift Rate -0.009566, index 406826
Top hit found! SNR 9718.591797, Drift Rate -0.000000, index 409332
Top hit found! SNR 8716.034180, Drift Rate -0.000000, index 411837
Top hit found! SNR 6882.317871, Drift Rate -0.000000, index 414343
Top hit found! SNR 5257.823242, Drift Rate -0.000000, index 416848
Top hit found! SNR 2922.967041, Drift Rate -0.009566, index 419353
Top hit found! SNR 1901.007080, Drift Rate -0.000000, index 421859
Top hit found! SNR 983.496216, Drift Rate -0.000000, index 424364
Top hit found! SNR 464.117126, Drift Rate -0.000000, index 426870
Top hit found! SNR 237.488388, Drift Rate -0.000000, index 429375
Top hit found! SNR 92.009636, Drift Rate -0.009566, index 431880
Top hit found! SNR 42.100342, Drift Rate -0.000000, index 434386
Top hit found! SNR 15.944484, Drift Rate -0.000000, index 436891
Top hit found! SNR 11.949297, Drift Rate 0.095665, index 602334
Top hit found! SNR 12.301557, Drift Rate 0.009566, index 603806
Top hit found! SNR 15.342051, Drift Rate 0.076532, index 606016
Top hit found! SNR 14.029431, Drift Rate 0.028699, index 608330
Top hit found! SNR 16.193714, Drift Rate 0.076532, index 610645
Top hit found! SNR 15.684387, Drift Rate 0.028699, index 612328
Top hit found! SNR 12.908457, Drift Rate 0.086098, index 615064
Top hit found! SNR 16.011061, Drift Rate 0.076532, index 616642
Top hit found! SNR 23.900723, Drift Rate 0.076532, index 620219
Top hit found! SNR 20.741741, Drift Rate 0.076532, index 621692
Top hit found! SNR 22.833054, Drift Rate 0.095665, index 626637
Top hit found! SNR 13.963864, Drift Rate 0.076532, index 629372
Top hit found! SNR 19.186777, Drift Rate 0.076532, index 631897
Top hit found! SNR 31.904318, Drift Rate 0.076532, index 634422
Top hit found! SNR 11.714652, Drift Rate 0.076532, index 637052
Top hit found! SNR 10.306311, Drift Rate 0.095665, index 639998
Top hit found! SNR 17.394632, Drift Rate 0.095665, index 641997
Top hit found! SNR 20.436604, Drift Rate 0.095665, index 648520
Top hit found! SNR 14.594704, Drift Rate 0.076532, index 650308
Top hit found! SNR 21.962914, Drift Rate 0.095665, index 655148
Top hit found! SNR 21.665941, Drift Rate 0.095665, index 656831
Top hit found! SNR 12.740218, Drift Rate 0.076532, index 663459
Top hit found! SNR 11.371045, Drift Rate 0.105231, index 664932
Top hit found! SNR 15.734466, Drift Rate 0.086098, index 669245
Top hit found! SNR 18.003002, Drift Rate 0.086098, index 671875
Top hit found! SNR 11.019964, Drift Rate 0.009566, index 673453
Top hit found! SNR 17.705704, Drift Rate 0.105231, index 676610
Top hit found! SNR 10.511640, Drift Rate 0.009566, index 683763
Top hit found! SNR 12.353477, Drift Rate 0.076532, index 685973
Top hit found! SNR 15.910642, Drift Rate 0.076532, index 691654
Top hit found! SNR 20.537737, Drift Rate 0.076532, index 696809
Top hit found! SNR 10.583517, Drift Rate 0.086098, index 699860
Top hit found! SNR 18.718245, Drift Rate 0.095665, index 703122
Top hit found! SNR 11.681825, Drift Rate 0.076532, index 705857
Top hit found! SNR 15.713799, Drift Rate 0.086098, index 710907
Top hit found! SNR 20.274513, Drift Rate 0.076532, index 716062
Top hit found! SNR 11.449080, Drift Rate 0.095665, index 724584
Top hit found! SNR 16.513670, Drift Rate 0.076532, index 728371
Top hit found! SNR 21.152266, Drift Rate 0.076532, index 731843
Top hit found! SNR 18.501619, Drift Rate 0.076532, index 735525
Top hit found! SNR 10.938761, Drift Rate 0.095665, index 737840
Top hit found! SNR 18.342405, Drift Rate 0.076532, index 743626
Top hit found! SNR 14.886783, Drift Rate 0.076532, index 747729
Top hit found! SNR 13.324553, Drift Rate 0.095665, index 750991
Top hit found! SNR 12.824977, Drift Rate 0.076532, index 753095
Top hit found! SNR 11.424903, Drift Rate 0.076532, index 755199
Top hit found! SNR 12.606321, Drift Rate 0.076532, index 758355
Top hit found! SNR 14.468944, Drift Rate 0.095665, index 760775
Top hit found! SNR 11.283955, Drift Rate 0.076532, index 766035
Top hit found! SNR 17.242676, Drift Rate 0.095665, index 768245
Top hit found! SNR 12.183872, Drift Rate 0.057399, index 769927
Top hit found! SNR 17.330488, Drift Rate 0.076532, index 774557
Top hit found! SNR 10.644365, Drift Rate 0.057399, index 777502
Top hit found! SNR 24.571083, Drift Rate 0.076532, index 781290
Top hit found! SNR 10.977068, Drift Rate 0.095665, index 784131
Top hit found! SNR 12.478933, Drift Rate 0.076532, index 787918
Top hit found! SNR 12.775739, Drift Rate 0.057399, index 792336
Top hit found! SNR 15.535040, Drift Rate 0.057399, index 800542
Top hit found! SNR 15.286298, Drift Rate 0.076532, index 804120
Top hit found! SNR 19.139732, Drift Rate 0.095665, index 806961
Top hit found! SNR 11.651319, Drift Rate 0.095665, index 810538
Top hit found! SNR 14.412093, Drift Rate 0.076532, index 812852
Top hit found! SNR 15.671062, Drift Rate 0.076532, index 815061
Top hit found! SNR 19.882406, Drift Rate 0.076532, index 818428
Top hit found! SNR 13.097759, Drift Rate 0.095665, index 821795
Top hit found! SNR 11.706629, Drift Rate 0.076532, index 828633
Top hit found! SNR 10.652862, Drift Rate 0.095665, index 830948
Top hit found! SNR 14.750481, Drift Rate 0.076532, index 833157
Top hit found! SNR 15.490460, Drift Rate 0.076532, index 836418
Top hit found! SNR 22.437870, Drift Rate 0.076532, index 838943
Top hit found! SNR 13.051874, Drift Rate 0.076532, index 842520
Top hit found! SNR 10.476580, Drift Rate 0.076532, index 844940
Top hit found! SNR 16.046682, Drift Rate 0.076532, index 858827
Top hit found! SNR 11.284925, Drift Rate 0.095665, index 870190
Top hit found! SNR 12.504576, Drift Rate 0.076532, index 882604
Top hit found! SNR 26.164980, Drift Rate 0.105231, index 87631
Top hit found! SNR 35.680290, Drift Rate 0.114798, index 90472
Top hit found! SNR 35.074821, Drift Rate 0.114798, index 91945
Top hit found! SNR 50.349224, Drift Rate 0.114798, index 94154
Top hit found! SNR 44.553028, Drift Rate 0.114798, index 95627
Top hit found! SNR 58.069077, Drift Rate 0.105231, index 98783
Top hit found! SNR 50.779091, Drift Rate 0.105231, index 100466
Top hit found! SNR 40.189034, Drift Rate 0.114798, index 103202
Top hit found! SNR 56.662388, Drift Rate 0.114798, index 104780
Top hit found! SNR 82.622681, Drift Rate 0.114798, index 108357
Top hit found! SNR 70.698509, Drift Rate 0.114798, index 109830
Top hit found! SNR 84.419495, Drift Rate 0.105231, index 114774
Top hit found! SNR 56.657413, Drift Rate 0.114798, index 117510
Top hit found! SNR 81.986847, Drift Rate 0.114798, index 120035
Top hit found! SNR 130.498962, Drift Rate 0.114798, index 122560
Top hit found! SNR 50.537891, Drift Rate 0.114798, index 125190
Top hit found! SNR 70.855698, Drift Rate 0.095665, index 130134
Top hit found! SNR 42.946186, Drift Rate 0.114798, index 134343
Top hit found! SNR 100.358849, Drift Rate 0.105231, index 136657
Top hit found! SNR 70.550049, Drift Rate 0.114798, index 138446
Top hit found! SNR 38.334621, Drift Rate 0.114798, index 140129
Top hit found! SNR 109.961952, Drift Rate 0.105231, index 143285
Top hit found! SNR 99.984749, Drift Rate 0.133931, index 144969
Top hit found! SNR 58.570568, Drift Rate 0.133931, index 151597
Top hit found! SNR 53.428436, Drift Rate 0.105231, index 153069
Top hit found! SNR 88.157104, Drift Rate 0.114798, index 157383
Top hit found! SNR 115.338242, Drift Rate 0.114798, index 160013
Top hit found! SNR 68.135834, Drift Rate 0.114798, index 161591
Top hit found! SNR 98.383682, Drift Rate 0.105231, index 164747
Top hit found! SNR 45.046104, Drift Rate 0.114798, index 168640
Top hit found! SNR 59.700783, Drift Rate 0.114798, index 171165
Top hit found! SNR 68.274635, Drift Rate 0.133931, index 174111
Top hit found! SNR 60.231251, Drift Rate 0.114798, index 177793
Top hit found! SNR 96.837433, Drift Rate 0.114798, index 179792
Top hit found! SNR 45.084690, Drift Rate 0.133931, index 182212
Top hit found! SNR 132.384842, Drift Rate 0.114798, index 184947
Top hit found! SNR 78.367981, Drift Rate 0.114798, index 187998
Top hit found! SNR 117.683960, Drift Rate 0.105231, index 191259
Top hit found! SNR 72.171486, Drift Rate 0.133931, index 193995
Top hit found! SNR 46.507450, Drift Rate 0.133931, index 195994
Top hit found! SNR 31.983051, Drift Rate 0.105231, index 197466
Top hit found! SNR 86.371407, Drift Rate 0.133931, index 199045
Top hit found! SNR 50.370903, Drift Rate 0.114798, index 201254
Top hit found! SNR 107.303505, Drift Rate 0.133931, index 204200
Top hit found! SNR 53.525036, Drift Rate 0.114798, index 207987
Top hit found! SNR 54.947548, Drift Rate 0.105231, index 209670
Top hit found! SNR 62.585838, Drift Rate 0.105231, index 212721
Top hit found! SNR 94.092400, Drift Rate 0.133931, index 216509
Top hit found! SNR 103.231644, Drift Rate 0.133931, index 219981
Top hit found! SNR 45.282013, Drift Rate 0.133931, index 222085
Top hit found! SNR 97.556160, Drift Rate 0.133931, index 223663
Top hit found! SNR 51.785450, Drift Rate 0.105231, index 225977
Top hit found! SNR 45.119564, Drift Rate 0.114798, index 227450
Top hit found! SNR 41.170063, Drift Rate 0.105231, index 229554
Top hit found! SNR 93.263405, Drift Rate 0.133931, index 231764
Top hit found! SNR 70.124481, Drift Rate 0.133931, index 235867
Top hit found! SNR 63.979237, Drift Rate 0.114798, index 239128
Top hit found! SNR 57.056156, Drift Rate 0.105231, index 241232
Top hit found! SNR 46.140709, Drift Rate 0.133931, index 246493
Top hit found! SNR 62.611340, Drift Rate 0.105231, index 248912
Top hit found! SNR 42.353615, Drift Rate 0.133931, index 254173
Top hit found! SNR 83.658157, Drift Rate 0.133931, index 256382
Top hit found! SNR 51.900101, Drift Rate 0.105231, index 258065
Top hit found! SNR 70.143005, Drift Rate 0.095665, index 262694
Top hit found! SNR 41.882851, Drift Rate 0.133931, index 265535
Top hit found! SNR 76.516106, Drift Rate 0.095665, index 269427
Top hit found! SNR 37.099716, Drift Rate 0.133931, index 272268
Top hit found! SNR 42.015186, Drift Rate 0.095665, index 274898
Top hit found! SNR 30.130457, Drift Rate 0.095665, index 277949
Top hit found! SNR 42.001114, Drift Rate 0.095665, index 280474
Top hit found! SNR 31.084663, Drift Rate 0.095665, index 283525
Top hit found! SNR 26.248726, Drift Rate 0.095665, index 286260
Top hit found! SNR 43.956665, Drift Rate 0.095665, index 288680
Top hit found! SNR 41.734814, Drift Rate 0.095665, index 292257
Top hit found! SNR 53.402424, Drift Rate 0.133931, index 295098
Top hit found! SNR 31.583380, Drift Rate 0.133931, index 298675
Top hit found! SNR 35.896534, Drift Rate 0.162630, index 300779
Top hit found! SNR 34.125607, Drift Rate 0.133931, index 303199
Top hit found! SNR 38.812347, Drift Rate 0.095665, index 306565
Top hit found! SNR 30.780821, Drift Rate 0.133931, index 309932
Top hit found! SNR 17.714014, Drift Rate 0.133931, index 311931
Top hit found! SNR 16.185038, Drift Rate 0.133931, index 314456
Top hit found! SNR 19.341103, Drift Rate 0.095665, index 316770
Top hit found! SNR 22.758780, Drift Rate 0.133931, index 319085
Top hit found! SNR 28.004715, Drift Rate 0.114798, index 321294
Top hit found! SNR 20.312214, Drift Rate 0.114798, index 322767
Top hit found! SNR 25.931694, Drift Rate 0.133931, index 324556
Top hit found! SNR 38.714611, Drift Rate 0.133931, index 326134
Top hit found! SNR 21.258387, Drift Rate 0.133931, index 330658
Top hit found! SNR 19.323797, Drift Rate 0.114798, index 333077
Top hit found! SNR 10.895692, Drift Rate 0.114798, index 336444
Top hit found! SNR 20.059954, Drift Rate 0.153064, index 338969
Top hit found! SNR 13.720992, Drift Rate 0.133931, index 340547
Top hit found! SNR 21.607363, Drift Rate 0.133931, index 343493
Top hit found! SNR 32.660736, Drift Rate 0.114798, index 346964
Top hit found! SNR 27.005684, Drift Rate 0.133931, index 351804
Top hit found! SNR 25.987026, Drift Rate 0.133931, index 353698
Top hit found! SNR 21.891834, Drift Rate 0.153064, index 356433
Top hit found! SNR 37.245834, Drift Rate 0.133931, index 358327
Top hit found! SNR 29.977327, Drift Rate 0.133931, index 359905
Top hit found! SNR 28.963213, Drift Rate 0.133931, index 362325
Top hit found! SNR 33.782692, Drift Rate 0.153064, index 364008
Top hit found! SNR 29.341795, Drift Rate 0.133931, index 365481
Top hit found! SNR 24.092045, Drift Rate 0.114798, index 368216
Top hit found! SNR 45.278904, Drift Rate 0.133931, index 370741
Top hit found! SNR 16.850733, Drift Rate 0.114798, index 376001
Top hit found! SNR 25.984182, Drift Rate 0.114798, index 379052
Top hit found! SNR 14.286642, Drift Rate 0.133931, index 382209
Top hit found! SNR 25.857904, Drift Rate 0.133931, index 384313
Top hit found! SNR 22.591078, Drift Rate 0.114798, index 387258
Top hit found! SNR 15.965121, Drift Rate 0.114798, index 390204
Top hit found! SNR 22.016668, Drift Rate 0.114798, index 393360
Top hit found! SNR 20.737530, Drift Rate 0.133931, index 396727
Top hit found! SNR 31.327974, Drift Rate 0.114798, index 399883
Top hit found! SNR 18.099485, Drift Rate 0.114798, index 402408
Top hit found! SNR 24.930225, Drift Rate 0.133931, index 404828
Top hit found! SNR 18.298481, Drift Rate 0.133931, index 407458
Top hit found! SNR 32.444088, Drift Rate 0.133931, index 409773
Top hit found! SNR 15.058130, Drift Rate 0.133931, index 413455
Top hit found! SNR 16.517199, Drift Rate 0.133931, index 417137
Top hit found! SNR 21.359129, Drift Rate 0.133931, index 419557
Top hit found! SNR 21.330441, Drift Rate 0.133931, index 422187
Top hit found! SNR 35.592133, Drift Rate 0.133931, index 425659
Top hit found! SNR 28.509750, Drift Rate 0.133931, index 429657
Top hit found! SNR 19.084507, Drift Rate 0.114798, index 431550
Top hit found! SNR 21.077400, Drift Rate 0.114798, index 433654
Top hit found! SNR 33.069561, Drift Rate 0.133931, index 437232
Top hit found! SNR 29.085890, Drift Rate 0.133931, index 438915
Top hit found! SNR 25.239956, Drift Rate 0.133931, index 445543
Top hit found! SNR 11.046513, Drift Rate 0.114798, index 448383
Top hit found! SNR 15.521886, Drift Rate -0.000000, index 588593
Top hit found! SNR 66.854523, Drift Rate -0.000000, index 610509
Top hit found! SNR 3302.806885, Drift Rate -0.000000, index 632424
Top hit found! SNR 121.367767, Drift Rate -0.000000, index 654340
Top hit found! SNR 19.680819, Drift Rate -0.000000, index 676256
Top hit found! SNR 131.120438, Drift Rate 0.076532, index 685393
Top hit found! SNR 2670.582764, Drift Rate 0.057399, index 336571
Top hit found! SNR 87.223770, Drift Rate 0.076532, index 686450
Top hit found! SNR 24.308525, Drift Rate -0.000000, index 943718
Top hit found! SNR 10.322415, Drift Rate 0.057399, index 1036326
Top hit found! SNR 19.040653, Drift Rate 0.028699, index 337626
Top hit found! SNR 23.226870, Drift Rate 0.038266, index 338684
Top hit found! SNR 29.239645, Drift Rate 0.057399, index 688562
Top hit found! SNR 13.708989, Drift Rate -0.000000, index 34953
Top hit found! SNR 51.390987, Drift Rate 0.038266, index 1038439
Top hit found! SNR 97.979485, Drift Rate -0.000000, index 34953
Top hit found! SNR 18.746443, Drift Rate -0.066965, index 533046
Top hit found! SNR 28.738020, Drift Rate 0.038266, index 1038439
Top hit found! SNR 18.567839, Drift Rate -0.019133, index 288466
Top hit found! SNR 15.907187, Drift Rate 0.019133, index 308307
Top hit found! SNR 26.004450, Drift Rate -0.019133, index 328478
Top hit found! SNR 11.457371, Drift Rate 0.009566, index 348808
Top hit found! SNR 15.653636, Drift Rate 0.009566, index 375150
Top hit found! SNR 20.780991, Drift Rate 0.095665, index 395050
Top hit found! SNR 16.488815, Drift Rate 0.038266, index 401576
Top hit found! SNR 18.742634, Drift Rate -0.172197, index 415085
Top hit found! SNR 19.674963, Drift Rate 0.009566, index 421616
Top hit found! SNR 17.658592, Drift Rate 0.076532, index 428411
Top hit found! SNR 11.374137, Drift Rate -0.162630, index 441463
Top hit found! SNR 15.259855, Drift Rate 0.057399, index 448090
Top hit found! SNR 25.405088, Drift Rate 0.009566, index 468131
Top hit found! SNR 35.708755, Drift Rate -0.143497, index 474570
Top hit found! SNR 34.524414, Drift Rate -0.143497, index 479223
Top hit found! SNR 19.653389, Drift Rate -0.143497, index 486095
Top hit found! SNR 21.672010, Drift Rate -0.000000, index 487817
Top hit found! SNR 27.431684, Drift Rate -0.143497, index 494685
Top hit found! SNR 11.147512, Drift Rate -0.143497, index 501199
Top hit found! SNR 11.148264, Drift Rate 0.038266, index 521256
Top hit found! SNR 12.126243, Drift Rate -0.143497, index 534628
Top hit found! SNR 21.856277, Drift Rate 0.019133, index 541232
Top hit found! SNR 15.050658, Drift Rate 0.019133, index 547801
Top hit found! SNR 14.271564, Drift Rate 0.019133, index 561055
Top hit found! SNR 17.224344, Drift Rate -0.009566, index 567801
Top hit found! SNR 13.412515, Drift Rate -5.625096, index 574392
Top hit found! SNR 15.443245, Drift Rate 0.028699, index 587564
Top hit found! SNR 10.245425, Drift Rate -0.143497, index 597406
Top hit found! SNR 19.488298, Drift Rate 0.095665, index 634296
Top hit found! SNR 22.145821, Drift Rate -0.019133, index 654342
Top hit found! SNR 12.739123, Drift Rate 0.047832, index 661056
Top hit found! SNR 18.526516, Drift Rate -0.038266, index 667490
Top hit found! SNR 15.507027, Drift Rate 0.028699, index 674177
Top hit found! SNR 11.482557, Drift Rate -5.376367, index 41694
Top hit found! SNR 43.625729, Drift Rate -5.376367, index 47528
Top hit found! SNR 28.037424, Drift Rate -5.376367, index 51644
Top hit found! SNR 19.677914, Drift Rate -5.376367, index 56440
Top hit found! SNR 25.943901, Drift Rate -5.376367, index 67249
Top hit found! SNR 12.092473, Drift Rate -5.376367, index 75481
Top hit found! SNR 14.093533, Drift Rate -5.376367, index 83713
Top hit found! SNR 16.628166, Drift Rate -5.376367, index 117321
Top hit found! SNR 10.025700, Drift Rate -5.376367, index 134644
Top hit found! SNR 14.166296, Drift Rate -5.376367, index 143735
Top hit found! SNR 56.795185, Drift Rate -5.376367, index 167035
Top hit found! SNR 30.310757, Drift Rate -5.376367, index 173227
Top hit found! SNR 27.694906, Drift Rate -5.376367, index 180600
Top hit found! SNR 11.660567, Drift Rate -5.376367, index 189011
Top hit found! SNR 10.118248, Drift Rate -0.000000, index 458274
Top hit found! SNR 17.886465, Drift Rate -0.000000, index 598648
Top hit found! SNR 10.462576, Drift Rate 5.548564, index 618041
Top hit found! SNR 29.706198, Drift Rate -0.000000, index 643065
Top hit found! SNR 40.330029, Drift Rate -0.000000, index 654554
Top hit found! SNR 54.383652, Drift Rate -0.000000, index 659028
Top hit found! SNR 75.395676, Drift Rate -0.000000, index 664003
Top hit found! SNR 68.134163, Drift Rate -0.000000, index 667618
Top hit found! SNR 50.904556, Drift Rate -0.000000, index 672736
Top hit found! SNR 15.758281, Drift Rate -0.000000, index 680467
Top hit found! SNR 17.030962, Drift Rate -0.000000, index 684225
Top hit found! SNR 13.696024, Drift Rate -0.000000, index 692672
Top hit found! SNR 11.728832, Drift Rate -0.000000, index 705306
Top hit found! SNR 29.017580, Drift Rate -0.000000, index 767619
Top hit found! SNR 23.874287, Drift Rate -0.000000, index 771413
Top hit found! SNR 20.545441, Drift Rate -0.000000, index 778786
Top hit found! SNR 23.281879, Drift Rate -0.000000, index 785121
Top hit found! SNR 21.397600, Drift Rate -0.000000, index 792673
Top hit found! SNR 10.797310, Drift Rate -0.000000, index 796073
Top hit found! SNR 10.214569, Drift Rate -0.000000, index 870233
Top hit found! SNR 12.566628, Drift Rate -5.500731, index 227426
Top hit found! SNR 23.778952, Drift Rate -0.000000, index 230820
Top hit found! SNR 61.141457, Drift Rate -0.000000, index 235616
Top hit found! SNR 14.130879, Drift Rate -0.000000, index 254979
Top hit found! SNR 11.892712, Drift Rate -5.500731, index 261410
Top hit found! SNR 15.863028, Drift Rate -0.000000, index 349361
Top hit found! SNR 27.212160, Drift Rate -0.000000, index 355016
Top hit found! SNR 16.286348, Drift Rate -0.000000, index 361029
Top hit found! SNR 16.671299, Drift Rate 5.338101, index 793905
Top hit found! SNR 24.712395, Drift Rate 5.338101, index 836282
Top hit found! SNR 10.635019, Drift Rate 0.038266, index 840096
Top hit found! SNR 55.756348, Drift Rate 5.338101, index 848451
Top hit found! SNR 76.364967, Drift Rate 5.338101, index 853426
Top hit found! SNR 78.374817, Drift Rate 5.338101, index 856504
Top hit found! SNR 46.850758, Drift Rate 5.338101, index 861157
Top hit found! SNR 35.287529, Drift Rate 5.338101, index 865774
Top hit found! SNR 31.212282, Drift Rate 5.338101, index 874364
Top hit found! SNR 38.787449, Drift Rate 5.338101, index 883777
Top hit found! SNR 12.451791, Drift Rate 5.338101, index 896125
Top hit found! SNR 12.061969, Drift Rate 5.338101, index 944658
Top hit found! SNR 13.109544, Drift Rate 5.338101, index 948094
Top hit found! SNR 37.201229, Drift Rate 5.338101, index 969712
Top hit found! SNR 34.125576, Drift Rate 5.338101, index 975868
Top hit found! SNR 22.842184, Drift Rate 5.338101, index 982561
Top hit found! SNR 10.951911, Drift Rate 5.338101, index 985818
Top hit found! SNR 57.007809, Drift Rate -0.000000, index 174763
Top hit found! SNR 26.154293, Drift Rate 0.009566, index 212120
Top hit found! SNR 105.407135, Drift Rate -0.000000, index 690641
Top hit found! SNR 24.208509, Drift Rate -0.000000, index 752933
Top hit found! SNR 149.415726, Drift Rate -0.000000, index 680986
Top hit found! SNR 14.808263, Drift Rate -0.000000, index 244668
Top hit found! SNR 19.300734, Drift Rate -0.507024, index 512046
Top hit found! SNR 207.919891, Drift Rate -0.000000, index 775946
Top hit found! SNR 11.440210, Drift Rate 7.787123, index 524441
Top hit found! SNR 13.387118, Drift Rate 3.673532, index 524361
Top hit found! SNR 39.659382, Drift Rate 0.019133, index 892691
Top hit found! SNR 15.011792, Drift Rate -2.477721, index 524240
Top hit found! SNR 16.198490, Drift Rate 7.605360, index 524437
Top hit found! SNR 17.274456, Drift Rate -1.741101, index 524255
Top hit found! SNR 19.709055, Drift Rate 5.290269, index 524391
Top hit found! SNR 21.410559, Drift Rate 4.304920, index 524373
Top hit found! SNR 25.394062, Drift Rate 8.294147, index 524451
Top hit found! SNR 12.015841, Drift Rate -0.000000, index 776180
Top hit found! SNR 27.281914, Drift Rate 8.600274, index 524455
Top hit found! SNR 27.676535, Drift Rate 4.362319, index 524373
Top hit found! SNR 839.826660, Drift Rate -0.000000, index 314573
Top hit found! SNR 29.947971, Drift Rate -3.348271, index 524223
Top hit found! SNR 32.735271, Drift Rate 9.748253, index 524480
Top hit found! SNR 37.048580, Drift Rate -9.757819, index 524095
Top hit found! SNR 30.217808, Drift Rate -8.801170, index 524116
Top hit found! SNR 14.535711, Drift Rate -0.000000, index 747984
Top hit found! SNR 44.239811, Drift Rate 8.121950, index 524448
Top hit found! SNR 46.270123, Drift Rate -4.027492, index 524210
Top hit found! SNR 48.803875, Drift Rate -0.899250, index 524271
Top hit found! SNR 26.153133, Drift Rate -0.000000, index 132820
Top hit found! SNR 53.361687, Drift Rate 2.095061, index 524328
Top hit found! SNR 57.029625, Drift Rate 5.376367, index 524392
Top hit found! SNR 10.165498, Drift Rate 0.191330, index 864043
Top hit found! SNR 15.986753, Drift Rate 0.765319, index 879877
Top hit found! SNR 35.127361, Drift Rate -0.028699, index 885223
Top hit found! SNR 24.111990, Drift Rate 0.440059, index 891799
Top hit found! SNR 61.589867, Drift Rate -4.620615, index 524197
Top hit found! SNR 64.512352, Drift Rate 2.908213, index 524346
Top hit found! SNR 118.773674, Drift Rate -0.000000, index 566231
Top hit found! SNR 67.925522, Drift Rate 3.089976, index 524347
Top hit found! SNR 69.906540, Drift Rate 7.251399, index 524431
Top hit found! SNR 71.320610, Drift Rate 2.391623, index 524336
Top hit found! SNR 118.210625, Drift Rate -0.000000, index 999642
Top hit found! SNR 72.576782, Drift Rate 9.317761, index 524472
Top hit found! SNR 77.527046, Drift Rate 7.136601, index 524429
Top hit found! SNR 80.997650, Drift Rate 4.477117, index 524375
Top hit found! SNR 55.663029, Drift Rate -0.019133, index 379951
Top hit found! SNR 299.684784, Drift Rate -0.000000, index 384478
Top hit found! SNR 39.082150, Drift Rate -0.019133, index 388101
Top hit found! SNR 249.962814, Drift Rate 0.019133, index 389652
Top hit found! SNR 81.121063, Drift Rate -8.963800, index 524111
Top hit found! SNR 83.585655, Drift Rate 2.965612, index 524347
Top hit found! SNR 132.854843, Drift Rate 0.956649, index 524308
Top hit found! SNR 90.701576, Drift Rate -8.150649, index 524129
Top hit found! SNR 119.003799, Drift Rate -0.000000, index 817889
Top hit found! SNR 91.680237, Drift Rate -1.281910, index 524264
Top hit found! SNR 97.904510, Drift Rate -4.850210, index 524192
Top hit found! SNR 39.453735, Drift Rate -0.009566, index 872800
Top hit found! SNR 101.107674, Drift Rate -1.702835, index 524254
Top hit found! SNR 49.090065, Drift Rate -0.000000, index 202725
Top hit found! SNR 104.011497, Drift Rate -2.869947, index 524230
Top hit found! SNR 107.507095, Drift Rate -9.843918, index 524096
Top hit found! SNR 112.532219, Drift Rate -7.423596, index 524141
Top hit found! SNR 115.481026, Drift Rate 7.471428, index 524436
Top hit found! SNR 36.841179, Drift Rate -0.000000, index 636136
Top hit found! SNR 118.812523, Drift Rate 1.903731, index 524326
Top hit found! SNR 116.712433, Drift Rate -1.281910, index 524264
Top hit found! SNR 44.059879, Drift Rate -0.000000, index 166410
Top hit found! SNR 87.162056, Drift Rate -0.133931, index 168341
Top hit found! SNR 68.971260, Drift Rate -0.220029, index 170196
Top hit found! SNR 22.741064, Drift Rate -0.220029, index 172601
Top hit found! SNR 23.216089, Drift Rate -0.038266, index 178253
Top hit found! SNR 40.756786, Drift Rate 0.009566, index 181013
Top hit found! SNR 120.898941, Drift Rate -8.581141, index 524120
Top hit found! SNR 124.056114, Drift Rate 7.232266, index 524430
Top hit found! SNR 126.105682, Drift Rate -9.155130, index 524107
Top hit found! SNR 129.668991, Drift Rate 7.040936, index 524425
Top hit found! SNR 158.271347, Drift Rate -0.000000, index 454383
Top hit found! SNR 14.884075, Drift Rate 0.009566, index 456970
Top hit found! SNR 132.150238, Drift Rate -8.523743, index 524120
Top hit found! SNR 136.201233, Drift Rate 8.896835, index 524461
Top hit found! SNR 134.726318, Drift Rate 9.470825, index 524475
Top hit found! SNR 131.436218, Drift Rate -0.296561, index 524283
Top hit found! SNR 304.545258, Drift Rate 0.095665, index 528246
Top hit found! SNR 22.315994, Drift Rate -0.507024, index 532975
Top hit found! SNR 23.213621, Drift Rate 0.315694, index 536326
Top hit found! SNR 12.869910, Drift Rate 0.114798, index 540575
Top hit found! SNR 131.331619, Drift Rate 6.199085, index 524409
Top hit found! SNR 10.224739, Drift Rate 0.086098, index 206920
Top hit found! SNR 127.773643, Drift Rate -2.869947, index 524230
Top hit found! SNR 10.143012, Drift Rate -0.009566, index 123416
Top hit found! SNR 69.466949, Drift Rate 0.019133, index 133118
Top hit found! SNR 135.383972, Drift Rate -5.223303, index 524187
Top hit found! SNR 11.259858, Drift Rate 0.057399, index 873174
Top hit found! SNR 135.655548, Drift Rate 5.510298, index 524397
Top hit found! SNR 137.100082, Drift Rate -5.586830, index 524179
Top hit found! SNR 135.150970, Drift Rate -0.727053, index 524274
Top hit found! SNR 134.919525, Drift Rate 5.711195, index 524400
Top hit found! SNR 135.367828, Drift Rate -2.975178, index 524231
Top hit found! SNR 18.215672, Drift Rate -0.401793, index 44613
Top hit found! SNR 133.451263, Drift Rate 8.026285, index 524446
Top hit found! SNR 29.730652, Drift Rate 0.019133, index 418883
Top hit found! SNR 35.294552, Drift Rate -0.066965, index 436982
Top hit found! SNR 22.492456, Drift Rate -0.086098, index 439168
Top hit found! SNR 132.938263, Drift Rate 6.380849, index 524412
Top hit found! SNR 137.173141, Drift Rate -3.597000, index 524216
Top hit found! SNR 134.431122, Drift Rate 1.415841, index 524315
Top hit found! SNR 130.625275, Drift Rate 4.237955, index 524372

===== Search time: 222.58 minutes
===== END OF LOG
