
turbo_seti version 2.1.17
blimpy version 2.0.31
h5py version 3.5.0

HDF5 header info: {'DIMENSION_LABELS': array(['time', 'feed_id', 'frequency'], dtype=object), 'az_start': 0.0, 'data_type': 1, 'fch1': 3151.46484375, 'foff': -2.7939677238464355e-06, 'machine_id': 20, 'nbits': 32, 'nchans': 536870912, 'nifs': 1, 'source_name': 'OFF_HD13908', 'src_dej': <Angle 65.5935 deg>, 'src_raj': <Angle 2.30407333 hourangle>, 'telescope_id': 6, 'tsamp': 18.253611007999982, 'tstart': 59524.191296296296, 'za_start': 0.0}

Starting ET search with parameters: datafile=/gpfs/group/jtw13/default/gbt_2020/2021/S_band/splice_no_overlap_ordered/OFF_Scan/spliced_blc0x1x2x_guppi_59524_16528_OFF_HD13908_0031.rawspec.0000.h5, max_drift=31.515, min_drift=0.0, snr=10.0, out_dir=/gpfs/group/jtw13/default/gbt_2020/2021/S_band/splice_no_overlap_ordered/OFF_Scan/, coarse_chans=None, flagging=False, n_coarse_chan=512, kernels=None, gpu_id=0, gpu_backend=False, blank_dc=True, precision=1, append_output=False, log_level_int=30, obs_info={'pulsar': 0, 'pulsar_found': 0, 'pulsar_dm': 0.0, 'pulsar_snr': 0.0, 'pulsar_stats': array([0., 0., 0., 0., 0., 0.]), 'RFI_level': 0.0, 'Mean_SEFD': 0.0, 'psrflux_Sens': 0.0, 'SEFDs_val': [0.0], 'SEFDs_freq': [0.0], 'SEFDs_freq_up': [0.0]}

Computed drift rate resolution: 0.00956648975722505

Top hit found! SNR 366.038696, Drift Rate -0.047832, index 202032
Top hit found! SNR 3138.960693, Drift Rate -0.019133, index 309451
Top hit found! SNR 314.850555, Drift Rate -0.038266, index 349572
Top hit found! SNR 240907.343750, Drift Rate -0.009566, index 416870
Top hit found! SNR 661.882507, Drift Rate -0.057399, index 436928
Top hit found! SNR 24.455801, Drift Rate -0.191330, index 456984
Top hit found! SNR 18.671825, Drift Rate 0.105231, index 464105
Top hit found! SNR 29.032917, Drift Rate -0.248729, index 477039
Top hit found! SNR 41.015160, Drift Rate -0.019133, index 484163
Top hit found! SNR 207.611862, Drift Rate -0.000000, index 491520
Top hit found! SNR 66.419044, Drift Rate -0.000000, index 509016
Top hit found! SNR 60.161335, Drift Rate -0.000000, index 516534
Top hit found! SNR 97097.109375, Drift Rate 0.009566, index 524289
Top hit found! SNR 60.161339, Drift Rate -0.000000, index 532042
Top hit found! SNR 66.419052, Drift Rate -0.000000, index 539560
Top hit found! SNR 207.611862, Drift Rate -0.000000, index 557056
Top hit found! SNR 41.015171, Drift Rate 0.019133, index 564413
Top hit found! SNR 29.032921, Drift Rate 0.248729, index 571537
Top hit found! SNR 18.671822, Drift Rate -0.105231, index 584471
Top hit found! SNR 24.455797, Drift Rate 0.191330, index 591592
Top hit found! SNR 661.882385, Drift Rate 0.057399, index 611648
Top hit found! SNR 240907.328125, Drift Rate 0.009566, index 631706
Top hit found! SNR 314.850555, Drift Rate 0.038266, index 699004
Top hit found! SNR 3138.959961, Drift Rate 0.019133, index 739125
Top hit found! SNR 366.038727, Drift Rate 0.047832, index 846544
Top hit found! SNR 196.158722, Drift Rate 28.087214, index 525572
Top hit found! SNR 1111.567261, Drift Rate -0.000000, index 794942
Top hit found! SNR 1470.993286, Drift Rate -0.000000, index 17021
Top hit found! SNR 138.506638, Drift Rate -0.009566, index 251379
Top hit found! SNR 257.696777, Drift Rate -0.000000, index 405981
Top hit found! SNR 77.344696, Drift Rate -4.553649, index 524078
Top hit found! SNR 14.992517, Drift Rate -0.000000, index 801752
Top hit found! SNR 37.276539, Drift Rate -0.000000, index 900693
Top hit found! SNR 10.680342, Drift Rate -0.000000, index 933675
Top hit found! SNR 2784.661377, Drift Rate -0.000000, index 17021
Top hit found! SNR 14.509171, Drift Rate -0.000000, index 181924
Top hit found! SNR 18.567554, Drift Rate -0.000000, index 280865
Top hit found! SNR 72.178497, Drift Rate -0.000000, index 346828
Top hit found! SNR 68.634583, Drift Rate -0.000000, index 511732
Top hit found! SNR 63.738754, Drift Rate 2.075928, index 524382
Top hit found! SNR 48920.152344, Drift Rate -0.000000, index 676636
Top hit found! SNR 10.337702, Drift Rate -0.000000, index 709617
Top hit found! SNR 20.487980, Drift Rate -0.000000, index 775576
Top hit found! SNR 42.096184, Drift Rate -0.000000, index 808558
Top hit found! SNR 16.366785, Drift Rate -0.000000, index 841539
Top hit found! SNR 15.776231, Drift Rate -0.000000, index 907503
Top hit found! SNR 62.930634, Drift Rate -0.000000, index 940480
Top hit found! SNR 96.425972, Drift Rate -0.000000, index 957699
Top hit found! SNR 34.408131, Drift Rate -0.000000, index 1006443
Top hit found! SNR 10.541818, Drift Rate -0.019133, index 1014635
Top hit found! SNR 94.728668, Drift Rate -0.028699, index 1027045
Top hit found! SNR 11.426238, Drift Rate -0.000000, index 122771
Top hit found! SNR 15.873218, Drift Rate -0.000000, index 155753
Top hit found! SNR 6025.671387, Drift Rate -0.000000, index 287675
Top hit found! SNR 79.981194, Drift Rate 7.576660, index 524636
Top hit found! SNR 14.752876, Drift Rate -0.000000, index 617482
Top hit found! SNR 12.483247, Drift Rate -0.000000, index 815368
Top hit found! SNR 4386.429688, Drift Rate -0.000000, index 947290
Top hit found! SNR 37.588165, Drift Rate -0.028699, index 1027045
Top hit found! SNR 28.267235, Drift Rate -0.000000, index 37446
Top hit found! SNR 20.156658, Drift Rate -0.000000, index 63618
Top hit found! SNR 15.116142, Drift Rate -0.000000, index 162558
Top hit found! SNR 13.412129, Drift Rate -0.000000, index 393425
Top hit found! SNR 11.299325, Drift Rate -0.000000, index 426407
Top hit found! SNR 84.584549, Drift Rate -21.687233, index 523297
Top hit found! SNR 60406.585938, Drift Rate -0.000000, index 558329
Top hit found! SNR 11.990748, Drift Rate -0.000000, index 624292
Top hit found! SNR 35.407803, Drift Rate -0.000000, index 690251
Top hit found! SNR 66.023102, Drift Rate -0.000000, index 723233
Top hit found! SNR 24.019474, Drift Rate -0.000000, index 748364
Top hit found! SNR 17.645870, Drift Rate -0.000000, index 756215
Top hit found! SNR 29.067659, Drift Rate -0.000000, index 789196
Top hit found! SNR 142.925186, Drift Rate -0.000000, index 822173
Top hit found! SNR 51.102230, Drift Rate -0.000000, index 855155
Top hit found! SNR 37.255260, Drift Rate -0.000000, index 888137
Top hit found! SNR 64.921944, Drift Rate -0.000000, index 921118
Top hit found! SNR 11.069531, Drift Rate -0.000000, index 947290
Top hit found! SNR 138.087326, Drift Rate -0.000000, index 954100
Top hit found! SNR 57.997009, Drift Rate -0.000000, index 987077
Top hit found! SNR 208.949631, Drift Rate -0.000000, index 37446
Top hit found! SNR 13.844415, Drift Rate -0.000000, index 70428
Top hit found! SNR 63.639683, Drift Rate -0.000000, index 103405
Top hit found! SNR 60.993378, Drift Rate -0.000000, index 136386
Top hit found! SNR 84267.921875, Drift Rate -0.000000, index 169368
Top hit found! SNR 59.215092, Drift Rate -0.000000, index 202350
Top hit found! SNR 42.166084, Drift Rate -0.000000, index 235331
Top hit found! SNR 92.812843, Drift Rate -0.000000, index 268309
Top hit found! SNR 186.196045, Drift Rate -0.000000, index 301290
Top hit found! SNR 40.681694, Drift Rate -0.000000, index 334272
Top hit found! SNR 178.883896, Drift Rate -0.009566, index 433212
Top hit found! SNR 70.817795, Drift Rate -0.000000, index 466194
Top hit found! SNR 80.818359, Drift Rate -0.000000, index 499176
Top hit found! SNR 81.923706, Drift Rate -16.817888, index 523517
Top hit found! SNR 75.667305, Drift Rate -0.000000, index 532158
Top hit found! SNR 229.302261, Drift Rate -0.000000, index 565139
Top hit found! SNR 23.737110, Drift Rate -0.000000, index 598116
Top hit found! SNR 32.399895, Drift Rate -0.000000, index 631098
Top hit found! SNR 11.877131, Drift Rate -0.000000, index 664080
Top hit found! SNR 36.240051, Drift Rate -0.000000, index 697061
Top hit found! SNR 14.070759, Drift Rate -0.000000, index 730043
Top hit found! SNR 7122.737793, Drift Rate -0.000000, index 828983
Top hit found! SNR 11.240026, Drift Rate -0.000000, index 861965
Top hit found! SNR 10.137544, Drift Rate -0.000000, index 894947
Top hit found! SNR 10.693208, Drift Rate -0.000000, index 927924
Top hit found! SNR 1334.528442, Drift Rate -0.000000, index 51062
Top hit found! SNR 44.453148, Drift Rate -0.000000, index 110215
Top hit found! SNR 11.324359, Drift Rate -0.000000, index 143197
Top hit found! SNR 24.389809, Drift Rate -0.000000, index 178359
Top hit found! SNR 30.383097, Drift Rate -0.000000, index 275119
Top hit found! SNR 32.707870, Drift Rate -0.000000, index 310323
Top hit found! SNR 2169.141846, Drift Rate -0.000000, index 342535
Top hit found! SNR 12.485223, Drift Rate -0.000000, index 374059
Top hit found! SNR 9683.777344, Drift Rate -0.000000, index 440022
Top hit found! SNR 11.612668, Drift Rate -0.000000, index 473004
Top hit found! SNR 77.280716, Drift Rate -30.717999, index 522884
Top hit found! SNR 16.135342, Drift Rate -0.000000, index 538963
Top hit found! SNR 31.485182, Drift Rate -0.000000, index 571944
Top hit found! SNR 18.612387, Drift Rate -0.000000, index 604926
Top hit found! SNR 25.233244, Drift Rate -0.000000, index 703867
Top hit found! SNR 15.464381, Drift Rate -0.000000, index 835793
Top hit found! SNR 12.422463, Drift Rate -0.009566, index 868770
Top hit found! SNR 18362.982422, Drift Rate -0.000000, index 51062
Top hit found! SNR 24.815496, Drift Rate -0.000000, index 215965
Top hit found! SNR 10.865685, Drift Rate -0.000000, index 281929
Top hit found! SNR 50.642662, Drift Rate -0.000000, index 314906
Top hit found! SNR 10.630125, Drift Rate -0.000000, index 380869
Top hit found! SNR 25.777040, Drift Rate -0.000000, index 446832
Top hit found! SNR 14.670134, Drift Rate -0.000000, index 479810
Top hit found! SNR 15.844003, Drift Rate -0.000000, index 512791
Top hit found! SNR 77.574615, Drift Rate 20.242693, index 525213
Top hit found! SNR 38.241199, Drift Rate -0.000000, index 545773
Top hit found! SNR 24.399586, Drift Rate -0.000000, index 578755
Top hit found! SNR 21.037092, Drift Rate -0.000000, index 611736
Top hit found! SNR 2745.130859, Drift Rate -0.000000, index 710677
Top hit found! SNR 14.481981, Drift Rate -0.114798, index 735109
Top hit found! SNR 12.463048, Drift Rate -0.000000, index 809617
Top hit found! SNR 34.056782, Drift Rate -0.000000, index 842599
Top hit found! SNR 12.596675, Drift Rate -0.009566, index 875580
Top hit found! SNR 13.218899, Drift Rate -0.000000, index 941544
Top hit found! SNR 50.410866, Drift Rate -0.000000, index 974521
Top hit found! SNR 21.960329, Drift Rate -0.000000, index 57872
Top hit found! SNR 35.884327, Drift Rate -0.000000, index 156812
Top hit found! SNR 4044.826416, Drift Rate -0.000000, index 321716
Top hit found! SNR 72.868660, Drift Rate 5.223303, index 524528
Top hit found! SNR 73.579803, Drift Rate -0.000000, index 585560
Top hit found! SNR 21.657087, Drift Rate -0.000000, index 618542
Top hit found! SNR 24.787775, Drift Rate -0.000000, index 651523
Top hit found! SNR 12.877116, Drift Rate -0.000000, index 684505
Top hit found! SNR 55.413387, Drift Rate -0.000000, index 717487
Top hit found! SNR 16.932289, Drift Rate -0.000000, index 816427
Top hit found! SNR 32.273643, Drift Rate -0.000000, index 849409
Top hit found! SNR 11.980041, Drift Rate -0.000000, index 854896
Top hit found! SNR 2718.044922, Drift Rate -0.000000, index 981331
Top hit found! SNR 362.977020, Drift Rate -0.000000, index 986892
Top hit found! SNR 10.930955, Drift Rate -0.000000, index 64677
Top hit found! SNR 14.689197, Drift Rate -0.000000, index 97659
Top hit found! SNR 41.519646, Drift Rate -0.000000, index 199684
Top hit found! SNR 14.787231, Drift Rate -0.000000, index 265667
Top hit found! SNR 11.161584, Drift Rate -0.000000, index 298659
Top hit found! SNR 25.777224, Drift Rate 0.009566, index 331651
Top hit found! SNR 19.730303, Drift Rate -0.000000, index 427466
Top hit found! SNR 25.773781, Drift Rate -0.000000, index 463613
Top hit found! SNR 69.570900, Drift Rate -5.653795, index 524028
Top hit found! SNR 1893.140503, Drift Rate -0.000000, index 592370
Top hit found! SNR 15.312857, Drift Rate -0.000000, index 727537
Top hit found! SNR 23.802492, Drift Rate -0.000000, index 757274
Top hit found! SNR 28.364548, Drift Rate -0.000000, index 775946
Top hit found! SNR 85.367188, Drift Rate -0.000000, index 856214
Top hit found! SNR 15.667089, Drift Rate -0.000000, index 862295
Top hit found! SNR 22.559851, Drift Rate -0.000000, index 889196
Top hit found! SNR 47.791096, Drift Rate -0.000000, index 922178
Top hit found! SNR 11.555359, Drift Rate -0.000000, index 928295
Top hit found! SNR 13.604587, Drift Rate -0.009566, index 955159
Top hit found! SNR 68.159706, Drift Rate -0.000000, index 981331
Top hit found! SNR 62.321743, Drift Rate -0.000000, index 988141
Top hit found! SNR 19.106859, Drift Rate -0.000000, index 71487
Top hit found! SNR 10.382580, Drift Rate -0.000000, index 77716
Top hit found! SNR 1466.691406, Drift Rate -0.000000, index 203409
Top hit found! SNR 508.440491, Drift Rate -0.000000, index 209712
Top hit found! SNR 22.575829, Drift Rate -0.000000, index 335331
Top hit found! SNR 11.273193, Drift Rate -0.009566, index 470833
Top hit found! SNR 62.516491, Drift Rate -27.465391, index 523033
Top hit found! SNR 15.182234, Drift Rate -0.000000, index 602801
Top hit found! SNR 327.296539, Drift Rate -0.000000, index 863024
Top hit found! SNR 14.616079, Drift Rate -0.000000, index 144256
Top hit found! SNR 46.704712, Drift Rate -0.000000, index 474064
Top hit found! SNR 55.878967, Drift Rate -14.091439, index 523643
Top hit found! SNR 10.538138, Drift Rate -0.000000, index 737908
Top hit found! SNR 10.777409, Drift Rate -0.000000, index 869834
Top hit found! SNR 473.864685, Drift Rate -0.000000, index 85103
Top hit found! SNR 18.133537, Drift Rate -0.000000, index 221071
Top hit found! SNR 13.507637, Drift Rate -0.000000, index 250006
Top hit found! SNR 95.552460, Drift Rate -0.000000, index 348947
Top hit found! SNR 25.265347, Drift Rate -0.000000, index 381928
Top hit found! SNR 66.152771, Drift Rate -0.000000, index 414910
Top hit found! SNR 29.871679, Drift Rate -0.000000, index 447892
Top hit found! SNR 62.606941, Drift Rate -0.009566, index 480873
Top hit found! SNR 50.719048, Drift Rate 5.051106, index 524518
Top hit found! SNR 12.203782, Drift Rate -0.000000, index 546832
Top hit found! SNR 37.776463, Drift Rate -0.000000, index 579814
Top hit found! SNR 113.857193, Drift Rate -0.000000, index 612796
Top hit found! SNR 21.639820, Drift Rate -0.000000, index 645777
Top hit found! SNR 996.793884, Drift Rate -0.000000, index 744718
Top hit found! SNR 45.937794, Drift Rate -0.000000, index 876640
Top hit found! SNR 21.608526, Drift Rate -0.000000, index 913878
Top hit found! SNR 13.585905, Drift Rate 0.009566, index 1012849
Top hit found! SNR 14.925076, Drift Rate -0.000000, index 96239
Top hit found! SNR 26.265303, Drift Rate -0.000000, index 160782
Top hit found! SNR 14.943710, Drift Rate 0.009566, index 228202
Top hit found! SNR 424.889221, Drift Rate -0.000000, index 355757
Top hit found! SNR 46.377132, Drift Rate 28.852533, index 525607
Top hit found! SNR 116.019524, Drift Rate -0.000000, index 1015372
Top hit found! SNR 18.966921, Drift Rate -0.000000, index 1020104
Top hit found! SNR 18.217972, Drift Rate -0.000000, index 98718
Top hit found! SNR 10.920404, Drift Rate -0.000000, index 131700
Top hit found! SNR 17.690094, Drift Rate -0.000000, index 230640
Top hit found! SNR 19.090117, Drift Rate -0.000000, index 362567
Top hit found! SNR 43.806129, Drift Rate 0.468758, index 524308
Top hit found! SNR 17.574055, Drift Rate -0.000000, index 626411
Top hit found! SNR 51.849529, Drift Rate 0.009566, index 631219
Top hit found! SNR 14.883904, Drift Rate -0.009566, index 890255
Top hit found! SNR 16.546535, Drift Rate -0.000000, index 1015372
Top hit found! SNR 21.110474, Drift Rate -0.000000, index 237450
Top hit found! SNR 43.124001, Drift Rate -0.000000, index 242594
Top hit found! SNR 32.167412, Drift Rate 19.448673, index 525178
Top hit found! SNR 13.011172, Drift Rate -0.009566, index 897065
Top hit found! SNR 18.097383, Drift Rate -0.009566, index 117765
Top hit found! SNR 13.607119, Drift Rate -0.000000, index 178297
Top hit found! SNR 20.775202, Drift Rate -0.000000, index 183749
Top hit found! SNR 10.624548, Drift Rate -0.000000, index 244260
Top hit found! SNR 21.805788, Drift Rate -0.000000, index 249733
Top hit found! SNR 14.484485, Drift Rate -0.000000, index 376183
Top hit found! SNR 21.817419, Drift Rate -0.000000, index 381697
Top hit found! SNR 462.332306, Drift Rate -0.000000, index 508105
Top hit found! SNR 546.358032, Drift Rate -0.000000, index 513660
Top hit found! SNR 34.017170, Drift Rate -21.677666, index 523295
Top hit found! SNR 25.631636, Drift Rate -0.000000, index 594193
Top hit found! SNR 13.028108, Drift Rate -0.000000, index 645623
Top hit found! SNR 10.959357, Drift Rate -0.000000, index 678615
Top hit found! SNR 10.509029, Drift Rate -0.000000, index 777586
Top hit found! SNR 127.649307, Drift Rate -0.000000, index 119144
Top hit found! SNR 32.843674, Drift Rate -8.428078, index 523902
Top hit found! SNR 15.562951, Drift Rate -0.000000, index 646837
Top hit found! SNR 744.048462, Drift Rate -0.000000, index 778759
Top hit found! SNR 71.092583, Drift Rate -0.009566, index 784725
Top hit found! SNR 11.562328, Drift Rate -0.000000, index 910681
Top hit found! SNR 20.418051, Drift Rate -0.000000, index 837
Top hit found! SNR 1080.200928, Drift Rate -0.000000, index 389798
Top hit found! SNR 161.322357, Drift Rate -0.000000, index 395807
Top hit found! SNR 30.065987, Drift Rate -20.070496, index 523369
Top hit found! SNR 10.265222, Drift Rate -0.000000, index 653642
Top hit found! SNR 12.343707, Drift Rate -0.000000, index 917491
Top hit found! SNR 20.529367, Drift Rate -0.000000, index 837
Top hit found! SNR 30.598333, Drift Rate -7.930620, index 523926
Top hit found! SNR 31.366398, Drift Rate -0.000000, index 660452
Top hit found! SNR 51.504910, Drift Rate -0.000000, index 271491
Top hit found! SNR 29.358412, Drift Rate -5.931224, index 524017
Top hit found! SNR 15.144040, Drift Rate -0.009566, index 931106
Top hit found! SNR 30.740044, Drift Rate -0.000000, index 938102
Top hit found! SNR 27.466368, Drift Rate 3.520468, index 524450
Top hit found! SNR 14.779201, Drift Rate -0.000000, index 549347
Top hit found! SNR 24.074928, Drift Rate -0.000000, index 153185
Top hit found! SNR 52.993553, Drift Rate -0.000000, index 160592
Top hit found! SNR 26.346937, Drift Rate 8.227181, index 524664
Top hit found! SNR 111.999580, Drift Rate -0.000000, index 412440
Top hit found! SNR 25.678291, Drift Rate 1.004481, index 524335
Top hit found! SNR 25.893702, Drift Rate 8.925535, index 524695
Top hit found! SNR 16.559210, Drift Rate -0.000000, index 694493
Top hit found! SNR 15.092091, Drift Rate -0.000000, index 702723
Top hit found! SNR 24.888256, Drift Rate -0.009566, index 305532
Top hit found! SNR 24.476219, Drift Rate 11.671118, index 524821
Top hit found! SNR 27.557213, Drift Rate -0.000000, index 965148
Top hit found! SNR 25.532162, Drift Rate -23.581398, index 523209
Top hit found! SNR 14.284067, Drift Rate -0.000000, index 576187
Top hit found! SNR 25.457792, Drift Rate 24.499781, index 525409
Top hit found! SNR 10.251598, Drift Rate -0.000000, index 467094
Top hit found! SNR 24.869076, Drift Rate -29.177794, index 522952
Top hit found! SNR 24.319321, Drift Rate -9.748253, index 523843
Top hit found! SNR 21.940645, Drift Rate -0.000000, index 728534
Top hit found! SNR 35.214096, Drift Rate -0.000000, index 230687
Top hit found! SNR 23.835283, Drift Rate 21.170641, index 525255
Top hit found! SNR 17.992422, Drift Rate -0.000000, index 610228
Top hit found! SNR 12.675048, Drift Rate -0.000000, index 971680
Top hit found! SNR 15.948172, Drift Rate -0.000000, index 221267
Top hit found! SNR 24.289436, Drift Rate 2.831681, index 524418
Top hit found! SNR 13.250767, Drift Rate -0.000000, index 880882
Top hit found! SNR 24.492805, Drift Rate -26.977501, index 523055
Top hit found! SNR 52028.550781, Drift Rate -0.000000, index 664098
Top hit found! SNR 24.788889, Drift Rate -18.386793, index 523446
Top hit found! SNR 24.275692, Drift Rate 17.860636, index 525106
Top hit found! SNR 24.489790, Drift Rate -20.835815, index 523334
Top hit found! SNR 23.765066, Drift Rate 30.679733, index 525692
Top hit found! SNR 23.935318, Drift Rate -19.515638, index 523396
Top hit found! SNR 12.188902, Drift Rate -0.000000, index 137001
Top hit found! SNR 25.032249, Drift Rate -14.416700, index 523628
Top hit found! SNR 24.540720, Drift Rate -5.998189, index 524013
Top hit found! SNR 25.376169, Drift Rate -9.987415, index 523832
Top hit found! SNR 191.872253, Drift Rate 0.153064, index 156421
Top hit found! SNR 13.076644, Drift Rate -0.028699, index 191471
Top hit found! SNR 25.522079, Drift Rate -31.110224, index 522865
Top hit found! SNR 25.496986, Drift Rate -5.500731, index 524037
Top hit found! SNR 25.833494, Drift Rate -16.722223, index 523524
Top hit found! SNR 26.932711, Drift Rate 25.274666, index 525443
Top hit found! SNR 25.795219, Drift Rate -6.973971, index 523968
Top hit found! SNR 20.233850, Drift Rate -0.000000, index 300592
Top hit found! SNR 28.472910, Drift Rate 24.404116, index 525405
Top hit found! SNR 26.139223, Drift Rate 18.951216, index 525156
Top hit found! SNR 26.298538, Drift Rate 13.574849, index 524908
Top hit found! SNR 25.789339, Drift Rate 12.044210, index 524838
Top hit found! SNR 25.625763, Drift Rate -6.926138, index 523972
Top hit found! SNR 25.852318, Drift Rate 25.839088, index 525471
Top hit found! SNR 16.225037, Drift Rate -0.000000, index 872896
Top hit found! SNR 26.241575, Drift Rate -15.296817, index 523587
Top hit found! SNR 25.950264, Drift Rate 13.900109, index 524923
Top hit found! SNR 25.966312, Drift Rate -3.721364, index 524117
Top hit found! SNR 25.738525, Drift Rate 19.601738, index 525185
Top hit found! SNR 20.720428, Drift Rate 0.172197, index 874891
Top hit found! SNR 13.675384, Drift Rate -0.076532, index 894761
Top hit found! SNR 25.725721, Drift Rate -0.602689, index 524261
Top hit found! SNR 25.639910, Drift Rate 2.755149, index 524413
Top hit found! SNR 21.629694, Drift Rate -0.000000, index 244085
Top hit found! SNR 25.368399, Drift Rate -5.701628, index 524028
Top hit found! SNR 25.940454, Drift Rate 16.846588, index 525059
Top hit found! SNR 26.285103, Drift Rate -10.494439, index 523807
Top hit found! SNR 26.506762, Drift Rate -0.794019, index 524253
Top hit found! SNR 6507.443848, Drift Rate -0.000000, index 524225
Top hit found! SNR 27.628033, Drift Rate -0.000000, index 803908
Top hit found! SNR 357.635925, Drift Rate -0.000000, index 367590
Top hit found! SNR 25.691332, Drift Rate 0.181763, index 228817
Top hit found! SNR 12.767215, Drift Rate -0.076532, index 248673
Top hit found! SNR 15.386202, Drift Rate -0.057399, index 651161
Top hit found! SNR 16.944954, Drift Rate -0.000000, index 546728
Top hit found! SNR 21.299116, Drift Rate 0.009566, index 174064
Top hit found! SNR 41.783436, Drift Rate 0.009566, index 569168
Top hit found! SNR 77.319641, Drift Rate -0.000000, index 680986
Top hit found! SNR 28.519859, Drift Rate -0.009566, index 328111
Top hit found! SNR 675.309814, Drift Rate -0.000000, index 384478
Top hit found! SNR 100.890015, Drift Rate -0.095665, index 1021472
Top hit found! SNR 28.792717, Drift Rate -0.076532, index 1021472
Top hit found! SNR 16.274281, Drift Rate -2.075928, index 357659
Top hit found! SNR 12.424744, Drift Rate 0.028699, index 801456
Top hit found! SNR 13.027647, Drift Rate -0.057399, index 475393
Top hit found! SNR 79.175568, Drift Rate -0.315694, index 512442
Top hit found! SNR 1077.296631, Drift Rate 0.066965, index 528235
Top hit found! SNR 351.821259, Drift Rate 0.640955, index 533037
Top hit found! SNR 539.309631, Drift Rate 0.038266, index 540579
Top hit found! SNR 25.851540, Drift Rate 0.373093, index 588271
Top hit found! SNR 28.220608, Drift Rate 0.057399, index 39895
Top hit found! SNR 24.557528, Drift Rate 0.057399, index 46356
Top hit found! SNR 18.987823, Drift Rate -0.000000, index 104858
Top hit found! SNR 220.083267, Drift Rate 0.057399, index 39895
Top hit found! SNR 276.609985, Drift Rate 0.057399, index 46356
Top hit found! SNR 21.538139, Drift Rate 0.076532, index 405031
Top hit found! SNR 27.696198, Drift Rate 0.009566, index 524289
Top hit found! SNR 14.041071, Drift Rate -0.000000, index 591607
Top hit found! SNR 22.423334, Drift Rate 0.019133, index 524291
Top hit found! SNR 25.412132, Drift Rate 0.028699, index 524292
Top hit found! SNR 27.497442, Drift Rate -0.019133, index 524285
Top hit found! SNR 29.828861, Drift Rate -0.000000, index 524289
Top hit found! SNR 18.028996, Drift Rate -0.066965, index 886654
Top hit found! SNR 30.395412, Drift Rate 0.028699, index 524290
Top hit found! SNR 30.080530, Drift Rate -0.019133, index 524285
Top hit found! SNR 29.775513, Drift Rate -0.009566, index 524288
Top hit found! SNR 30.015575, Drift Rate -0.000000, index 524289
Top hit found! SNR 33.412155, Drift Rate -0.000000, index 524289
Top hit found! SNR 35.843494, Drift Rate -0.000000, index 524287
Top hit found! SNR 13.439173, Drift Rate 0.038266, index 757897
Top hit found! SNR 14.034859, Drift Rate -0.143497, index 470966
Top hit found! SNR 16.738665, Drift Rate 0.688787, index 608909
Top hit found! SNR 47.737614, Drift Rate -0.009566, index 683273
Top hit found! SNR 21.432459, Drift Rate -17.372746, index 567130
Top hit found! SNR 2066.285889, Drift Rate 0.009566, index 271503
Top hit found! SNR 18.079439, Drift Rate -0.028699, index 280270
Top hit found! SNR 171.808960, Drift Rate -0.000000, index 375811
Top hit found! SNR 30.874340, Drift Rate -0.019133, index 1013114
Top hit found! SNR 17.833912, Drift Rate -0.057399, index 697705
Top hit found! SNR 12.138477, Drift Rate -0.000000, index 1033151
Top hit found! SNR 24.072634, Drift Rate -0.220029, index 729858
Top hit found! SNR 13.162828, Drift Rate -0.889684, index 787929
Top hit found! SNR 61.139328, Drift Rate -0.277428, index 796886
Top hit found! SNR 12.732016, Drift Rate -0.239162, index 805410
Top hit found! SNR 13.008884, Drift Rate -0.210463, index 810247
Top hit found! SNR 36.397873, Drift Rate -0.009566, index 334452
Top hit found! SNR 27.065260, Drift Rate -0.000000, index 697653
Top hit found! SNR 79.375504, Drift Rate -0.000000, index 684330
Top hit found! SNR 11.058001, Drift Rate -0.000000, index 803797
Top hit found! SNR 34.715466, Drift Rate -0.000000, index 829001
Top hit found! SNR 2894.951172, Drift Rate -0.000000, index 135431
Top hit found! SNR 2319.850098, Drift Rate -0.000000, index 141314
Top hit found! SNR 2232.236328, Drift Rate 0.009566, index 852105
Top hit found! SNR 2312.127930, Drift Rate 0.009566, index 858190
Top hit found! SNR 30.982933, Drift Rate -0.009566, index 352803
Top hit found! SNR 17.305061, Drift Rate 0.019133, index 301841
Top hit found! SNR 70.452927, Drift Rate 0.009566, index 323757
Top hit found! SNR 356.612549, Drift Rate -0.000000, index 345673
Top hit found! SNR 12.136036, Drift Rate -0.172197, index 353718
Top hit found! SNR 542917.000000, Drift Rate -0.000000, index 367590
Top hit found! SNR 10.910110, Drift Rate 0.172197, index 381462
Top hit found! SNR 289.833344, Drift Rate -0.000000, index 389507
Top hit found! SNR 66.037651, Drift Rate -0.009566, index 411423
Top hit found! SNR 15.568136, Drift Rate -0.019133, index 433339
Top hit found! SNR 10.666297, Drift Rate -0.000000, index 726136
Top hit found! SNR 8239.421875, Drift Rate -0.000000, index 745905
Top hit found! SNR 5921.099609, Drift Rate -0.000000, index 752348
Top hit found! SNR 18.755604, Drift Rate -0.000000, index 904461
Top hit found! SNR 130.824265, Drift Rate -0.000000, index 66093
Top hit found! SNR 26.884947, Drift Rate -0.000000, index 86136
Top hit found! SNR 12.105272, Drift Rate 0.095665, index 95400
Top hit found! SNR 12.779396, Drift Rate 0.066965, index 110442
Top hit found! SNR 11.005829, Drift Rate 0.095665, index 115179
Top hit found! SNR 11.033533, Drift Rate 0.066965, index 130221
Top hit found! SNR 16.149588, Drift Rate 0.066965, index 135376
Top hit found! SNR 12.967883, Drift Rate 0.095665, index 141691
Top hit found! SNR 13.234876, Drift Rate 0.095665, index 149476
Top hit found! SNR 14.019984, Drift Rate 0.095665, index 154631
Top hit found! SNR 16.155432, Drift Rate 0.095665, index 170412
Top hit found! SNR 13.554554, Drift Rate 0.095665, index 182195
Top hit found! SNR 12.597383, Drift Rate 0.066965, index 199341
Top hit found! SNR 18.671186, Drift Rate 0.066965, index 206811
Top hit found! SNR 16.081331, Drift Rate 0.086098, index 213125
Top hit found! SNR 25.185661, Drift Rate 0.095665, index 219859
Top hit found! SNR 12.447012, Drift Rate 0.066965, index 225327
Top hit found! SNR 16.847317, Drift Rate 0.066965, index 230903
Top hit found! SNR 18.361609, Drift Rate 0.066965, index 239109
Top hit found! SNR 26.429422, Drift Rate 0.066965, index 245527
Top hit found! SNR 15.700510, Drift Rate 0.066965, index 251208
Top hit found! SNR 19.246056, Drift Rate 0.066965, index 256994
Top hit found! SNR 14.627717, Drift Rate 0.028699, index 271720
Top hit found! SNR 20.906097, Drift Rate -0.076532, index 277505
Top hit found! SNR 20.627102, Drift Rate -0.086098, index 297389
Top hit found! SNR 13.268875, Drift Rate -0.028699, index 302230
Top hit found! SNR 16.077793, Drift Rate -0.057399, index 308752
Top hit found! SNR 15.557298, Drift Rate -0.057399, index 314433
Top hit found! SNR 23.245842, Drift Rate -0.076532, index 321166
Top hit found! SNR 13.494558, Drift Rate -0.076532, index 329477
Top hit found! SNR 13.467562, Drift Rate -0.086098, index 337683
Top hit found! SNR 14.848785, Drift Rate -0.086098, index 350308
Top hit found! SNR 13.088056, Drift Rate -0.086098, index 360197
Top hit found! SNR 12.667452, Drift Rate -0.066965, index 376084
Top hit found! SNR 16.056149, Drift Rate -0.086098, index 387656
Top hit found! SNR 4950.264160, Drift Rate -0.000000, index 68598
Top hit found! SNR 3381.882080, Drift Rate -0.000000, index 86136
Top hit found! SNR 3000.281494, Drift Rate -0.000000, index 98663
Top hit found! SNR 2542.291992, Drift Rate -0.000000, index 111190
Top hit found! SNR 2611.840576, Drift Rate -0.000000, index 118706
Top hit found! SNR 2754.283936, Drift Rate -0.000000, index 128727
Top hit found! SNR 2441.674561, Drift Rate -0.000000, index 136244
Top hit found! SNR 2195.861328, Drift Rate -0.000000, index 146265
Top hit found! SNR 2033.641846, Drift Rate -0.009566, index 153781
Top hit found! SNR 2063.802002, Drift Rate -0.000000, index 158792
Top hit found! SNR 2365.590088, Drift Rate -0.009566, index 166308
Top hit found! SNR 2487.261475, Drift Rate -0.000000, index 173825
Top hit found! SNR 1820.752075, Drift Rate -0.000000, index 178835
Top hit found! SNR 2597.486572, Drift Rate -0.000000, index 186352
Top hit found! SNR 1975.769531, Drift Rate -0.000000, index 191362
Top hit found! SNR 2454.056641, Drift Rate -0.000000, index 198879
Top hit found! SNR 2644.828857, Drift Rate -0.000000, index 203889
Top hit found! SNR 2130.371582, Drift Rate -0.000000, index 208900
Top hit found! SNR 1798.188477, Drift Rate -0.000000, index 216416
Top hit found! SNR 2506.302002, Drift Rate -0.000000, index 221427
Top hit found! SNR 2858.251221, Drift Rate -0.000000, index 226438
Top hit found! SNR 2893.330322, Drift Rate -0.000000, index 231449
Top hit found! SNR 2743.514404, Drift Rate -0.000000, index 236460
Top hit found! SNR 2782.365723, Drift Rate -0.000000, index 241470
Top hit found! SNR 2884.720947, Drift Rate -0.000000, index 246481
Top hit found! SNR 2789.493896, Drift Rate -0.000000, index 251492
Top hit found! SNR 2418.415527, Drift Rate -0.000000, index 256503
Top hit found! SNR 1790.708496, Drift Rate -0.000000, index 261514
Top hit found! SNR 2147.571777, Drift Rate -0.000000, index 269030
Top hit found! SNR 2612.310547, Drift Rate -0.000000, index 274041
Top hit found! SNR 2535.820801, Drift Rate -0.000000, index 279051
Top hit found! SNR 1963.158325, Drift Rate -0.000000, index 286568
Top hit found! SNR 2823.824951, Drift Rate -0.000000, index 291578
Top hit found! SNR 1970.575073, Drift Rate -0.000000, index 299095
Top hit found! SNR 2909.238281, Drift Rate -0.000000, index 304105
Top hit found! SNR 2779.859619, Drift Rate -0.000000, index 311622
Top hit found! SNR 2462.298340, Drift Rate -0.000000, index 319138
Top hit found! SNR 2493.091553, Drift Rate -0.000000, index 324149
Top hit found! SNR 2747.733643, Drift Rate -0.000000, index 331665
Top hit found! SNR 3126.363037, Drift Rate -0.000000, index 341686
Top hit found! SNR 3572.903320, Drift Rate -0.009566, index 349202
Top hit found! SNR 3582.509033, Drift Rate -0.000000, index 359224
Top hit found! SNR 3902.797363, Drift Rate -0.000000, index 366740
Top hit found! SNR 5028.527344, Drift Rate -0.000000, index 379267
Top hit found! SNR 6365.770996, Drift Rate -0.000000, index 391794
Top hit found! SNR 10402.875977, Drift Rate -0.000000, index 409332
Top hit found! SNR 15.529927, Drift Rate 0.047832, index 612339
Top hit found! SNR 15.386747, Drift Rate 0.047832, index 620229
Top hit found! SNR 23.101278, Drift Rate 0.047832, index 626647
Top hit found! SNR 26.109974, Drift Rate 0.047832, index 634432
Top hit found! SNR 16.591761, Drift Rate 0.047832, index 642007
Top hit found! SNR 22.001476, Drift Rate 0.047832, index 648530
Top hit found! SNR 24.785019, Drift Rate 0.047832, index 655158
Top hit found! SNR 21.424013, Drift Rate 0.047832, index 671886
Top hit found! SNR 19.321682, Drift Rate 0.047832, index 676620
Top hit found! SNR 10.090268, Drift Rate 0.047832, index 683774
Top hit found! SNR 14.622071, Drift Rate 0.076532, index 691666
Top hit found! SNR 18.934456, Drift Rate 0.066965, index 696820
Top hit found! SNR 17.233309, Drift Rate 0.047832, index 703132
Top hit found! SNR 14.235957, Drift Rate 0.028699, index 710915
Top hit found! SNR 16.134207, Drift Rate 0.028699, index 716070
Top hit found! SNR 15.091300, Drift Rate 0.066965, index 731854
Top hit found! SNR 14.164042, Drift Rate 0.066965, index 743637
Top hit found! SNR 11.547813, Drift Rate 0.047832, index 751001
Top hit found! SNR 11.548673, Drift Rate 0.028699, index 760783
Top hit found! SNR 16.379095, Drift Rate 0.066965, index 768255
Top hit found! SNR 15.562128, Drift Rate 0.028699, index 774565
Top hit found! SNR 19.018021, Drift Rate 0.019133, index 781297
Top hit found! SNR 10.635386, Drift Rate 0.028699, index 786769
Top hit found! SNR 11.022646, Drift Rate 0.047832, index 792347
Top hit found! SNR 14.539333, Drift Rate 0.028699, index 800551
Top hit found! SNR 17.639809, Drift Rate -0.038266, index 806962
Top hit found! SNR 16.994516, Drift Rate 0.019133, index 818435
Top hit found! SNR 21.669695, Drift Rate -0.047832, index 838944
Top hit found! SNR 11.687222, Drift Rate 0.009566, index 854204
Top hit found! SNR 17.701193, Drift Rate -0.038266, index 858829
Top hit found! SNR 12.018034, Drift Rate -0.038266, index 865562
Top hit found! SNR 15.425257, Drift Rate 0.047832, index 870200
Top hit found! SNR 21.561188, Drift Rate 0.009566, index 882610
Top hit found! SNR 12.324285, Drift Rate -0.038266, index 890917
Top hit found! SNR 10.840950, Drift Rate -0.009566, index 895864
Top hit found! SNR 10.019218, Drift Rate 0.047832, index 905232
Top hit found! SNR 15.182339, Drift Rate -0.000000, index 911751
Top hit found! SNR 12.019265, Drift Rate -0.047832, index 921636
Top hit found! SNR 11.585881, Drift Rate 0.028699, index 937530
Top hit found! SNR 12.537546, Drift Rate 0.047832, index 949103
Top hit found! SNR 37.844131, Drift Rate 0.086098, index 94167
Top hit found! SNR 49.259838, Drift Rate 0.086098, index 98796
Top hit found! SNR 70.524117, Drift Rate 0.086098, index 108370
Top hit found! SNR 65.621780, Drift Rate 0.066965, index 114787
Top hit found! SNR 101.827164, Drift Rate 0.086098, index 122573
Top hit found! SNR 56.649616, Drift Rate 0.066965, index 130147
Top hit found! SNR 86.114059, Drift Rate 0.095665, index 136671
Top hit found! SNR 89.220253, Drift Rate 0.086098, index 143298
Top hit found! SNR 53.429634, Drift Rate 0.086098, index 150873
Top hit found! SNR 107.256447, Drift Rate 0.086098, index 160026
Top hit found! SNR 89.074806, Drift Rate 0.076532, index 164760
Top hit found! SNR 60.333248, Drift Rate 0.066965, index 174123
Top hit found! SNR 99.605202, Drift Rate 0.086098, index 179805
Top hit found! SNR 141.417648, Drift Rate 0.086098, index 184960
Top hit found! SNR 128.785461, Drift Rate 0.086098, index 191272
Top hit found! SNR 93.404961, Drift Rate 0.066965, index 199057
Top hit found! SNR 117.119751, Drift Rate 0.086098, index 204213
Top hit found! SNR 140.751602, Drift Rate 0.086098, index 219783
Top hit found! SNR 126.227402, Drift Rate 0.086098, index 231777
Top hit found! SNR 114.430031, Drift Rate 0.086098, index 239141
Top hit found! SNR 117.970100, Drift Rate 0.076532, index 248925
Top hit found! SNR 172.950745, Drift Rate 0.086098, index 256395
Top hit found! SNR 158.895142, Drift Rate 0.076532, index 262707
Top hit found! SNR 166.457214, Drift Rate 0.066965, index 269440
Top hit found! SNR 112.894997, Drift Rate 0.086098, index 274911
Top hit found! SNR 129.443100, Drift Rate 0.086098, index 280487
Top hit found! SNR 154.471512, Drift Rate 0.086098, index 288693
Top hit found! SNR 181.201721, Drift Rate 0.086098, index 295111
Top hit found! SNR 136.349060, Drift Rate 0.086098, index 300792
Top hit found! SNR 171.957672, Drift Rate 0.086098, index 306578
Top hit found! SNR 141.237228, Drift Rate 0.086098, index 321307
Top hit found! SNR 161.561920, Drift Rate 0.086098, index 327093
Top hit found! SNR 88.328804, Drift Rate 0.086098, index 342348
Top hit found! SNR 127.052841, Drift Rate 0.086098, index 346977
Top hit found! SNR 97.747986, Drift Rate 0.086098, index 351817
Top hit found! SNR 105.352524, Drift Rate 0.086098, index 358340
Top hit found! SNR 103.575836, Drift Rate 0.086098, index 364021
Top hit found! SNR 156.107117, Drift Rate 0.086098, index 370754
Top hit found! SNR 82.563042, Drift Rate 0.086098, index 379065
Top hit found! SNR 72.718185, Drift Rate 0.086098, index 384010
Top hit found! SNR 55.406261, Drift Rate 0.086098, index 393373
Top hit found! SNR 77.451836, Drift Rate 0.086098, index 399896
Top hit found! SNR 60.806229, Drift Rate 0.086098, index 409785
Top hit found! SNR 32.647961, Drift Rate 0.086098, index 417150
Top hit found! SNR 46.907486, Drift Rate 0.086098, index 425671
Top hit found! SNR 51.730877, Drift Rate 0.086098, index 437244
Top hit found! SNR 26.652079, Drift Rate -0.000000, index 610508
Top hit found! SNR 636.155701, Drift Rate -0.000000, index 632424
Top hit found! SNR 30.287683, Drift Rate -0.000000, index 654341
Top hit found! SNR 248.724121, Drift Rate -0.000000, index 685387
Top hit found! SNR 19.302877, Drift Rate -0.009566, index 1035264
Top hit found! SNR 13.432128, Drift Rate -0.000000, index 319468
Top hit found! SNR 2902.690430, Drift Rate -0.009566, index 336566
Top hit found! SNR 10.060555, Drift Rate -0.028699, index 405931
Top hit found! SNR 66.706299, Drift Rate -0.000000, index 686444
Top hit found! SNR 15.324212, Drift Rate -0.076532, index 322502
Top hit found! SNR 15.571690, Drift Rate -0.076532, index 425877
Top hit found! SNR 10.434301, Drift Rate -0.076532, index 436645
Top hit found! SNR 10.933536, Drift Rate -0.066965, index 464643
Top hit found! SNR 14.188331, Drift Rate -0.066965, index 532483
Top hit found! SNR 19.281006, Drift Rate -0.076532, index 552942
Top hit found! SNR 11.039125, Drift Rate -0.076532, index 571248
Top hit found! SNR 14.528578, Drift Rate -0.066965, index 608937
Top hit found! SNR 11.410266, Drift Rate -0.066965, index 620782
Top hit found! SNR 14.915659, Drift Rate -0.076532, index 628319
Top hit found! SNR 12.483245, Drift Rate -0.066965, index 675700
Top hit found! SNR 11.505473, Drift Rate -0.066965, index 694006
Top hit found! SNR 11.241760, Drift Rate -0.066965, index 699390
Top hit found! SNR 13.306606, Drift Rate -0.076532, index 709081
Top hit found! SNR 11.205054, Drift Rate -0.066965, index 723080
Top hit found! SNR 17.816284, Drift Rate -0.066965, index 729541
Top hit found! SNR 10.244235, Drift Rate -0.066965, index 758615
Top hit found! SNR 19.171476, Drift Rate -0.066965, index 766153
Top hit found! SNR 10.973533, Drift Rate -0.076532, index 772613
Top hit found! SNR 17.390135, Drift Rate -0.076532, index 786612
Top hit found! SNR 17.685106, Drift Rate -0.066965, index 801688
Top hit found! SNR 10.885700, Drift Rate -0.076532, index 810302
Top hit found! SNR 20.580833, Drift Rate -0.066965, index 819994
Top hit found! SNR 14.691497, Drift Rate -0.066965, index 830762
Top hit found! SNR 11.656322, Drift Rate -0.066965, index 838300
Top hit found! SNR 14.995184, Drift Rate -0.066965, index 847991
Top hit found! SNR 15.026026, Drift Rate -0.066965, index 854452
Top hit found! SNR 28.997580, Drift Rate -0.066965, index 867374
Top hit found! SNR 20.853991, Drift Rate -0.076532, index 874911
Top hit found! SNR 25.176132, Drift Rate -0.076532, index 886756
Top hit found! SNR 17.896650, Drift Rate -0.066965, index 903986
Top hit found! SNR 10.430059, Drift Rate -0.066965, index 913677
Top hit found! SNR 10.818333, Drift Rate -0.076532, index 919061
Top hit found! SNR 25.887625, Drift Rate -0.076532, index 924445
Top hit found! SNR 46.155476, Drift Rate -0.076532, index 942751
Top hit found! SNR 12.666720, Drift Rate -0.066965, index 955673
Top hit found! SNR 27.680695, Drift Rate -0.066965, index 963211
Top hit found! SNR 12.389088, Drift Rate -0.076532, index 85849
Top hit found! SNR 25.513399, Drift Rate -0.066965, index 124615
Top hit found! SNR 10.742369, Drift Rate -0.076532, index 133229
Top hit found! SNR 10.037964, Drift Rate -0.066965, index 141844
Top hit found! SNR 11.082015, Drift Rate -0.066965, index 149382
Top hit found! SNR 16.440826, Drift Rate -0.066965, index 154766
Top hit found! SNR 11.963973, Drift Rate -0.066965, index 165534
Top hit found! SNR 10.388059, Drift Rate -0.066965, index 178456
Top hit found! SNR 11.942692, Drift Rate -0.066965, index 197839
Top hit found! SNR 14.248242, Drift Rate -0.066965, index 209684
Top hit found! SNR 14.086535, Drift Rate -0.076532, index 222605
Top hit found! SNR 13.079141, Drift Rate -0.076532, index 277523
Top hit found! SNR 12.118417, Drift Rate -0.076532, index 290445
Top hit found! SNR 10.451968, Drift Rate -0.076532, index 302290
Top hit found! SNR 14.121696, Drift Rate -0.066965, index 375514
Top hit found! SNR 21.160925, Drift Rate -0.000000, index 943718
Top hit found! SNR 22.838455, Drift Rate -0.009566, index 1036321
Top hit found! SNR 10.809433, Drift Rate -0.009566, index 1036321
Top hit found! SNR 22.535427, Drift Rate -0.009566, index 337623
Top hit found! SNR 11.259227, Drift Rate 0.210463, index 622624
Top hit found! SNR 11.887220, Drift Rate 0.095665, index 719994
Top hit found! SNR 15.988664, Drift Rate 0.076532, index 770798
Top hit found! SNR 14.049039, Drift Rate -0.086098, index 814180
Top hit found! SNR 16.184767, Drift Rate 0.105231, index 832192
Top hit found! SNR 14.731423, Drift Rate -0.038266, index 754825
Top hit found! SNR 50.790718, Drift Rate -0.009566, index 688557
Top hit found! SNR 12.686669, Drift Rate -0.000000, index 34953
Top hit found! SNR 77.579941, Drift Rate -0.009566, index 1038435
Top hit found! SNR 89.645241, Drift Rate -0.000000, index 34953
Top hit found! SNR 21.604641, Drift Rate -0.000000, index 533055
Top hit found! SNR 44.730007, Drift Rate -0.009566, index 1038435
Top hit found! SNR 10.189935, Drift Rate -0.000000, index 738911
Top hit found! SNR 15.142425, Drift Rate -0.000000, index 787444
Top hit found! SNR 10.348027, Drift Rate -0.000000, index 835369
Top hit found! SNR 11.429950, Drift Rate -0.000000, index 124771
Top hit found! SNR 11.231248, Drift Rate -0.000000, index 189124
Top hit found! SNR 10.815548, Drift Rate -0.000000, index 270084
Top hit found! SNR 12.848663, Drift Rate -0.000000, index 431396
Top hit found! SNR 11.224557, Drift Rate -0.000000, index 479750
Top hit found! SNR 10.159198, Drift Rate -0.000000, index 495713
Top hit found! SNR 13.058480, Drift Rate -0.000000, index 543924
Top hit found! SNR 11.279039, Drift Rate -0.000000, index 592600
Top hit found! SNR 10.357453, Drift Rate -0.000000, index 672773
Top hit found! SNR 11.094269, Drift Rate -0.000000, index 704055
Top hit found! SNR 10.240840, Drift Rate -0.000000, index 719803
Top hit found! SNR 10.065191, Drift Rate -0.000000, index 498330
Top hit found! SNR 17.513430, Drift Rate -0.000000, index 723919
Top hit found! SNR 11.335934, Drift Rate 0.009566, index 396575
Top hit found! SNR 13.524488, Drift Rate 0.019133, index 328481
Top hit found! SNR 11.224453, Drift Rate -0.038266, index 395048
Top hit found! SNR 10.046206, Drift Rate -0.028699, index 401648
Top hit found! SNR 16.461601, Drift Rate 5.376367, index 415249
Top hit found! SNR 14.129456, Drift Rate -0.076532, index 421477
Top hit found! SNR 10.574282, Drift Rate -0.038266, index 428410
Top hit found! SNR 17.261881, Drift Rate -0.086098, index 441663
Top hit found! SNR 11.938146, Drift Rate -11.058862, index 451255
Top hit found! SNR 10.062259, Drift Rate 5.376367, index 461921
Top hit found! SNR 49.670128, Drift Rate -11.058862, index 478349
Top hit found! SNR 23.917059, Drift Rate 5.376367, index 495350
Top hit found! SNR 14.807263, Drift Rate -0.086098, index 534434
Top hit found! SNR 15.975532, Drift Rate -0.105231, index 541234
Top hit found! SNR 10.128981, Drift Rate -0.086098, index 547856
Top hit found! SNR 16.029070, Drift Rate -11.058862, index 572838
Top hit found! SNR 13.185241, Drift Rate -11.058862, index 596675
Top hit found! SNR 12.062802, Drift Rate -11.058862, index 611099
Top hit found! SNR 13.510612, Drift Rate -0.086098, index 634149
Top hit found! SNR 12.606142, Drift Rate -0.086098, index 654371
Top hit found! SNR 47.680061, Drift Rate 16.540461, index 49055
Top hit found! SNR 28.929266, Drift Rate 16.540461, index 68275
Top hit found! SNR 13.641003, Drift Rate 5.577263, index 76113
Top hit found! SNR 15.461016, Drift Rate 5.577263, index 83844
Top hit found! SNR 18.156206, Drift Rate 16.540461, index 118526
Top hit found! SNR 11.868662, Drift Rate 5.577263, index 135813
Top hit found! SNR 13.751218, Drift Rate 5.577263, index 144188
Top hit found! SNR 10.902804, Drift Rate -10.848399, index 156679
Top hit found! SNR 70.315475, Drift Rate 5.577263, index 167703
Top hit found! SNR 35.267525, Drift Rate 16.540461, index 182163
Top hit found! SNR 16.400612, Drift Rate -0.009566, index 598935
Top hit found! SNR 10.233039, Drift Rate 5.405066, index 614357
Top hit found! SNR 23.609421, Drift Rate -0.009566, index 643388
Top hit found! SNR 56.239037, Drift Rate -5.481599, index 663825
Top hit found! SNR 12.734370, Drift Rate -0.000000, index 683833
Top hit found! SNR 10.429023, Drift Rate -0.000000, index 692029
Top hit found! SNR 21.096584, Drift Rate -0.009566, index 767799
Top hit found! SNR 16.437925, Drift Rate -5.481599, index 784764
Top hit found! SNR 14.514175, Drift Rate -5.481599, index 792137
Top hit found! SNR 51.579865, Drift Rate -0.000000, index 235956
Top hit found! SNR 14.086409, Drift Rate -0.000000, index 255752
Top hit found! SNR 11.080816, Drift Rate -0.000000, index 265523
Top hit found! SNR 10.428976, Drift Rate -0.000000, index 331236
Top hit found! SNR 21.797451, Drift Rate -0.000000, index 354855
Top hit found! SNR 13.201473, Drift Rate 5.491165, index 652331
Top hit found! SNR 13.282805, Drift Rate -21.878563, index 748467
Top hit found! SNR 13.197159, Drift Rate -21.878563, index 785153
Top hit found! SNR 23.681925, Drift Rate -21.878563, index 792025
Top hit found! SNR 13.159093, Drift Rate -21.878563, index 820658
Top hit found! SNR 32.038265, Drift Rate -21.878563, index 834044
Top hit found! SNR 102.921219, Drift Rate -21.878563, index 854445
Top hit found! SNR 44.106266, Drift Rate -21.878563, index 872448
Top hit found! SNR 57.875786, Drift Rate 5.491165, index 883865
Top hit found! SNR 18.826929, Drift Rate 5.491165, index 896213
Top hit found! SNR 10.969851, Drift Rate 5.491165, index 911818
Top hit found! SNR 16.902521, Drift Rate -21.878563, index 925956
Top hit found! SNR 12.928283, Drift Rate 5.491165, index 936335
Top hit found! SNR 23.882917, Drift Rate -21.897696, index 946034
Top hit found! SNR 67.669128, Drift Rate 5.491165, index 969442
Top hit found! SNR 61.592781, Drift Rate 5.491165, index 975777
Top hit found! SNR 41.067017, Drift Rate 5.491165, index 982470
Top hit found! SNR 71.478012, Drift Rate -0.000000, index 174763
Top hit found! SNR 27.562614, Drift Rate 0.019133, index 212118
Top hit found! SNR 125.412979, Drift Rate 0.019133, index 690642
Top hit found! SNR 38.953064, Drift Rate -0.038266, index 752932
Top hit found! SNR 116.407074, Drift Rate -0.000000, index 680986
Top hit found! SNR 15.340153, Drift Rate -0.000000, index 244668
Top hit found! SNR 10.152822, Drift Rate -0.019133, index 524286
Top hit found! SNR 10.605806, Drift Rate 0.019133, index 524290
Top hit found! SNR 14.150924, Drift Rate 0.076532, index 524292
Top hit found! SNR 23.064875, Drift Rate 1.588037, index 512204
Top hit found! SNR 183.406647, Drift Rate -0.000000, index 775946
Top hit found! SNR 10.627886, Drift Rate 0.009566, index 892688
Top hit found! SNR 891.026489, Drift Rate -0.000000, index 314573
Top hit found! SNR 14.791762, Drift Rate -0.000000, index 747984
Top hit found! SNR 27.006889, Drift Rate -0.000000, index 132820
Top hit found! SNR 10.276196, Drift Rate 0.038266, index 864028
Top hit found! SNR 14.081064, Drift Rate 0.516590, index 879814
Top hit found! SNR 39.883869, Drift Rate -1.568904, index 885091
Top hit found! SNR 17.805363, Drift Rate -0.363527, index 891734
Top hit found! SNR 123.066887, Drift Rate -0.000000, index 566231
Top hit found! SNR 121.460541, Drift Rate -0.000000, index 999642
Top hit found! SNR 36.265026, Drift Rate 0.009566, index 524682
Top hit found! SNR 10.595644, Drift Rate 0.076532, index 370258
Top hit found! SNR 293.035217, Drift Rate -0.000000, index 384478
Top hit found! SNR 267.377655, Drift Rate -0.019133, index 389648
Top hit found! SNR 118.189682, Drift Rate -0.000000, index 817889
Top hit found! SNR 35.926338, Drift Rate -0.038266, index 872803
Top hit found! SNR 48.481716, Drift Rate -0.000000, index 202725
Top hit found! SNR 36.243237, Drift Rate -0.000000, index 636136
Top hit found! SNR 65.042564, Drift Rate -0.162630, index 170209
Top hit found! SNR 38.370491, Drift Rate -0.162630, index 181014
Top hit found! SNR 176.921158, Drift Rate -0.000000, index 454383
Top hit found! SNR 79.472832, Drift Rate 0.086098, index 528236
Top hit found! SNR 23.124437, Drift Rate 0.047832, index 540579
Top hit found! SNR 10.926582, Drift Rate -0.000000, index 123419
Top hit found! SNR 74.673492, Drift Rate -0.009566, index 133115
Top hit found! SNR 10.533901, Drift Rate -0.019133, index 873202
Top hit found! SNR 32.244549, Drift Rate 0.076532, index 418878
Top hit found! SNR 36.242569, Drift Rate -0.114798, index 436998

===== Search time: 414.26 minutes
===== END OF LOG
