
turbo_seti version 2.1.17
blimpy version 2.0.31
h5py version 3.5.0

HDF5 header info: {'DIMENSION_LABELS': array(['time', 'feed_id', 'frequency'], dtype=object), 'az_start': 0.0, 'data_type': 1, 'fch1': 3151.46484375, 'foff': -2.7939677238464355e-06, 'machine_id': 20, 'nbits': 32, 'nchans': 536870912, 'nifs': 1, 'source_name': 'OFF_HD13908', 'src_dej': <Angle 65.5936 deg>, 'src_raj': <Angle 2.30402667 hourangle>, 'telescope_id': 6, 'tsamp': 18.253611007999982, 'tstart': 59524.19924768519, 'za_start': 0.0}

Starting ET search with parameters: datafile=/gpfs/group/jtw13/default/gbt_2020/2021/S_band/splice_no_overlap_ordered/OFF_Scan/spliced_blc0x1x2x_guppi_59524_17215_OFF_HD13908_0033.rawspec.0000.h5, max_drift=31.515, min_drift=0.0, snr=10.0, out_dir=/gpfs/group/jtw13/default/gbt_2020/2021/S_band/splice_no_overlap_ordered/OFF_Scan/, coarse_chans=None, flagging=False, n_coarse_chan=512, kernels=None, gpu_id=0, gpu_backend=False, blank_dc=True, precision=1, append_output=False, log_level_int=30, obs_info={'pulsar': 0, 'pulsar_found': 0, 'pulsar_dm': 0.0, 'pulsar_snr': 0.0, 'pulsar_stats': array([0., 0., 0., 0., 0., 0.]), 'RFI_level': 0.0, 'Mean_SEFD': 0.0, 'psrflux_Sens': 0.0, 'SEFDs_val': [0.0], 'SEFDs_freq': [0.0], 'SEFDs_freq_up': [0.0]}

Computed drift rate resolution: 0.00956648975722505

Top hit found! SNR 10.844704, Drift Rate -0.038266, index 94612
Top hit found! SNR 418.735077, Drift Rate -0.028699, index 202032
Top hit found! SNR 3892.514893, Drift Rate -0.009566, index 309451
Top hit found! SNR 293.331390, Drift Rate -0.334827, index 349553
Top hit found! SNR 283947.843750, Drift Rate -0.009566, index 416869
Top hit found! SNR 611.395996, Drift Rate -0.047832, index 436927
Top hit found! SNR 23.102310, Drift Rate -0.162630, index 456981
Top hit found! SNR 18.160248, Drift Rate 0.191330, index 464119
Top hit found! SNR 27.792057, Drift Rate -0.286995, index 477033
Top hit found! SNR 38.505344, Drift Rate 0.210463, index 484181
Top hit found! SNR 208.368195, Drift Rate -0.000000, index 491520
Top hit found! SNR 66.086563, Drift Rate -0.000000, index 509016
Top hit found! SNR 61.648163, Drift Rate -0.000000, index 516534
Top hit found! SNR 192000.781250, Drift Rate 0.019133, index 524289
Top hit found! SNR 61.648167, Drift Rate -0.000000, index 532042
Top hit found! SNR 66.086563, Drift Rate -0.000000, index 539560
Top hit found! SNR 208.368195, Drift Rate -0.000000, index 557056
Top hit found! SNR 38.505341, Drift Rate -0.210463, index 564395
Top hit found! SNR 27.792061, Drift Rate 0.286995, index 571543
Top hit found! SNR 18.160248, Drift Rate -0.191330, index 584457
Top hit found! SNR 23.102308, Drift Rate 0.162630, index 591595
Top hit found! SNR 611.395996, Drift Rate 0.047832, index 611649
Top hit found! SNR 283947.812500, Drift Rate 0.009566, index 631707
Top hit found! SNR 293.331390, Drift Rate 0.334827, index 699023
Top hit found! SNR 3892.514648, Drift Rate 0.009566, index 739125
Top hit found! SNR 418.735077, Drift Rate 0.028699, index 846544
Top hit found! SNR 10.844704, Drift Rate 0.038266, index 953964
Top hit found! SNR 485.744354, Drift Rate -1.339309, index 524262
Top hit found! SNR 1031.761108, Drift Rate -0.000000, index 794942
Top hit found! SNR 1875.328369, Drift Rate -0.000000, index 17021
Top hit found! SNR 136.209488, Drift Rate -0.000000, index 251380
Top hit found! SNR 212.526505, Drift Rate -0.000000, index 405981
Top hit found! SNR 190.577698, Drift Rate 31.358953, index 524904
Top hit found! SNR 13.770580, Drift Rate -0.000000, index 801752
Top hit found! SNR 41.687351, Drift Rate -0.000000, index 900693
Top hit found! SNR 12.646215, Drift Rate -0.000000, index 933675
Top hit found! SNR 3551.115967, Drift Rate -0.000000, index 17021
Top hit found! SNR 11.961980, Drift Rate -0.000000, index 181924
Top hit found! SNR 18.247122, Drift Rate -0.000000, index 280865
Top hit found! SNR 63.442528, Drift Rate -0.000000, index 346828
Top hit found! SNR 69.811394, Drift Rate -0.000000, index 511732
Top hit found! SNR 157.298431, Drift Rate 25.322498, index 524785
Top hit found! SNR 58869.574219, Drift Rate -0.000000, index 676636
Top hit found! SNR 10.673630, Drift Rate -0.000000, index 709618
Top hit found! SNR 18.351858, Drift Rate -0.000000, index 775576
Top hit found! SNR 47.918610, Drift Rate -0.000000, index 808558
Top hit found! SNR 15.927513, Drift Rate -0.000000, index 841540
Top hit found! SNR 16.571693, Drift Rate -0.000000, index 907503
Top hit found! SNR 64.130318, Drift Rate -0.000000, index 940480
Top hit found! SNR 96.936813, Drift Rate -0.000000, index 957699
Top hit found! SNR 27.898293, Drift Rate -0.000000, index 1006443
Top hit found! SNR 94.971321, Drift Rate -0.000000, index 1027047
Top hit found! SNR 11.597143, Drift Rate -0.000000, index 23831
Top hit found! SNR 10.715147, Drift Rate -0.000000, index 122771
Top hit found! SNR 16.010750, Drift Rate -0.000000, index 155753
Top hit found! SNR 6610.417480, Drift Rate -0.000000, index 287675
Top hit found! SNR 10.039279, Drift Rate -0.000000, index 452579
Top hit found! SNR 198.252792, Drift Rate -19.486940, index 523905
Top hit found! SNR 11.187460, Drift Rate -0.009566, index 617482
Top hit found! SNR 11.923345, Drift Rate -0.000000, index 815368
Top hit found! SNR 4339.921875, Drift Rate -0.000000, index 947290
Top hit found! SNR 37.387371, Drift Rate -0.000000, index 1027047
Top hit found! SNR 21.966320, Drift Rate -0.000000, index 37446
Top hit found! SNR 24.331926, Drift Rate -0.000000, index 63618
Top hit found! SNR 12.279901, Drift Rate -0.000000, index 162558
Top hit found! SNR 10.133344, Drift Rate -0.000000, index 426407
Top hit found! SNR 209.381165, Drift Rate 0.334827, index 524295
Top hit found! SNR 51644.511719, Drift Rate -0.000000, index 558329
Top hit found! SNR 10.400846, Drift Rate -0.000000, index 657270
Top hit found! SNR 31.469948, Drift Rate -0.000000, index 690251
Top hit found! SNR 70.766258, Drift Rate -0.000000, index 723233
Top hit found! SNR 23.284557, Drift Rate -0.009566, index 748361
Top hit found! SNR 21.778284, Drift Rate -0.000000, index 756215
Top hit found! SNR 25.600267, Drift Rate -0.000000, index 789196
Top hit found! SNR 119.729919, Drift Rate -0.000000, index 822174
Top hit found! SNR 52.332310, Drift Rate -0.000000, index 855155
Top hit found! SNR 49.583702, Drift Rate -0.000000, index 888137
Top hit found! SNR 68.974190, Drift Rate -0.000000, index 921119
Top hit found! SNR 138.315506, Drift Rate -0.000000, index 954100
Top hit found! SNR 49.437363, Drift Rate -0.000000, index 987077
Top hit found! SNR 160.145996, Drift Rate -0.000000, index 37446
Top hit found! SNR 15.881201, Drift Rate -0.000000, index 70428
Top hit found! SNR 59.998795, Drift Rate -0.000000, index 103405
Top hit found! SNR 55.987659, Drift Rate -0.000000, index 136387
Top hit found! SNR 58477.910156, Drift Rate -0.000000, index 169368
Top hit found! SNR 55.205967, Drift Rate -0.000000, index 202350
Top hit found! SNR 51.766788, Drift Rate -0.000000, index 235332
Top hit found! SNR 109.826370, Drift Rate -0.000000, index 268309
Top hit found! SNR 154.195328, Drift Rate -0.000000, index 301290
Top hit found! SNR 37.878902, Drift Rate -0.000000, index 334272
Top hit found! SNR 233.301895, Drift Rate -0.000000, index 433213
Top hit found! SNR 64.377129, Drift Rate -0.000000, index 466194
Top hit found! SNR 95.739174, Drift Rate -0.000000, index 499176
Top hit found! SNR 203.429749, Drift Rate -17.468410, index 523947
Top hit found! SNR 91.944565, Drift Rate -0.000000, index 532158
Top hit found! SNR 208.492493, Drift Rate -0.000000, index 565139
Top hit found! SNR 17.816303, Drift Rate -0.009566, index 598116
Top hit found! SNR 35.871925, Drift Rate -0.000000, index 631098
Top hit found! SNR 17.245024, Drift Rate -0.000000, index 664080
Top hit found! SNR 31.042681, Drift Rate -0.000000, index 697062
Top hit found! SNR 14.774764, Drift Rate -0.000000, index 730043
Top hit found! SNR 5152.832520, Drift Rate -0.000000, index 828984
Top hit found! SNR 14.035380, Drift Rate -0.000000, index 894947
Top hit found! SNR 10.989639, Drift Rate -0.000000, index 927924
Top hit found! SNR 2019.178833, Drift Rate -0.000000, index 51062
Top hit found! SNR 43.489090, Drift Rate -0.000000, index 110215
Top hit found! SNR 12.205194, Drift Rate -0.000000, index 143197
Top hit found! SNR 20.714556, Drift Rate -0.000000, index 178359
Top hit found! SNR 36.851982, Drift Rate -0.000000, index 275119
Top hit found! SNR 43.451733, Drift Rate -0.000000, index 310323
Top hit found! SNR 2184.945068, Drift Rate -0.000000, index 342535
Top hit found! SNR 15244.760742, Drift Rate -0.000000, index 440023
Top hit found! SNR 192.221603, Drift Rate 0.487891, index 524298
Top hit found! SNR 14.611749, Drift Rate -0.000000, index 538963
Top hit found! SNR 34.207088, Drift Rate -0.000000, index 571945
Top hit found! SNR 13.275306, Drift Rate -0.009566, index 604926
Top hit found! SNR 29.978584, Drift Rate -0.000000, index 703867
Top hit found! SNR 12.340791, Drift Rate -0.009566, index 835793
Top hit found! SNR 16.440584, Drift Rate -0.000000, index 868771
Top hit found! SNR 27780.349609, Drift Rate -0.000000, index 51062
Top hit found! SNR 22.503014, Drift Rate -0.000000, index 215966
Top hit found! SNR 12.891694, Drift Rate -0.000000, index 281929
Top hit found! SNR 48.622715, Drift Rate -0.000000, index 314906
Top hit found! SNR 29.132792, Drift Rate -0.000000, index 446833
Top hit found! SNR 18.810102, Drift Rate -0.000000, index 479810
Top hit found! SNR 13.808661, Drift Rate -0.000000, index 512791
Top hit found! SNR 191.232819, Drift Rate 21.141943, index 524703
Top hit found! SNR 35.866043, Drift Rate -0.000000, index 545773
Top hit found! SNR 29.353937, Drift Rate -0.000000, index 578755
Top hit found! SNR 15.388254, Drift Rate -0.000000, index 611736
Top hit found! SNR 11.793328, Drift Rate -0.000000, index 644714
Top hit found! SNR 3363.520020, Drift Rate -0.000000, index 710677
Top hit found! SNR 14.415688, Drift Rate -0.028699, index 735122
Top hit found! SNR 40.243813, Drift Rate -0.000000, index 842599
Top hit found! SNR 18.703596, Drift Rate -0.000000, index 875581
Top hit found! SNR 14.823032, Drift Rate -0.000000, index 941544
Top hit found! SNR 42.701210, Drift Rate -0.000000, index 974521
Top hit found! SNR 31.068262, Drift Rate -0.000000, index 57872
Top hit found! SNR 27.904467, Drift Rate -0.000000, index 156812
Top hit found! SNR 3889.247070, Drift Rate -0.000000, index 321716
Top hit found! SNR 11.158391, Drift Rate -0.000000, index 486620
Top hit found! SNR 181.124481, Drift Rate 5.892958, index 524405
Top hit found! SNR 49.734993, Drift Rate -0.009566, index 585560
Top hit found! SNR 26.031326, Drift Rate -0.000000, index 618542
Top hit found! SNR 36.338741, Drift Rate -0.000000, index 651524
Top hit found! SNR 64.611336, Drift Rate -0.000000, index 717487
Top hit found! SNR 11.556093, Drift Rate -0.009566, index 816427
Top hit found! SNR 25.885342, Drift Rate -0.000000, index 849409
Top hit found! SNR 11.627663, Drift Rate -0.000000, index 854896
Top hit found! SNR 10.350417, Drift Rate -0.000000, index 882391
Top hit found! SNR 2010.393311, Drift Rate -0.000000, index 981331
Top hit found! SNR 313.243896, Drift Rate -0.000000, index 986892
Top hit found! SNR 17.001764, Drift Rate -0.000000, index 97659
Top hit found! SNR 37.926598, Drift Rate -0.000000, index 199684
Top hit found! SNR 22.011513, Drift Rate -0.000000, index 262563
Top hit found! SNR 10.399130, Drift Rate -0.000000, index 298659
Top hit found! SNR 24.180374, Drift Rate -0.000000, index 328526
Top hit found! SNR 16.987518, Drift Rate -0.000000, index 427467
Top hit found! SNR 26.869989, Drift Rate -0.000000, index 463613
Top hit found! SNR 167.517532, Drift Rate -27.694988, index 523745
Top hit found! SNR 1104.664185, Drift Rate -0.009566, index 592370
Top hit found! SNR 16.196104, Drift Rate -0.000000, index 727537
Top hit found! SNR 23.067511, Drift Rate -0.000000, index 757274
Top hit found! SNR 28.671215, Drift Rate -0.000000, index 775946
Top hit found! SNR 109.223457, Drift Rate -0.000000, index 856215
Top hit found! SNR 15.963745, Drift Rate -0.000000, index 862295
Top hit found! SNR 20.474279, Drift Rate -0.000000, index 889196
Top hit found! SNR 60.513550, Drift Rate -0.000000, index 922178
Top hit found! SNR 10.823455, Drift Rate -0.000000, index 928295
Top hit found! SNR 17.386713, Drift Rate -0.000000, index 955160
Top hit found! SNR 50.028187, Drift Rate -0.000000, index 981331
Top hit found! SNR 51.806522, Drift Rate -0.000000, index 988141
Top hit found! SNR 10.796184, Drift Rate -0.000000, index 38506
Top hit found! SNR 17.712952, Drift Rate -0.000000, index 71488
Top hit found! SNR 10.720447, Drift Rate -0.000000, index 77716
Top hit found! SNR 1209.353638, Drift Rate -0.000000, index 203410
Top hit found! SNR 494.213470, Drift Rate -0.000000, index 209712
Top hit found! SNR 18.451933, Drift Rate -0.009566, index 335331
Top hit found! SNR 15.708064, Drift Rate -0.000000, index 470834
Top hit found! SNR 150.476532, Drift Rate 27.972416, index 524838
Top hit found! SNR 11.656226, Drift Rate -0.000000, index 602802
Top hit found! SNR 453.453583, Drift Rate -0.000000, index 863025
Top hit found! SNR 10.564835, Drift Rate -0.000000, index 144256
Top hit found! SNR 81.737633, Drift Rate -0.000000, index 474064
Top hit found! SNR 136.442520, Drift Rate -28.680336, index 523725
Top hit found! SNR 10.170466, Drift Rate -0.000000, index 737908
Top hit found! SNR 11.046790, Drift Rate -0.000000, index 869835
Top hit found! SNR 619.127563, Drift Rate -0.000000, index 85103
Top hit found! SNR 15.953485, Drift Rate -0.000000, index 221071
Top hit found! SNR 18.044113, Drift Rate -0.000000, index 250007
Top hit found! SNR 71.783043, Drift Rate -0.000000, index 348947
Top hit found! SNR 30.312651, Drift Rate -0.000000, index 381929
Top hit found! SNR 53.766727, Drift Rate -0.000000, index 414911
Top hit found! SNR 23.135941, Drift Rate -0.009566, index 447892
Top hit found! SNR 92.340355, Drift Rate -0.000000, index 480874
Top hit found! SNR 122.577576, Drift Rate 19.506073, index 524669
Top hit found! SNR 33.986816, Drift Rate -0.000000, index 583970
Top hit found! SNR 108.220947, Drift Rate -0.000000, index 612796
Top hit found! SNR 19.822113, Drift Rate -0.000000, index 645778
Top hit found! SNR 957.423096, Drift Rate -0.000000, index 744718
Top hit found! SNR 50.178154, Drift Rate -0.000000, index 876640
Top hit found! SNR 31.909246, Drift Rate -0.000000, index 909622
Top hit found! SNR 12.178308, Drift Rate -0.009566, index 1012848
Top hit found! SNR 15.009208, Drift Rate -0.000000, index 96239
Top hit found! SNR 26.921726, Drift Rate -0.000000, index 160782
Top hit found! SNR 12.809647, Drift Rate -0.009566, index 228201
Top hit found! SNR 285.532654, Drift Rate -0.000000, index 355757
Top hit found! SNR 111.546036, Drift Rate 11.441522, index 524512
Top hit found! SNR 68.092209, Drift Rate -0.009566, index 1015372
Top hit found! SNR 16.656700, Drift Rate -0.000000, index 1020105
Top hit found! SNR 13.207944, Drift Rate -0.009566, index 98718
Top hit found! SNR 11.080868, Drift Rate -0.000000, index 131700
Top hit found! SNR 20.816984, Drift Rate -0.000000, index 230641
Top hit found! SNR 15.543380, Drift Rate -0.000000, index 362567
Top hit found! SNR 102.797951, Drift Rate -0.755753, index 524274
Top hit found! SNR 14.230214, Drift Rate -0.000000, index 626412
Top hit found! SNR 53.661491, Drift Rate -0.000000, index 631218
Top hit found! SNR 20.495657, Drift Rate -0.000000, index 890256
Top hit found! SNR 25.454950, Drift Rate -0.000000, index 237451
Top hit found! SNR 22.923901, Drift Rate -0.009566, index 242594
Top hit found! SNR 79.471466, Drift Rate -14.416700, index 524007
Top hit found! SNR 21.079332, Drift Rate -0.000000, index 897066
Top hit found! SNR 25.379074, Drift Rate -0.000000, index 117766
Top hit found! SNR 24.574259, Drift Rate -0.000000, index 183750
Top hit found! SNR 11.671764, Drift Rate -0.000000, index 244261
Top hit found! SNR 17.798431, Drift Rate -0.000000, index 249734
Top hit found! SNR 16.883427, Drift Rate -0.000000, index 348705
Top hit found! SNR 16.655872, Drift Rate -0.000000, index 376183
Top hit found! SNR 29.493568, Drift Rate -0.000000, index 381697
Top hit found! SNR 619.595642, Drift Rate -0.000000, index 508105
Top hit found! SNR 516.325745, Drift Rate -0.000000, index 513660
Top hit found! SNR 85.106537, Drift Rate -9.269929, index 524105
Top hit found! SNR 25.093546, Drift Rate -0.000000, index 594193
Top hit found! SNR 12.888873, Drift Rate -0.000000, index 777587
Top hit found! SNR 129.623123, Drift Rate -0.000000, index 119144
Top hit found! SNR 15.092909, Drift Rate -0.000000, index 124752
Top hit found! SNR 78.800888, Drift Rate 0.631388, index 524301
Top hit found! SNR 13.985430, Drift Rate -0.009566, index 646837
Top hit found! SNR 552.576599, Drift Rate -0.009566, index 778759
Top hit found! SNR 122.347092, Drift Rate -0.000000, index 784726
Top hit found! SNR 10.164577, Drift Rate -0.000000, index 910681
Top hit found! SNR 17.914669, Drift Rate -0.000000, index 838
Top hit found! SNR 769.488464, Drift Rate -0.000000, index 389799
Top hit found! SNR 165.830307, Drift Rate -0.000000, index 395807
Top hit found! SNR 74.101456, Drift Rate 31.416353, index 524903
Top hit found! SNR 10.605509, Drift Rate -0.000000, index 653643
Top hit found! SNR 11.523356, Drift Rate -0.000000, index 917492
Top hit found! SNR 17.485613, Drift Rate -0.000000, index 838
Top hit found! SNR 71.782242, Drift Rate 26.537443, index 524809
Top hit found! SNR 34.836781, Drift Rate -0.000000, index 660453
Top hit found! SNR 68.862389, Drift Rate -0.000000, index 271492
Top hit found! SNR 68.587997, Drift Rate 23.734461, index 524752
Top hit found! SNR 18.798174, Drift Rate -0.000000, index 931107
Top hit found! SNR 22.368868, Drift Rate -0.000000, index 938103
Top hit found! SNR 65.390579, Drift Rate -20.615786, index 523883
Top hit found! SNR 10.774963, Drift Rate -0.009566, index 549347
Top hit found! SNR 21.085449, Drift Rate -0.009566, index 153185
Top hit found! SNR 48.783306, Drift Rate -0.000000, index 160592
Top hit found! SNR 63.678669, Drift Rate 7.605360, index 524436
Top hit found! SNR 104.967499, Drift Rate -0.000000, index 412440
Top hit found! SNR 61.761063, Drift Rate 3.635266, index 524359
Top hit found! SNR 61.634514, Drift Rate -3.683099, index 524217
Top hit found! SNR 18.565128, Drift Rate -0.000000, index 694494
Top hit found! SNR 15.508162, Drift Rate -0.000000, index 702724
Top hit found! SNR 27.930178, Drift Rate -0.000000, index 305533
Top hit found! SNR 60.617714, Drift Rate -8.437644, index 524124
Top hit found! SNR 28.776007, Drift Rate -0.009566, index 965148
Top hit found! SNR 60.820087, Drift Rate 28.326376, index 524844
Top hit found! SNR 12.307665, Drift Rate -0.009566, index 576187
Top hit found! SNR 61.095097, Drift Rate -10.178745, index 524089
Top hit found! SNR 61.377697, Drift Rate 26.518311, index 524809
Top hit found! SNR 59.082539, Drift Rate -29.990946, index 523701
Top hit found! SNR 23.899920, Drift Rate -0.009566, index 728535
Top hit found! SNR 40.673855, Drift Rate -0.000000, index 230687
Top hit found! SNR 10.126776, Drift Rate -0.009566, index 339574
Top hit found! SNR 59.970062, Drift Rate -27.427126, index 523752
Top hit found! SNR 16.337309, Drift Rate 15.239418, index 524586
Top hit found! SNR 19.601704, Drift Rate -0.000000, index 610229
Top hit found! SNR 15.360195, Drift Rate -0.000000, index 971680
Top hit found! SNR 15.002641, Drift Rate -0.000000, index 221268
Top hit found! SNR 58.964417, Drift Rate -15.736876, index 523980
Top hit found! SNR 12.050018, Drift Rate -0.000000, index 880883
Top hit found! SNR 59.377190, Drift Rate 26.613974, index 524811
Top hit found! SNR 52167.062500, Drift Rate -0.000000, index 664098
Top hit found! SNR 59.493622, Drift Rate 27.981983, index 524837
Top hit found! SNR 57.224449, Drift Rate 9.422993, index 524472
Top hit found! SNR 58.815292, Drift Rate -25.370331, index 523791
Top hit found! SNR 58.915848, Drift Rate -24.260618, index 523811
Top hit found! SNR 58.827698, Drift Rate 15.555112, index 524594
Top hit found! SNR 11.527531, Drift Rate -0.000000, index 137003
Top hit found! SNR 59.053623, Drift Rate 15.832541, index 524598
Top hit found! SNR 59.677444, Drift Rate -2.515987, index 524238
Top hit found! SNR 59.260311, Drift Rate 24.203218, index 524763
Top hit found! SNR 140.707581, Drift Rate -0.038266, index 156400
Top hit found! SNR 10.479910, Drift Rate 0.019133, index 167728
Top hit found! SNR 11.259238, Drift Rate -0.047832, index 191475
Top hit found! SNR 59.250660, Drift Rate 19.180813, index 524665
Top hit found! SNR 60.935215, Drift Rate 17.774538, index 524635
Top hit found! SNR 61.878311, Drift Rate 30.880629, index 524893
Top hit found! SNR 61.395947, Drift Rate -16.023870, index 523973
Top hit found! SNR 61.562695, Drift Rate -29.933546, index 523702
Top hit found! SNR 13.939447, Drift Rate -0.000000, index 300592
Top hit found! SNR 68.513336, Drift Rate -5.615530, index 524177
Top hit found! SNR 61.859993, Drift Rate 6.868740, index 524422
Top hit found! SNR 63.515953, Drift Rate 24.346716, index 524764
Top hit found! SNR 63.083042, Drift Rate -12.819097, index 524035
Top hit found! SNR 62.380974, Drift Rate 27.943716, index 524835
Top hit found! SNR 62.076385, Drift Rate -6.342583, index 524163
Top hit found! SNR 11.032796, Drift Rate -0.000000, index 872895
Top hit found! SNR 61.839558, Drift Rate -27.407993, index 523750
Top hit found! SNR 61.442364, Drift Rate 11.546753, index 524513
Top hit found! SNR 61.232021, Drift Rate -7.490561, index 524142
Top hit found! SNR 61.396572, Drift Rate -7.787123, index 524136
Top hit found! SNR 20.093540, Drift Rate 0.057399, index 874880
Top hit found! SNR 14.583590, Drift Rate -0.028699, index 894772
Top hit found! SNR 60.863201, Drift Rate -9.614323, index 524099
Top hit found! SNR 61.497204, Drift Rate 18.453758, index 524649
Top hit found! SNR 19.756363, Drift Rate -0.000000, index 244085
Top hit found! SNR 61.456566, Drift Rate -26.680941, index 523766
Top hit found! SNR 61.317604, Drift Rate -15.449881, index 523986
Top hit found! SNR 63.555801, Drift Rate 10.504005, index 524493
Top hit found! SNR 63.947159, Drift Rate 6.897439, index 524422
Top hit found! SNR 6338.763184, Drift Rate -0.000000, index 524225
Top hit found! SNR 27.688046, Drift Rate -0.000000, index 803908
Top hit found! SNR 301.712372, Drift Rate -0.009566, index 367590
Top hit found! SNR 25.356266, Drift Rate 0.028699, index 228801
Top hit found! SNR 12.267511, Drift Rate -0.028699, index 248683
Top hit found! SNR 14.879744, Drift Rate -0.019133, index 651171
Top hit found! SNR 18.564661, Drift Rate -0.000000, index 546728
Top hit found! SNR 10.581607, Drift Rate 0.009566, index 383905
Top hit found! SNR 21.755005, Drift Rate -0.000000, index 174059
Top hit found! SNR 24.246603, Drift Rate 9.643022, index 525045
Top hit found! SNR 17.912228, Drift Rate -5.644229, index 523846
Top hit found! SNR 17.154192, Drift Rate 14.617597, index 525435
Top hit found! SNR 16.469206, Drift Rate 9.241229, index 525013
Top hit found! SNR 16.590136, Drift Rate -3.711798, index 523998
Top hit found! SNR 16.773741, Drift Rate -13.029559, index 523267
Top hit found! SNR 15.587349, Drift Rate 26.221748, index 526343
Top hit found! SNR 15.074774, Drift Rate 20.108761, index 525866
Top hit found! SNR 13.736313, Drift Rate 12.761698, index 525290
Top hit found! SNR 12.954607, Drift Rate -21.955093, index 522565
Top hit found! SNR 12.050319, Drift Rate -14.474099, index 523152
Top hit found! SNR 11.148030, Drift Rate 20.941046, index 525931
Top hit found! SNR 10.603766, Drift Rate 24.212786, index 526188
Top hit found! SNR 10.288241, Drift Rate -0.000000, index 174763
Top hit found! SNR 44.870258, Drift Rate 0.009566, index 569168
Top hit found! SNR 64.569817, Drift Rate 0.009566, index 680986
Top hit found! SNR 26.607042, Drift Rate -0.019133, index 328107
Top hit found! SNR 644.905090, Drift Rate -0.000000, index 384478
Top hit found! SNR 88.069740, Drift Rate 0.200896, index 1024100
Top hit found! SNR 19.003880, Drift Rate 0.181763, index 1024099
Top hit found! SNR 18.296583, Drift Rate 0.392226, index 868471
Top hit found! SNR 15.123687, Drift Rate 0.153064, index 166232
Top hit found! SNR 129.329590, Drift Rate -0.114798, index 512512
Top hit found! SNR 1352.382080, Drift Rate 0.047832, index 528215
Top hit found! SNR 437.876282, Drift Rate 0.736620, index 536300
Top hit found! SNR 19.818874, Drift Rate 0.114798, index 588212
Top hit found! SNR 44.733120, Drift Rate 0.172197, index 39882
Top hit found! SNR 19.456982, Drift Rate 0.153064, index 47239
Top hit found! SNR 18.588903, Drift Rate -0.000000, index 104858
Top hit found! SNR 332.683258, Drift Rate 0.172197, index 39882
Top hit found! SNR 232.310043, Drift Rate 0.153064, index 47239
Top hit found! SNR 28.005507, Drift Rate 0.047832, index 405016
Top hit found! SNR 22.338505, Drift Rate -0.019133, index 524287
Top hit found! SNR 16.559254, Drift Rate -0.000000, index 591607
Top hit found! SNR 13.397331, Drift Rate 0.019133, index 886667
Top hit found! SNR 50.027798, Drift Rate -31.244156, index 26384
Top hit found! SNR 11.226153, Drift Rate -29.015163, index 463918
Top hit found! SNR 184.639282, Drift Rate -31.205889, index 26386
Top hit found! SNR 53.804790, Drift Rate -0.000000, index 683271
Top hit found! SNR 54.531071, Drift Rate -20.587086, index 592145
Top hit found! SNR 17.747723, Drift Rate -0.047832, index 711617
Top hit found! SNR 3075.281494, Drift Rate 0.019133, index 271500
Top hit found! SNR 27.828442, Drift Rate 0.057399, index 879957
Top hit found! SNR 38.899582, Drift Rate -0.047832, index 280280
Top hit found! SNR 126.200958, Drift Rate -0.000000, index 375810
Top hit found! SNR 78.101677, Drift Rate -0.038266, index 1013287
Top hit found! SNR 33.150864, Drift Rate -0.038266, index 697717
Top hit found! SNR 10.429045, Drift Rate -0.019133, index 1033147
Top hit found! SNR 26.486288, Drift Rate -0.401793, index 33995
Top hit found! SNR 192.896744, Drift Rate -0.392226, index 33995
Top hit found! SNR 11.918744, Drift Rate -0.296561, index 707548
Top hit found! SNR 38.331814, Drift Rate -0.286995, index 723274
Top hit found! SNR 516.551575, Drift Rate -0.258295, index 729919
Top hit found! SNR 41.197968, Drift Rate -0.325261, index 755631
Top hit found! SNR 30.793186, Drift Rate -0.382660, index 761008
Top hit found! SNR 51.177158, Drift Rate -0.277428, index 766386
Top hit found! SNR 152.708618, Drift Rate -0.191330, index 783964
Top hit found! SNR 1630.629517, Drift Rate -0.296561, index 796957
Top hit found! SNR 199.731384, Drift Rate -0.325261, index 805689
Top hit found! SNR 161.270279, Drift Rate -0.239162, index 810444
Top hit found! SNR 32.893505, Drift Rate -0.000000, index 334450
Top hit found! SNR 76.776398, Drift Rate -0.009566, index 684327
Top hit found! SNR 35.431019, Drift Rate -0.000000, index 828999
Top hit found! SNR 2889.385986, Drift Rate 0.009566, index 135094
Top hit found! SNR 3193.456787, Drift Rate -0.000000, index 852103
Top hit found! SNR 2640.020264, Drift Rate -0.000000, index 857561
Top hit found! SNR 20.489885, Drift Rate -0.000000, index 943608
Top hit found! SNR 156.461182, Drift Rate -0.000000, index 352804
Top hit found! SNR 32.186348, Drift Rate -0.038266, index 301840
Top hit found! SNR 137.474564, Drift Rate -0.019133, index 323757
Top hit found! SNR 803.795227, Drift Rate -0.009566, index 345674
Top hit found! SNR 23.072460, Drift Rate -0.124364, index 353716
Top hit found! SNR 501918.937500, Drift Rate -0.009566, index 367590
Top hit found! SNR 21.974913, Drift Rate 0.124364, index 381465
Top hit found! SNR 598.023315, Drift Rate 0.009566, index 389507
Top hit found! SNR 111.362396, Drift Rate 0.009566, index 411423
Top hit found! SNR 26.511904, Drift Rate 0.019133, index 433340
Top hit found! SNR 7484.493652, Drift Rate -0.000000, index 753064
Top hit found! SNR 10.344349, Drift Rate -0.000000, index 774980
Top hit found! SNR 13.896083, Drift Rate -0.000000, index 904461
Top hit found! SNR 129.988983, Drift Rate -0.000000, index 66093
Top hit found! SNR 26.272995, Drift Rate -0.000000, index 86136
Top hit found! SNR 13.764930, Drift Rate -0.057399, index 135373
Top hit found! SNR 10.982359, Drift Rate -0.057399, index 154626
Top hit found! SNR 11.253692, Drift Rate -0.057399, index 170407
Top hit found! SNR 10.017922, Drift Rate -0.019133, index 219855
Top hit found! SNR 10.771272, Drift Rate -0.057399, index 245524
Top hit found! SNR 10.290478, Drift Rate -0.057399, index 276560
Top hit found! SNR 12.986529, Drift Rate -0.057399, index 321167
Top hit found! SNR 4456.260254, Drift Rate -0.000000, index 68598
Top hit found! SNR 3403.064453, Drift Rate -0.000000, index 86136
Top hit found! SNR 2999.847656, Drift Rate -0.000000, index 98663
Top hit found! SNR 2376.384521, Drift Rate -0.000000, index 111190
Top hit found! SNR 2144.347412, Drift Rate -0.000000, index 118706
Top hit found! SNR 2307.822266, Drift Rate -0.000000, index 128728
Top hit found! SNR 1866.427490, Drift Rate -0.000000, index 136244
Top hit found! SNR 1460.821655, Drift Rate -0.000000, index 146266
Top hit found! SNR 1481.777100, Drift Rate -0.000000, index 153782
Top hit found! SNR 1372.119263, Drift Rate -0.000000, index 158793
Top hit found! SNR 1734.909912, Drift Rate -0.000000, index 166309
Top hit found! SNR 1824.328369, Drift Rate -0.000000, index 173825
Top hit found! SNR 1341.251221, Drift Rate -0.000000, index 178836
Top hit found! SNR 1911.727905, Drift Rate -0.000000, index 186352
Top hit found! SNR 1411.791260, Drift Rate -0.000000, index 191363
Top hit found! SNR 1789.737183, Drift Rate -0.000000, index 198879
Top hit found! SNR 1922.142334, Drift Rate -0.000000, index 203890
Top hit found! SNR 1449.933105, Drift Rate -0.000000, index 208901
Top hit found! SNR 1374.709961, Drift Rate -0.000000, index 216417
Top hit found! SNR 1711.935059, Drift Rate -0.000000, index 221428
Top hit found! SNR 1991.220825, Drift Rate -0.000000, index 226438
Top hit found! SNR 2223.038818, Drift Rate -0.000000, index 231449
Top hit found! SNR 2308.173584, Drift Rate -0.000000, index 236460
Top hit found! SNR 2265.530762, Drift Rate -0.000000, index 241471
Top hit found! SNR 2110.740723, Drift Rate -0.000000, index 246482
Top hit found! SNR 2096.906738, Drift Rate -0.000000, index 251492
Top hit found! SNR 2021.292603, Drift Rate -0.000000, index 256503
Top hit found! SNR 1648.855591, Drift Rate -0.000000, index 261514
Top hit found! SNR 1921.545410, Drift Rate -0.000000, index 269030
Top hit found! SNR 2581.851074, Drift Rate -0.000000, index 274041
Top hit found! SNR 2470.612305, Drift Rate -0.000000, index 279052
Top hit found! SNR 2101.993896, Drift Rate -0.000000, index 286568
Top hit found! SNR 2916.888428, Drift Rate -0.000000, index 291579
Top hit found! SNR 2164.261230, Drift Rate -0.000000, index 299095
Top hit found! SNR 3074.773193, Drift Rate -0.000000, index 304106
Top hit found! SNR 3255.756104, Drift Rate -0.000000, index 311622
Top hit found! SNR 2764.251953, Drift Rate -0.000000, index 319138
Top hit found! SNR 2992.174072, Drift Rate -0.000000, index 324149
Top hit found! SNR 3117.270996, Drift Rate -0.000000, index 331665
Top hit found! SNR 3395.685059, Drift Rate -0.000000, index 341687
Top hit found! SNR 4197.478027, Drift Rate -0.000000, index 349203
Top hit found! SNR 3511.676758, Drift Rate -0.000000, index 356719
Top hit found! SNR 4001.989502, Drift Rate -0.000000, index 366741
Top hit found! SNR 4842.030762, Drift Rate -0.000000, index 379268
Top hit found! SNR 5798.012207, Drift Rate -0.000000, index 391795
Top hit found! SNR 9333.697266, Drift Rate -0.000000, index 411838
Top hit found! SNR 10.460517, Drift Rate -0.133931, index 620232
Top hit found! SNR 11.677292, Drift Rate 0.133931, index 626661
Top hit found! SNR 15.063969, Drift Rate 0.133931, index 634446
Top hit found! SNR 13.060477, Drift Rate 0.133931, index 648544
Top hit found! SNR 13.806234, Drift Rate 0.133931, index 655172
Top hit found! SNR 13.555199, Drift Rate 0.133931, index 671900
Top hit found! SNR 11.484705, Drift Rate 0.133931, index 676634
Top hit found! SNR 10.618559, Drift Rate 0.114798, index 691677
Top hit found! SNR 14.966938, Drift Rate 0.095665, index 696831
Top hit found! SNR 15.258843, Drift Rate 0.095665, index 703143
Top hit found! SNR 11.858927, Drift Rate 0.066965, index 716082
Top hit found! SNR 12.266813, Drift Rate 0.095665, index 731654
Top hit found! SNR 10.507700, Drift Rate 0.066965, index 743646
Top hit found! SNR 11.666377, Drift Rate 0.095665, index 768266
Top hit found! SNR 12.600612, Drift Rate -0.000000, index 781306
Top hit found! SNR 12.733441, Drift Rate -0.000000, index 806976
Top hit found! SNR 13.222028, Drift Rate -0.143497, index 818441
Top hit found! SNR 18.076944, Drift Rate 0.019133, index 838959
Top hit found! SNR 15.694202, Drift Rate 0.019133, index 858843
Top hit found! SNR 14.028767, Drift Rate 0.095665, index 870211
Top hit found! SNR 12.669451, Drift Rate 0.095665, index 875892
Top hit found! SNR 17.176079, Drift Rate -0.019133, index 882620
Top hit found! SNR 10.903798, Drift Rate 0.066965, index 890935
Top hit found! SNR 10.914233, Drift Rate 0.095665, index 896197
Top hit found! SNR 13.874870, Drift Rate 0.066965, index 911766
Top hit found! SNR 15.348102, Drift Rate 0.095665, index 921657
Top hit found! SNR 14.944596, Drift Rate 0.095665, index 937543
Top hit found! SNR 16.342478, Drift Rate 0.095665, index 949116
Top hit found! SNR 10.350485, Drift Rate 0.066965, index 956163
Top hit found! SNR 37.914925, Drift Rate 0.229596, index 94188
Top hit found! SNR 43.357513, Drift Rate 0.229596, index 98817
Top hit found! SNR 57.878113, Drift Rate 0.210463, index 108389
Top hit found! SNR 61.047924, Drift Rate 0.191330, index 114805
Top hit found! SNR 86.789726, Drift Rate 0.210463, index 122592
Top hit found! SNR 45.409111, Drift Rate 0.191330, index 130165
Top hit found! SNR 64.943367, Drift Rate 0.229596, index 136691
Top hit found! SNR 69.394814, Drift Rate 0.229596, index 143319
Top hit found! SNR 36.096165, Drift Rate 0.229596, index 150894
Top hit found! SNR 71.112358, Drift Rate 0.229596, index 160047
Top hit found! SNR 57.569466, Drift Rate 0.229596, index 164781
Top hit found! SNR 38.088348, Drift Rate 0.239162, index 174146
Top hit found! SNR 60.865086, Drift Rate 0.066965, index 179816
Top hit found! SNR 81.911049, Drift Rate 0.066965, index 184971
Top hit found! SNR 73.997810, Drift Rate 0.229596, index 191293
Top hit found! SNR 51.999424, Drift Rate 0.133931, index 199072
Top hit found! SNR 62.074177, Drift Rate 0.172197, index 204228
Top hit found! SNR 59.305126, Drift Rate 0.229596, index 219804
Top hit found! SNR 49.987980, Drift Rate 0.047832, index 231787
Top hit found! SNR 40.483929, Drift Rate 0.047832, index 239151
Top hit found! SNR 39.234020, Drift Rate 0.229596, index 248946
Top hit found! SNR 54.712608, Drift Rate 0.047832, index 256405
Top hit found! SNR 55.562069, Drift Rate -0.172197, index 262711
Top hit found! SNR 65.251663, Drift Rate -0.172197, index 269444
Top hit found! SNR 35.938572, Drift Rate -0.181763, index 274915
Top hit found! SNR 37.364334, Drift Rate 0.229596, index 280508
Top hit found! SNR 43.155998, Drift Rate -0.181763, index 288697
Top hit found! SNR 52.001137, Drift Rate -0.191330, index 295114
Top hit found! SNR 49.264858, Drift Rate -0.172197, index 306582
Top hit found! SNR 60.833393, Drift Rate -0.172197, index 327097
Top hit found! SNR 30.403389, Drift Rate -0.181763, index 342352
Top hit found! SNR 48.292015, Drift Rate -0.181763, index 346981
Top hit found! SNR 31.208393, Drift Rate 0.229596, index 351838
Top hit found! SNR 41.327690, Drift Rate -0.200896, index 358343
Top hit found! SNR 36.503841, Drift Rate 0.239162, index 364043
Top hit found! SNR 56.017525, Drift Rate 0.229596, index 370775
Top hit found! SNR 35.752388, Drift Rate -0.124364, index 379069
Top hit found! SNR 32.007977, Drift Rate -0.114798, index 387275
Top hit found! SNR 26.754229, Drift Rate -0.124364, index 393377
Top hit found! SNR 38.422264, Drift Rate 0.229596, index 399917
Top hit found! SNR 37.440052, Drift Rate -0.124364, index 409789
Top hit found! SNR 25.411377, Drift Rate 0.210463, index 419589
Top hit found! SNR 38.379200, Drift Rate 0.210463, index 425691
Top hit found! SNR 39.083996, Drift Rate 0.229596, index 437265
Top hit found! SNR 29.225971, Drift Rate 0.191330, index 444206
Top hit found! SNR 16.657276, Drift Rate -0.009566, index 588592
Top hit found! SNR 89.723572, Drift Rate -0.009566, index 610508
Top hit found! SNR 3460.270508, Drift Rate -0.000000, index 632425
Top hit found! SNR 89.088387, Drift Rate -0.000000, index 654341
Top hit found! SNR 13.953263, Drift Rate 0.019133, index 676258
Top hit found! SNR 227.898087, Drift Rate -0.009566, index 685384
Top hit found! SNR 18.615236, Drift Rate -0.009566, index 1035261
Top hit found! SNR 13.986048, Drift Rate 0.009566, index 319473
Top hit found! SNR 2567.502441, Drift Rate -0.009566, index 336563
Top hit found! SNR 22.110653, Drift Rate -0.000000, index 405937
Top hit found! SNR 71.218483, Drift Rate -0.009566, index 686441
Top hit found! SNR 10.103190, Drift Rate -0.076532, index 490645
Top hit found! SNR 14.735147, Drift Rate -0.066965, index 525104
Top hit found! SNR 14.198507, Drift Rate -0.076532, index 592943
Top hit found! SNR 11.317560, Drift Rate -0.076532, index 614479
Top hit found! SNR 11.288509, Drift Rate -0.076532, index 644630
Top hit found! SNR 10.268956, Drift Rate -0.066965, index 683396
Top hit found! SNR 18.671682, Drift Rate -0.076532, index 704932
Top hit found! SNR 13.859424, Drift Rate -0.076532, index 732929
Top hit found! SNR 15.037606, Drift Rate -0.066965, index 742621
Top hit found! SNR 13.761159, Drift Rate -0.076532, index 757696
Top hit found! SNR 12.669261, Drift Rate -0.066965, index 767388
Top hit found! SNR 19.945547, Drift Rate -0.066965, index 795385
Top hit found! SNR 10.346656, Drift Rate -0.076532, index 809383
Top hit found! SNR 11.126513, Drift Rate -0.076532, index 816921
Top hit found! SNR 10.553372, Drift Rate -0.066965, index 830920
Top hit found! SNR 11.188882, Drift Rate -0.066965, index 855687
Top hit found! SNR 10.638425, Drift Rate -0.076532, index 869685
Top hit found! SNR 13.319774, Drift Rate -0.076532, index 885837
Top hit found! SNR 16.711172, Drift Rate -0.066965, index 907374
Top hit found! SNR 17.988335, Drift Rate -0.076532, index 975213
Top hit found! SNR 11.758455, Drift Rate -0.076532, index 91390
Top hit found! SNR 11.365321, Drift Rate -0.076532, index 96774
Top hit found! SNR 11.587314, Drift Rate -0.076532, index 125848
Top hit found! SNR 14.241207, Drift Rate -0.066965, index 147385
Top hit found! SNR 11.472140, Drift Rate -0.066965, index 164614
Top hit found! SNR 13.820461, Drift Rate -0.076532, index 203379
Top hit found! SNR 11.183292, Drift Rate -0.066965, index 213071
Top hit found! SNR 21.140549, Drift Rate -0.000000, index 943718
Top hit found! SNR 20.481760, Drift Rate -0.000000, index 1036319
Top hit found! SNR 23.755907, Drift Rate -0.009566, index 337620
Top hit found! SNR 10.199685, Drift Rate -0.000000, index 754831
Top hit found! SNR 13.242530, Drift Rate -0.038266, index 875491
Top hit found! SNR 44.946178, Drift Rate -0.009566, index 688555
Top hit found! SNR 12.133561, Drift Rate -0.000000, index 34953
Top hit found! SNR 68.026787, Drift Rate -0.019133, index 1038432
Top hit found! SNR 90.438255, Drift Rate -0.000000, index 34953
Top hit found! SNR 19.356865, Drift Rate 0.009566, index 533060
Top hit found! SNR 38.775169, Drift Rate -0.019133, index 1038432
Top hit found! SNR 12.115268, Drift Rate -0.000000, index 657772
Top hit found! SNR 10.131916, Drift Rate -0.000000, index 675238
Top hit found! SNR 11.830320, Drift Rate -0.000000, index 691058
Top hit found! SNR 12.115512, Drift Rate -0.000000, index 707522
Top hit found! SNR 11.619683, Drift Rate -0.000000, index 722447
Top hit found! SNR 10.821999, Drift Rate -0.000000, index 738768
Top hit found! SNR 12.888731, Drift Rate -0.000000, index 754158
Top hit found! SNR 10.521878, Drift Rate -0.000000, index 770157
Top hit found! SNR 16.054611, Drift Rate -0.000000, index 788160
Top hit found! SNR 12.573895, Drift Rate -0.000000, index 803264
Top hit found! SNR 11.144724, Drift Rate -0.000000, index 820981
Top hit found! SNR 14.652847, Drift Rate -0.000000, index 836729
Top hit found! SNR 13.032437, Drift Rate -0.000000, index 850473
Top hit found! SNR 13.873504, Drift Rate -0.000000, index 866937
Top hit found! SNR 12.283643, Drift Rate -0.000000, index 157055
Top hit found! SNR 11.149881, Drift Rate -0.000000, index 190484
Top hit found! SNR 11.947633, Drift Rate -0.000000, index 237657
Top hit found! SNR 10.995101, Drift Rate -0.000000, index 318474
Top hit found! SNR 13.613596, Drift Rate -0.000000, index 334222
Top hit found! SNR 10.523456, Drift Rate -0.000000, index 224544
Top hit found! SNR 13.653111, Drift Rate -0.000000, index 241187
Top hit found! SNR 11.051867, Drift Rate -0.000000, index 396572
Top hit found! SNR 13.012057, Drift Rate 0.095665, index 288471
Top hit found! SNR 11.625030, Drift Rate 0.095665, index 308382
Top hit found! SNR 19.606735, Drift Rate 0.038266, index 328407
Top hit found! SNR 13.341491, Drift Rate 0.057399, index 375222
Top hit found! SNR 16.698824, Drift Rate 0.076532, index 395049
Top hit found! SNR 13.917457, Drift Rate 0.086098, index 401650
Top hit found! SNR 13.959879, Drift Rate 0.047832, index 415024
Top hit found! SNR 16.797739, Drift Rate 0.086098, index 421626
Top hit found! SNR 15.161891, Drift Rate 0.047832, index 428410
Top hit found! SNR 12.906338, Drift Rate 0.028699, index 448090
Top hit found! SNR 21.436800, Drift Rate 0.028699, index 468133
Top hit found! SNR 21.522278, Drift Rate 0.153064, index 474722
Top hit found! SNR 18.483850, Drift Rate 0.066965, index 487891
Top hit found! SNR 19.441690, Drift Rate 0.038266, index 494903
Top hit found! SNR 10.178459, Drift Rate 0.047832, index 534654
Top hit found! SNR 20.034483, Drift Rate 0.047832, index 541380
Top hit found! SNR 12.399666, Drift Rate 0.009566, index 547726
Top hit found! SNR 11.977890, Drift Rate -0.009566, index 561195
Top hit found! SNR 15.238673, Drift Rate 0.076532, index 567879
Top hit found! SNR 12.456923, Drift Rate 0.124364, index 587568
Top hit found! SNR 17.304790, Drift Rate 0.028699, index 634366
Top hit found! SNR 18.109447, Drift Rate 0.086098, index 654275
Top hit found! SNR 10.555552, Drift Rate 0.114798, index 660987
Top hit found! SNR 15.312342, Drift Rate 0.124364, index 667570
Top hit found! SNR 12.626893, Drift Rate 0.076532, index 674211
Top hit found! SNR 52.443565, Drift Rate -10.848399, index 47061
Top hit found! SNR 32.750813, Drift Rate -10.848399, index 66281
Top hit found! SNR 18.029146, Drift Rate 11.058862, index 84320
Top hit found! SNR 21.522556, Drift Rate 16.530895, index 118679
Top hit found! SNR 13.641128, Drift Rate 5.577263, index 135752
Top hit found! SNR 15.707515, Drift Rate -10.848399, index 143268
Top hit found! SNR 12.746765, Drift Rate -10.848399, index 156475
Top hit found! SNR 82.408836, Drift Rate -10.848399, index 166425
Top hit found! SNR 40.346626, Drift Rate -10.848399, index 180491
Top hit found! SNR 12.450114, Drift Rate 5.510298, index 602027
Top hit found! SNR 18.710247, Drift Rate 5.510298, index 617632
Top hit found! SNR 13.375036, Drift Rate 5.510298, index 629121
Top hit found! SNR 23.874254, Drift Rate 5.510298, index 645406
Top hit found! SNR 77.722977, Drift Rate 5.510298, index 668742
Top hit found! SNR 28.690845, Drift Rate 5.510298, index 685027
Top hit found! SNR 14.153404, Drift Rate 5.510298, index 695836
Top hit found! SNR 10.580761, Drift Rate 5.510298, index 714018
Top hit found! SNR 15.507566, Drift Rate 5.510298, index 761692
Top hit found! SNR 13.699945, Drift Rate 10.924932, index 768195
Top hit found! SNR 25.993551, Drift Rate 5.510298, index 779194
Top hit found! SNR 29.014416, Drift Rate 5.510298, index 784670
Top hit found! SNR 25.651707, Drift Rate 5.510298, index 790504
Top hit found! SNR 11.004499, Drift Rate -0.009566, index 173646
Top hit found! SNR 14.169566, Drift Rate 16.406530, index 213517
Top hit found! SNR 61.886559, Drift Rate -0.009566, index 235529
Top hit found! SNR 17.177402, Drift Rate -5.481599, index 254892
Top hit found! SNR 12.530504, Drift Rate -0.009566, index 265415
Top hit found! SNR 17.457670, Drift Rate -0.009566, index 331271
Top hit found! SNR 16.506269, Drift Rate 21.888128, index 356395
Top hit found! SNR 11.836780, Drift Rate 27.379293, index 364235
Top hit found! SNR 12.515068, Drift Rate -0.009566, index 369890
Top hit found! SNR 15.915830, Drift Rate 16.530895, index 652319
Top hit found! SNR 13.429990, Drift Rate 16.530895, index 750924
Top hit found! SNR 10.242507, Drift Rate -10.886665, index 771789
Top hit found! SNR 26.970533, Drift Rate 16.530895, index 794840
Top hit found! SNR 13.621504, Drift Rate -16.368263, index 813664
Top hit found! SNR 19.141788, Drift Rate -10.886665, index 821718
Top hit found! SNR 43.385620, Drift Rate 16.530895, index 836179
Top hit found! SNR 128.294754, Drift Rate 16.530895, index 857081
Top hit found! SNR 46.906345, Drift Rate 16.530895, index 874726
Top hit found! SNR 64.663536, Drift Rate -5.366801, index 882959
Top hit found! SNR 19.174168, Drift Rate -5.366801, index 895486
Top hit found! SNR 10.889926, Drift Rate 0.095665, index 911305
Top hit found! SNR 23.716873, Drift Rate -16.368263, index 920501
Top hit found! SNR 27.359076, Drift Rate -10.886665, index 943623
Top hit found! SNR 11.402541, Drift Rate -10.886665, index 959765
Top hit found! SNR 59.948391, Drift Rate 0.095665, index 969108
Top hit found! SNR 56.114803, Drift Rate -5.366801, index 975229
Top hit found! SNR 71.957962, Drift Rate -0.000000, index 174763
Top hit found! SNR 33.442402, Drift Rate 0.076532, index 212110
Top hit found! SNR 188.448959, Drift Rate -0.000000, index 690643
Top hit found! SNR 115.488777, Drift Rate 0.009566, index 680986
Top hit found! SNR 15.199502, Drift Rate -0.000000, index 244668
Top hit found! SNR 18.981602, Drift Rate 0.220029, index 512183
Top hit found! SNR 182.812332, Drift Rate -0.000000, index 775946
Top hit found! SNR 17.149841, Drift Rate 0.076532, index 892681
Top hit found! SNR 11.829464, Drift Rate -0.019133, index 777076
Top hit found! SNR 912.310608, Drift Rate -0.000000, index 314573
Top hit found! SNR 16.337555, Drift Rate -0.000000, index 747984
Top hit found! SNR 27.457613, Drift Rate -0.000000, index 132820
Top hit found! SNR 11.156823, Drift Rate 0.057399, index 863967
Top hit found! SNR 13.108541, Drift Rate -0.430492, index 879728
Top hit found! SNR 33.772625, Drift Rate -0.373093, index 885106
Top hit found! SNR 19.505518, Drift Rate -0.545290, index 891685
Top hit found! SNR 118.761726, Drift Rate -0.000000, index 566231
Top hit found! SNR 10.643822, Drift Rate 9.231663, index 524350
Top hit found! SNR 10.419744, Drift Rate -27.044466, index 524112
Top hit found! SNR 117.958038, Drift Rate -0.000000, index 999642
Top hit found! SNR 11.343977, Drift Rate 0.066965, index 524675
Top hit found! SNR 11.760162, Drift Rate -19.018181, index 524163
Top hit found! SNR 11.590824, Drift Rate 6.696543, index 524333
Top hit found! SNR 12.018528, Drift Rate -0.047832, index 370253
Top hit found! SNR 283.645508, Drift Rate -0.000000, index 384478
Top hit found! SNR 284.189514, Drift Rate -0.038266, index 389647
Top hit found! SNR 11.687093, Drift Rate -6.524346, index 524246
Top hit found! SNR 12.266669, Drift Rate 2.908213, index 524308
Top hit found! SNR 19.545773, Drift Rate -16.521328, index 524181
Top hit found! SNR 12.827479, Drift Rate -21.811596, index 524145
Top hit found! SNR 116.592155, Drift Rate -0.000000, index 817889
Top hit found! SNR 13.347973, Drift Rate -17.870203, index 524170
Top hit found! SNR 14.044160, Drift Rate -13.077392, index 524202
Top hit found! SNR 34.441235, Drift Rate -0.019133, index 872814
Top hit found! SNR 14.583809, Drift Rate 12.206841, index 524367
Top hit found! SNR 51.769123, Drift Rate -0.000000, index 202725
Top hit found! SNR 14.759137, Drift Rate -25.236401, index 524122
Top hit found! SNR 15.448483, Drift Rate 16.167368, index 524396
Top hit found! SNR 15.663297, Drift Rate -17.363178, index 524174
Top hit found! SNR 16.065603, Drift Rate 31.129358, index 524492
Top hit found! SNR 37.017338, Drift Rate -0.000000, index 636136
Top hit found! SNR 17.036333, Drift Rate 19.601738, index 524415
Top hit found! SNR 17.014435, Drift Rate 21.668098, index 524432
Top hit found! SNR 77.537155, Drift Rate -0.507024, index 170214
Top hit found! SNR 31.976227, Drift Rate -0.172197, index 181036
Top hit found! SNR 17.782152, Drift Rate -5.022407, index 524256
Top hit found! SNR 17.406382, Drift Rate -10.303109, index 524222
Top hit found! SNR 17.640762, Drift Rate 20.147028, index 524419
Top hit found! SNR 18.052271, Drift Rate 28.680336, index 524476
Top hit found! SNR 165.182510, Drift Rate -0.000000, index 454383
Top hit found! SNR 18.594454, Drift Rate -21.218473, index 524150
Top hit found! SNR 19.554022, Drift Rate -0.382660, index 524286
Top hit found! SNR 18.646246, Drift Rate 8.954234, index 524345
Top hit found! SNR 111.179054, Drift Rate 0.057399, index 528214
Top hit found! SNR 17.108040, Drift Rate 0.727053, index 536299
Top hit found! SNR 18.288851, Drift Rate -3.118676, index 524267
Top hit found! SNR 18.592201, Drift Rate 21.103676, index 524428
Top hit found! SNR 13.182664, Drift Rate -0.009566, index 123418
Top hit found! SNR 79.217392, Drift Rate -0.038266, index 133113
Top hit found! SNR 19.032782, Drift Rate -5.175471, index 524256
Top hit found! SNR 14.547887, Drift Rate -0.296561, index 873153
Top hit found! SNR 18.686256, Drift Rate 9.614323, index 524352
Top hit found! SNR 19.217066, Drift Rate -24.624146, index 524128
Top hit found! SNR 18.539871, Drift Rate -22.988276, index 524138
Top hit found! SNR 18.883699, Drift Rate -0.650521, index 524286
Top hit found! SNR 18.446272, Drift Rate -0.430492, index 524286
Top hit found! SNR 18.794128, Drift Rate -2.554253, index 524270
Top hit found! SNR 30.920347, Drift Rate 0.019133, index 418871
Top hit found! SNR 38.266911, Drift Rate -0.038266, index 437018
Top hit found! SNR 18.626381, Drift Rate 24.107553, index 524446
Top hit found! SNR 19.252382, Drift Rate -18.960783, index 524163
Top hit found! SNR 18.172976, Drift Rate 16.779623, index 524397
Top hit found! SNR 17.748135, Drift Rate 11.020597, index 524362

===== Search time: 517.14 minutes
===== END OF LOG
