
turbo_seti version 2.1.17
blimpy version 2.0.31
h5py version 3.5.0

HDF5 header info: {'DIMENSION_LABELS': array(['time', 'feed_id', 'frequency'], dtype=object), 'az_start': 0.0, 'data_type': 1, 'fch1': 3151.46484375, 'foff': -2.7939677238464355e-06, 'machine_id': 20, 'nbits': 32, 'nchans': 536870912, 'nifs': 1, 'source_name': 'ON_S', 'src_dej': <Angle 60.8686 deg>, 'src_raj': <Angle 2.65636 hourangle>, 'telescope_id': 6, 'tsamp': 18.253611007999982, 'tstart': 59524.1953125, 'za_start': 0.0}

Starting ET search with parameters: datafile=/gpfs/group/jtw13/default/gbt_2020/2021/S_band/splice_no_overlap_ordered/OFF_Scan/spliced_blc0x1x2x_guppi_59524_16875_ON_S_0032.rawspec.0000.h5, max_drift=31.515, min_drift=0.0, snr=10.0, out_dir=/gpfs/group/jtw13/default/gbt_2020/2021/S_band/splice_no_overlap_ordered/OFF_Scan/, coarse_chans=None, flagging=False, n_coarse_chan=512, kernels=None, gpu_id=0, gpu_backend=False, blank_dc=True, precision=1, append_output=False, log_level_int=30, obs_info={'pulsar': 0, 'pulsar_found': 0, 'pulsar_dm': 0.0, 'pulsar_snr': 0.0, 'pulsar_stats': array([0., 0., 0., 0., 0., 0.]), 'RFI_level': 0.0, 'Mean_SEFD': 0.0, 'psrflux_Sens': 0.0, 'SEFDs_val': [0.0], 'SEFDs_freq': [0.0], 'SEFDs_freq_up': [0.0]}

Computed drift rate resolution: 0.00956648975722505

Top hit found! SNR 362.620453, Drift Rate -0.009566, index 202032
Top hit found! SNR 3194.398438, Drift Rate -0.000000, index 309451
Top hit found! SNR 290.927673, Drift Rate 0.009566, index 349561
Top hit found! SNR 265306.187500, Drift Rate -0.000000, index 416870
Top hit found! SNR 611.610107, Drift Rate -0.057399, index 436920
Top hit found! SNR 22.031073, Drift Rate 0.009566, index 456978
Top hit found! SNR 18.143427, Drift Rate 0.028699, index 464126
Top hit found! SNR 26.905691, Drift Rate -0.076532, index 477035
Top hit found! SNR 37.101578, Drift Rate 0.095665, index 484181
Top hit found! SNR 207.116943, Drift Rate -0.000000, index 491520
Top hit found! SNR 79.018188, Drift Rate -0.000000, index 509016
Top hit found! SNR 58.819283, Drift Rate -0.000000, index 516534
Top hit found! SNR 132852.265625, Drift Rate -0.000000, index 524289
Top hit found! SNR 58.819286, Drift Rate -0.000000, index 532042
Top hit found! SNR 79.018188, Drift Rate -0.000000, index 539560
Top hit found! SNR 207.116974, Drift Rate -0.000000, index 557056
Top hit found! SNR 37.101578, Drift Rate -0.095665, index 564395
Top hit found! SNR 26.905691, Drift Rate 0.076532, index 571541
Top hit found! SNR 18.143427, Drift Rate -0.028699, index 584450
Top hit found! SNR 22.031075, Drift Rate -0.009566, index 591598
Top hit found! SNR 611.610107, Drift Rate 0.057399, index 611656
Top hit found! SNR 265306.156250, Drift Rate -0.000000, index 631706
Top hit found! SNR 290.927704, Drift Rate -0.009566, index 699015
Top hit found! SNR 3194.398193, Drift Rate -0.000000, index 739125
Top hit found! SNR 362.620453, Drift Rate 0.009566, index 846544
Top hit found! SNR 313.038147, Drift Rate 24.729376, index 526226
Top hit found! SNR 1069.083618, Drift Rate -0.000000, index 794942
Top hit found! SNR 1713.700806, Drift Rate -0.000000, index 17021
Top hit found! SNR 138.404037, Drift Rate -0.000000, index 251379
Top hit found! SNR 229.905182, Drift Rate -0.000000, index 405981
Top hit found! SNR 123.675842, Drift Rate -0.822718, index 524222
Top hit found! SNR 13.920637, Drift Rate -0.000000, index 801752
Top hit found! SNR 39.933456, Drift Rate -0.000000, index 900693
Top hit found! SNR 11.369096, Drift Rate -0.000000, index 933675
Top hit found! SNR 3245.746338, Drift Rate -0.000000, index 17021
Top hit found! SNR 12.426550, Drift Rate -0.000000, index 181924
Top hit found! SNR 19.462332, Drift Rate -0.000000, index 280865
Top hit found! SNR 66.855690, Drift Rate -0.000000, index 346828
Top hit found! SNR 68.619003, Drift Rate -0.000000, index 511732
Top hit found! SNR 100.738312, Drift Rate -6.753942, index 523759
Top hit found! SNR 55138.738281, Drift Rate -0.000000, index 676636
Top hit found! SNR 10.088766, Drift Rate -0.000000, index 709618
Top hit found! SNR 18.445108, Drift Rate -0.000000, index 775576
Top hit found! SNR 44.645969, Drift Rate -0.000000, index 808558
Top hit found! SNR 14.517430, Drift Rate -0.000000, index 841539
Top hit found! SNR 16.333284, Drift Rate -0.000000, index 907503
Top hit found! SNR 61.469746, Drift Rate -0.000000, index 940480
Top hit found! SNR 97.220558, Drift Rate -0.000000, index 957699
Top hit found! SNR 29.790718, Drift Rate -0.000000, index 1006443
Top hit found! SNR 79.935730, Drift Rate 0.009566, index 1027047
Top hit found! SNR 10.105521, Drift Rate -0.000000, index 23831
Top hit found! SNR 14.504577, Drift Rate -0.000000, index 155753
Top hit found! SNR 6225.101562, Drift Rate -0.000000, index 287675
Top hit found! SNR 127.552284, Drift Rate 30.957161, index 526716
Top hit found! SNR 12.784859, Drift Rate -0.000000, index 617482
Top hit found! SNR 10.191300, Drift Rate -0.009566, index 651467
Top hit found! SNR 12.943904, Drift Rate -0.000000, index 815368
Top hit found! SNR 4478.286133, Drift Rate -0.000000, index 947290
Top hit found! SNR 31.561171, Drift Rate 0.009566, index 1027047
Top hit found! SNR 25.216131, Drift Rate -0.000000, index 37446
Top hit found! SNR 22.678692, Drift Rate -0.000000, index 63618
Top hit found! SNR 13.641863, Drift Rate -0.000000, index 162558
Top hit found! SNR 11.367347, Drift Rate -0.000000, index 393425
Top hit found! SNR 11.514096, Drift Rate -0.000000, index 426407
Top hit found! SNR 136.509567, Drift Rate 26.068686, index 526333
Top hit found! SNR 56704.609375, Drift Rate -0.000000, index 558329
Top hit found! SNR 10.226825, Drift Rate -0.000000, index 624292
Top hit found! SNR 33.558464, Drift Rate -0.000000, index 690251
Top hit found! SNR 69.750710, Drift Rate -0.000000, index 723233
Top hit found! SNR 18.190691, Drift Rate 0.124364, index 748370
Top hit found! SNR 20.243362, Drift Rate -0.000000, index 756215
Top hit found! SNR 27.670033, Drift Rate -0.000000, index 789196
Top hit found! SNR 120.306915, Drift Rate -0.000000, index 822173
Top hit found! SNR 53.153477, Drift Rate -0.000000, index 855155
Top hit found! SNR 46.532974, Drift Rate -0.000000, index 888137
Top hit found! SNR 63.193237, Drift Rate -0.000000, index 921119
Top hit found! SNR 10.992346, Drift Rate -0.000000, index 947290
Top hit found! SNR 140.111725, Drift Rate -0.000000, index 954100
Top hit found! SNR 53.762104, Drift Rate -0.000000, index 987077
Top hit found! SNR 181.829742, Drift Rate -0.000000, index 37446
Top hit found! SNR 16.008150, Drift Rate -0.000000, index 70428
Top hit found! SNR 63.933064, Drift Rate -0.000000, index 103405
Top hit found! SNR 55.522556, Drift Rate -0.000000, index 136386
Top hit found! SNR 69421.906250, Drift Rate -0.000000, index 169368
Top hit found! SNR 58.522739, Drift Rate -0.000000, index 202350
Top hit found! SNR 46.522697, Drift Rate -0.000000, index 235332
Top hit found! SNR 106.342072, Drift Rate -0.000000, index 268309
Top hit found! SNR 168.481796, Drift Rate -0.000000, index 301290
Top hit found! SNR 39.605301, Drift Rate -0.000000, index 334272
Top hit found! SNR 214.503326, Drift Rate -0.000000, index 433213
Top hit found! SNR 69.799950, Drift Rate -0.000000, index 466194
Top hit found! SNR 94.382133, Drift Rate -0.000000, index 499176
Top hit found! SNR 132.811478, Drift Rate -13.756612, index 523210
Top hit found! SNR 88.253548, Drift Rate -0.000000, index 532158
Top hit found! SNR 221.707306, Drift Rate -0.000000, index 565139
Top hit found! SNR 19.639332, Drift Rate -0.000000, index 598116
Top hit found! SNR 35.967854, Drift Rate -0.000000, index 631098
Top hit found! SNR 14.859857, Drift Rate -0.000000, index 664080
Top hit found! SNR 29.189867, Drift Rate -0.000000, index 697062
Top hit found! SNR 14.348881, Drift Rate -0.000000, index 730043
Top hit found! SNR 4974.410156, Drift Rate -0.000000, index 828983
Top hit found! SNR 12.922940, Drift Rate -0.000000, index 894947
Top hit found! SNR 10.707383, Drift Rate -0.000000, index 927924
Top hit found! SNR 1844.808228, Drift Rate -0.000000, index 51062
Top hit found! SNR 46.650600, Drift Rate -0.000000, index 110215
Top hit found! SNR 12.534345, Drift Rate -0.000000, index 143197
Top hit found! SNR 21.692495, Drift Rate -0.000000, index 178359
Top hit found! SNR 34.277267, Drift Rate -0.000000, index 275119
Top hit found! SNR 42.342846, Drift Rate -0.000000, index 310323
Top hit found! SNR 2179.133301, Drift Rate -0.000000, index 342535
Top hit found! SNR 11.700359, Drift Rate -0.000000, index 374059
Top hit found! SNR 12826.385742, Drift Rate -0.000000, index 440023
Top hit found! SNR 122.943878, Drift Rate 1.999396, index 524444
Top hit found! SNR 16.452785, Drift Rate -0.000000, index 538963
Top hit found! SNR 28.871492, Drift Rate -0.000000, index 571945
Top hit found! SNR 15.319039, Drift Rate -0.000000, index 604926
Top hit found! SNR 29.009792, Drift Rate -0.000000, index 703867
Top hit found! SNR 12.819695, Drift Rate -0.000000, index 835793
Top hit found! SNR 14.580939, Drift Rate -0.000000, index 868771
Top hit found! SNR 25374.480469, Drift Rate -0.000000, index 51062
Top hit found! SNR 19.436420, Drift Rate -0.000000, index 215966
Top hit found! SNR 12.340637, Drift Rate -0.000000, index 281929
Top hit found! SNR 49.588749, Drift Rate -0.000000, index 314906
Top hit found! SNR 25.997684, Drift Rate -0.000000, index 446833
Top hit found! SNR 16.801540, Drift Rate -0.000000, index 479810
Top hit found! SNR 14.290058, Drift Rate -0.000000, index 512791
Top hit found! SNR 125.713608, Drift Rate -21.381105, index 522610
Top hit found! SNR 39.079357, Drift Rate -0.000000, index 545773
Top hit found! SNR 27.695524, Drift Rate -0.000000, index 578755
Top hit found! SNR 16.767921, Drift Rate -0.000000, index 611736
Top hit found! SNR 10.267914, Drift Rate -0.000000, index 644714
Top hit found! SNR 3352.941406, Drift Rate -0.000000, index 710677
Top hit found! SNR 14.035378, Drift Rate -0.047832, index 735881
Top hit found! SNR 39.380543, Drift Rate -0.000000, index 842599
Top hit found! SNR 16.833292, Drift Rate -0.000000, index 875581
Top hit found! SNR 15.118676, Drift Rate -0.000000, index 941544
Top hit found! SNR 44.857807, Drift Rate -0.000000, index 974521
Top hit found! SNR 29.210447, Drift Rate -0.000000, index 57872
Top hit found! SNR 31.725197, Drift Rate -0.000000, index 156812
Top hit found! SNR 4289.519531, Drift Rate -0.000000, index 321716
Top hit found! SNR 116.590584, Drift Rate 12.579934, index 525276
Top hit found! SNR 59.584427, Drift Rate -0.000000, index 585560
Top hit found! SNR 24.790062, Drift Rate -0.000000, index 618542
Top hit found! SNR 29.132450, Drift Rate -0.000000, index 651524
Top hit found! SNR 10.495398, Drift Rate -0.000000, index 684505
Top hit found! SNR 63.901100, Drift Rate -0.000000, index 717487
Top hit found! SNR 12.745692, Drift Rate -0.000000, index 816427
Top hit found! SNR 29.992971, Drift Rate -0.000000, index 849409
Top hit found! SNR 10.414069, Drift Rate -0.009566, index 854896
Top hit found! SNR 10.230942, Drift Rate -0.000000, index 882391
Top hit found! SNR 2452.138428, Drift Rate -0.000000, index 981331
Top hit found! SNR 337.621613, Drift Rate -0.009566, index 986892
Top hit found! SNR 10.469444, Drift Rate -0.000000, index 64677
Top hit found! SNR 16.246630, Drift Rate -0.000000, index 97659
Top hit found! SNR 41.939919, Drift Rate -0.000000, index 199684
Top hit found! SNR 21.011101, Drift Rate -0.000000, index 262563
Top hit found! SNR 10.563690, Drift Rate -0.000000, index 298659
Top hit found! SNR 25.417376, Drift Rate -0.000000, index 328526
Top hit found! SNR 24.170765, Drift Rate -0.000000, index 334310
Top hit found! SNR 14.687451, Drift Rate 0.009566, index 427467
Top hit found! SNR 27.169210, Drift Rate -0.000000, index 463613
Top hit found! SNR 108.985962, Drift Rate 25.083336, index 526254
Top hit found! SNR 1467.145630, Drift Rate -0.000000, index 592370
Top hit found! SNR 13.900218, Drift Rate -0.000000, index 727537
Top hit found! SNR 23.546192, Drift Rate -0.000000, index 757274
Top hit found! SNR 28.302038, Drift Rate -0.000000, index 775946
Top hit found! SNR 93.220497, Drift Rate -0.000000, index 856215
Top hit found! SNR 16.726326, Drift Rate -0.000000, index 862295
Top hit found! SNR 22.326483, Drift Rate -0.000000, index 889196
Top hit found! SNR 60.495163, Drift Rate -0.000000, index 922178
Top hit found! SNR 16.483622, Drift Rate -0.000000, index 955160
Top hit found! SNR 61.044720, Drift Rate -0.000000, index 981331
Top hit found! SNR 59.138027, Drift Rate -0.000000, index 988141
Top hit found! SNR 14.337136, Drift Rate -0.000000, index 71488
Top hit found! SNR 887.566833, Drift Rate -0.000000, index 203409
Top hit found! SNR 424.682892, Drift Rate -0.009566, index 209712
Top hit found! SNR 18.488012, Drift Rate -0.000000, index 335331
Top hit found! SNR 14.636108, Drift Rate -0.000000, index 470834
Top hit found! SNR 99.887917, Drift Rate -4.180556, index 523961
Top hit found! SNR 10.341856, Drift Rate -0.000000, index 602801
Top hit found! SNR 348.312012, Drift Rate -0.000000, index 863025
Top hit found! SNR 13.709197, Drift Rate -0.000000, index 144256
Top hit found! SNR 74.027222, Drift Rate -0.000000, index 474064
Top hit found! SNR 88.936691, Drift Rate -14.588897, index 523143
Top hit found! SNR 11.021733, Drift Rate -0.000000, index 737908
Top hit found! SNR 651.850037, Drift Rate -0.000000, index 85103
Top hit found! SNR 17.732122, Drift Rate -0.000000, index 221071
Top hit found! SNR 15.693603, Drift Rate -0.000000, index 250007
Top hit found! SNR 87.865433, Drift Rate -0.000000, index 348947
Top hit found! SNR 27.437010, Drift Rate -0.000000, index 381929
Top hit found! SNR 37.896324, Drift Rate -0.000000, index 414910
Top hit found! SNR 27.474911, Drift Rate -0.000000, index 447892
Top hit found! SNR 83.466507, Drift Rate -0.000000, index 480874
Top hit found! SNR 79.936501, Drift Rate 22.653448, index 526065
Top hit found! SNR 35.759113, Drift Rate -0.000000, index 579814
Top hit found! SNR 121.426170, Drift Rate -0.000000, index 612796
Top hit found! SNR 16.400593, Drift Rate 0.009566, index 645778
Top hit found! SNR 1135.773926, Drift Rate -0.000000, index 744718
Top hit found! SNR 54.433506, Drift Rate -0.000000, index 876640
Top hit found! SNR 29.498659, Drift Rate -0.000000, index 909622
Top hit found! SNR 13.627732, Drift Rate -0.000000, index 1012849
Top hit found! SNR 14.232208, Drift Rate -0.000000, index 96239
Top hit found! SNR 25.920483, Drift Rate -0.000000, index 160782
Top hit found! SNR 14.014483, Drift Rate -0.000000, index 228202
Top hit found! SNR 390.189331, Drift Rate -0.000000, index 355757
Top hit found! SNR 72.768318, Drift Rate 20.510553, index 525895
Top hit found! SNR 80.751205, Drift Rate -0.000000, index 1015372
Top hit found! SNR 16.321976, Drift Rate -0.000000, index 98718
Top hit found! SNR 12.249352, Drift Rate -0.000000, index 131700
Top hit found! SNR 17.855089, Drift Rate -0.000000, index 230641
Top hit found! SNR 18.877054, Drift Rate -0.000000, index 362567
Top hit found! SNR 66.309860, Drift Rate 30.201408, index 526655
Top hit found! SNR 10.389757, Drift Rate -0.009566, index 626411
Top hit found! SNR 39.391678, Drift Rate -0.000000, index 631218
Top hit found! SNR 18.759424, Drift Rate -0.000000, index 890256
Top hit found! SNR 10.791286, Drift Rate -0.000000, index 1015372
Top hit found! SNR 19.716465, Drift Rate -0.000000, index 237451
Top hit found! SNR 29.538229, Drift Rate -0.000000, index 242594
Top hit found! SNR 51.722351, Drift Rate 19.458241, index 525815
Top hit found! SNR 19.785431, Drift Rate -0.000000, index 897066
Top hit found! SNR 11.411446, Drift Rate -0.000000, index 112334
Top hit found! SNR 23.067518, Drift Rate -0.000000, index 117766
Top hit found! SNR 10.798316, Drift Rate -0.000000, index 178297
Top hit found! SNR 19.135225, Drift Rate -0.000000, index 183750
Top hit found! SNR 14.474916, Drift Rate -0.009566, index 249733
Top hit found! SNR 16.642483, Drift Rate -0.000000, index 348705
Top hit found! SNR 17.293257, Drift Rate -0.000000, index 376183
Top hit found! SNR 32.957115, Drift Rate -0.000000, index 381697
Top hit found! SNR 689.856995, Drift Rate -0.000000, index 508105
Top hit found! SNR 679.998840, Drift Rate -0.000000, index 513660
Top hit found! SNR 55.462791, Drift Rate 26.613974, index 526374
Top hit found! SNR 25.038549, Drift Rate -0.000000, index 594193
Top hit found! SNR 12.641799, Drift Rate -0.000000, index 645623
Top hit found! SNR 11.286583, Drift Rate -0.000000, index 777587
Top hit found! SNR 167.851303, Drift Rate -0.000000, index 119144
Top hit found! SNR 13.998190, Drift Rate -0.000000, index 124752
Top hit found! SNR 10.548123, Drift Rate -0.000000, index 514915
Top hit found! SNR 52.165085, Drift Rate 22.739546, index 526070
Top hit found! SNR 15.988259, Drift Rate -0.000000, index 646837
Top hit found! SNR 726.796997, Drift Rate -0.000000, index 778759
Top hit found! SNR 125.754234, Drift Rate -0.000000, index 784726
Top hit found! SNR 12.926100, Drift Rate -0.000000, index 910681
Top hit found! SNR 10.589843, Drift Rate -0.000000, index 943663
Top hit found! SNR 10.848619, Drift Rate -0.000000, index 838
Top hit found! SNR 827.167236, Drift Rate -0.000000, index 389798
Top hit found! SNR 172.492798, Drift Rate -0.000000, index 395807
Top hit found! SNR 48.770847, Drift Rate 7.423596, index 524871
Top hit found! SNR 10.588154, Drift Rate 0.009566, index 838
Top hit found! SNR 46.469296, Drift Rate 24.863306, index 526238
Top hit found! SNR 30.176460, Drift Rate -0.000000, index 660453
Top hit found! SNR 71.273514, Drift Rate -0.000000, index 271492
Top hit found! SNR 45.792061, Drift Rate -7.701024, index 523683
Top hit found! SNR 24.947107, Drift Rate -0.000000, index 931107
Top hit found! SNR 20.973803, Drift Rate -0.000000, index 938102
Top hit found! SNR 43.381348, Drift Rate 2.190726, index 524459
Top hit found! SNR 12.080892, Drift Rate -0.000000, index 542146
Top hit found! SNR 14.411609, Drift Rate -0.000000, index 549347
Top hit found! SNR 24.315031, Drift Rate -0.000000, index 153185
Top hit found! SNR 75.396362, Drift Rate -0.000000, index 160592
Top hit found! SNR 41.263741, Drift Rate 8.858569, index 524984
Top hit found! SNR 109.448616, Drift Rate -0.000000, index 412440
Top hit found! SNR 41.068020, Drift Rate -25.236401, index 522310
Top hit found! SNR 39.511379, Drift Rate -8.533309, index 523618
Top hit found! SNR 19.287394, Drift Rate -0.000000, index 694494
Top hit found! SNR 14.024366, Drift Rate -0.000000, index 702724
Top hit found! SNR 36.011951, Drift Rate -0.000000, index 305533
Top hit found! SNR 39.954174, Drift Rate 25.265099, index 526268
Top hit found! SNR 36.406261, Drift Rate -0.000000, index 965148
Top hit found! SNR 39.847618, Drift Rate -3.625700, index 524004
Top hit found! SNR 15.726218, Drift Rate -0.000000, index 576187
Top hit found! SNR 39.930519, Drift Rate 29.206493, index 526577
Top hit found! SNR 11.177144, Drift Rate -0.000000, index 467094
Top hit found! SNR 39.529045, Drift Rate 25.140736, index 526260
Top hit found! SNR 38.117790, Drift Rate -12.063344, index 523343
Top hit found! SNR 29.435356, Drift Rate -0.000000, index 728535
Top hit found! SNR 10.063868, Drift Rate -0.000000, index 738411
Top hit found! SNR 39.074654, Drift Rate -0.000000, index 230687
Top hit found! SNR 12.478065, Drift Rate -0.000000, index 339574
Top hit found! SNR 38.375172, Drift Rate -4.668447, index 523921
Top hit found! SNR 11.243682, Drift Rate -24.231918, index 522389
Top hit found! SNR 16.840307, Drift Rate -0.000000, index 610228
Top hit found! SNR 14.857993, Drift Rate -0.000000, index 971680
Top hit found! SNR 13.948137, Drift Rate 0.009566, index 221268
Top hit found! SNR 37.936161, Drift Rate 12.752131, index 525287
Top hit found! SNR 12.052904, Drift Rate -0.000000, index 880883
Top hit found! SNR 38.924671, Drift Rate 12.704298, index 525283
Top hit found! SNR 52040.812500, Drift Rate -0.000000, index 664098
Top hit found! SNR 38.020683, Drift Rate -11.948545, index 523350
Top hit found! SNR 38.016964, Drift Rate 27.771521, index 526465
Top hit found! SNR 38.531467, Drift Rate -25.906054, index 522256
Top hit found! SNR 38.023350, Drift Rate 31.512018, index 526758
Top hit found! SNR 38.317703, Drift Rate -8.332413, index 523635
Top hit found! SNR 13.804323, Drift Rate -0.000000, index 137002
Top hit found! SNR 37.944878, Drift Rate -20.529688, index 522679
Top hit found! SNR 38.925999, Drift Rate 16.263033, index 525564
Top hit found! SNR 38.630177, Drift Rate -0.392226, index 524256
Top hit found! SNR 176.822601, Drift Rate 0.095665, index 156406
Top hit found! SNR 10.473616, Drift Rate 0.420926, index 167763
Top hit found! SNR 12.706202, Drift Rate -0.009566, index 191475
Top hit found! SNR 38.250446, Drift Rate -20.271391, index 522699
Top hit found! SNR 39.552670, Drift Rate -9.164698, index 523568
Top hit found! SNR 39.911358, Drift Rate -25.389463, index 522296
Top hit found! SNR 40.230389, Drift Rate -20.194860, index 522705
Top hit found! SNR 41.011070, Drift Rate 18.157198, index 525713
Top hit found! SNR 15.873652, Drift Rate -0.000000, index 300592
Top hit found! SNR 44.407417, Drift Rate -30.249241, index 521915
Top hit found! SNR 41.623207, Drift Rate 3.271739, index 524544
Top hit found! SNR 40.377563, Drift Rate -17.793671, index 522892
Top hit found! SNR 41.271935, Drift Rate -10.934498, index 523429
Top hit found! SNR 40.617229, Drift Rate -28.020248, index 522090
Top hit found! SNR 40.816444, Drift Rate 20.673183, index 525908
Top hit found! SNR 14.324100, Drift Rate -0.000000, index 872895
Top hit found! SNR 40.209492, Drift Rate -21.008011, index 522642
Top hit found! SNR 40.707245, Drift Rate 9.375160, index 525022
Top hit found! SNR 40.085846, Drift Rate -24.174520, index 522393
Top hit found! SNR 40.527176, Drift Rate -14.674995, index 523138
Top hit found! SNR 21.478626, Drift Rate 0.038266, index 874881
Top hit found! SNR 15.263218, Drift Rate -0.028699, index 894769
Top hit found! SNR 40.780167, Drift Rate -27.599323, index 522123
Top hit found! SNR 40.378242, Drift Rate 20.548820, index 525900
Top hit found! SNR 19.974588, Drift Rate -0.000000, index 244085
Top hit found! SNR 40.739647, Drift Rate 20.797548, index 525918
Top hit found! SNR 40.704933, Drift Rate 20.596653, index 525904
Top hit found! SNR 40.832623, Drift Rate 2.678617, index 524497
Top hit found! SNR 41.462330, Drift Rate 8.571575, index 524961
Top hit found! SNR 6406.862305, Drift Rate -0.000000, index 524225
Top hit found! SNR 26.899654, Drift Rate -0.000000, index 803908
Top hit found! SNR 274.870972, Drift Rate -0.000000, index 367590
Top hit found! SNR 25.445618, Drift Rate 0.086098, index 228806
Top hit found! SNR 12.256444, Drift Rate -0.038266, index 248680
Top hit found! SNR 16.079994, Drift Rate -0.038266, index 651167
Top hit found! SNR 16.618597, Drift Rate -0.000000, index 546728
Top hit found! SNR 22.166004, Drift Rate 0.028699, index 174062
Top hit found! SNR 43.677166, Drift Rate -0.000000, index 569167
Top hit found! SNR 59.886623, Drift Rate -0.000000, index 680986
Top hit found! SNR 12.251929, Drift Rate -0.009566, index 435823
Top hit found! SNR 21.059538, Drift Rate 0.038266, index 328112
Top hit found! SNR 864.235107, Drift Rate -0.000000, index 384478
Top hit found! SNR 77.682106, Drift Rate 0.325261, index 1023803
Top hit found! SNR 24.141035, Drift Rate 0.325261, index 1023803
Top hit found! SNR 20.342125, Drift Rate 1.626303, index 357820
Top hit found! SNR 30.168423, Drift Rate -0.066965, index 801461
Top hit found! SNR 16.994499, Drift Rate 0.487891, index 868523
Top hit found! SNR 150.716248, Drift Rate -0.315694, index 512476
Top hit found! SNR 1426.576904, Drift Rate 0.066965, index 528224
Top hit found! SNR 453.494873, Drift Rate -0.468758, index 532951
Top hit found! SNR 500.230255, Drift Rate 0.019133, index 540577
Top hit found! SNR 14.974672, Drift Rate 0.200896, index 588242
Top hit found! SNR 14.272626, Drift Rate -0.057399, index 36633
Top hit found! SNR 33.311642, Drift Rate 0.181763, index 46340
Top hit found! SNR 16.596464, Drift Rate -0.000000, index 104858
Top hit found! SNR 116.570107, Drift Rate 0.038266, index 39884
Top hit found! SNR 322.343445, Drift Rate 0.181763, index 46341
Top hit found! SNR 41.313183, Drift Rate -0.019133, index 405018
Top hit found! SNR 21.696409, Drift Rate -0.000000, index 524287
Top hit found! SNR 14.044676, Drift Rate -0.000000, index 591607
Top hit found! SNR 17.976130, Drift Rate -0.057399, index 886663
Top hit found! SNR 12.694858, Drift Rate 0.105231, index 328387
Top hit found! SNR 12.901126, Drift Rate 0.038266, index 757893
Top hit found! SNR 49.511066, Drift Rate 0.688787, index 608824
Top hit found! SNR 26.560867, Drift Rate 0.047832, index 446594
Top hit found! SNR 145.106552, Drift Rate 0.028699, index 683274
Top hit found! SNR 134.388901, Drift Rate 16.932688, index 589463
Top hit found! SNR 2195.531494, Drift Rate 0.009566, index 271501
Top hit found! SNR 58.388962, Drift Rate -0.038266, index 280276
Top hit found! SNR 57.859276, Drift Rate -0.000000, index 375810
Top hit found! SNR 109.545845, Drift Rate -0.028699, index 1013283
Top hit found! SNR 41.822903, Drift Rate -0.028699, index 697713
Top hit found! SNR 15.679458, Drift Rate -0.028699, index 1013283
Top hit found! SNR 13.219648, Drift Rate -0.353960, index 33950
Top hit found! SNR 50.530895, Drift Rate -0.239162, index 729888
Top hit found! SNR 16.898602, Drift Rate -0.239162, index 783933
Top hit found! SNR 29.540413, Drift Rate -0.239162, index 801128
Top hit found! SNR 50.151207, Drift Rate 0.028699, index 334453
Top hit found! SNR 31.661875, Drift Rate -0.000000, index 697653
Top hit found! SNR 49.280556, Drift Rate 0.038266, index 684331
Top hit found! SNR 33.237957, Drift Rate -0.000000, index 829000
Top hit found! SNR 5342.301758, Drift Rate 0.009566, index 135095
Top hit found! SNR 4792.718750, Drift Rate -0.000000, index 141313
Top hit found! SNR 3867.683838, Drift Rate 0.009566, index 852104
Top hit found! SNR 3343.327393, Drift Rate -0.000000, index 858188
Top hit found! SNR 36.139874, Drift Rate -0.000000, index 352804
Top hit found! SNR 12.742632, Drift Rate -0.000000, index 301842
Top hit found! SNR 54.324718, Drift Rate -0.000000, index 323758
Top hit found! SNR 392.699646, Drift Rate -0.000000, index 345674
Top hit found! SNR 12.404778, Drift Rate -0.086098, index 353718
Top hit found! SNR 458679.937500, Drift Rate -0.000000, index 367590
Top hit found! SNR 11.384708, Drift Rate 0.105231, index 381464
Top hit found! SNR 344.643311, Drift Rate -0.000000, index 389506
Top hit found! SNR 62.633038, Drift Rate -0.009566, index 411422
Top hit found! SNR 15.492602, Drift Rate -0.009566, index 433338
Top hit found! SNR 15.111641, Drift Rate -0.000000, index 724168
Top hit found! SNR 10774.805664, Drift Rate -0.000000, index 747158
Top hit found! SNR 10.249619, Drift Rate -0.000000, index 768000
Top hit found! SNR 14.973544, Drift Rate -0.000000, index 904461
Top hit found! SNR 151.528702, Drift Rate -0.000000, index 66093
Top hit found! SNR 32.482601, Drift Rate -0.000000, index 86136
Top hit found! SNR 10.515007, Drift Rate -0.057399, index 95393
Top hit found! SNR 11.043296, Drift Rate -0.009566, index 110440
Top hit found! SNR 11.050536, Drift Rate -0.038266, index 115173
Top hit found! SNR 11.325358, Drift Rate -0.028699, index 130218
Top hit found! SNR 17.718634, Drift Rate -0.009566, index 135374
Top hit found! SNR 16.205669, Drift Rate -0.009566, index 141686
Top hit found! SNR 13.427471, Drift Rate -0.038266, index 149470
Top hit found! SNR 13.540404, Drift Rate -0.038266, index 154625
Top hit found! SNR 15.232573, Drift Rate -0.028699, index 170407
Top hit found! SNR 12.173678, Drift Rate -0.028699, index 182190
Top hit found! SNR 10.435843, Drift Rate -0.009566, index 189555
Top hit found! SNR 12.666154, Drift Rate -0.009566, index 199339
Top hit found! SNR 15.239842, Drift Rate -0.009566, index 206809
Top hit found! SNR 12.907313, Drift Rate -0.057399, index 213119
Top hit found! SNR 18.907352, Drift Rate -0.038266, index 219853
Top hit found! SNR 12.121002, Drift Rate -0.009566, index 230901
Top hit found! SNR 12.987506, Drift Rate -0.009566, index 239107
Top hit found! SNR 16.330227, Drift Rate -0.028699, index 245524
Top hit found! SNR 11.529403, Drift Rate -0.009566, index 256992
Top hit found! SNR 14.608450, Drift Rate -0.038266, index 276559
Top hit found! SNR 11.563279, Drift Rate -0.009566, index 297391
Top hit found! SNR 10.315885, Drift Rate -0.038266, index 308752
Top hit found! SNR 11.061330, Drift Rate -0.038266, index 314433
Top hit found! SNR 16.851789, Drift Rate -0.038266, index 321166
Top hit found! SNR 11.052636, Drift Rate -0.009566, index 350310
Top hit found! SNR 12.803282, Drift Rate -0.038266, index 376084
Top hit found! SNR 12.876441, Drift Rate -0.066965, index 387655
Top hit found! SNR 5875.599609, Drift Rate -0.000000, index 68598
Top hit found! SNR 4112.412598, Drift Rate -0.000000, index 86136
Top hit found! SNR 3666.030273, Drift Rate -0.000000, index 98663
Top hit found! SNR 3119.631592, Drift Rate -0.000000, index 111190
Top hit found! SNR 3199.670410, Drift Rate -0.000000, index 118706
Top hit found! SNR 3221.002197, Drift Rate -0.000000, index 128728
Top hit found! SNR 2997.458740, Drift Rate -0.000000, index 136244
Top hit found! SNR 2471.713867, Drift Rate -0.000000, index 143760
Top hit found! SNR 2276.690186, Drift Rate -0.000000, index 153782
Top hit found! SNR 2269.848389, Drift Rate -0.000000, index 158792
Top hit found! SNR 2612.937012, Drift Rate -0.000000, index 166309
Top hit found! SNR 2826.322998, Drift Rate -0.000000, index 173825
Top hit found! SNR 1955.592651, Drift Rate -0.009566, index 178835
Top hit found! SNR 2919.687988, Drift Rate -0.000000, index 186352
Top hit found! SNR 2020.584595, Drift Rate -0.009566, index 191362
Top hit found! SNR 2611.676758, Drift Rate -0.000000, index 198879
Top hit found! SNR 2548.888184, Drift Rate -0.009566, index 203889
Top hit found! SNR 2094.502686, Drift Rate -0.000000, index 208900
Top hit found! SNR 1607.390747, Drift Rate -0.009566, index 216416
Top hit found! SNR 2195.360107, Drift Rate -0.000000, index 221427
Top hit found! SNR 2588.303223, Drift Rate -0.000000, index 226438
Top hit found! SNR 2683.639893, Drift Rate -0.000000, index 231449
Top hit found! SNR 2533.785156, Drift Rate -0.000000, index 236460
Top hit found! SNR 2419.975586, Drift Rate -0.009566, index 241470
Top hit found! SNR 2608.289551, Drift Rate -0.000000, index 246481
Top hit found! SNR 2638.396484, Drift Rate -0.000000, index 251492
Top hit found! SNR 2436.587646, Drift Rate -0.000000, index 256503
Top hit found! SNR 1824.944458, Drift Rate -0.000000, index 261514
Top hit found! SNR 2187.951172, Drift Rate -0.000000, index 269030
Top hit found! SNR 2748.585205, Drift Rate -0.000000, index 274041
Top hit found! SNR 2460.466797, Drift Rate -0.000000, index 279051
Top hit found! SNR 2077.358643, Drift Rate -0.000000, index 286568
Top hit found! SNR 2736.460205, Drift Rate -0.000000, index 291578
Top hit found! SNR 1994.850952, Drift Rate -0.000000, index 299095
Top hit found! SNR 2741.160645, Drift Rate -0.000000, index 304105
Top hit found! SNR 2775.380371, Drift Rate -0.000000, index 311622
Top hit found! SNR 2420.672119, Drift Rate -0.000000, index 319138
Top hit found! SNR 2349.488770, Drift Rate -0.000000, index 324149
Top hit found! SNR 2579.748779, Drift Rate -0.000000, index 331665
Top hit found! SNR 2604.924316, Drift Rate -0.000000, index 341686
Top hit found! SNR 3197.410156, Drift Rate -0.000000, index 349203
Top hit found! SNR 3045.806885, Drift Rate -0.000000, index 359224
Top hit found! SNR 3205.737061, Drift Rate -0.000000, index 369246
Top hit found! SNR 3951.866943, Drift Rate -0.000000, index 379267
Top hit found! SNR 4864.877930, Drift Rate -0.000000, index 391794
Top hit found! SNR 8789.335938, Drift Rate -0.000000, index 409332
Top hit found! SNR 10.544266, Drift Rate -0.133931, index 610654
Top hit found! SNR 12.228597, Drift Rate -0.038266, index 620230
Top hit found! SNR 12.994361, Drift Rate -0.057399, index 626647
Top hit found! SNR 17.614813, Drift Rate -0.057399, index 634432
Top hit found! SNR 12.778561, Drift Rate -0.057399, index 648530
Top hit found! SNR 14.171503, Drift Rate -0.057399, index 656841
Top hit found! SNR 14.220674, Drift Rate -0.000000, index 671889
Top hit found! SNR 14.942135, Drift Rate -0.057399, index 676620
Top hit found! SNR 13.142814, Drift Rate -0.000000, index 691668
Top hit found! SNR 19.171364, Drift Rate -0.000000, index 696823
Top hit found! SNR 17.318005, Drift Rate -0.057399, index 703132
Top hit found! SNR 12.349317, Drift Rate -0.057399, index 710917
Top hit found! SNR 14.577065, Drift Rate -0.000000, index 716076
Top hit found! SNR 15.231101, Drift Rate -0.057399, index 731643
Top hit found! SNR 14.651036, Drift Rate -0.000000, index 743640
Top hit found! SNR 12.388140, Drift Rate -0.057399, index 751001
Top hit found! SNR 11.594517, Drift Rate -0.057399, index 760785
Top hit found! SNR 16.998421, Drift Rate -0.000000, index 768258
Top hit found! SNR 13.540023, Drift Rate -0.038266, index 774568
Top hit found! SNR 16.654039, Drift Rate -0.000000, index 781304
Top hit found! SNR 10.825305, Drift Rate -0.038266, index 800554
Top hit found! SNR 14.410806, Drift Rate -0.000000, index 806974
Top hit found! SNR 12.927046, Drift Rate -0.038266, index 818439
Top hit found! SNR 10.590079, Drift Rate -0.038266, index 833168
Top hit found! SNR 13.891904, Drift Rate 0.019133, index 838011
Top hit found! SNR 11.063199, Drift Rate -0.000000, index 858841
Top hit found! SNR 13.487925, Drift Rate -0.038266, index 882615
Top hit found! SNR 30.913960, Drift Rate 0.057399, index 94175
Top hit found! SNR 40.897507, Drift Rate 0.057399, index 98804
Top hit found! SNR 46.231014, Drift Rate 0.076532, index 108379
Top hit found! SNR 60.713341, Drift Rate 0.057399, index 114795
Top hit found! SNR 81.676132, Drift Rate 0.019133, index 122578
Top hit found! SNR 49.626324, Drift Rate 0.019133, index 130153
Top hit found! SNR 64.349968, Drift Rate 0.057399, index 136678
Top hit found! SNR 63.370213, Drift Rate 0.057399, index 143306
Top hit found! SNR 39.150101, Drift Rate 0.019133, index 151615
Top hit found! SNR 61.575573, Drift Rate 0.057399, index 160034
Top hit found! SNR 61.700016, Drift Rate 0.019133, index 164766
Top hit found! SNR 37.956188, Drift Rate 0.019133, index 174129
Top hit found! SNR 45.794788, Drift Rate 0.057399, index 179813
Top hit found! SNR 63.257580, Drift Rate 0.057399, index 184968
Top hit found! SNR 77.757706, Drift Rate 0.057399, index 191280
Top hit found! SNR 59.125347, Drift Rate 0.057399, index 199065
Top hit found! SNR 63.762470, Drift Rate 0.057399, index 204220
Top hit found! SNR 62.373062, Drift Rate 0.057399, index 220001
Top hit found! SNR 47.402142, Drift Rate 0.057399, index 231784
Top hit found! SNR 42.018093, Drift Rate 0.057399, index 241253
Top hit found! SNR 45.734089, Drift Rate 0.057399, index 248933
Top hit found! SNR 47.650764, Drift Rate 0.057399, index 256403
Top hit found! SNR 58.838993, Drift Rate 0.057399, index 262715
Top hit found! SNR 68.843384, Drift Rate 0.057399, index 269448
Top hit found! SNR 37.793430, Drift Rate 0.057399, index 274919
Top hit found! SNR 39.066563, Drift Rate 0.057399, index 280495
Top hit found! SNR 50.358387, Drift Rate 0.057399, index 288701
Top hit found! SNR 49.086700, Drift Rate -0.133931, index 295109
Top hit found! SNR 43.798454, Drift Rate 0.057399, index 301010
Top hit found! SNR 58.954689, Drift Rate 0.057399, index 306586
Top hit found! SNR 47.966331, Drift Rate 0.057399, index 321315
Top hit found! SNR 65.736641, Drift Rate 0.057399, index 327101
Top hit found! SNR 32.602600, Drift Rate 0.057399, index 342356
Top hit found! SNR 53.112190, Drift Rate 0.057399, index 346985
Top hit found! SNR 37.334919, Drift Rate -0.191330, index 351815
Top hit found! SNR 48.425167, Drift Rate -0.191330, index 358338
Top hit found! SNR 44.816017, Drift Rate -0.200896, index 364019
Top hit found! SNR 60.438877, Drift Rate -0.200896, index 370752
Top hit found! SNR 35.833118, Drift Rate 0.057399, index 379073
Top hit found! SNR 32.239628, Drift Rate 0.057399, index 387279
Top hit found! SNR 28.188105, Drift Rate 0.057399, index 393381
Top hit found! SNR 40.195732, Drift Rate 0.057399, index 399904
Top hit found! SNR 35.207458, Drift Rate 0.057399, index 409793
Top hit found! SNR 22.285883, Drift Rate 0.019133, index 419575
Top hit found! SNR 35.222332, Drift Rate 0.019133, index 425677
Top hit found! SNR 40.706921, Drift Rate 0.057399, index 437252
Top hit found! SNR 27.589828, Drift Rate 0.057399, index 444301
Top hit found! SNR 36.228741, Drift Rate -0.000000, index 610509
Top hit found! SNR 942.611328, Drift Rate -0.000000, index 632425
Top hit found! SNR 21.573174, Drift Rate -0.000000, index 654341
Top hit found! SNR 11.517621, Drift Rate 0.028699, index 335510
Top hit found! SNR 129.219910, Drift Rate 0.038266, index 685388
Top hit found! SNR 10.905300, Drift Rate -0.038266, index 319468
Top hit found! SNR 2830.497803, Drift Rate 0.028699, index 336567
Top hit found! SNR 134.675995, Drift Rate 0.038266, index 686445
Top hit found! SNR 11.612013, Drift Rate -0.066965, index 525095
Top hit found! SNR 10.027917, Drift Rate -0.076532, index 647711
Top hit found! SNR 10.528157, Drift Rate -0.076532, index 683387
Top hit found! SNR 10.274738, Drift Rate -0.066965, index 690925
Top hit found! SNR 10.298637, Drift Rate -0.076532, index 697245
Top hit found! SNR 22.421280, Drift Rate -0.086098, index 704923
Top hit found! SNR 11.444235, Drift Rate -0.076532, index 719858
Top hit found! SNR 14.303838, Drift Rate -0.057399, index 732921
Top hit found! SNR 14.209678, Drift Rate -0.066965, index 742612
Top hit found! SNR 15.897262, Drift Rate -0.086098, index 757687
Top hit found! SNR 13.962630, Drift Rate -0.066965, index 767379
Top hit found! SNR 10.944755, Drift Rate -0.066965, index 775853
Top hit found! SNR 20.840750, Drift Rate -0.076532, index 795376
Top hit found! SNR 11.148932, Drift Rate -0.066965, index 809375
Top hit found! SNR 10.848172, Drift Rate -0.076532, index 816912
Top hit found! SNR 12.268962, Drift Rate -0.057399, index 855678
Top hit found! SNR 12.671904, Drift Rate -0.057399, index 885829
Top hit found! SNR 12.478558, Drift Rate -0.057399, index 907365
Top hit found! SNR 24.663839, Drift Rate -0.000000, index 943718
Top hit found! SNR 13.993286, Drift Rate 0.028699, index 1036322
Top hit found! SNR 18.588636, Drift Rate 0.038266, index 337624
Top hit found! SNR 23.901649, Drift Rate 0.028699, index 338681
Top hit found! SNR 27.140165, Drift Rate 0.028699, index 688558
Top hit found! SNR 13.759704, Drift Rate -0.000000, index 34953
Top hit found! SNR 58.411236, Drift Rate 0.028699, index 1038436
Top hit found! SNR 97.726616, Drift Rate -0.000000, index 34953
Top hit found! SNR 18.446665, Drift Rate -0.028699, index 533056
Top hit found! SNR 34.407959, Drift Rate 0.028699, index 1038436
Top hit found! SNR 10.113311, Drift Rate -0.000000, index 240292
Top hit found! SNR 12.280973, Drift Rate -0.000000, index 274151
Top hit found! SNR 10.519778, Drift Rate -0.000000, index 396573
Top hit found! SNR 16.567896, Drift Rate -0.009566, index 288393
Top hit found! SNR 13.153747, Drift Rate 0.028699, index 308525
Top hit found! SNR 22.623434, Drift Rate -0.009566, index 328479
Top hit found! SNR 10.154375, Drift Rate -0.009566, index 348808
Top hit found! SNR 14.533698, Drift Rate 0.009566, index 375220
Top hit found! SNR 17.797480, Drift Rate -0.009566, index 395046
Top hit found! SNR 14.286302, Drift Rate -0.000000, index 401649
Top hit found! SNR 17.668730, Drift Rate 0.019133, index 415186
Top hit found! SNR 17.392807, Drift Rate 0.038266, index 421480
Top hit found! SNR 15.191479, Drift Rate -0.038266, index 428478
Top hit found! SNR 17.271116, Drift Rate 0.019133, index 441600
Top hit found! SNR 13.351505, Drift Rate -0.009566, index 448160
Top hit found! SNR 37.558094, Drift Rate 0.019133, index 478966
Top hit found! SNR 23.000406, Drift Rate -0.000000, index 494928
Top hit found! SNR 10.067178, Drift Rate -0.009566, index 521326
Top hit found! SNR 16.374960, Drift Rate -0.000000, index 534370
Top hit found! SNR 20.682867, Drift Rate -0.076532, index 541158
Top hit found! SNR 14.101049, Drift Rate -0.019133, index 547934
Top hit found! SNR 12.636436, Drift Rate -0.143497, index 561119
Top hit found! SNR 15.618006, Drift Rate 0.019133, index 567805
Top hit found! SNR 13.804559, Drift Rate -0.000000, index 574492
Top hit found! SNR 13.529381, Drift Rate 0.066965, index 587540
Top hit found! SNR 10.675271, Drift Rate -0.000000, index 597470
Top hit found! SNR 19.517332, Drift Rate 0.038266, index 634300
Top hit found! SNR 23.010059, Drift Rate 0.057399, index 654309
Top hit found! SNR 12.858861, Drift Rate -0.009566, index 660983
Top hit found! SNR 17.994667, Drift Rate 0.066965, index 667493
Top hit found! SNR 14.935811, Drift Rate -0.009566, index 674244
Top hit found! SNR 44.530018, Drift Rate 16.530895, index 48612
Top hit found! SNR 26.531443, Drift Rate 16.530895, index 68011
Top hit found! SNR 12.259639, Drift Rate 16.530895, index 76243
Top hit found! SNR 14.066242, Drift Rate 16.530895, index 84797
Top hit found! SNR 17.014050, Drift Rate 16.530895, index 118262
Top hit found! SNR 10.893988, Drift Rate 16.530895, index 136086
Top hit found! SNR 12.960504, Drift Rate 16.530895, index 144640
Top hit found! SNR 69.199989, Drift Rate 16.530895, index 168155
Top hit found! SNR 35.606747, Drift Rate 16.530895, index 181541
Top hit found! SNR 16.199965, Drift Rate -5.472032, index 457883
Top hit found! SNR 10.254959, Drift Rate 10.953630, index 586875
Top hit found! SNR 27.715046, Drift Rate 10.953630, index 599402
Top hit found! SNR 11.482637, Drift Rate -21.907261, index 608529
Top hit found! SNR 12.542265, Drift Rate 5.510298, index 618101
Top hit found! SNR 39.590973, Drift Rate 10.953630, index 643855
Top hit found! SNR 98.834755, Drift Rate 10.953630, index 664435
Top hit found! SNR 21.010365, Drift Rate -27.379293, index 682116
Top hit found! SNR 16.068682, Drift Rate 5.481599, index 692102
Top hit found! SNR 15.186551, Drift Rate 10.953630, index 705595
Top hit found! SNR 12.117158, Drift Rate 10.953630, index 757564
Top hit found! SNR 36.198376, Drift Rate 10.953630, index 767908
Top hit found! SNR 30.415770, Drift Rate 10.953630, index 785911
Top hit found! SNR 27.836351, Drift Rate 5.481599, index 792819
Top hit found! SNR 12.728882, Drift Rate -0.000000, index 813685
Top hit found! SNR 13.563553, Drift Rate 5.481599, index 827823
Top hit found! SNR 11.778070, Drift Rate 10.953630, index 850049
Top hit found! SNR 12.843560, Drift Rate 10.953630, index 870808
Top hit found! SNR 11.842281, Drift Rate 21.897696, index 213017
Top hit found! SNR 37.016808, Drift Rate 0.009566, index 236028
Top hit found! SNR 10.671175, Drift Rate -5.491165, index 254141
Top hit found! SNR 12.491201, Drift Rate -5.491165, index 330770
Top hit found! SNR 17.297054, Drift Rate 0.009566, index 354927
Top hit found! SNR 13.739441, Drift Rate 11.020597, index 651576
Top hit found! SNR 13.137685, Drift Rate 11.020597, index 750682
Top hit found! SNR 28.022266, Drift Rate 11.020597, index 794598
Top hit found! SNR 21.092117, Drift Rate 11.020597, index 823231
Top hit found! SNR 49.570023, Drift Rate 11.020597, index 835579
Top hit found! SNR 157.518402, Drift Rate 11.020597, index 856839
Top hit found! SNR 56.165268, Drift Rate 11.020597, index 874341
Top hit found! SNR 81.020882, Drift Rate 11.020597, index 883790
Top hit found! SNR 22.681931, Drift Rate 11.020597, index 896639
Top hit found! SNR 14.849822, Drift Rate 11.020597, index 912065
Top hit found! SNR 20.227169, Drift Rate 11.020597, index 922194
Top hit found! SNR 21.625717, Drift Rate 11.020597, index 928529
Top hit found! SNR 34.403404, Drift Rate 11.020597, index 944671
Top hit found! SNR 15.298065, Drift Rate 11.020597, index 960598
Top hit found! SNR 81.263451, Drift Rate 11.020597, index 969868
Top hit found! SNR 73.917007, Drift Rate 11.020597, index 976024
Top hit found! SNR 48.558392, Drift Rate 11.020597, index 982717
Top hit found! SNR 11.359911, Drift Rate 11.020597, index 998179
Top hit found! SNR 59.723820, Drift Rate -0.000000, index 174763
Top hit found! SNR 27.143295, Drift Rate 0.009566, index 212115
Top hit found! SNR 136.282639, Drift Rate -0.000000, index 690642
Top hit found! SNR 17.467215, Drift Rate -0.000000, index 752936
Top hit found! SNR 104.486435, Drift Rate -0.000000, index 680986
Top hit found! SNR 14.652860, Drift Rate -0.000000, index 244668
Top hit found! SNR 21.536961, Drift Rate 0.899250, index 512220
Top hit found! SNR 54.383610, Drift Rate -0.000000, index 524289
Top hit found! SNR 46.281380, Drift Rate 0.076532, index 524289
Top hit found! SNR 53.501328, Drift Rate -0.047832, index 524288
Top hit found! SNR 209.351746, Drift Rate -0.000000, index 775946
Top hit found! SNR 64.033234, Drift Rate 0.057399, index 524289
Top hit found! SNR 75.396400, Drift Rate 0.009566, index 524289
Top hit found! SNR 11.943967, Drift Rate 0.028699, index 892686
Top hit found! SNR 84.554497, Drift Rate 0.019133, index 524288
Top hit found! SNR 92.113510, Drift Rate 0.009566, index 524289
Top hit found! SNR 100.590370, Drift Rate -0.009566, index 524289
Top hit found! SNR 112.799026, Drift Rate 0.076532, index 524289
Top hit found! SNR 127.541100, Drift Rate -0.086098, index 524287
Top hit found! SNR 142.597977, Drift Rate -0.076532, index 524287
Top hit found! SNR 154.339554, Drift Rate -0.076532, index 524287
Top hit found! SNR 163.333725, Drift Rate 0.086098, index 524289
Top hit found! SNR 838.434082, Drift Rate -0.000000, index 314573
Top hit found! SNR 177.026001, Drift Rate 0.038266, index 524288
Top hit found! SNR 191.625671, Drift Rate -0.038266, index 524287
Top hit found! SNR 214.805450, Drift Rate 0.086098, index 524289
Top hit found! SNR 178.745163, Drift Rate -0.047832, index 524288
Top hit found! SNR 14.429103, Drift Rate -0.000000, index 747984
Top hit found! SNR 262.939667, Drift Rate -0.000000, index 524289
Top hit found! SNR 281.718140, Drift Rate -0.076532, index 524287
Top hit found! SNR 293.228149, Drift Rate 0.057399, index 524289
Top hit found! SNR 27.145163, Drift Rate -0.000000, index 132820
Top hit found! SNR 314.709442, Drift Rate -0.057399, index 524287
Top hit found! SNR 340.711365, Drift Rate -0.000000, index 524289
Top hit found! SNR 10.386618, Drift Rate 0.573989, index 864015
Top hit found! SNR 16.868958, Drift Rate -0.066965, index 879755
Top hit found! SNR 37.603729, Drift Rate -0.870551, index 885077
Top hit found! SNR 16.818394, Drift Rate -0.353960, index 891715
Top hit found! SNR 368.676117, Drift Rate 0.009566, index 524289
Top hit found! SNR 385.470886, Drift Rate 0.057399, index 524289
Top hit found! SNR 117.417641, Drift Rate -0.000000, index 566231
Top hit found! SNR 405.667572, Drift Rate -0.009566, index 524289
Top hit found! SNR 413.141205, Drift Rate -0.009566, index 524287
Top hit found! SNR 425.369934, Drift Rate 0.086098, index 524289
Top hit found! SNR 119.837898, Drift Rate -0.000000, index 999642
Top hit found! SNR 441.652344, Drift Rate -0.076532, index 524287
Top hit found! SNR 457.241425, Drift Rate 0.076532, index 524289
Top hit found! SNR 476.807800, Drift Rate 0.057399, index 524289
Top hit found! SNR 10.293218, Drift Rate -0.019133, index 370251
Top hit found! SNR 285.848602, Drift Rate -0.000000, index 384478
Top hit found! SNR 251.302048, Drift Rate -0.000000, index 389651
Top hit found! SNR 487.095520, Drift Rate 0.076532, index 524289
Top hit found! SNR 499.731354, Drift Rate -0.086098, index 524287
Top hit found! SNR 803.780640, Drift Rate -0.009566, index 524289
Top hit found! SNR 531.823303, Drift Rate -0.009566, index 524289
Top hit found! SNR 117.838364, Drift Rate -0.000000, index 817889
Top hit found! SNR 553.053223, Drift Rate -0.000000, index 524289
Top hit found! SNR 580.342468, Drift Rate -0.076532, index 524287
Top hit found! SNR 36.614124, Drift Rate -0.057399, index 872806
Top hit found! SNR 605.553345, Drift Rate -0.086098, index 524287
Top hit found! SNR 51.524555, Drift Rate -0.000000, index 202725
Top hit found! SNR 626.822266, Drift Rate -0.000000, index 524287
Top hit found! SNR 645.901367, Drift Rate -0.086098, index 524287
Top hit found! SNR 666.048096, Drift Rate 0.009566, index 524289
Top hit found! SNR 697.510132, Drift Rate -0.000000, index 524289
Top hit found! SNR 36.390640, Drift Rate -0.000000, index 636136
Top hit found! SNR 715.804443, Drift Rate 0.009566, index 524287
Top hit found! SNR 711.496216, Drift Rate -0.000000, index 524287
Top hit found! SNR 64.908897, Drift Rate -0.334827, index 170214
Top hit found! SNR 40.209160, Drift Rate 0.277428, index 181043
Top hit found! SNR 742.171082, Drift Rate -0.000000, index 524287
Top hit found! SNR 751.292847, Drift Rate 0.057399, index 524289
Top hit found! SNR 760.739685, Drift Rate 0.066965, index 524289
Top hit found! SNR 777.825623, Drift Rate -0.086098, index 524287
Top hit found! SNR 149.215881, Drift Rate -0.000000, index 454383
Top hit found! SNR 788.027283, Drift Rate -0.009566, index 524287
Top hit found! SNR 812.700623, Drift Rate 0.057399, index 524289
Top hit found! SNR 802.764648, Drift Rate 0.066965, index 524289
Top hit found! SNR 801.484619, Drift Rate 0.076532, index 524289
Top hit found! SNR 20.781330, Drift Rate -0.076532, index 536312
Top hit found! SNR 797.684753, Drift Rate -0.000000, index 524287
Top hit found! SNR 802.015503, Drift Rate 0.057399, index 524289
Top hit found! SNR 10.515607, Drift Rate -0.000000, index 123417
Top hit found! SNR 70.508743, Drift Rate -0.000000, index 133117
Top hit found! SNR 811.310669, Drift Rate 0.086098, index 524289
Top hit found! SNR 810.066772, Drift Rate -0.028699, index 524288
Top hit found! SNR 810.333435, Drift Rate 0.047832, index 524288
Top hit found! SNR 816.108215, Drift Rate -0.057399, index 524287
Top hit found! SNR 818.481995, Drift Rate 0.009566, index 524289
Top hit found! SNR 812.359070, Drift Rate -0.066965, index 524287
Top hit found! SNR 795.454468, Drift Rate 0.086098, index 524289
Top hit found! SNR 32.976635, Drift Rate 0.009566, index 418872
Top hit found! SNR 35.321819, Drift Rate -0.028699, index 437012
Top hit found! SNR 811.872253, Drift Rate -0.000000, index 524287
Top hit found! SNR 823.464783, Drift Rate -0.000000, index 524289
Top hit found! SNR 799.609375, Drift Rate 0.086098, index 524289
Top hit found! SNR 775.083069, Drift Rate -0.076532, index 524287

===== Search time: 461.50 minutes
===== END OF LOG
