
turbo_seti version 2.1.17
blimpy version 2.0.31
h5py version 3.5.0

HDF5 header info: {'DIMENSION_LABELS': array(['time', 'feed_id', 'frequency'], dtype=object), 'az_start': 0.0, 'data_type': 1, 'fch1': 3151.46484375, 'foff': -2.7939677238464355e-06, 'machine_id': 20, 'nbits': 32, 'nchans': 536870912, 'nifs': 1, 'source_name': 'ON_S', 'src_dej': <Angle 60.8686 deg>, 'src_raj': <Angle 2.6564 hourangle>, 'telescope_id': 6, 'tsamp': 18.253611007999982, 'tstart': 59524.18732638889, 'za_start': 0.0}

Starting ET search with parameters: datafile=/gpfs/group/jtw13/default/gbt_2020/2021/S_band/splice_no_overlap_ordered/OFF_Scan/spliced_blc0x1x2x_guppi_59524_16185_ON_S_0030.rawspec.0000.h5, max_drift=31.515, min_drift=0.0, snr=10.0, out_dir=/gpfs/group/jtw13/default/gbt_2020/2021/S_band/splice_no_overlap_ordered/OFF_Scan/, coarse_chans=None, flagging=False, n_coarse_chan=512, kernels=None, gpu_id=0, gpu_backend=False, blank_dc=True, precision=1, append_output=False, log_level_int=30, obs_info={'pulsar': 0, 'pulsar_found': 0, 'pulsar_dm': 0.0, 'pulsar_snr': 0.0, 'pulsar_stats': array([0., 0., 0., 0., 0., 0.]), 'RFI_level': 0.0, 'Mean_SEFD': 0.0, 'psrflux_Sens': 0.0, 'SEFDs_val': [0.0], 'SEFDs_freq': [0.0], 'SEFDs_freq_up': [0.0]}

Computed drift rate resolution: 0.00956648975722505

Top hit found! SNR 329.082520, Drift Rate 0.105231, index 202019
Top hit found! SNR 2944.756104, Drift Rate 0.019133, index 309440
Top hit found! SNR 276.429718, Drift Rate -0.086098, index 349553
Top hit found! SNR 229075.406250, Drift Rate 0.019133, index 416864
Top hit found! SNR 591.338989, Drift Rate -0.076532, index 436917
Top hit found! SNR 21.636290, Drift Rate 0.009566, index 456984
Top hit found! SNR 17.281696, Drift Rate 0.153064, index 464130
Top hit found! SNR 26.799822, Drift Rate 0.114798, index 477043
Top hit found! SNR 37.035614, Drift Rate -0.019133, index 484175
Top hit found! SNR 208.407913, Drift Rate -0.000000, index 491520
Top hit found! SNR 98.508629, Drift Rate -0.000000, index 509016
Top hit found! SNR 66.849762, Drift Rate -0.000000, index 516534
Top hit found! SNR 66327.250000, Drift Rate 0.019133, index 524289
Top hit found! SNR 66.849762, Drift Rate -0.000000, index 532042
Top hit found! SNR 98.508629, Drift Rate -0.000000, index 539560
Top hit found! SNR 208.407913, Drift Rate -0.000000, index 557056
Top hit found! SNR 37.035614, Drift Rate 0.019133, index 564401
Top hit found! SNR 26.799824, Drift Rate -0.114798, index 571533
Top hit found! SNR 17.281696, Drift Rate -0.143497, index 584446
Top hit found! SNR 21.636290, Drift Rate -0.009566, index 591592
Top hit found! SNR 591.338928, Drift Rate 0.076532, index 611659
Top hit found! SNR 229075.406250, Drift Rate -0.019133, index 631712
Top hit found! SNR 276.429688, Drift Rate 0.086098, index 699023
Top hit found! SNR 2944.755615, Drift Rate -0.019133, index 739136
Top hit found! SNR 329.082520, Drift Rate -0.105231, index 846557
Top hit found! SNR 102.485039, Drift Rate 5.385934, index 524357
Top hit found! SNR 1114.197632, Drift Rate -0.000000, index 794942
Top hit found! SNR 1486.435059, Drift Rate -0.000000, index 17021
Top hit found! SNR 141.241760, Drift Rate -0.000000, index 251379
Top hit found! SNR 254.803619, Drift Rate -0.000000, index 405981
Top hit found! SNR 40.732224, Drift Rate -0.411359, index 524283
Top hit found! SNR 14.750328, Drift Rate -0.000000, index 801752
Top hit found! SNR 37.397949, Drift Rate -0.000000, index 900693
Top hit found! SNR 10.608645, Drift Rate -0.000000, index 933675
Top hit found! SNR 2809.779053, Drift Rate -0.000000, index 17021
Top hit found! SNR 13.770968, Drift Rate -0.000000, index 181924
Top hit found! SNR 18.435326, Drift Rate -0.000000, index 280865
Top hit found! SNR 71.746391, Drift Rate -0.000000, index 346828
Top hit found! SNR 10.090830, Drift Rate -0.000000, index 413738
Top hit found! SNR 67.767464, Drift Rate -0.000000, index 511732
Top hit found! SNR 33.936859, Drift Rate -29.129961, index 523907
Top hit found! SNR 49387.093750, Drift Rate -0.000000, index 676636
Top hit found! SNR 10.004334, Drift Rate -0.000000, index 709617
Top hit found! SNR 19.483847, Drift Rate -0.000000, index 775576
Top hit found! SNR 40.790844, Drift Rate -0.000000, index 808558
Top hit found! SNR 14.540618, Drift Rate -0.000000, index 841539
Top hit found! SNR 15.886803, Drift Rate -0.000000, index 907503
Top hit found! SNR 63.790653, Drift Rate -0.000000, index 940480
Top hit found! SNR 98.498146, Drift Rate -0.000000, index 957699
Top hit found! SNR 33.810535, Drift Rate -0.000000, index 1006443
Top hit found! SNR 92.499763, Drift Rate -0.009566, index 1027045
Top hit found! SNR 10.567905, Drift Rate -0.000000, index 122771
Top hit found! SNR 14.785074, Drift Rate -0.000000, index 155753
Top hit found! SNR 5880.557129, Drift Rate -0.000000, index 287675
Top hit found! SNR 42.341503, Drift Rate -18.090233, index 524051
Top hit found! SNR 15.052832, Drift Rate -0.000000, index 617482
Top hit found! SNR 12.656467, Drift Rate -0.000000, index 815368
Top hit found! SNR 4454.231445, Drift Rate -0.000000, index 947290
Top hit found! SNR 37.440662, Drift Rate -0.009566, index 1027045
Top hit found! SNR 29.170496, Drift Rate -0.000000, index 37446
Top hit found! SNR 20.261856, Drift Rate -0.000000, index 63618
Top hit found! SNR 14.772964, Drift Rate -0.000000, index 162558
Top hit found! SNR 12.297388, Drift Rate -0.000000, index 393425
Top hit found! SNR 10.918310, Drift Rate -0.000000, index 426407
Top hit found! SNR 45.190029, Drift Rate 16.454363, index 524502
Top hit found! SNR 61076.000000, Drift Rate -0.000000, index 558329
Top hit found! SNR 12.044591, Drift Rate -0.000000, index 624292
Top hit found! SNR 35.437641, Drift Rate -0.000000, index 690251
Top hit found! SNR 65.550636, Drift Rate -0.000000, index 723233
Top hit found! SNR 19.281742, Drift Rate 0.009566, index 748367
Top hit found! SNR 17.936386, Drift Rate -0.000000, index 756215
Top hit found! SNR 28.653641, Drift Rate -0.000000, index 789196
Top hit found! SNR 145.497299, Drift Rate -0.000000, index 822173
Top hit found! SNR 51.484005, Drift Rate -0.000000, index 855155
Top hit found! SNR 37.687016, Drift Rate -0.000000, index 888137
Top hit found! SNR 67.616562, Drift Rate -0.000000, index 921118
Top hit found! SNR 11.206541, Drift Rate -0.000000, index 947290
Top hit found! SNR 139.135620, Drift Rate -0.000000, index 954100
Top hit found! SNR 57.938648, Drift Rate -0.000000, index 987077
Top hit found! SNR 207.944412, Drift Rate -0.000000, index 37446
Top hit found! SNR 15.013846, Drift Rate -0.000000, index 70428
Top hit found! SNR 63.251945, Drift Rate -0.000000, index 103405
Top hit found! SNR 62.027256, Drift Rate -0.000000, index 136386
Top hit found! SNR 84304.945312, Drift Rate -0.000000, index 169368
Top hit found! SNR 60.018505, Drift Rate -0.000000, index 202350
Top hit found! SNR 42.474312, Drift Rate -0.000000, index 235331
Top hit found! SNR 95.012558, Drift Rate -0.000000, index 268309
Top hit found! SNR 183.267120, Drift Rate -0.000000, index 301290
Top hit found! SNR 41.020004, Drift Rate -0.000000, index 334272
Top hit found! SNR 179.752914, Drift Rate -0.009566, index 433212
Top hit found! SNR 71.620934, Drift Rate -0.000000, index 466194
Top hit found! SNR 83.808418, Drift Rate -0.000000, index 499176
Top hit found! SNR 43.761726, Drift Rate -7.940187, index 524185
Top hit found! SNR 74.834892, Drift Rate -0.000000, index 532158
Top hit found! SNR 233.176529, Drift Rate -0.000000, index 565139
Top hit found! SNR 22.703819, Drift Rate -0.000000, index 598116
Top hit found! SNR 33.319729, Drift Rate -0.000000, index 631098
Top hit found! SNR 12.713666, Drift Rate -0.000000, index 664080
Top hit found! SNR 35.134739, Drift Rate -0.000000, index 697061
Top hit found! SNR 14.205788, Drift Rate -0.000000, index 730043
Top hit found! SNR 6993.903320, Drift Rate -0.000000, index 828983
Top hit found! SNR 11.539494, Drift Rate -0.000000, index 861965
Top hit found! SNR 11.053404, Drift Rate -0.000000, index 894947
Top hit found! SNR 10.542838, Drift Rate -0.000000, index 927924
Top hit found! SNR 1388.699707, Drift Rate -0.000000, index 51062
Top hit found! SNR 45.611279, Drift Rate -0.000000, index 110215
Top hit found! SNR 10.832585, Drift Rate -0.000000, index 143197
Top hit found! SNR 24.543365, Drift Rate -0.000000, index 178359
Top hit found! SNR 29.613739, Drift Rate -0.000000, index 275119
Top hit found! SNR 36.108124, Drift Rate -0.000000, index 310323
Top hit found! SNR 2153.208496, Drift Rate -0.000000, index 342535
Top hit found! SNR 12.528193, Drift Rate -0.000000, index 374059
Top hit found! SNR 9702.676758, Drift Rate -0.009566, index 440022
Top hit found! SNR 11.973590, Drift Rate -0.000000, index 473004
Top hit found! SNR 41.380028, Drift Rate 25.083336, index 524617
Top hit found! SNR 16.708572, Drift Rate -0.000000, index 538963
Top hit found! SNR 31.181789, Drift Rate -0.000000, index 571944
Top hit found! SNR 19.298635, Drift Rate -0.000000, index 604926
Top hit found! SNR 25.707224, Drift Rate -0.000000, index 703867
Top hit found! SNR 16.010748, Drift Rate -0.000000, index 835793
Top hit found! SNR 11.873072, Drift Rate -0.000000, index 868771
Top hit found! SNR 19073.753906, Drift Rate -0.000000, index 51062
Top hit found! SNR 24.012283, Drift Rate -0.000000, index 215965
Top hit found! SNR 11.347543, Drift Rate -0.000000, index 281929
Top hit found! SNR 50.779686, Drift Rate -0.000000, index 314906
Top hit found! SNR 10.486862, Drift Rate -0.000000, index 380869
Top hit found! SNR 25.249664, Drift Rate -0.000000, index 446832
Top hit found! SNR 14.892760, Drift Rate -0.000000, index 479810
Top hit found! SNR 16.675158, Drift Rate -0.000000, index 512791
Top hit found! SNR 41.165970, Drift Rate -7.863655, index 524184
Top hit found! SNR 40.226776, Drift Rate -0.000000, index 545773
Top hit found! SNR 24.857609, Drift Rate -0.000000, index 578755
Top hit found! SNR 19.853104, Drift Rate -0.000000, index 611736
Top hit found! SNR 2844.215576, Drift Rate -0.000000, index 710677
Top hit found! SNR 15.554080, Drift Rate -0.057399, index 735866
Top hit found! SNR 11.705908, Drift Rate -0.000000, index 809617
Top hit found! SNR 35.438984, Drift Rate -0.000000, index 842599
Top hit found! SNR 12.647673, Drift Rate -0.009566, index 875580
Top hit found! SNR 14.080557, Drift Rate -0.000000, index 941544
Top hit found! SNR 48.634480, Drift Rate -0.000000, index 974521
Top hit found! SNR 22.408529, Drift Rate -0.000000, index 57872
Top hit found! SNR 34.760201, Drift Rate -0.000000, index 156812
Top hit found! SNR 4201.812500, Drift Rate -0.000000, index 321716
Top hit found! SNR 40.248196, Drift Rate -15.019389, index 524091
Top hit found! SNR 73.944504, Drift Rate -0.000000, index 585560
Top hit found! SNR 21.765665, Drift Rate -0.000000, index 618542
Top hit found! SNR 23.827177, Drift Rate -0.000000, index 651523
Top hit found! SNR 12.590549, Drift Rate -0.000000, index 684505
Top hit found! SNR 55.511425, Drift Rate -0.000000, index 717487
Top hit found! SNR 16.879827, Drift Rate -0.000000, index 816427
Top hit found! SNR 32.941990, Drift Rate -0.000000, index 849409
Top hit found! SNR 2743.616455, Drift Rate -0.000000, index 981331
Top hit found! SNR 246.258377, Drift Rate 0.009566, index 986893
Top hit found! SNR 10.759607, Drift Rate -0.000000, index 64677
Top hit found! SNR 14.834859, Drift Rate -0.000000, index 97659
Top hit found! SNR 41.872822, Drift Rate -0.000000, index 199684
Top hit found! SNR 14.234571, Drift Rate -0.000000, index 262563
Top hit found! SNR 10.333366, Drift Rate -0.000000, index 298659
Top hit found! SNR 27.898211, Drift Rate -0.000000, index 331651
Top hit found! SNR 19.530737, Drift Rate -0.000000, index 427466
Top hit found! SNR 27.282644, Drift Rate -0.000000, index 463613
Top hit found! SNR 36.717197, Drift Rate -24.805908, index 523965
Top hit found! SNR 1893.314209, Drift Rate -0.000000, index 592370
Top hit found! SNR 15.417230, Drift Rate -0.000000, index 727537
Top hit found! SNR 23.579426, Drift Rate -0.000000, index 757274
Top hit found! SNR 28.339855, Drift Rate -0.000000, index 775946
Top hit found! SNR 85.048294, Drift Rate -0.000000, index 856214
Top hit found! SNR 18.404318, Drift Rate -0.000000, index 862295
Top hit found! SNR 22.498362, Drift Rate -0.000000, index 889196
Top hit found! SNR 49.789974, Drift Rate -0.000000, index 922178
Top hit found! SNR 13.495150, Drift Rate -0.009566, index 955159
Top hit found! SNR 69.290855, Drift Rate -0.000000, index 981331
Top hit found! SNR 62.173244, Drift Rate -0.000000, index 988141
Top hit found! SNR 19.161840, Drift Rate -0.000000, index 71487
Top hit found! SNR 1462.853149, Drift Rate -0.000000, index 203409
Top hit found! SNR 445.629028, Drift Rate -0.000000, index 209712
Top hit found! SNR 22.422060, Drift Rate -0.000000, index 335331
Top hit found! SNR 12.950424, Drift Rate -0.000000, index 470834
Top hit found! SNR 33.181679, Drift Rate -28.221146, index 523918
Top hit found! SNR 13.221927, Drift Rate -0.000000, index 602801
Top hit found! SNR 313.868683, Drift Rate -0.000000, index 863024
Top hit found! SNR 15.419132, Drift Rate -0.000000, index 144256
Top hit found! SNR 46.967827, Drift Rate -0.000000, index 474064
Top hit found! SNR 30.065659, Drift Rate -12.991293, index 524119
Top hit found! SNR 10.335443, Drift Rate -0.000000, index 737908
Top hit found! SNR 10.878740, Drift Rate -0.000000, index 869834
Top hit found! SNR 499.360535, Drift Rate -0.000000, index 85103
Top hit found! SNR 20.582684, Drift Rate -0.000000, index 221071
Top hit found! SNR 13.011640, Drift Rate -0.000000, index 250006
Top hit found! SNR 93.412209, Drift Rate -0.000000, index 348947
Top hit found! SNR 25.285229, Drift Rate -0.000000, index 381928
Top hit found! SNR 64.070602, Drift Rate -0.000000, index 414910
Top hit found! SNR 30.439583, Drift Rate -0.000000, index 447892
Top hit found! SNR 66.145721, Drift Rate -0.009566, index 480873
Top hit found! SNR 26.966890, Drift Rate -19.812201, index 524028
Top hit found! SNR 12.162064, Drift Rate -0.000000, index 546832
Top hit found! SNR 38.786110, Drift Rate -0.000000, index 579814
Top hit found! SNR 115.045486, Drift Rate -0.000000, index 612796
Top hit found! SNR 21.047203, Drift Rate -0.000000, index 645777
Top hit found! SNR 1025.505981, Drift Rate -0.000000, index 744718
Top hit found! SNR 48.145267, Drift Rate -0.000000, index 876640
Top hit found! SNR 22.103193, Drift Rate -0.000000, index 913994
Top hit found! SNR 16.057024, Drift Rate -0.000000, index 1012849
Top hit found! SNR 12.279115, Drift Rate -0.000000, index 96239
Top hit found! SNR 26.193960, Drift Rate -0.000000, index 160782
Top hit found! SNR 17.546988, Drift Rate -0.000000, index 228202
Top hit found! SNR 438.809387, Drift Rate -0.000000, index 355757
Top hit found! SNR 25.404123, Drift Rate -0.095665, index 520331
Top hit found! SNR 112.917801, Drift Rate -0.000000, index 1015372
Top hit found! SNR 19.006870, Drift Rate -0.000000, index 98718
Top hit found! SNR 11.086637, Drift Rate -0.000000, index 131700
Top hit found! SNR 17.827095, Drift Rate -0.000000, index 230640
Top hit found! SNR 20.361763, Drift Rate -0.000000, index 362567
Top hit found! SNR 22.219082, Drift Rate 30.316206, index 524683
Top hit found! SNR 16.559378, Drift Rate -0.000000, index 626411
Top hit found! SNR 52.819351, Drift Rate -0.000000, index 631219
Top hit found! SNR 14.625040, Drift Rate -0.009566, index 890255
Top hit found! SNR 16.363380, Drift Rate -0.000000, index 1015372
Top hit found! SNR 19.933077, Drift Rate -0.000000, index 237450
Top hit found! SNR 41.086254, Drift Rate -0.000000, index 242594
Top hit found! SNR 17.344370, Drift Rate 12.981727, index 524457
Top hit found! SNR 12.847605, Drift Rate -0.009566, index 897065
Top hit found! SNR 10.565486, Drift Rate -0.000000, index 112334
Top hit found! SNR 19.790489, Drift Rate -0.000000, index 117766
Top hit found! SNR 15.347201, Drift Rate -0.000000, index 178297
Top hit found! SNR 14.406396, Drift Rate 0.009566, index 183750
Top hit found! SNR 10.522868, Drift Rate -0.000000, index 244260
Top hit found! SNR 19.738518, Drift Rate -0.000000, index 249733
Top hit found! SNR 13.138915, Drift Rate -0.000000, index 348705
Top hit found! SNR 13.742472, Drift Rate -0.000000, index 376183
Top hit found! SNR 26.958828, Drift Rate -0.000000, index 381697
Top hit found! SNR 481.442352, Drift Rate -0.000000, index 508105
Top hit found! SNR 682.504456, Drift Rate -0.000000, index 513660
Top hit found! SNR 18.115980, Drift Rate -6.208652, index 524207
Top hit found! SNR 25.018745, Drift Rate -0.000000, index 594193
Top hit found! SNR 12.763320, Drift Rate -0.000000, index 645623
Top hit found! SNR 11.109772, Drift Rate -0.000000, index 678615
Top hit found! SNR 140.190872, Drift Rate -0.000000, index 119144
Top hit found! SNR 17.062775, Drift Rate 8.695939, index 524402
Top hit found! SNR 15.449431, Drift Rate -0.000000, index 646837
Top hit found! SNR 785.855713, Drift Rate -0.000000, index 778759
Top hit found! SNR 93.494804, Drift Rate -0.000000, index 784726
Top hit found! SNR 11.387629, Drift Rate -0.000000, index 910681
Top hit found! SNR 20.422251, Drift Rate -0.000000, index 837
Top hit found! SNR 1128.026123, Drift Rate -0.000000, index 389798
Top hit found! SNR 131.036484, Drift Rate -0.000000, index 395807
Top hit found! SNR 16.123947, Drift Rate 9.748253, index 524415
Top hit found! SNR 12.040867, Drift Rate -0.000000, index 917491
Top hit found! SNR 21.482443, Drift Rate -0.000000, index 837
Top hit found! SNR 16.402822, Drift Rate 8.026285, index 524392
Top hit found! SNR 31.384897, Drift Rate -0.000000, index 660452
Top hit found! SNR 52.242001, Drift Rate -0.009566, index 271491
Top hit found! SNR 15.534766, Drift Rate -20.644485, index 524017
Top hit found! SNR 16.020077, Drift Rate -0.000000, index 931107
Top hit found! SNR 32.652523, Drift Rate -0.000000, index 938102
Top hit found! SNR 14.527289, Drift Rate 5.079806, index 524355
Top hit found! SNR 17.539598, Drift Rate -0.000000, index 549347
Top hit found! SNR 26.588383, Drift Rate -0.000000, index 153185
Top hit found! SNR 78.319290, Drift Rate -0.000000, index 160592
Top hit found! SNR 14.583482, Drift Rate -23.045673, index 523986
Top hit found! SNR 110.974236, Drift Rate -0.000000, index 412440
Top hit found! SNR 14.103770, Drift Rate -16.301298, index 524076
Top hit found! SNR 14.168839, Drift Rate -23.686628, index 523979
Top hit found! SNR 17.089348, Drift Rate -0.000000, index 694493
Top hit found! SNR 10.471382, Drift Rate 0.009566, index 702724
Top hit found! SNR 25.225477, Drift Rate -0.009566, index 305532
Top hit found! SNR 14.161648, Drift Rate 13.756612, index 524469
Top hit found! SNR 27.978100, Drift Rate -0.000000, index 965148
Top hit found! SNR 13.790421, Drift Rate -25.963453, index 523950
Top hit found! SNR 15.119485, Drift Rate -0.000000, index 576187
Top hit found! SNR 13.136456, Drift Rate -23.916224, index 523974
Top hit found! SNR 13.649672, Drift Rate 0.880117, index 524299
Top hit found! SNR 13.201433, Drift Rate -17.841503, index 524056
Top hit found! SNR 22.610004, Drift Rate -0.000000, index 728534
Top hit found! SNR 35.574642, Drift Rate -0.000000, index 230687
Top hit found! SNR 13.387384, Drift Rate -10.494439, index 524151
Top hit found! SNR 21.019444, Drift Rate -0.000000, index 610228
Top hit found! SNR 13.836019, Drift Rate -0.000000, index 971680
Top hit found! SNR 18.917500, Drift Rate -0.000000, index 221267
Top hit found! SNR 13.941359, Drift Rate -5.280702, index 524218
Top hit found! SNR 14.718986, Drift Rate -0.000000, index 880882
Top hit found! SNR 13.569866, Drift Rate -22.682148, index 523992
Top hit found! SNR 51945.957031, Drift Rate -0.000000, index 664098
Top hit found! SNR 12.916451, Drift Rate 18.549423, index 524529
Top hit found! SNR 13.167463, Drift Rate -4.104024, index 524235
Top hit found! SNR 12.878351, Drift Rate -28.517706, index 523914
Top hit found! SNR 13.020742, Drift Rate -22.481251, index 523993
Top hit found! SNR 13.273079, Drift Rate 13.938375, index 524469
Top hit found! SNR 12.146947, Drift Rate -0.009566, index 137001
Top hit found! SNR 13.397725, Drift Rate 22.471684, index 524583
Top hit found! SNR 13.495084, Drift Rate 17.057051, index 524512
Top hit found! SNR 13.340425, Drift Rate -18.252863, index 524050
Top hit found! SNR 153.816391, Drift Rate 0.210463, index 156448
Top hit found! SNR 12.821687, Drift Rate -0.000000, index 191468
Top hit found! SNR 13.169362, Drift Rate 29.196926, index 524669
Top hit found! SNR 13.688655, Drift Rate 29.713516, index 524677
Top hit found! SNR 13.864124, Drift Rate 15.612512, index 524493
Top hit found! SNR 13.904886, Drift Rate -24.805908, index 523964
Top hit found! SNR 13.539681, Drift Rate -1.167112, index 524274
Top hit found! SNR 17.349545, Drift Rate -0.000000, index 300592
Top hit found! SNR 15.401324, Drift Rate 22.022058, index 524577
Top hit found! SNR 13.861456, Drift Rate 5.548564, index 524360
Top hit found! SNR 14.412429, Drift Rate 12.493835, index 524452
Top hit found! SNR 14.338814, Drift Rate 2.822114, index 524324
Top hit found! SNR 13.491864, Drift Rate 3.577867, index 524335
Top hit found! SNR 14.420588, Drift Rate -0.277428, index 524285
Top hit found! SNR 14.217399, Drift Rate -0.000000, index 872897
Top hit found! SNR 13.583069, Drift Rate -8.399378, index 524179
Top hit found! SNR 13.970815, Drift Rate 18.319828, index 524528
Top hit found! SNR 13.852414, Drift Rate 21.591568, index 524571
Top hit found! SNR 13.501222, Drift Rate 3.262173, index 524331
Top hit found! SNR 21.085346, Drift Rate 0.057399, index 874904
Top hit found! SNR 15.358130, Drift Rate -0.057399, index 894754
Top hit found! SNR 13.949948, Drift Rate -3.864862, index 524238
Top hit found! SNR 13.896569, Drift Rate -8.428078, index 524178
Top hit found! SNR 17.935802, Drift Rate 0.009566, index 244086
Top hit found! SNR 13.900599, Drift Rate -19.458241, index 524034
Top hit found! SNR 13.940035, Drift Rate 0.191330, index 524291
Top hit found! SNR 13.728117, Drift Rate 12.369472, index 524451
Top hit found! SNR 14.545672, Drift Rate -9.222096, index 524166
Top hit found! SNR 6448.504883, Drift Rate -0.000000, index 524225
Top hit found! SNR 27.709291, Drift Rate -0.000000, index 803908
Top hit found! SNR 476.703217, Drift Rate -0.000000, index 367590
Top hit found! SNR 26.868580, Drift Rate 0.057399, index 228828
Top hit found! SNR 14.093188, Drift Rate -0.057399, index 248665
Top hit found! SNR 16.597092, Drift Rate -0.047832, index 651154
Top hit found! SNR 14.489612, Drift Rate -0.009566, index 546727
Top hit found! SNR 21.603388, Drift Rate 0.019133, index 174065
Top hit found! SNR 17.420601, Drift Rate -4.649314, index 524196
Top hit found! SNR 12.410968, Drift Rate 7.174867, index 524429
Top hit found! SNR 11.909913, Drift Rate -12.302505, index 524047
Top hit found! SNR 11.679471, Drift Rate 0.554856, index 524298
Top hit found! SNR 11.883191, Drift Rate 1.081013, index 524310
Top hit found! SNR 11.317858, Drift Rate 11.288458, index 524510
Top hit found! SNR 11.154371, Drift Rate -5.338101, index 524184
Top hit found! SNR 10.289007, Drift Rate -7.241833, index 524147
Top hit found! SNR 39.483612, Drift Rate -0.000000, index 569167
Top hit found! SNR 102.503464, Drift Rate -0.000000, index 680986
Top hit found! SNR 19.354887, Drift Rate 0.076532, index 328118
Top hit found! SNR 866.703613, Drift Rate -0.000000, index 384478
Top hit found! SNR 84.004417, Drift Rate 0.411359, index 1023861
Top hit found! SNR 28.875027, Drift Rate 0.459192, index 1023863
Top hit found! SNR 33.114429, Drift Rate -1.109713, index 357604
Top hit found! SNR 12.345876, Drift Rate 0.736620, index 801533
Top hit found! SNR 12.952360, Drift Rate 0.860984, index 496712
Top hit found! SNR 108.195724, Drift Rate -0.353960, index 512419
Top hit found! SNR 869.065430, Drift Rate 0.019133, index 528246
Top hit found! SNR 795.775085, Drift Rate -0.507024, index 532975
Top hit found! SNR 40.312771, Drift Rate 0.057399, index 588282
Top hit found! SNR 36.363525, Drift Rate -0.028699, index 36635
Top hit found! SNR 58.980022, Drift Rate -0.286995, index 44615
Top hit found! SNR 16.906328, Drift Rate -0.000000, index 104858
Top hit found! SNR 240.865601, Drift Rate -0.028699, index 36635
Top hit found! SNR 579.009705, Drift Rate -0.286995, index 44615
Top hit found! SNR 55.451584, Drift Rate 0.095665, index 405039
Top hit found! SNR 25.092184, Drift Rate 0.019133, index 524289
Top hit found! SNR 13.914491, Drift Rate -0.009566, index 591606
Top hit found! SNR 15.807146, Drift Rate -4.505816, index 523904
Top hit found! SNR 17.749466, Drift Rate -16.062136, index 522924
Top hit found! SNR 19.412355, Drift Rate 11.384123, index 525256
Top hit found! SNR 21.357456, Drift Rate 3.185641, index 524558
Top hit found! SNR 10.469960, Drift Rate 0.009566, index 862120
Top hit found! SNR 13.385543, Drift Rate -0.133931, index 886635
Top hit found! SNR 20.651731, Drift Rate 30.918896, index 526913
Top hit found! SNR 21.216526, Drift Rate -14.359302, index 523067
Top hit found! SNR 20.572495, Drift Rate 12.379038, index 525341
Top hit found! SNR 20.765825, Drift Rate -13.134790, index 523171
Top hit found! SNR 22.729389, Drift Rate -7.031370, index 523691
Top hit found! SNR 10.131820, Drift Rate -0.000000, index 642567
Top hit found! SNR 24.781025, Drift Rate -7.767990, index 523629
Top hit found! SNR 324.780792, Drift Rate 0.669654, index 608992
Top hit found! SNR 14.150419, Drift Rate 0.028699, index 446604
Top hit found! SNR 119.201256, Drift Rate 0.057399, index 683278
Top hit found! SNR 14.113989, Drift Rate -1.176678, index 567300
Top hit found! SNR 2862.448242, Drift Rate -0.000000, index 272396
Top hit found! SNR 41.192726, Drift Rate -0.019133, index 280263
Top hit found! SNR 54.338612, Drift Rate 0.009566, index 375812
Top hit found! SNR 104.147079, Drift Rate -0.019133, index 1013269
Top hit found! SNR 49.818306, Drift Rate -0.028699, index 697699
Top hit found! SNR 14.607626, Drift Rate -0.028699, index 1013269
Top hit found! SNR 12.970502, Drift Rate -0.315694, index 33865
Top hit found! SNR 17.294937, Drift Rate -2.669051, index 729734
Top hit found! SNR 11.571246, Drift Rate -0.133931, index 738442
Top hit found! SNR 12.031098, Drift Rate -0.239162, index 787959
Top hit found! SNR 89.095795, Drift Rate -0.239162, index 796856
Top hit found! SNR 10.417336, Drift Rate -0.143497, index 810111
Top hit found! SNR 10.721379, Drift Rate 0.124364, index 818990
Top hit found! SNR 11.008247, Drift Rate -12.761698, index 178035
Top hit found! SNR 36.611759, Drift Rate 19.372141, index 203560
Top hit found! SNR 12.186191, Drift Rate -8.715073, index 225211
Top hit found! SNR 43.880585, Drift Rate 0.038266, index 334456
Top hit found! SNR 10.408393, Drift Rate -2.984745, index 559960
Top hit found! SNR 11.302711, Drift Rate -16.387398, index 652908
Top hit found! SNR 22.957321, Drift Rate -0.000000, index 697653
Top hit found! SNR 44.269787, Drift Rate 0.076532, index 684336
Top hit found! SNR 51.383507, Drift Rate -0.000000, index 829002
Top hit found! SNR 3080.508301, Drift Rate -0.000000, index 135432
Top hit found! SNR 2742.323486, Drift Rate -0.000000, index 141315
Top hit found! SNR 4905.958008, Drift Rate -0.000000, index 853180
Top hit found! SNR 5792.860840, Drift Rate 0.009566, index 858907
Top hit found! SNR 29.645969, Drift Rate -0.000000, index 943607
Top hit found! SNR 52.653511, Drift Rate -0.000000, index 352803
Top hit found! SNR 23.112139, Drift Rate -0.000000, index 301843
Top hit found! SNR 79.532417, Drift Rate -0.000000, index 323758
Top hit found! SNR 683.029724, Drift Rate -0.000000, index 345674
Top hit found! SNR 12.719497, Drift Rate 0.105231, index 353726
Top hit found! SNR 717335.375000, Drift Rate -0.000000, index 367590
Top hit found! SNR 12.998680, Drift Rate -0.114798, index 381453
Top hit found! SNR 425.218140, Drift Rate -0.000000, index 389506
Top hit found! SNR 77.021393, Drift Rate -0.000000, index 411421
Top hit found! SNR 28.158596, Drift Rate -0.000000, index 433337
Top hit found! SNR 15.884686, Drift Rate -0.000000, index 726137
Top hit found! SNR 12684.211914, Drift Rate -0.000000, index 745547
Top hit found! SNR 9425.147461, Drift Rate -0.000000, index 754495
Top hit found! SNR 22.446428, Drift Rate -0.000000, index 769968
Top hit found! SNR 20.739487, Drift Rate -0.000000, index 904461
Top hit found! SNR 319.060944, Drift Rate -0.000000, index 63587
Top hit found! SNR 54.371796, Drift Rate -0.000000, index 86136
Top hit found! SNR 25.019310, Drift Rate 0.009566, index 93708
Top hit found! SNR 18.122892, Drift Rate -0.009566, index 98662
Top hit found! SNR 24.309208, Drift Rate 0.009566, index 110436
Top hit found! SNR 20.097162, Drift Rate 0.009566, index 116222
Top hit found! SNR 13.019315, Drift Rate 0.162630, index 124543
Top hit found! SNR 17.297527, Drift Rate 0.009566, index 130215
Top hit found! SNR 25.559126, Drift Rate 0.009566, index 135370
Top hit found! SNR 28.317307, Drift Rate 0.009566, index 141682
Top hit found! SNR 16.813610, Drift Rate 0.047832, index 149470
Top hit found! SNR 18.286924, Drift Rate 0.162630, index 154632
Top hit found! SNR 12.129145, Drift Rate 0.009566, index 160093
Top hit found! SNR 18.833370, Drift Rate 0.162630, index 170413
Top hit found! SNR 16.498058, Drift Rate 0.162630, index 182196
Top hit found! SNR 13.308936, Drift Rate 0.105231, index 191664
Top hit found! SNR 15.198875, Drift Rate 0.105231, index 199344
Top hit found! SNR 19.712765, Drift Rate 0.105231, index 206814
Top hit found! SNR 19.990915, Drift Rate 0.162630, index 213127
Top hit found! SNR 23.778242, Drift Rate 0.133931, index 219860
Top hit found! SNR 12.892430, Drift Rate 0.153064, index 225331
Top hit found! SNR 14.762961, Drift Rate 0.105231, index 230906
Top hit found! SNR 17.142553, Drift Rate 0.105231, index 239112
Top hit found! SNR 20.322651, Drift Rate 0.153064, index 245530
Top hit found! SNR 19.297857, Drift Rate 0.153064, index 256998
Top hit found! SNR 10.335323, Drift Rate 0.153064, index 266782
Top hit found! SNR 23.161940, Drift Rate 0.153064, index 277513
Top hit found! SNR 16.748878, Drift Rate 0.153064, index 297397
Top hit found! SNR 11.892551, Drift Rate 0.153064, index 308759
Top hit found! SNR 17.084278, Drift Rate 0.009566, index 321164
Top hit found! SNR 13.259319, Drift Rate 0.009566, index 350306
Top hit found! SNR 12.086364, Drift Rate 0.191330, index 376091
Top hit found! SNR 14.658585, Drift Rate 0.009566, index 387654
Top hit found! SNR 10.552095, Drift Rate 0.009566, index 394598
Top hit found! SNR 11499.625000, Drift Rate -0.000000, index 68598
Top hit found! SNR 6934.964844, Drift Rate -0.000000, index 86136
Top hit found! SNR 6003.608398, Drift Rate -0.009566, index 98662
Top hit found! SNR 5656.610352, Drift Rate -0.000000, index 108684
Top hit found! SNR 5355.117676, Drift Rate -0.000000, index 118706
Top hit found! SNR 6082.916016, Drift Rate -0.000000, index 128727
Top hit found! SNR 4754.885254, Drift Rate -0.000000, index 136243
Top hit found! SNR 4746.283691, Drift Rate -0.000000, index 146265
Top hit found! SNR 4292.107910, Drift Rate -0.000000, index 153781
Top hit found! SNR 4377.787109, Drift Rate -0.000000, index 158792
Top hit found! SNR 4740.627930, Drift Rate -0.000000, index 166308
Top hit found! SNR 4346.513672, Drift Rate -0.000000, index 173824
Top hit found! SNR 3471.475586, Drift Rate -0.000000, index 178835
Top hit found! SNR 4369.347168, Drift Rate -0.000000, index 186351
Top hit found! SNR 3585.088623, Drift Rate -0.000000, index 191362
Top hit found! SNR 3998.954346, Drift Rate -0.000000, index 198878
Top hit found! SNR 4604.877441, Drift Rate -0.000000, index 203889
Top hit found! SNR 3689.030029, Drift Rate -0.000000, index 208900
Top hit found! SNR 3033.349854, Drift Rate -0.000000, index 216416
Top hit found! SNR 3969.596680, Drift Rate -0.000000, index 221427
Top hit found! SNR 4161.198730, Drift Rate -0.000000, index 226438
Top hit found! SNR 3787.023438, Drift Rate -0.000000, index 231449
Top hit found! SNR 3907.630127, Drift Rate -0.000000, index 236459
Top hit found! SNR 4148.388672, Drift Rate -0.000000, index 241470
Top hit found! SNR 4165.836914, Drift Rate -0.000000, index 246481
Top hit found! SNR 3835.280029, Drift Rate -0.000000, index 251492
Top hit found! SNR 3093.880371, Drift Rate -0.000000, index 256503
Top hit found! SNR 2497.163086, Drift Rate -0.000000, index 261513
Top hit found! SNR 2748.961914, Drift Rate -0.000000, index 269030
Top hit found! SNR 3593.386963, Drift Rate -0.000000, index 274040
Top hit found! SNR 3665.643555, Drift Rate -0.000000, index 279051
Top hit found! SNR 2647.502197, Drift Rate -0.000000, index 286567
Top hit found! SNR 3833.204346, Drift Rate -0.000000, index 291578
Top hit found! SNR 2509.853760, Drift Rate -0.000000, index 299094
Top hit found! SNR 3817.536621, Drift Rate -0.000000, index 304105
Top hit found! SNR 3457.823486, Drift Rate -0.000000, index 311621
Top hit found! SNR 2753.011475, Drift Rate -0.009566, index 319137
Top hit found! SNR 2991.098389, Drift Rate -0.000000, index 324148
Top hit found! SNR 2990.541748, Drift Rate -0.000000, index 334170
Top hit found! SNR 3533.924561, Drift Rate -0.000000, index 341686
Top hit found! SNR 3916.544922, Drift Rate -0.000000, index 349202
Top hit found! SNR 3772.637207, Drift Rate -0.000000, index 359224
Top hit found! SNR 4024.092285, Drift Rate -0.000000, index 366740
Top hit found! SNR 5086.523926, Drift Rate -0.000000, index 379267
Top hit found! SNR 6364.556641, Drift Rate -0.000000, index 391794
Top hit found! SNR 9718.591797, Drift Rate -0.000000, index 409332
Top hit found! SNR 15.342051, Drift Rate 0.076532, index 606016
Top hit found! SNR 16.193714, Drift Rate 0.076532, index 610645
Top hit found! SNR 23.900723, Drift Rate 0.076532, index 620219
Top hit found! SNR 22.833054, Drift Rate 0.095665, index 626637
Top hit found! SNR 31.904318, Drift Rate 0.076532, index 634422
Top hit found! SNR 17.394632, Drift Rate 0.095665, index 641997
Top hit found! SNR 20.436604, Drift Rate 0.095665, index 648520
Top hit found! SNR 21.962914, Drift Rate 0.095665, index 655148
Top hit found! SNR 12.740218, Drift Rate 0.076532, index 663459
Top hit found! SNR 18.003002, Drift Rate 0.086098, index 671875
Top hit found! SNR 17.705704, Drift Rate 0.105231, index 676610
Top hit found! SNR 12.353477, Drift Rate 0.076532, index 685973
Top hit found! SNR 15.910642, Drift Rate 0.076532, index 691654
Top hit found! SNR 20.537737, Drift Rate 0.076532, index 696809
Top hit found! SNR 18.718245, Drift Rate 0.095665, index 703122
Top hit found! SNR 15.713799, Drift Rate 0.086098, index 710907
Top hit found! SNR 20.274513, Drift Rate 0.076532, index 716062
Top hit found! SNR 21.152266, Drift Rate 0.076532, index 731843
Top hit found! SNR 18.342405, Drift Rate 0.076532, index 743626
Top hit found! SNR 14.468944, Drift Rate 0.095665, index 760775
Top hit found! SNR 17.242676, Drift Rate 0.095665, index 768245
Top hit found! SNR 17.330488, Drift Rate 0.076532, index 774557
Top hit found! SNR 24.571083, Drift Rate 0.076532, index 781290
Top hit found! SNR 12.775739, Drift Rate 0.057399, index 792336
Top hit found! SNR 15.535040, Drift Rate 0.057399, index 800542
Top hit found! SNR 19.139732, Drift Rate 0.095665, index 806961
Top hit found! SNR 19.882406, Drift Rate 0.076532, index 818428
Top hit found! SNR 22.437870, Drift Rate 0.076532, index 838943
Top hit found! SNR 16.046682, Drift Rate 0.076532, index 858827
Top hit found! SNR 11.284925, Drift Rate 0.095665, index 870190
Top hit found! SNR 12.504576, Drift Rate 0.076532, index 882604
Top hit found! SNR 50.349224, Drift Rate 0.114798, index 94154
Top hit found! SNR 58.069077, Drift Rate 0.105231, index 98783
Top hit found! SNR 82.622681, Drift Rate 0.114798, index 108357
Top hit found! SNR 84.419495, Drift Rate 0.105231, index 114774
Top hit found! SNR 130.498962, Drift Rate 0.114798, index 122560
Top hit found! SNR 70.855698, Drift Rate 0.095665, index 130134
Top hit found! SNR 100.358849, Drift Rate 0.105231, index 136657
Top hit found! SNR 109.961952, Drift Rate 0.105231, index 143285
Top hit found! SNR 115.338242, Drift Rate 0.114798, index 160013
Top hit found! SNR 98.383682, Drift Rate 0.105231, index 164747
Top hit found! SNR 68.274635, Drift Rate 0.133931, index 174111
Top hit found! SNR 96.837433, Drift Rate 0.114798, index 179792
Top hit found! SNR 132.384842, Drift Rate 0.114798, index 184947
Top hit found! SNR 117.683960, Drift Rate 0.105231, index 191259
Top hit found! SNR 86.371407, Drift Rate 0.133931, index 199045
Top hit found! SNR 107.303505, Drift Rate 0.133931, index 204200
Top hit found! SNR 103.231644, Drift Rate 0.133931, index 219981
Top hit found! SNR 93.263405, Drift Rate 0.133931, index 231764
Top hit found! SNR 62.611340, Drift Rate 0.105231, index 248912
Top hit found! SNR 83.658157, Drift Rate 0.133931, index 256382
Top hit found! SNR 70.143005, Drift Rate 0.095665, index 262694
Top hit found! SNR 76.516106, Drift Rate 0.095665, index 269427
Top hit found! SNR 42.015186, Drift Rate 0.095665, index 274898
Top hit found! SNR 42.001114, Drift Rate 0.095665, index 280474
Top hit found! SNR 43.956665, Drift Rate 0.095665, index 288680
Top hit found! SNR 53.402424, Drift Rate 0.133931, index 295098
Top hit found! SNR 35.896534, Drift Rate 0.162630, index 300779
Top hit found! SNR 38.812347, Drift Rate 0.095665, index 306565
Top hit found! SNR 28.004715, Drift Rate 0.114798, index 321294
Top hit found! SNR 38.714611, Drift Rate 0.133931, index 326134
Top hit found! SNR 32.660736, Drift Rate 0.114798, index 346964
Top hit found! SNR 27.005684, Drift Rate 0.133931, index 351804
Top hit found! SNR 37.245834, Drift Rate 0.133931, index 358327
Top hit found! SNR 33.782692, Drift Rate 0.153064, index 364008
Top hit found! SNR 45.278904, Drift Rate 0.133931, index 370741
Top hit found! SNR 25.984182, Drift Rate 0.114798, index 379052
Top hit found! SNR 25.857904, Drift Rate 0.133931, index 384313
Top hit found! SNR 22.016668, Drift Rate 0.114798, index 393360
Top hit found! SNR 31.327974, Drift Rate 0.114798, index 399883
Top hit found! SNR 32.444088, Drift Rate 0.133931, index 409773
Top hit found! SNR 21.359129, Drift Rate 0.133931, index 419557
Top hit found! SNR 35.592133, Drift Rate 0.133931, index 425659
Top hit found! SNR 33.069561, Drift Rate 0.133931, index 437232
Top hit found! SNR 25.239956, Drift Rate 0.133931, index 445543
Top hit found! SNR 15.521886, Drift Rate -0.000000, index 588593
Top hit found! SNR 66.854523, Drift Rate -0.000000, index 610509
Top hit found! SNR 3302.806885, Drift Rate -0.000000, index 632424
Top hit found! SNR 121.367767, Drift Rate -0.000000, index 654340
Top hit found! SNR 19.680819, Drift Rate -0.000000, index 676256
Top hit found! SNR 131.120438, Drift Rate 0.076532, index 685393
Top hit found! SNR 2670.582764, Drift Rate 0.057399, index 336571
Top hit found! SNR 87.223770, Drift Rate 0.076532, index 686450
Top hit found! SNR 24.308525, Drift Rate -0.000000, index 943718
Top hit found! SNR 10.322415, Drift Rate 0.057399, index 1036326
Top hit found! SNR 19.040653, Drift Rate 0.028699, index 337626
Top hit found! SNR 23.226870, Drift Rate 0.038266, index 338684
Top hit found! SNR 29.239645, Drift Rate 0.057399, index 688562
Top hit found! SNR 13.708989, Drift Rate -0.000000, index 34953
Top hit found! SNR 51.390987, Drift Rate 0.038266, index 1038439
Top hit found! SNR 97.979485, Drift Rate -0.000000, index 34953
Top hit found! SNR 18.746443, Drift Rate -0.066965, index 533046
Top hit found! SNR 28.738020, Drift Rate 0.038266, index 1038439
Top hit found! SNR 18.567839, Drift Rate -0.019133, index 288466
Top hit found! SNR 15.907187, Drift Rate 0.019133, index 308307
Top hit found! SNR 26.004450, Drift Rate -0.019133, index 328478
Top hit found! SNR 11.457371, Drift Rate 0.009566, index 348808
Top hit found! SNR 15.653636, Drift Rate 0.009566, index 375150
Top hit found! SNR 20.780991, Drift Rate 0.095665, index 395050
Top hit found! SNR 16.488815, Drift Rate 0.038266, index 401576
Top hit found! SNR 18.742634, Drift Rate -0.172197, index 415085
Top hit found! SNR 19.674963, Drift Rate 0.009566, index 421616
Top hit found! SNR 17.658592, Drift Rate 0.076532, index 428411
Top hit found! SNR 11.374137, Drift Rate -0.162630, index 441463
Top hit found! SNR 15.259855, Drift Rate 0.057399, index 448090
Top hit found! SNR 25.405088, Drift Rate 0.009566, index 468131
Top hit found! SNR 35.771847, Drift Rate -11.106694, index 478865
Top hit found! SNR 21.672010, Drift Rate -0.000000, index 487817
Top hit found! SNR 27.431684, Drift Rate -0.143497, index 494685
Top hit found! SNR 12.101407, Drift Rate 16.282166, index 502237
Top hit found! SNR 11.148264, Drift Rate 0.038266, index 521256
Top hit found! SNR 12.126243, Drift Rate -0.143497, index 534628
Top hit found! SNR 21.856277, Drift Rate 0.019133, index 541232
Top hit found! SNR 15.050658, Drift Rate 0.019133, index 547801
Top hit found! SNR 14.271564, Drift Rate 0.019133, index 561055
Top hit found! SNR 17.224344, Drift Rate -0.009566, index 567801
Top hit found! SNR 13.412515, Drift Rate -5.625096, index 574392
Top hit found! SNR 15.443245, Drift Rate 0.028699, index 587564
Top hit found! SNR 10.245425, Drift Rate -0.143497, index 597406
Top hit found! SNR 19.488298, Drift Rate 0.095665, index 634296
Top hit found! SNR 22.145821, Drift Rate -0.019133, index 654342
Top hit found! SNR 12.739123, Drift Rate 0.047832, index 661056
Top hit found! SNR 18.526516, Drift Rate -0.038266, index 667490
Top hit found! SNR 15.507027, Drift Rate 0.028699, index 674177
Top hit found! SNR 43.658943, Drift Rate 16.530895, index 48673
Top hit found! SNR 26.357658, Drift Rate 16.530895, index 68072
Top hit found! SNR 12.092473, Drift Rate -5.376367, index 75481
Top hit found! SNR 14.093533, Drift Rate -5.376367, index 83713
Top hit found! SNR 17.015135, Drift Rate 16.530895, index 118144
Top hit found! SNR 10.261458, Drift Rate 16.530895, index 135646
Top hit found! SNR 14.166296, Drift Rate -5.376367, index 143735
Top hit found! SNR 56.795185, Drift Rate -5.376367, index 167035
Top hit found! SNR 27.925106, Drift Rate 16.530895, index 181602
Top hit found! SNR 12.195807, Drift Rate 16.530895, index 190013
Top hit found! SNR 10.118248, Drift Rate -0.000000, index 458274
Top hit found! SNR 17.886465, Drift Rate -0.000000, index 598648
Top hit found! SNR 10.482686, Drift Rate 11.020597, index 618291
Top hit found! SNR 29.706198, Drift Rate -0.000000, index 643065
Top hit found! SNR 75.395676, Drift Rate -0.000000, index 664003
Top hit found! SNR 17.095200, Drift Rate 11.020597, index 685006
Top hit found! SNR 13.696024, Drift Rate -0.000000, index 692672
Top hit found! SNR 11.728832, Drift Rate -0.000000, index 705306
Top hit found! SNR 29.017580, Drift Rate -0.000000, index 767619
Top hit found! SNR 20.545441, Drift Rate -0.000000, index 778786
Top hit found! SNR 23.281879, Drift Rate -0.000000, index 785121
Top hit found! SNR 21.397600, Drift Rate -0.000000, index 792673
Top hit found! SNR 10.214569, Drift Rate -0.000000, index 870233
Top hit found! SNR 61.141457, Drift Rate -0.000000, index 235616
Top hit found! SNR 14.130879, Drift Rate -0.000000, index 254979
Top hit found! SNR 27.212160, Drift Rate -0.000000, index 355016
Top hit found! SNR 16.671299, Drift Rate 5.338101, index 793905
Top hit found! SNR 10.012736, Drift Rate -22.050758, index 820748
Top hit found! SNR 24.712395, Drift Rate 5.338101, index 836282
Top hit found! SNR 78.374817, Drift Rate 5.338101, index 856504
Top hit found! SNR 31.212282, Drift Rate 5.338101, index 874364
Top hit found! SNR 38.787449, Drift Rate 5.338101, index 883777
Top hit found! SNR 12.451791, Drift Rate 5.338101, index 896125
Top hit found! SNR 13.109544, Drift Rate 5.338101, index 948094
Top hit found! SNR 37.201229, Drift Rate 5.338101, index 969712
Top hit found! SNR 34.125576, Drift Rate 5.338101, index 975868
Top hit found! SNR 22.842184, Drift Rate 5.338101, index 982561
Top hit found! SNR 57.007809, Drift Rate -0.000000, index 174763
Top hit found! SNR 26.154293, Drift Rate 0.009566, index 212120
Top hit found! SNR 105.407135, Drift Rate -0.000000, index 690641
Top hit found! SNR 24.208509, Drift Rate -0.000000, index 752933
Top hit found! SNR 149.415726, Drift Rate -0.000000, index 680986
Top hit found! SNR 14.808263, Drift Rate -0.000000, index 244668
Top hit found! SNR 19.300734, Drift Rate -0.507024, index 512046
Top hit found! SNR 10.239539, Drift Rate -29.895281, index 523701
Top hit found! SNR 207.919891, Drift Rate -0.000000, index 775946
Top hit found! SNR 11.440210, Drift Rate 7.787123, index 524441
Top hit found! SNR 13.387118, Drift Rate 3.673532, index 524361
Top hit found! SNR 39.659382, Drift Rate 0.019133, index 892691
Top hit found! SNR 15.011792, Drift Rate -2.477721, index 524240
Top hit found! SNR 16.198490, Drift Rate 7.605360, index 524437
Top hit found! SNR 17.362787, Drift Rate -16.875288, index 523958
Top hit found! SNR 19.709055, Drift Rate 5.290269, index 524391
Top hit found! SNR 21.614805, Drift Rate 11.728517, index 524519
Top hit found! SNR 25.568111, Drift Rate -16.942253, index 523957
Top hit found! SNR 12.015841, Drift Rate -0.000000, index 776180
Top hit found! SNR 27.306379, Drift Rate 15.822974, index 524597
Top hit found! SNR 27.771212, Drift Rate -13.727913, index 524018
Top hit found! SNR 839.826660, Drift Rate -0.000000, index 314573
Top hit found! SNR 30.110712, Drift Rate -23.064806, index 523837
Top hit found! SNR 32.931473, Drift Rate 24.662411, index 524772
Top hit found! SNR 37.161865, Drift Rate -27.962849, index 523739
Top hit found! SNR 30.276356, Drift Rate -19.553905, index 523905
Top hit found! SNR 14.535711, Drift Rate -0.000000, index 747984
Top hit found! SNR 44.239811, Drift Rate 8.121950, index 524448
Top hit found! SNR 46.270123, Drift Rate -4.027492, index 524210
Top hit found! SNR 48.831264, Drift Rate -13.077392, index 524033
Top hit found! SNR 26.153133, Drift Rate -0.000000, index 132820
Top hit found! SNR 53.503185, Drift Rate 20.969746, index 524698
Top hit found! SNR 57.051582, Drift Rate 28.842966, index 524852
Top hit found! SNR 10.165498, Drift Rate 0.191330, index 864043
Top hit found! SNR 15.986753, Drift Rate 0.765319, index 879877
Top hit found! SNR 35.127361, Drift Rate -0.028699, index 885223
Top hit found! SNR 24.111990, Drift Rate 0.440059, index 891799
Top hit found! SNR 61.676937, Drift Rate 20.147028, index 524682
Top hit found! SNR 64.582367, Drift Rate 17.401445, index 524630
Top hit found! SNR 118.773674, Drift Rate -0.000000, index 566231
Top hit found! SNR 68.036354, Drift Rate 22.261221, index 524723
Top hit found! SNR 69.923866, Drift Rate -21.620266, index 523865
Top hit found! SNR 71.475029, Drift Rate 15.851673, index 524600
Top hit found! SNR 118.210625, Drift Rate -0.000000, index 999642
Top hit found! SNR 72.624474, Drift Rate -19.553905, index 523905
Top hit found! SNR 77.556297, Drift Rate 23.495298, index 524750
Top hit found! SNR 81.152954, Drift Rate 12.589500, index 524534
Top hit found! SNR 299.684784, Drift Rate -0.000000, index 384478
Top hit found! SNR 249.962814, Drift Rate 0.019133, index 389652
Top hit found! SNR 81.246498, Drift Rate -25.695591, index 523784
Top hit found! SNR 83.610718, Drift Rate 16.157801, index 524606
Top hit found! SNR 132.858063, Drift Rate -11.958112, index 524055
Top hit found! SNR 90.701576, Drift Rate -8.150649, index 524129
Top hit found! SNR 119.003799, Drift Rate -0.000000, index 817889
Top hit found! SNR 91.883263, Drift Rate -18.492025, index 523926
Top hit found! SNR 98.052605, Drift Rate 26.049551, index 524797
Top hit found! SNR 39.453735, Drift Rate -0.009566, index 872800
Top hit found! SNR 101.377396, Drift Rate 20.252258, index 524684
Top hit found! SNR 49.090065, Drift Rate -0.000000, index 202725
Top hit found! SNR 104.011497, Drift Rate -2.869947, index 524230
Top hit found! SNR 107.613113, Drift Rate 12.474703, index 524534
Top hit found! SNR 112.595795, Drift Rate 17.535376, index 524631
Top hit found! SNR 115.683578, Drift Rate -16.808323, index 523959
Top hit found! SNR 36.841179, Drift Rate -0.000000, index 636136
Top hit found! SNR 118.812523, Drift Rate 1.903731, index 524326
Top hit found! SNR 116.883415, Drift Rate 18.032833, index 524643
Top hit found! SNR 87.162056, Drift Rate -0.133931, index 168341
Top hit found! SNR 40.756786, Drift Rate 0.009566, index 181013
Top hit found! SNR 120.946404, Drift Rate -27.159264, index 523756
Top hit found! SNR 124.343895, Drift Rate 16.722223, index 524615
Top hit found! SNR 126.149902, Drift Rate 21.170641, index 524702
Top hit found! SNR 129.726746, Drift Rate 22.366453, index 524725
Top hit found! SNR 158.271347, Drift Rate -0.000000, index 454383
Top hit found! SNR 132.150238, Drift Rate -8.523743, index 524120
Top hit found! SNR 136.352783, Drift Rate 17.516243, index 524630
Top hit found! SNR 134.726318, Drift Rate 9.470825, index 524475
Top hit found! SNR 304.545258, Drift Rate 0.095665, index 528246
Top hit found! SNR 23.213621, Drift Rate 0.315694, index 536326
Top hit found! SNR 131.331619, Drift Rate 6.199085, index 524409
Top hit found! SNR 10.224739, Drift Rate 0.086098, index 206920
Top hit found! SNR 127.850937, Drift Rate -15.564679, index 523982
Top hit found! SNR 10.143012, Drift Rate -0.009566, index 123416
Top hit found! SNR 69.466949, Drift Rate 0.019133, index 133118
Top hit found! SNR 135.406433, Drift Rate -12.350338, index 524047
Top hit found! SNR 11.259858, Drift Rate 0.057399, index 873174
Top hit found! SNR 135.655548, Drift Rate 5.510298, index 524397
Top hit found! SNR 137.100082, Drift Rate -5.586830, index 524179
Top hit found! SNR 135.306259, Drift Rate -19.840900, index 523900
Top hit found! SNR 135.121216, Drift Rate 15.622078, index 524594
Top hit found! SNR 135.404892, Drift Rate -15.880373, index 523977
Top hit found! SNR 18.215672, Drift Rate -0.401793, index 44613
Top hit found! SNR 133.459747, Drift Rate -11.298024, index 524067
Top hit found! SNR 29.730652, Drift Rate 0.019133, index 418883
Top hit found! SNR 35.294552, Drift Rate -0.066965, index 436982
Top hit found! SNR 133.145065, Drift Rate 15.746442, index 524597
Top hit found! SNR 137.173141, Drift Rate -3.597000, index 524216
Top hit found! SNR 134.534515, Drift Rate -24.652843, index 523804
Top hit found! SNR 130.625275, Drift Rate 4.237955, index 524372

===== Search time: 511.85 minutes
===== END OF LOG
