
turbo_seti version 2.1.17
blimpy version 2.0.31
h5py version 3.5.0

HDF5 header info: {'DIMENSION_LABELS': array(['time', 'feed_id', 'frequency'], dtype=object), 'az_start': 0.0, 'data_type': 1, 'fch1': 3151.46484375, 'foff': -2.7939677238464355e-06, 'machine_id': 20, 'nbits': 32, 'nchans': 536870912, 'nifs': 1, 'source_name': 'ON_S', 'src_dej': <Angle 60.8686 deg>, 'src_raj': <Angle 2.65636667 hourangle>, 'telescope_id': 6, 'tsamp': 18.253611007999982, 'tstart': 59524.2031712963, 'za_start': 0.0}

Starting ET search with parameters: datafile=/gpfs/group/jtw13/default/gbt_2020/2021/S_band/splice_no_overlap_ordered/OFF_Scan/spliced_blc0x1x2x_guppi_59524_17554_ON_S_0034.rawspec.0000.h5, max_drift=31.515, min_drift=0.0, snr=10.0, out_dir=/gpfs/group/jtw13/default/gbt_2020/2021/S_band/splice_no_overlap_ordered/OFF_Scan/, coarse_chans=None, flagging=False, n_coarse_chan=512, kernels=None, gpu_id=0, gpu_backend=False, blank_dc=True, precision=1, append_output=False, log_level_int=30, obs_info={'pulsar': 0, 'pulsar_found': 0, 'pulsar_dm': 0.0, 'pulsar_snr': 0.0, 'pulsar_stats': array([0., 0., 0., 0., 0., 0.]), 'RFI_level': 0.0, 'Mean_SEFD': 0.0, 'psrflux_Sens': 0.0, 'SEFDs_val': [0.0], 'SEFDs_freq': [0.0], 'SEFDs_freq_up': [0.0]}

Computed drift rate resolution: 0.00956648975722505

Top hit found! SNR 11.544223, Drift Rate -0.286995, index 94605
Top hit found! SNR 453.975159, Drift Rate -0.181763, index 202028
Top hit found! SNR 4116.957520, Drift Rate -0.105231, index 309448
Top hit found! SNR 320.277039, Drift Rate 0.114798, index 349580
Top hit found! SNR 319955.906250, Drift Rate -0.057399, index 416868
Top hit found! SNR 669.667542, Drift Rate 0.028699, index 436932
Top hit found! SNR 24.745052, Drift Rate 0.124364, index 456992
Top hit found! SNR 19.687416, Drift Rate -0.353960, index 464094
Top hit found! SNR 29.176889, Drift Rate 0.239162, index 477064
Top hit found! SNR 39.276684, Drift Rate -0.086098, index 484164
Top hit found! SNR 210.588730, Drift Rate -0.000000, index 491520
Top hit found! SNR 68.918892, Drift Rate -0.000000, index 509016
Top hit found! SNR 59.295563, Drift Rate -0.000000, index 516534
Top hit found! SNR 322613.312500, Drift Rate -0.009566, index 524288
Top hit found! SNR 322613.312500, Drift Rate -0.000000, index 524289
Top hit found! SNR 59.295567, Drift Rate -0.000000, index 532042
Top hit found! SNR 68.918892, Drift Rate -0.000000, index 539560
Top hit found! SNR 210.588730, Drift Rate -0.000000, index 557056
Top hit found! SNR 39.276684, Drift Rate 0.086098, index 564412
Top hit found! SNR 29.176889, Drift Rate -0.239162, index 571512
Top hit found! SNR 19.687414, Drift Rate 0.353960, index 584482
Top hit found! SNR 24.745052, Drift Rate -0.124364, index 591584
Top hit found! SNR 669.667542, Drift Rate -0.028699, index 611644
Top hit found! SNR 319955.906250, Drift Rate 0.057399, index 631708
Top hit found! SNR 320.277039, Drift Rate -0.114798, index 698996
Top hit found! SNR 4116.957520, Drift Rate 0.105231, index 739128
Top hit found! SNR 453.975159, Drift Rate 0.181763, index 846548
Top hit found! SNR 11.544223, Drift Rate 0.286995, index 953971
Top hit found! SNR 918.626404, Drift Rate -0.000000, index 524287
Top hit found! SNR 1020.831299, Drift Rate -0.000000, index 794942
Top hit found! SNR 1887.114014, Drift Rate -0.000000, index 17021
Top hit found! SNR 151.752930, Drift Rate -0.000000, index 251380
Top hit found! SNR 211.233826, Drift Rate -0.000000, index 405981
Top hit found! SNR 363.479065, Drift Rate 0.019133, index 524290
Top hit found! SNR 13.704552, Drift Rate -0.000000, index 801752
Top hit found! SNR 40.685059, Drift Rate -0.000000, index 900693
Top hit found! SNR 12.722342, Drift Rate -0.000000, index 933675
Top hit found! SNR 3571.965576, Drift Rate -0.000000, index 17021
Top hit found! SNR 12.378065, Drift Rate -0.000000, index 181924
Top hit found! SNR 18.568130, Drift Rate -0.000000, index 280865
Top hit found! SNR 64.061501, Drift Rate -0.000000, index 346828
Top hit found! SNR 10.078558, Drift Rate -0.000000, index 413738
Top hit found! SNR 71.302666, Drift Rate -0.000000, index 511732
Top hit found! SNR 299.440460, Drift Rate 0.009566, index 524290
Top hit found! SNR 59051.386719, Drift Rate -0.000000, index 676636
Top hit found! SNR 11.170387, Drift Rate -0.000000, index 709618
Top hit found! SNR 18.000460, Drift Rate -0.000000, index 775576
Top hit found! SNR 47.534035, Drift Rate -0.000000, index 808558
Top hit found! SNR 15.342691, Drift Rate -0.000000, index 841540
Top hit found! SNR 16.519749, Drift Rate -0.000000, index 907503
Top hit found! SNR 60.878105, Drift Rate -0.000000, index 940480
Top hit found! SNR 103.006821, Drift Rate -0.000000, index 957699
Top hit found! SNR 27.240738, Drift Rate -0.000000, index 1006443
Top hit found! SNR 91.843132, Drift Rate -0.000000, index 1027048
Top hit found! SNR 11.696794, Drift Rate -0.000000, index 23831
Top hit found! SNR 10.632792, Drift Rate -0.000000, index 122771
Top hit found! SNR 15.246990, Drift Rate -0.000000, index 155753
Top hit found! SNR 6446.303711, Drift Rate -0.000000, index 287675
Top hit found! SNR 10.113401, Drift Rate -0.000000, index 452579
Top hit found! SNR 375.921387, Drift Rate 0.019133, index 524289
Top hit found! SNR 11.145658, Drift Rate 0.009566, index 617483
Top hit found! SNR 12.128945, Drift Rate -0.000000, index 815368
Top hit found! SNR 4394.977539, Drift Rate -0.000000, index 947290
Top hit found! SNR 35.518036, Drift Rate -0.000000, index 1027048
Top hit found! SNR 21.913811, Drift Rate -0.000000, index 37446
Top hit found! SNR 24.421337, Drift Rate -0.000000, index 63618
Top hit found! SNR 13.038241, Drift Rate -0.000000, index 162558
Top hit found! SNR 10.023184, Drift Rate -0.000000, index 360444
Top hit found! SNR 11.108221, Drift Rate -0.000000, index 426407
Top hit found! SNR 400.968872, Drift Rate 0.038266, index 524291
Top hit found! SNR 52468.835938, Drift Rate -0.000000, index 558329
Top hit found! SNR 10.289913, Drift Rate -0.000000, index 657270
Top hit found! SNR 31.045542, Drift Rate -0.000000, index 690251
Top hit found! SNR 69.233894, Drift Rate -0.000000, index 723233
Top hit found! SNR 23.102718, Drift Rate 0.028699, index 748363
Top hit found! SNR 21.750229, Drift Rate -0.000000, index 756215
Top hit found! SNR 24.949253, Drift Rate -0.000000, index 789196
Top hit found! SNR 120.547371, Drift Rate -0.000000, index 822174
Top hit found! SNR 54.001312, Drift Rate -0.000000, index 855155
Top hit found! SNR 50.966667, Drift Rate -0.000000, index 888137
Top hit found! SNR 70.988152, Drift Rate -0.000000, index 921119
Top hit found! SNR 10.049022, Drift Rate -0.000000, index 947290
Top hit found! SNR 138.048950, Drift Rate -0.000000, index 954100
Top hit found! SNR 51.794926, Drift Rate -0.000000, index 987077
Top hit found! SNR 166.216980, Drift Rate -0.000000, index 37446
Top hit found! SNR 16.392492, Drift Rate -0.000000, index 70428
Top hit found! SNR 61.891499, Drift Rate -0.000000, index 103405
Top hit found! SNR 61.446980, Drift Rate -0.000000, index 136387
Top hit found! SNR 58980.761719, Drift Rate -0.000000, index 169368
Top hit found! SNR 55.910049, Drift Rate -0.000000, index 202350
Top hit found! SNR 50.311111, Drift Rate -0.000000, index 235332
Top hit found! SNR 111.270859, Drift Rate -0.000000, index 268309
Top hit found! SNR 155.655365, Drift Rate -0.000000, index 301290
Top hit found! SNR 39.160904, Drift Rate -0.000000, index 334272
Top hit found! SNR 235.602264, Drift Rate -0.000000, index 433213
Top hit found! SNR 67.513039, Drift Rate -0.000000, index 466194
Top hit found! SNR 97.364113, Drift Rate -0.000000, index 499176
Top hit found! SNR 386.087799, Drift Rate -0.038266, index 524285
Top hit found! SNR 96.469421, Drift Rate -0.000000, index 532158
Top hit found! SNR 211.901642, Drift Rate -0.000000, index 565139
Top hit found! SNR 17.535202, Drift Rate -0.000000, index 598116
Top hit found! SNR 36.575470, Drift Rate -0.000000, index 631098
Top hit found! SNR 17.756863, Drift Rate -0.000000, index 664080
Top hit found! SNR 32.435135, Drift Rate -0.000000, index 697062
Top hit found! SNR 15.769878, Drift Rate -0.000000, index 730043
Top hit found! SNR 5246.839355, Drift Rate -0.000000, index 828984
Top hit found! SNR 13.147956, Drift Rate -0.000000, index 894947
Top hit found! SNR 11.066221, Drift Rate -0.000000, index 927924
Top hit found! SNR 2075.775391, Drift Rate -0.000000, index 51062
Top hit found! SNR 45.341125, Drift Rate -0.000000, index 110215
Top hit found! SNR 12.398371, Drift Rate -0.000000, index 143197
Top hit found! SNR 21.256519, Drift Rate -0.000000, index 178359
Top hit found! SNR 37.774426, Drift Rate -0.000000, index 275119
Top hit found! SNR 42.582966, Drift Rate -0.000000, index 310323
Top hit found! SNR 2192.239502, Drift Rate -0.000000, index 342535
Top hit found! SNR 15653.125000, Drift Rate -0.000000, index 440023
Top hit found! SNR 362.712524, Drift Rate 0.038266, index 524291
Top hit found! SNR 15.968869, Drift Rate -0.000000, index 538963
Top hit found! SNR 35.369953, Drift Rate -0.000000, index 571945
Top hit found! SNR 13.067961, Drift Rate -0.000000, index 604926
Top hit found! SNR 30.215168, Drift Rate -0.000000, index 703867
Top hit found! SNR 12.268716, Drift Rate -0.000000, index 835794
Top hit found! SNR 16.486418, Drift Rate -0.000000, index 868771
Top hit found! SNR 28524.554688, Drift Rate -0.000000, index 51062
Top hit found! SNR 22.266344, Drift Rate -0.000000, index 215966
Top hit found! SNR 13.645390, Drift Rate -0.000000, index 281929
Top hit found! SNR 48.202137, Drift Rate -0.000000, index 314906
Top hit found! SNR 30.303190, Drift Rate -0.000000, index 446833
Top hit found! SNR 19.710459, Drift Rate -0.000000, index 479810
Top hit found! SNR 12.952371, Drift Rate -0.000000, index 512791
Top hit found! SNR 364.757294, Drift Rate -0.009566, index 524288
Top hit found! SNR 37.250748, Drift Rate -0.000000, index 545773
Top hit found! SNR 28.378908, Drift Rate -0.000000, index 578755
Top hit found! SNR 14.653657, Drift Rate 0.009566, index 611737
Top hit found! SNR 11.366427, Drift Rate -0.000000, index 644714
Top hit found! SNR 3464.674805, Drift Rate -0.000000, index 710677
Top hit found! SNR 15.632463, Drift Rate -0.047832, index 735123
Top hit found! SNR 41.099380, Drift Rate -0.000000, index 842599
Top hit found! SNR 18.064867, Drift Rate -0.000000, index 875581
Top hit found! SNR 14.628051, Drift Rate -0.000000, index 941544
Top hit found! SNR 40.984970, Drift Rate -0.000000, index 974521
Top hit found! SNR 32.572487, Drift Rate -0.000000, index 57872
Top hit found! SNR 27.700476, Drift Rate -0.000000, index 156812
Top hit found! SNR 4004.263428, Drift Rate -0.000000, index 321716
Top hit found! SNR 11.543754, Drift Rate -0.000000, index 486620
Top hit found! SNR 346.646637, Drift Rate -0.009566, index 524286
Top hit found! SNR 51.194931, Drift Rate -0.000000, index 585560
Top hit found! SNR 28.403194, Drift Rate -0.000000, index 618542
Top hit found! SNR 38.201378, Drift Rate -0.000000, index 651524
Top hit found! SNR 68.381439, Drift Rate -0.000000, index 717487
Top hit found! SNR 10.529450, Drift Rate 0.009566, index 816428
Top hit found! SNR 26.910425, Drift Rate -0.000000, index 849409
Top hit found! SNR 11.256625, Drift Rate 0.009566, index 854897
Top hit found! SNR 10.686469, Drift Rate -0.000000, index 882391
Top hit found! SNR 2048.971680, Drift Rate -0.000000, index 981331
Top hit found! SNR 308.250641, Drift Rate 0.009566, index 986893
Top hit found! SNR 16.605326, Drift Rate -0.000000, index 97659
Top hit found! SNR 39.723263, Drift Rate -0.000000, index 199684
Top hit found! SNR 23.480774, Drift Rate -0.000000, index 262563
Top hit found! SNR 28.985533, Drift Rate -0.000000, index 331651
Top hit found! SNR 19.496687, Drift Rate -0.000000, index 427467
Top hit found! SNR 28.379013, Drift Rate -0.000000, index 463613
Top hit found! SNR 318.039368, Drift Rate 0.009566, index 524290
Top hit found! SNR 1045.620850, Drift Rate -0.000000, index 592370
Top hit found! SNR 14.877372, Drift Rate -0.000000, index 727537
Top hit found! SNR 22.030937, Drift Rate -0.000000, index 757274
Top hit found! SNR 29.119844, Drift Rate -0.000000, index 775946
Top hit found! SNR 110.341354, Drift Rate -0.000000, index 856215
Top hit found! SNR 15.264340, Drift Rate -0.000000, index 862295
Top hit found! SNR 20.830776, Drift Rate -0.000000, index 889196
Top hit found! SNR 65.275703, Drift Rate -0.000000, index 922178
Top hit found! SNR 18.216373, Drift Rate -0.000000, index 955160
Top hit found! SNR 50.526211, Drift Rate -0.000000, index 981331
Top hit found! SNR 52.074596, Drift Rate -0.000000, index 988141
Top hit found! SNR 11.532787, Drift Rate -0.000000, index 38506
Top hit found! SNR 17.715696, Drift Rate -0.000000, index 71488
Top hit found! SNR 1242.152954, Drift Rate -0.000000, index 203410
Top hit found! SNR 411.083191, Drift Rate -0.000000, index 209712
Top hit found! SNR 19.273230, Drift Rate 0.009566, index 335332
Top hit found! SNR 15.983627, Drift Rate -0.000000, index 470834
Top hit found! SNR 287.093140, Drift Rate -0.009566, index 524288
Top hit found! SNR 10.676194, Drift Rate -0.000000, index 602802
Top hit found! SNR 467.348877, Drift Rate -0.000000, index 863025
Top hit found! SNR 11.451286, Drift Rate -0.000000, index 144256
Top hit found! SNR 87.951012, Drift Rate -0.000000, index 474064
Top hit found! SNR 258.836975, Drift Rate 0.009566, index 524290
Top hit found! SNR 10.399031, Drift Rate -0.000000, index 737908
Top hit found! SNR 12.175501, Drift Rate -0.000000, index 869835
Top hit found! SNR 657.151733, Drift Rate -0.000000, index 85103
Top hit found! SNR 20.604111, Drift Rate -0.000000, index 221071
Top hit found! SNR 18.968100, Drift Rate -0.000000, index 250007
Top hit found! SNR 72.906303, Drift Rate -0.000000, index 348947
Top hit found! SNR 31.691845, Drift Rate -0.000000, index 381929
Top hit found! SNR 57.751499, Drift Rate -0.000000, index 414911
Top hit found! SNR 22.275846, Drift Rate 0.009566, index 447893
Top hit found! SNR 94.034325, Drift Rate -0.000000, index 480874
Top hit found! SNR 232.559158, Drift Rate 0.009566, index 524288
Top hit found! SNR 10.448435, Drift Rate 0.009566, index 546833
Top hit found! SNR 28.038071, Drift Rate -0.000000, index 579814
Top hit found! SNR 115.570885, Drift Rate -0.000000, index 612796
Top hit found! SNR 21.011528, Drift Rate -0.000000, index 645778
Top hit found! SNR 995.991577, Drift Rate -0.000000, index 744718
Top hit found! SNR 51.010601, Drift Rate -0.000000, index 876640
Top hit found! SNR 32.982300, Drift Rate -0.000000, index 909622
Top hit found! SNR 15.883163, Drift Rate -0.000000, index 1012849
Top hit found! SNR 11.618860, Drift Rate -0.000000, index 96239
Top hit found! SNR 24.617107, Drift Rate -0.000000, index 160782
Top hit found! SNR 16.412727, Drift Rate -0.000000, index 228202
Top hit found! SNR 287.721466, Drift Rate -0.000000, index 355757
Top hit found! SNR 211.456696, Drift Rate 0.009566, index 524290
Top hit found! SNR 64.159340, Drift Rate 0.009566, index 1015373
Top hit found! SNR 14.982484, Drift Rate -0.000000, index 1020105
Top hit found! SNR 12.937344, Drift Rate 0.009566, index 98719
Top hit found! SNR 10.354563, Drift Rate -0.000000, index 131700
Top hit found! SNR 22.501507, Drift Rate -0.000000, index 230641
Top hit found! SNR 15.953216, Drift Rate -0.000000, index 362567
Top hit found! SNR 194.635956, Drift Rate 0.009566, index 524290
Top hit found! SNR 14.958193, Drift Rate -0.000000, index 626412
Top hit found! SNR 53.707581, Drift Rate -0.000000, index 631219
Top hit found! SNR 20.757170, Drift Rate -0.000000, index 890256
Top hit found! SNR 27.137506, Drift Rate -0.000000, index 237451
Top hit found! SNR 21.898916, Drift Rate 0.009566, index 242595
Top hit found! SNR 148.717377, Drift Rate -0.047832, index 524284
Top hit found! SNR 23.419092, Drift Rate -0.000000, index 897066
Top hit found! SNR 24.199575, Drift Rate -0.000000, index 117766
Top hit found! SNR 23.686386, Drift Rate -0.000000, index 183750
Top hit found! SNR 11.567225, Drift Rate -0.000000, index 244261
Top hit found! SNR 17.044760, Drift Rate -0.000000, index 249734
Top hit found! SNR 17.260775, Drift Rate -0.000000, index 348705
Top hit found! SNR 17.457241, Drift Rate -0.000000, index 376183
Top hit found! SNR 29.839209, Drift Rate -0.000000, index 381697
Top hit found! SNR 673.091125, Drift Rate -0.000000, index 508105
Top hit found! SNR 546.308533, Drift Rate -0.000000, index 513660
Top hit found! SNR 161.515167, Drift Rate 0.047832, index 524292
Top hit found! SNR 24.992849, Drift Rate -0.000000, index 594193
Top hit found! SNR 10.048512, Drift Rate -0.000000, index 645623
Top hit found! SNR 12.439086, Drift Rate -0.000000, index 777587
Top hit found! SNR 132.920532, Drift Rate -0.000000, index 119144
Top hit found! SNR 10.318228, Drift Rate -0.000000, index 514915
Top hit found! SNR 147.727859, Drift Rate 0.038266, index 524291
Top hit found! SNR 12.911202, Drift Rate -0.000000, index 646837
Top hit found! SNR 494.132233, Drift Rate 0.009566, index 778760
Top hit found! SNR 125.281586, Drift Rate -0.000000, index 784726
Top hit found! SNR 10.401477, Drift Rate -0.000000, index 910681
Top hit found! SNR 19.922117, Drift Rate -0.000000, index 838
Top hit found! SNR 788.066956, Drift Rate -0.000000, index 389799
Top hit found! SNR 128.390717, Drift Rate -0.009566, index 395807
Top hit found! SNR 140.935013, Drift Rate -0.038266, index 524285
Top hit found! SNR 12.053707, Drift Rate -0.000000, index 653643
Top hit found! SNR 11.889338, Drift Rate -0.000000, index 917492
Top hit found! SNR 19.683813, Drift Rate -0.000000, index 838
Top hit found! SNR 134.239532, Drift Rate 0.028699, index 524290
Top hit found! SNR 39.259911, Drift Rate -0.000000, index 660453
Top hit found! SNR 77.691750, Drift Rate -0.000000, index 271492
Top hit found! SNR 129.899994, Drift Rate 0.019133, index 524290
Top hit found! SNR 21.496372, Drift Rate -0.000000, index 931107
Top hit found! SNR 20.118397, Drift Rate -0.000000, index 938103
Top hit found! SNR 123.087410, Drift Rate 0.009566, index 524288
Top hit found! SNR 19.198864, Drift Rate 0.009566, index 153186
Top hit found! SNR 52.102779, Drift Rate -0.000000, index 160592
Top hit found! SNR 118.960587, Drift Rate 0.038266, index 524291
Top hit found! SNR 105.571548, Drift Rate -0.000000, index 412440
Top hit found! SNR 117.789742, Drift Rate -0.047832, index 524284
Top hit found! SNR 116.033783, Drift Rate -0.009566, index 524286
Top hit found! SNR 21.099756, Drift Rate -0.000000, index 694494
Top hit found! SNR 16.911196, Drift Rate -0.000000, index 702724
Top hit found! SNR 31.687481, Drift Rate -0.000000, index 305533
Top hit found! SNR 115.871162, Drift Rate 0.047832, index 524292
Top hit found! SNR 26.256330, Drift Rate 0.009566, index 965149
Top hit found! SNR 115.255768, Drift Rate 0.009566, index 524290
Top hit found! SNR 12.612592, Drift Rate -0.000000, index 576188
Top hit found! SNR 116.847588, Drift Rate 0.038266, index 524291
Top hit found! SNR 114.062454, Drift Rate -0.019133, index 524287
Top hit found! SNR 111.834785, Drift Rate -0.009566, index 524288
Top hit found! SNR 23.268013, Drift Rate -0.000000, index 728535
Top hit found! SNR 40.521004, Drift Rate -0.000000, index 230687
Top hit found! SNR 10.283501, Drift Rate 0.009566, index 339575
Top hit found! SNR 110.486023, Drift Rate -0.047832, index 524284
Top hit found! SNR 30.510895, Drift Rate -0.000000, index 524289
Top hit found! SNR 22.380991, Drift Rate -0.000000, index 610229
Top hit found! SNR 19.112379, Drift Rate -0.000000, index 971680
Top hit found! SNR 18.653517, Drift Rate -0.000000, index 221268
Top hit found! SNR 113.041374, Drift Rate 0.028699, index 524291
Top hit found! SNR 14.550421, Drift Rate -0.000000, index 880883
Top hit found! SNR 111.057404, Drift Rate -0.000000, index 524287
Top hit found! SNR 52086.863281, Drift Rate -0.000000, index 664098
Top hit found! SNR 110.389099, Drift Rate -0.038266, index 524285
Top hit found! SNR 106.781868, Drift Rate -0.038266, index 524285
Top hit found! SNR 110.988319, Drift Rate 0.047832, index 524292
Top hit found! SNR 109.766449, Drift Rate 0.009566, index 524288
Top hit found! SNR 110.544136, Drift Rate 0.019133, index 524290
Top hit found! SNR 13.910260, Drift Rate -0.000000, index 137003
Top hit found! SNR 113.008652, Drift Rate -0.038266, index 524285
Top hit found! SNR 112.158379, Drift Rate -0.000000, index 524287
Top hit found! SNR 111.054787, Drift Rate 0.009566, index 524290
Top hit found! SNR 179.783798, Drift Rate -0.009566, index 156393
Top hit found! SNR 11.127940, Drift Rate 0.009566, index 167722
Top hit found! SNR 12.330768, Drift Rate -0.000000, index 191480
Top hit found! SNR 112.946541, Drift Rate 0.038266, index 524291
Top hit found! SNR 116.748985, Drift Rate -0.047832, index 524284
Top hit found! SNR 115.229263, Drift Rate 0.047832, index 524292
Top hit found! SNR 116.637268, Drift Rate 0.038266, index 524291
Top hit found! SNR 115.942848, Drift Rate -0.009566, index 524286
Top hit found! SNR 12.513359, Drift Rate -0.000000, index 300592
Top hit found! SNR 131.209427, Drift Rate -0.009566, index 524288
Top hit found! SNR 117.260826, Drift Rate -0.009566, index 524288
Top hit found! SNR 117.670517, Drift Rate -0.009566, index 524286
Top hit found! SNR 116.984917, Drift Rate -0.000000, index 524289
Top hit found! SNR 117.839943, Drift Rate -0.028699, index 524286
Top hit found! SNR 117.583641, Drift Rate 0.038266, index 524291
Top hit found! SNR 17.085402, Drift Rate -0.000000, index 872895
Top hit found! SNR 116.512657, Drift Rate 0.038266, index 524291
Top hit found! SNR 115.069496, Drift Rate 0.019133, index 524290
Top hit found! SNR 117.822571, Drift Rate 0.009566, index 524290
Top hit found! SNR 114.783012, Drift Rate -0.000000, index 524287
Top hit found! SNR 20.656622, Drift Rate 0.038266, index 874875
Top hit found! SNR 16.421103, Drift Rate -0.019133, index 894776
Top hit found! SNR 116.638969, Drift Rate -0.009566, index 524286
Top hit found! SNR 116.395248, Drift Rate -0.038266, index 524285
Top hit found! SNR 14.534005, Drift Rate -0.000000, index 244084
Top hit found! SNR 115.539474, Drift Rate 0.009566, index 524288
Top hit found! SNR 118.201271, Drift Rate -0.000000, index 524289
Top hit found! SNR 118.535583, Drift Rate -0.038266, index 524285
Top hit found! SNR 118.319565, Drift Rate -0.009566, index 524286
Top hit found! SNR 6367.639160, Drift Rate -0.000000, index 524225
Top hit found! SNR 27.660702, Drift Rate -0.000000, index 803908
Top hit found! SNR 276.026672, Drift Rate -0.000000, index 367591
Top hit found! SNR 25.552670, Drift Rate 0.028699, index 228798
Top hit found! SNR 14.540358, Drift Rate -0.019133, index 248687
Top hit found! SNR 16.554533, Drift Rate -0.019133, index 651174
Top hit found! SNR 17.559391, Drift Rate -0.000000, index 546728
Top hit found! SNR 20.308683, Drift Rate 0.009566, index 174059
Top hit found! SNR 41.407398, Drift Rate -0.009566, index 569167
Top hit found! SNR 61.313175, Drift Rate -0.000000, index 680985
Top hit found! SNR 19.963770, Drift Rate 0.057399, index 328111
Top hit found! SNR 810.505554, Drift Rate -0.000000, index 384478
Top hit found! SNR 69.964806, Drift Rate 0.210463, index 1023736
Top hit found! SNR 14.206520, Drift Rate 0.258295, index 1023740
Top hit found! SNR 39.433392, Drift Rate 0.363527, index 357699
Top hit found! SNR 10.151705, Drift Rate 0.631388, index 801402
Top hit found! SNR 13.123155, Drift Rate 0.105231, index 868435
Top hit found! SNR 122.312210, Drift Rate 0.038266, index 512573
Top hit found! SNR 2341.072754, Drift Rate 0.028699, index 528195
Top hit found! SNR 627.359680, Drift Rate -0.353960, index 532963
Top hit found! SNR 18.833614, Drift Rate -0.181763, index 588188
Top hit found! SNR 13.976896, Drift Rate 0.019133, index 968738
Top hit found! SNR 32.134712, Drift Rate 0.650521, index 39925
Top hit found! SNR 34.684193, Drift Rate 0.172197, index 46288
Top hit found! SNR 17.185509, Drift Rate -0.000000, index 104858
Top hit found! SNR 256.476166, Drift Rate 0.650521, index 39925
Top hit found! SNR 361.103088, Drift Rate 0.181763, index 46289
Top hit found! SNR 16.660542, Drift Rate 0.009566, index 405011
Top hit found! SNR 28.232286, Drift Rate -0.009566, index 524287
Top hit found! SNR 14.489564, Drift Rate -0.019133, index 591606
Top hit found! SNR 25.313299, Drift Rate -0.000000, index 524289
Top hit found! SNR 28.743980, Drift Rate -0.114798, index 524284
Top hit found! SNR 31.633028, Drift Rate -0.220029, index 524282
Top hit found! SNR 33.527580, Drift Rate 0.028699, index 524288
Top hit found! SNR 16.588644, Drift Rate -0.000000, index 886672
Top hit found! SNR 33.934292, Drift Rate 0.047832, index 524290
Top hit found! SNR 33.510338, Drift Rate 0.229596, index 524295
Top hit found! SNR 33.457279, Drift Rate -0.038266, index 524288
Top hit found! SNR 34.528652, Drift Rate 0.277428, index 524296
Top hit found! SNR 35.978352, Drift Rate -0.220029, index 524282
Top hit found! SNR 40.528755, Drift Rate -0.401793, index 524275
Top hit found! SNR 66.167221, Drift Rate 0.679221, index 608658
Top hit found! SNR 18.654615, Drift Rate 0.038266, index 446582
Top hit found! SNR 19.654839, Drift Rate -0.172197, index 680564
Top hit found! SNR 11.157908, Drift Rate -0.009566, index 887869
Top hit found! SNR 170.607162, Drift Rate 0.038266, index 683272
Top hit found! SNR 38.924534, Drift Rate -1.042747, index 597718
Top hit found! SNR 17.586121, Drift Rate -19.697403, index 414414
Top hit found! SNR 28.638931, Drift Rate -30.526669, index 437646
Top hit found! SNR 15.946257, Drift Rate -19.735668, index 461325
Top hit found! SNR 1306.785767, Drift Rate -0.000000, index 272405
Top hit found! SNR 488.170654, Drift Rate 1.348875, index 277754
Top hit found! SNR 34.673618, Drift Rate -0.028699, index 280285
Top hit found! SNR 62.108089, Drift Rate -0.000000, index 375809
Top hit found! SNR 15.185586, Drift Rate 0.009566, index 1006590
Top hit found! SNR 89.247765, Drift Rate -0.028699, index 1013291
Top hit found! SNR 49.975132, Drift Rate -0.028699, index 697721
Top hit found! SNR 11.668727, Drift Rate -0.028699, index 1013291
Top hit found! SNR 13.994966, Drift Rate -0.000000, index 483983
Top hit found! SNR 25.313248, Drift Rate -0.411359, index 34045
Top hit found! SNR 191.980942, Drift Rate -0.420926, index 34044
Top hit found! SNR 14.715986, Drift Rate -0.267862, index 707583
Top hit found! SNR 314.249481, Drift Rate -0.258295, index 729953
Top hit found! SNR 138.231674, Drift Rate -0.286995, index 738957
Top hit found! SNR 36.354179, Drift Rate -0.392226, index 761053
Top hit found! SNR 26.613285, Drift Rate -0.296561, index 766425
Top hit found! SNR 14.630348, Drift Rate -0.373093, index 771741
Top hit found! SNR 159.426682, Drift Rate -0.363527, index 788051
Top hit found! SNR 605.373718, Drift Rate -0.344394, index 796995
Top hit found! SNR 183.318222, Drift Rate -0.325261, index 805772
Top hit found! SNR 77.572998, Drift Rate -0.784452, index 819139
Top hit found! SNR 10.427224, Drift Rate -0.621822, index 324488
Top hit found! SNR 10.589122, Drift Rate -0.621822, index 333284
Top hit found! SNR 11.747295, Drift Rate -0.660088, index 793353
Top hit found! SNR 11.652328, Drift Rate -0.660088, index 802149
Top hit found! SNR 11.253149, Drift Rate -0.621822, index 861359
Top hit found! SNR 11.293746, Drift Rate -0.669654, index 870153
Top hit found! SNR 43.529152, Drift Rate 0.028699, index 334451
Top hit found! SNR 12.172622, Drift Rate -0.640955, index 418476
Top hit found! SNR 10.096012, Drift Rate -0.621822, index 460607
Top hit found! SNR 10.554356, Drift Rate -0.621822, index 508774
Top hit found! SNR 10.072845, Drift Rate -0.621822, index 736201
Top hit found! SNR 10.079844, Drift Rate -0.660088, index 786307
Top hit found! SNR 10.457321, Drift Rate -0.621822, index 807784
Top hit found! SNR 11.494614, Drift Rate -0.621822, index 816580
Top hit found! SNR 10.033663, Drift Rate -0.669654, index 832836
Top hit found! SNR 10.181117, Drift Rate -0.660088, index 841632
Top hit found! SNR 12.293267, Drift Rate -0.650521, index 847154
Top hit found! SNR 13.555689, Drift Rate -0.650521, index 855950
Top hit found! SNR 14.123915, Drift Rate -0.650521, index 898080
Top hit found! SNR 10.360159, Drift Rate -0.621822, index 925895
Top hit found! SNR 11.044021, Drift Rate -0.621822, index 934692
Top hit found! SNR 11.860595, Drift Rate -0.602689, index 102806
Top hit found! SNR 13.292722, Drift Rate -0.640955, index 111602
Top hit found! SNR 14.258717, Drift Rate -0.621822, index 138597
Top hit found! SNR 13.905584, Drift Rate -0.621822, index 147393
Top hit found! SNR 10.014158, Drift Rate -0.621822, index 206600
Top hit found! SNR 10.767778, Drift Rate -0.621822, index 215397
Top hit found! SNR 20.370880, Drift Rate -0.621822, index 446403
Top hit found! SNR 21.272890, Drift Rate -0.621822, index 455199
Top hit found! SNR 10.272870, Drift Rate -0.650521, index 464298
Top hit found! SNR 21.517574, Drift Rate -0.621822, index 514407
Top hit found! SNR 21.738897, Drift Rate -0.621822, index 523203
Top hit found! SNR 12.154512, Drift Rate -0.621822, index 533940
Top hit found! SNR 10.144317, Drift Rate -0.621822, index 596727
Top hit found! SNR 13.076412, Drift Rate -0.621822, index 679047
Top hit found! SNR 12.613228, Drift Rate -0.621822, index 687843
Top hit found! SNR 10.990194, Drift Rate -0.650521, index 726394
Top hit found! SNR 12.927561, Drift Rate -0.640955, index 772105
Top hit found! SNR 12.133764, Drift Rate -0.640955, index 780901
Top hit found! SNR 13.069324, Drift Rate -0.640955, index 865163
Top hit found! SNR 12.843241, Drift Rate -0.650521, index 873957
Top hit found! SNR 13.540326, Drift Rate -0.650521, index 893794
Top hit found! SNR 13.439030, Drift Rate -0.650521, index 902591
Top hit found! SNR 10.498838, Drift Rate -0.621822, index 983274
Top hit found! SNR 11.057425, Drift Rate -0.640955, index 260400
Top hit found! SNR 10.086316, Drift Rate -0.660088, index 269194
Top hit found! SNR 24.108753, Drift Rate -0.000000, index 697652
Top hit found! SNR 45.625843, Drift Rate 0.038266, index 684329
Top hit found! SNR 16.249388, Drift Rate -0.000000, index 828998
Top hit found! SNR 1546.484619, Drift Rate 0.009566, index 135093
Top hit found! SNR 1534.902954, Drift Rate 0.009566, index 140462
Top hit found! SNR 3977.578369, Drift Rate -0.000000, index 852102
Top hit found! SNR 3641.826172, Drift Rate -0.000000, index 857560
Top hit found! SNR 30.036179, Drift Rate -0.000000, index 352804
Top hit found! SNR 15.309422, Drift Rate 0.009566, index 301845
Top hit found! SNR 60.556458, Drift Rate -0.000000, index 323760
Top hit found! SNR 340.292236, Drift Rate -0.000000, index 345675
Top hit found! SNR 418951.187500, Drift Rate -0.000000, index 367591
Top hit found! SNR 10.514152, Drift Rate -0.181763, index 381459
Top hit found! SNR 394.974884, Drift Rate -0.000000, index 389506
Top hit found! SNR 58.748043, Drift Rate -0.009566, index 411421
Top hit found! SNR 18.938185, Drift Rate -0.009566, index 433337
Top hit found! SNR 7654.046875, Drift Rate -0.000000, index 746085
Top hit found! SNR 8811.887695, Drift Rate -0.000000, index 753064
Top hit found! SNR 20.453386, Drift Rate -0.000000, index 904462
Top hit found! SNR 195.962723, Drift Rate -0.000000, index 66093
Top hit found! SNR 35.311325, Drift Rate -0.000000, index 86136
Top hit found! SNR 10.418915, Drift Rate -0.009566, index 98663
Top hit found! SNR 12.694860, Drift Rate -0.057399, index 135368
Top hit found! SNR 14.464668, Drift Rate -0.095665, index 141679
Top hit found! SNR 12.210553, Drift Rate -0.095665, index 149464
Top hit found! SNR 12.137763, Drift Rate -0.028699, index 154622
Top hit found! SNR 13.295649, Drift Rate -0.028699, index 170403
Top hit found! SNR 11.693610, Drift Rate -0.057399, index 182185
Top hit found! SNR 10.171879, Drift Rate -0.047832, index 199334
Top hit found! SNR 14.553355, Drift Rate -0.057399, index 206803
Top hit found! SNR 13.762762, Drift Rate -0.095665, index 213114
Top hit found! SNR 17.143230, Drift Rate -0.095665, index 219847
Top hit found! SNR 11.062265, Drift Rate -0.057399, index 230369
Top hit found! SNR 14.254266, Drift Rate -0.057399, index 239101
Top hit found! SNR 18.353428, Drift Rate -0.057399, index 245519
Top hit found! SNR 13.038376, Drift Rate -0.057399, index 251200
Top hit found! SNR 15.835781, Drift Rate -0.057399, index 258144
Top hit found! SNR 22.791861, Drift Rate -0.047832, index 277502
Top hit found! SNR 18.767441, Drift Rate -0.047832, index 297386
Top hit found! SNR 12.918399, Drift Rate -0.057399, index 304119
Top hit found! SNR 16.028988, Drift Rate -0.057399, index 308748
Top hit found! SNR 14.312632, Drift Rate -0.057399, index 314429
Top hit found! SNR 19.641159, Drift Rate -0.057399, index 321162
Top hit found! SNR 11.818830, Drift Rate -0.047832, index 329474
Top hit found! SNR 11.422279, Drift Rate -0.057399, index 334734
Top hit found! SNR 13.580001, Drift Rate -0.057399, index 351146
Top hit found! SNR 12.886727, Drift Rate -0.047832, index 360194
Top hit found! SNR 13.533542, Drift Rate -0.057399, index 376080
Top hit found! SNR 13.683681, Drift Rate -0.047832, index 387653
Top hit found! SNR 7016.050293, Drift Rate -0.000000, index 68599
Top hit found! SNR 4537.716797, Drift Rate -0.000000, index 86136
Top hit found! SNR 3730.414795, Drift Rate -0.000000, index 98663
Top hit found! SNR 3369.470947, Drift Rate -0.000000, index 108685
Top hit found! SNR 3117.189697, Drift Rate -0.000000, index 118707
Top hit found! SNR 3601.879639, Drift Rate -0.000000, index 128728
Top hit found! SNR 2920.385742, Drift Rate -0.000000, index 136244
Top hit found! SNR 2826.079346, Drift Rate -0.000000, index 146266
Top hit found! SNR 2793.749268, Drift Rate -0.000000, index 153782
Top hit found! SNR 2795.656250, Drift Rate -0.000000, index 158793
Top hit found! SNR 3224.781006, Drift Rate -0.000000, index 166309
Top hit found! SNR 3089.969727, Drift Rate -0.000000, index 173825
Top hit found! SNR 2370.727051, Drift Rate -0.000000, index 178836
Top hit found! SNR 3116.704590, Drift Rate -0.000000, index 186352
Top hit found! SNR 2487.817383, Drift Rate -0.000000, index 191363
Top hit found! SNR 2841.773926, Drift Rate -0.000000, index 198879
Top hit found! SNR 3305.046143, Drift Rate -0.000000, index 203890
Top hit found! SNR 2623.324707, Drift Rate -0.000000, index 208901
Top hit found! SNR 2220.981689, Drift Rate -0.000000, index 216417
Top hit found! SNR 2936.712158, Drift Rate -0.000000, index 221428
Top hit found! SNR 3215.821289, Drift Rate -0.000000, index 226439
Top hit found! SNR 3181.334229, Drift Rate -0.000000, index 231450
Top hit found! SNR 3314.355713, Drift Rate -0.000000, index 236460
Top hit found! SNR 3515.509277, Drift Rate -0.000000, index 241471
Top hit found! SNR 3505.466064, Drift Rate -0.000000, index 246482
Top hit found! SNR 3291.802002, Drift Rate -0.000000, index 251493
Top hit found! SNR 2730.783691, Drift Rate -0.000000, index 256504
Top hit found! SNR 2265.542969, Drift Rate -0.000000, index 261514
Top hit found! SNR 2408.424805, Drift Rate 0.009566, index 269031
Top hit found! SNR 3311.124268, Drift Rate -0.000000, index 274041
Top hit found! SNR 3283.493164, Drift Rate -0.000000, index 279052
Top hit found! SNR 2496.105225, Drift Rate -0.000000, index 286568
Top hit found! SNR 3595.667725, Drift Rate -0.000000, index 291579
Top hit found! SNR 2403.055664, Drift Rate -0.000000, index 299095
Top hit found! SNR 3553.635498, Drift Rate -0.000000, index 304106
Top hit found! SNR 3260.224365, Drift Rate -0.000000, index 311622
Top hit found! SNR 2486.622559, Drift Rate 0.009566, index 319139
Top hit found! SNR 2808.780273, Drift Rate -0.000000, index 324149
Top hit found! SNR 2659.709961, Drift Rate -0.000000, index 334171
Top hit found! SNR 3366.345703, Drift Rate -0.000000, index 341687
Top hit found! SNR 3943.135498, Drift Rate -0.000000, index 349203
Top hit found! SNR 3739.298584, Drift Rate -0.000000, index 359225
Top hit found! SNR 4131.845215, Drift Rate -0.000000, index 366741
Top hit found! SNR 4976.470215, Drift Rate -0.000000, index 379268
Top hit found! SNR 5805.652344, Drift Rate -0.000000, index 391795
Top hit found! SNR 8550.904297, Drift Rate -0.000000, index 409333
Top hit found! SNR 11.736603, Drift Rate -0.057399, index 606026
Top hit found! SNR 14.434903, Drift Rate -0.066965, index 610655
Top hit found! SNR 18.880648, Drift Rate -0.086098, index 620228
Top hit found! SNR 19.344110, Drift Rate -0.066965, index 626646
Top hit found! SNR 27.681976, Drift Rate -0.076532, index 634431
Top hit found! SNR 14.603337, Drift Rate -0.076532, index 642006
Top hit found! SNR 19.036558, Drift Rate -0.066965, index 648529
Top hit found! SNR 18.853254, Drift Rate -0.076532, index 656840
Top hit found! SNR 11.437442, Drift Rate -0.076532, index 663468
Top hit found! SNR 19.023354, Drift Rate -0.066965, index 671885
Top hit found! SNR 15.422964, Drift Rate -0.076532, index 677671
Top hit found! SNR 13.136135, Drift Rate -0.057399, index 685983
Top hit found! SNR 17.065329, Drift Rate -0.057399, index 691664
Top hit found! SNR 23.259769, Drift Rate -0.057399, index 696819
Top hit found! SNR 22.498964, Drift Rate -0.076532, index 703131
Top hit found! SNR 18.207533, Drift Rate -0.057399, index 710917
Top hit found! SNR 22.176138, Drift Rate -0.057399, index 716072
Top hit found! SNR 19.749964, Drift Rate -0.057399, index 731853
Top hit found! SNR 17.352224, Drift Rate -0.057399, index 743636
Top hit found! SNR 12.532481, Drift Rate -0.076532, index 753104
Top hit found! SNR 13.787931, Drift Rate -0.076532, index 760784
Top hit found! SNR 20.658983, Drift Rate -0.028699, index 768255
Top hit found! SNR 19.453470, Drift Rate -0.076532, index 774566
Top hit found! SNR 23.512287, Drift Rate -0.057399, index 781300
Top hit found! SNR 16.894350, Drift Rate -0.028699, index 791821
Top hit found! SNR 19.848419, Drift Rate -0.028699, index 800553
Top hit found! SNR 27.671179, Drift Rate -0.028699, index 806971
Top hit found! SNR 23.384590, Drift Rate -0.009566, index 819598
Top hit found! SNR 30.356674, Drift Rate -0.009566, index 838956
Top hit found! SNR 23.526096, Drift Rate -0.009566, index 858840
Top hit found! SNR 16.409969, Drift Rate -0.009566, index 865573
Top hit found! SNR 22.649395, Drift Rate -0.000000, index 870203
Top hit found! SNR 18.621136, Drift Rate -0.028699, index 875881
Top hit found! SNR 22.757244, Drift Rate -0.028699, index 882614
Top hit found! SNR 15.281346, Drift Rate -0.009566, index 890928
Top hit found! SNR 14.546889, Drift Rate -0.028699, index 896186
Top hit found! SNR 12.084952, Drift Rate -0.009566, index 905236
Top hit found! SNR 16.567039, Drift Rate -0.028699, index 912598
Top hit found! SNR 17.520758, Drift Rate -0.028699, index 921646
Top hit found! SNR 10.848425, Drift Rate -0.028699, index 931430
Top hit found! SNR 16.810501, Drift Rate -0.028699, index 937532
Top hit found! SNR 16.238937, Drift Rate -0.028699, index 949105
Top hit found! SNR 47.583241, Drift Rate -0.105231, index 94163
Top hit found! SNR 81.337830, Drift Rate -0.105231, index 108366
Top hit found! SNR 75.376961, Drift Rate -0.086098, index 114784
Top hit found! SNR 111.544052, Drift Rate -0.105231, index 122569
Top hit found! SNR 57.466076, Drift Rate -0.086098, index 130144
Top hit found! SNR 63.549976, Drift Rate -0.086098, index 136667
Top hit found! SNR 70.769859, Drift Rate -0.105231, index 144978
Top hit found! SNR 41.207150, Drift Rate -0.105231, index 151606
Top hit found! SNR 56.954067, Drift Rate -0.105231, index 160022
Top hit found! SNR 56.255886, Drift Rate -0.105231, index 164757
Top hit found! SNR 44.078876, Drift Rate -0.105231, index 174120
Top hit found! SNR 59.575455, Drift Rate -0.105231, index 179801
Top hit found! SNR 77.200005, Drift Rate -0.105231, index 184956
Top hit found! SNR 66.315788, Drift Rate -0.105231, index 191269
Top hit found! SNR 66.876648, Drift Rate -0.105231, index 199054
Top hit found! SNR 78.554985, Drift Rate -0.105231, index 204209
Top hit found! SNR 76.878723, Drift Rate -0.105231, index 219990
Top hit found! SNR 67.600861, Drift Rate -0.105231, index 231773
Top hit found! SNR 44.519764, Drift Rate -0.105231, index 248185
Top hit found! SNR 74.715065, Drift Rate -0.105231, index 256391
Top hit found! SNR 62.717552, Drift Rate -0.105231, index 262704
Top hit found! SNR 92.336845, Drift Rate -0.105231, index 269437
Top hit found! SNR 53.988873, Drift Rate -0.105231, index 279957
Top hit found! SNR 60.047531, Drift Rate -0.105231, index 288689
Top hit found! SNR 96.967049, Drift Rate -0.105231, index 295107
Top hit found! SNR 77.766052, Drift Rate -0.105231, index 307732
Top hit found! SNR 99.413139, Drift Rate -0.105231, index 326143
Top hit found! SNR 45.394054, Drift Rate -0.105231, index 338978
Top hit found! SNR 62.807224, Drift Rate -0.105231, index 346974
Top hit found! SNR 45.242439, Drift Rate -0.105231, index 351813
Top hit found! SNR 61.317802, Drift Rate -0.076532, index 358336
Top hit found! SNR 55.769978, Drift Rate -0.076532, index 364017
Top hit found! SNR 73.135872, Drift Rate -0.076532, index 370750
Top hit found! SNR 44.717907, Drift Rate -0.105231, index 379062
Top hit found! SNR 44.981319, Drift Rate -0.105231, index 384322
Top hit found! SNR 36.907372, Drift Rate -0.105231, index 393370
Top hit found! SNR 50.106110, Drift Rate -0.105231, index 400734
Top hit found! SNR 56.985462, Drift Rate -0.105231, index 409782
Top hit found! SNR 36.959339, Drift Rate -0.105231, index 419566
Top hit found! SNR 54.800301, Drift Rate -0.105231, index 425668
Top hit found! SNR 52.583336, Drift Rate -0.105231, index 437241
Top hit found! SNR 38.184811, Drift Rate -0.105231, index 445552
Top hit found! SNR 11.007301, Drift Rate -0.000000, index 588594
Top hit found! SNR 69.970833, Drift Rate -0.000000, index 610510
Top hit found! SNR 2977.168945, Drift Rate -0.000000, index 632425
Top hit found! SNR 73.620659, Drift Rate -0.009566, index 654340
Top hit found! SNR 14.190837, Drift Rate -0.009566, index 676256
Top hit found! SNR 13.120531, Drift Rate 0.047832, index 335509
Top hit found! SNR 134.933273, Drift Rate 0.038266, index 685386
Top hit found! SNR 2860.811035, Drift Rate 0.038266, index 336565
Top hit found! SNR 168.683212, Drift Rate 0.038266, index 686443
Top hit found! SNR 24.776102, Drift Rate -0.000000, index 943718
Top hit found! SNR 12.972713, Drift Rate 0.028699, index 1036320
Top hit found! SNR 18.877853, Drift Rate 0.038266, index 337622
Top hit found! SNR 23.605204, Drift Rate 0.038266, index 338679
Top hit found! SNR 10.390856, Drift Rate -0.009566, index 348312
Top hit found! SNR 11.225614, Drift Rate -0.000000, index 402276
Top hit found! SNR 12.017410, Drift Rate -0.009566, index 456239
Top hit found! SNR 11.406838, Drift Rate -0.009566, index 487372
Top hit found! SNR 16.256460, Drift Rate -0.009566, index 513316
Top hit found! SNR 13.953841, Drift Rate -0.009566, index 552751
Top hit found! SNR 12.590858, Drift Rate -0.009566, index 570393
Top hit found! SNR 15.466474, Drift Rate -0.009566, index 581808
Top hit found! SNR 25.573071, Drift Rate -0.019133, index 615016
Top hit found! SNR 10.312288, Drift Rate -0.019133, index 623318
Top hit found! SNR 13.053127, Drift Rate -0.009566, index 634734
Top hit found! SNR 10.042920, Drift Rate -0.000000, index 645112
Top hit found! SNR 10.030073, Drift Rate -0.019133, index 666904
Top hit found! SNR 11.409192, Drift Rate -0.009566, index 673131
Top hit found! SNR 25.712111, Drift Rate -0.019133, index 680395
Top hit found! SNR 13.880914, Drift Rate -0.038266, index 685583
Top hit found! SNR 19.175020, Drift Rate -0.000000, index 701151
Top hit found! SNR 10.334697, Drift Rate -0.019133, index 711528
Top hit found! SNR 13.854568, Drift Rate -0.009566, index 716717
Top hit found! SNR 11.242200, Drift Rate -0.009566, index 725019
Top hit found! SNR 17.236675, Drift Rate -0.009566, index 730208
Top hit found! SNR 11.755610, Drift Rate -0.000000, index 748888
Top hit found! SNR 16.492237, Drift Rate -0.019133, index 754076
Top hit found! SNR 16.486931, Drift Rate -0.019133, index 767567
Top hit found! SNR 14.828400, Drift Rate -0.000000, index 774832
Top hit found! SNR 11.448791, Drift Rate -0.019133, index 780020
Top hit found! SNR 30.370182, Drift Rate -0.019133, index 788322
Top hit found! SNR 11.198415, Drift Rate -0.000000, index 796625
Top hit found! SNR 18.690178, Drift Rate -0.019133, index 815304
Top hit found! SNR 16.269651, Drift Rate -0.019133, index 824644
Top hit found! SNR 16.810291, Drift Rate -0.009566, index 839173
Top hit found! SNR 16.207006, Drift Rate -0.000000, index 848513
Top hit found! SNR 11.977631, Drift Rate -0.019133, index 867192
Top hit found! SNR 28.339022, Drift Rate -0.019133, index 875494
Top hit found! SNR 13.492307, Drift Rate -0.019133, index 888985
Top hit found! SNR 12.024370, Drift Rate -0.019133, index 896249
Top hit found! SNR 11.226855, Drift Rate -0.019133, index 909740
Top hit found! SNR 13.306889, Drift Rate -0.009566, index 933609
Top hit found! SNR 10.239708, Drift Rate -0.009566, index 947100
Top hit found! SNR 12.374123, Drift Rate -0.019133, index 962666
Top hit found! SNR 10.359719, Drift Rate -0.019133, index 983421
Top hit found! SNR 13.936505, Drift Rate -0.009566, index 62490
Top hit found! SNR 19.580339, Drift Rate -0.009566, index 101925
Top hit found! SNR 11.382843, Drift Rate -0.000000, index 112303
Top hit found! SNR 13.334442, Drift Rate -0.009566, index 127869
Top hit found! SNR 11.508866, Drift Rate -0.009566, index 159002
Top hit found! SNR 11.145846, Drift Rate -0.009566, index 192210
Top hit found! SNR 12.282425, Drift Rate -0.019133, index 212965
Top hit found! SNR 10.023760, Drift Rate -0.019133, index 229569
Top hit found! SNR 27.552530, Drift Rate 0.028699, index 688556
Top hit found! SNR 12.686803, Drift Rate -0.000000, index 34953
Top hit found! SNR 49.803371, Drift Rate 0.028699, index 1038434
Top hit found! SNR 94.086441, Drift Rate -0.000000, index 34953
Top hit found! SNR 20.099827, Drift Rate -0.019133, index 533059
Top hit found! SNR 27.527349, Drift Rate 0.028699, index 1038434
Top hit found! SNR 10.605004, Drift Rate 0.076532, index 580107
Top hit found! SNR 11.361684, Drift Rate -0.000000, index 240292
Top hit found! SNR 14.055902, Drift Rate -0.000000, index 396571
Top hit found! SNR 12.951100, Drift Rate -0.038266, index 288459
Top hit found! SNR 11.768632, Drift Rate 0.047832, index 308515
Top hit found! SNR 17.338915, Drift Rate -0.009566, index 328399
Top hit found! SNR 12.901260, Drift Rate 0.076532, index 375017
Top hit found! SNR 13.728602, Drift Rate -0.038266, index 395040
Top hit found! SNR 12.903012, Drift Rate 0.028699, index 401644
Top hit found! SNR 21.914591, Drift Rate 5.538998, index 415353
Top hit found! SNR 17.131857, Drift Rate 0.028699, index 421544
Top hit found! SNR 11.964308, Drift Rate -0.038266, index 428402
Top hit found! SNR 23.260954, Drift Rate 5.538998, index 441767
Top hit found! SNR 15.744093, Drift Rate 5.538998, index 451896
Top hit found! SNR 12.829449, Drift Rate 5.538998, index 461810
Top hit found! SNR 67.813988, Drift Rate 5.538998, index 479169
Top hit found! SNR 31.927725, Drift Rate 5.538998, index 495454
Top hit found! SNR 19.544266, Drift Rate 5.538998, index 534216
Top hit found! SNR 19.191246, Drift Rate 0.066965, index 541231
Top hit found! SNR 12.312822, Drift Rate 5.538998, index 547924
Top hit found! SNR 10.553834, Drift Rate 5.538998, index 559413
Top hit found! SNR 21.313198, Drift Rate 5.538998, index 573300
Top hit found! SNR 17.386324, Drift Rate 5.538998, index 597495
Top hit found! SNR 15.743095, Drift Rate 5.538998, index 611704
Top hit found! SNR 13.649635, Drift Rate 5.538998, index 619113
Top hit found! SNR 17.550983, Drift Rate 5.538998, index 634217
Top hit found! SNR 15.463484, Drift Rate 5.538998, index 654260
Top hit found! SNR 11.474294, Drift Rate -0.028699, index 667557
Top hit found! SNR 62.527905, Drift Rate 5.481599, index 47958
Top hit found! SNR 36.599876, Drift Rate 5.481599, index 67321
Top hit found! SNR 17.088236, Drift Rate 5.481599, index 75732
Top hit found! SNR 17.580793, Drift Rate 5.481599, index 84143
Top hit found! SNR 21.771051, Drift Rate 5.481599, index 117572
Top hit found! SNR 14.163530, Drift Rate 5.481599, index 135575
Top hit found! SNR 15.414614, Drift Rate 5.481599, index 144165
Top hit found! SNR 12.124997, Drift Rate -21.907261, index 156441
Top hit found! SNR 79.668549, Drift Rate 5.481599, index 167322
Top hit found! SNR 38.410679, Drift Rate 5.481599, index 181030
Top hit found! SNR 15.890159, Drift Rate -5.519865, index 598582
Top hit found! SNR 20.419012, Drift Rate -21.935961, index 642856
Top hit found! SNR 54.487026, Drift Rate -21.935961, index 663472
Top hit found! SNR 15.621172, Drift Rate 5.510298, index 684987
Top hit found! SNR 17.116770, Drift Rate -5.500731, index 767267
Top hit found! SNR 19.051529, Drift Rate 5.510298, index 779154
Top hit found! SNR 18.589573, Drift Rate 5.510298, index 784809
Top hit found! SNR 15.584710, Drift Rate 5.452899, index 792357
Top hit found! SNR 35.893520, Drift Rate -5.500731, index 235494
Top hit found! SNR 10.684379, Drift Rate -10.838833, index 350017
Top hit found! SNR 11.139565, Drift Rate -5.500731, index 355073
Top hit found! SNR 13.059903, Drift Rate -5.366801, index 651555
Top hit found! SNR 13.626895, Drift Rate -5.366801, index 749981
Top hit found! SNR 15.665270, Drift Rate 5.519865, index 772962
Top hit found! SNR 18.620508, Drift Rate 5.519865, index 782733
Top hit found! SNR 23.842260, Drift Rate -5.366801, index 793360
Top hit found! SNR 20.048958, Drift Rate 5.519865, index 816019
Top hit found! SNR 21.235535, Drift Rate 0.047832, index 822963
Top hit found! SNR 44.188698, Drift Rate 0.047832, index 834953
Top hit found! SNR 130.432404, Drift Rate 5.519865, index 856320
Top hit found! SNR 42.131229, Drift Rate -5.366801, index 873461
Top hit found! SNR 55.043144, Drift Rate -5.366801, index 883232
Top hit found! SNR 19.173779, Drift Rate -5.366801, index 895401
Top hit found! SNR 10.673682, Drift Rate -5.366801, index 911042
Top hit found! SNR 26.141289, Drift Rate 5.519865, index 922140
Top hit found! SNR 24.479891, Drift Rate 5.519865, index 944617
Top hit found! SNR 69.136116, Drift Rate -5.366801, index 968988
Top hit found! SNR 61.210220, Drift Rate -5.366801, index 975001
Top hit found! SNR 42.750244, Drift Rate -5.366801, index 981837
Top hit found! SNR 58.669250, Drift Rate -0.000000, index 174763
Top hit found! SNR 13.995040, Drift Rate 0.076532, index 212102
Top hit found! SNR 103.622787, Drift Rate -0.019133, index 690641
Top hit found! SNR 22.055941, Drift Rate 0.028699, index 752937
Top hit found! SNR 87.923645, Drift Rate -0.000000, index 680985
Top hit found! SNR 14.309283, Drift Rate -0.000000, index 244668
Top hit found! SNR 11.443472, Drift Rate 0.009566, index 524289
Top hit found! SNR 11.002117, Drift Rate -0.000000, index 524287
Top hit found! SNR 15.966877, Drift Rate -0.000000, index 524287
Top hit found! SNR 21.987783, Drift Rate -1.157545, index 512133
Top hit found! SNR 205.753616, Drift Rate -0.000000, index 775946
Top hit found! SNR 44.806744, Drift Rate 0.057399, index 892672
Top hit found! SNR 886.629211, Drift Rate -0.000000, index 314573
Top hit found! SNR 14.381660, Drift Rate -0.000000, index 747984
Top hit found! SNR 27.255249, Drift Rate -0.000000, index 132820
Top hit found! SNR 11.321146, Drift Rate 0.114798, index 863960
Top hit found! SNR 14.642763, Drift Rate 0.631388, index 879748
Top hit found! SNR 42.781078, Drift Rate 1.109713, index 885156
Top hit found! SNR 19.063850, Drift Rate -0.449625, index 891693
Top hit found! SNR 22.362463, Drift Rate 0.918383, index 191117
Top hit found! SNR 117.004700, Drift Rate -0.000000, index 566231
Top hit found! SNR 117.380600, Drift Rate -0.000000, index 999642
Top hit found! SNR 14.647467, Drift Rate 0.057399, index 524667
Top hit found! SNR 270.768341, Drift Rate -0.000000, index 384478
Top hit found! SNR 251.586334, Drift Rate 0.038266, index 389652
Top hit found! SNR 118.181709, Drift Rate -0.000000, index 817889
Top hit found! SNR 37.324791, Drift Rate -0.047832, index 872819
Top hit found! SNR 50.802975, Drift Rate -0.000000, index 202725
Top hit found! SNR 36.144367, Drift Rate -0.000000, index 636136
Top hit found! SNR 62.981709, Drift Rate -0.028699, index 170264
Top hit found! SNR 58.628544, Drift Rate -0.363527, index 181034
Top hit found! SNR 163.457062, Drift Rate -0.000000, index 454383
Top hit found! SNR 149.158173, Drift Rate -0.000000, index 528194
Top hit found! SNR 11.318151, Drift Rate -0.009566, index 123418
Top hit found! SNR 71.330086, Drift Rate -0.000000, index 133115
Top hit found! SNR 10.697927, Drift Rate 0.813152, index 873270
Top hit found! SNR 30.930107, Drift Rate 0.038266, index 418871
Top hit found! SNR 36.601933, Drift Rate -0.066965, index 437022

===== Search time: 474.63 minutes
===== END OF LOG
